2018-04-17 15:58:21,174 - haw22k - Instabot v1.2.0 started at 17.04.2018 15:58:

2018-04-17 15:58:21,174 - haw22k - Trying to login as haw22k...

2018-04-17 15:58:29,080 - haw22k - haw22k login success!
2018-04-17 15:58:29,081 - haw22k - Get media id by tag: sleep
2018-04-17 15:58:30,350 - haw22k - Removing already liked medias..
2018-04-17 15:58:30,378 - haw22k - Trying to like media: 1759810826409324957
2018-04-17 15:58:31,068 - haw22k - Liked: 1759810826409324957. Like #1.
2018-04-17 15:58:31,068 - haw22k - Trying to follow: 202093611
2018-04-17 15:58:32,432 - haw22k - Followed: 202093611 #1.
2018-04-17 15:58:33,360 - haw22k - Trying to unfollow #1: 
2018-04-17 15:58:33,361 - haw22k - Getting user info : newki.pralouza.5
2018-04-17 15:59:57,688 - haw22k - Trying to like media: 1759811235976047349
2018-04-17 15:59:58,614 - haw22k - Liked: 1759811235976047349. Like #2.
2018-04-17 16:01:20,494 - haw22k - Trying to like media: 1759811205751292222
2018-04-17 16:01:21,544 - haw22k - Liked: 1759811205751292222. Like #3.
2018-04-17 16:02:48,638 - haw22k - Trying to like media: 1759811122461318916
2018-04-17 16:02:50,071 - haw22k - Liked: 1759811122461318916. Like #4.
2018-04-17 16:02:53,071 - haw22k - Get media id by tag: code
2018-04-17 16:02:55,439 - haw22k - Removing already liked medias..
2018-04-17 16:03:07,491 - haw22k - Trying to unfollow #1: 
2018-04-17 16:03:07,492 - haw22k - Getting user info : modis.indonesia
2018-04-17 16:03:22,736 - haw22k - Trying to follow: 5747688436
2018-04-17 16:03:23,933 - haw22k - Followed: 5747688436 #2.
2018-04-17 16:04:12,704 - haw22k - Trying to like media: 1759813589081613041
2018-04-17 16:04:13,381 - haw22k - Liked: 1759813589081613041. Like #5.
2018-04-17 16:05:34,467 - haw22k - Trying to like media: 1759813474501078865
2018-04-17 16:05:35,278 - haw22k - Liked: 1759813474501078865. Like #6.
2018-04-17 16:07:02,377 - haw22k - Trying to like media: 1759813173608994753
2018-04-17 16:07:03,710 - haw22k - Liked: 1759813173608994753. Like #7.
2018-04-17 16:08:21,783 - haw22k - Trying to unfollow #1: 
2018-04-17 16:08:21,784 - haw22k - Getting user info : recruitsumo
2018-04-17 16:08:28,218 - haw22k - Trying to like media: 1759813077552158104
2018-04-17 16:08:29,624 - haw22k - Liked: 1759813077552158104. Like #8.
2018-04-17 16:08:32,626 - haw22k - Trying to follow: 279939632
2018-04-17 16:08:34,015 - haw22k - Followed: 279939632 #3.
2018-04-17 16:09:55,963 - haw22k - Trying to like media: 1759812473060093092
2018-04-17 16:09:56,957 - haw22k - Liked: 1759812473060093092. Like #9.
2018-04-17 16:11:33,077 - haw22k - Trying to like media: 1759812415882895044
2018-04-17 16:11:34,171 - haw22k - Liked: 1759812415882895044. Like #10.
2018-04-17 16:12:52,251 - haw22k - Trying to unfollow #1: 
2018-04-17 16:12:52,252 - haw22k - Getting user info : zzyzxthecat
2018-04-17 16:12:58,698 - haw22k - Trying to follow: 1663654487
2018-04-17 16:13:00,247 - haw22k - Followed: 1663654487 #4.
2018-04-17 16:13:09,959 - haw22k - Trying to like media: 1759812150427023351
2018-04-17 16:13:10,780 - haw22k - Liked: 1759812150427023351. Like #11.
2018-04-17 16:14:31,889 - haw22k - Trying to like media: 1759812051858932831
2018-04-17 16:14:32,511 - haw22k - Liked: 1759812051858932831. Like #12.
2018-04-17 16:16:00,056 - haw22k - Trying to like media: 1759811776360538799
2018-04-17 16:16:01,293 - haw22k - Liked: 1759811776360538799. Like #13.
2018-04-17 16:17:34,803 - haw22k - Trying to like media: 1759811382338916457
2018-04-17 16:17:35,922 - haw22k - Liked: 1759811382338916457. Like #14.
2018-04-17 16:17:35,922 - haw22k - Trying to follow: 7230598442
2018-04-17 16:17:37,543 - haw22k - Followed: 7230598442 #5.
2018-04-17 16:17:53,474 - haw22k - Trying to unfollow #1: 
2018-04-17 16:17:53,475 - haw22k - Getting user info : favval
2018-04-17 16:18:59,803 - haw22k - Keep calm - It's already liked ;)
2018-04-17 16:19:02,810 - haw22k - Keep calm - It's already liked ;)
2018-04-17 16:19:05,815 - haw22k - Keep calm - It's already liked ;)
2018-04-17 16:19:08,819 - haw22k - Keep calm - It's already liked ;)
2018-04-17 16:19:11,824 - haw22k - Keep calm - It's already liked ;)
2018-04-17 16:19:14,827 - haw22k - Keep calm - It's already liked ;)
2018-04-17 16:19:17,831 - haw22k - Keep calm - It's already liked ;)
2018-04-17 16:19:20,836 - haw22k - Keep calm - It's already liked ;)
2018-04-17 16:19:23,840 - haw22k - Keep calm - It's already liked ;)
2018-04-17 16:19:26,843 - haw22k - Keep calm - It's already liked ;)
2018-04-17 16:19:29,856 - haw22k - Keep calm - It's already liked ;)
2018-04-17 16:19:32,860 - haw22k - Keep calm - It's already liked ;)
2018-04-17 16:19:35,865 - haw22k - Trying to like media: 1759808021201236509
2018-04-17 16:19:36,532 - haw22k - Liked: 1759808021201236509. Like #15.
2018-04-17 16:21:09,621 - haw22k - Keep calm - It's already liked ;)
2018-04-17 16:21:12,624 - haw22k - Trying to like media: 1759807735116677090
2018-04-17 16:21:13,512 - haw22k - Liked: 1759807735116677090. Like #16.
2018-04-17 16:22:19,567 - haw22k - Trying to unfollow #1: 
2018-04-17 16:22:19,568 - haw22k - Getting user info : sleep_desires
2018-04-17 16:22:46,950 - haw22k - Keep calm - It's already liked ;)
2018-04-17 16:22:49,954 - haw22k - Trying to like media: 1759807159169794575
2018-04-17 16:22:51,396 - haw22k - Liked: 1759807159169794575. Like #17.
2018-04-17 16:22:54,400 - haw22k - Trying to follow: 1940865821
2018-04-17 16:22:55,629 - haw22k - Followed: 1940865821 #6.
2018-04-17 16:24:14,615 - haw22k - Keep calm - It's already liked ;)
2018-04-17 16:24:17,619 - haw22k - Trying to like media: 1759806980812455325
2018-04-17 16:24:18,492 - haw22k - Liked: 1759806980812455325. Like #18.
2018-04-17 16:25:51,580 - haw22k - Keep calm - It's already liked ;)
2018-04-17 16:25:54,584 - haw22k - Trying to like media: 1759806853825788694
2018-04-17 16:25:55,944 - haw22k - Liked: 1759806853825788694. Like #19.
2018-04-17 16:26:55,995 - haw22k - Trying to unfollow #1: 
2018-04-17 16:26:55,997 - haw22k - Getting user info : starelaiza
2018-04-17 16:27:30,181 - haw22k - Keep calm - It's already liked ;)
2018-04-17 16:27:33,186 - haw22k - Trying to like media: 1759806178222968043
2018-04-17 16:27:33,913 - haw22k - Liked: 1759806178222968043. Like #20.
2018-04-17 16:28:06,951 - haw22k - Already followed before 1626718563
2018-04-17 16:28:55,718 - haw22k - Keep calm - It's already liked ;)
2018-04-17 16:28:58,720 - haw22k - Trying to like media: 1759805936228401815
2018-04-17 16:28:59,563 - haw22k - Liked: 1759805936228401815. Like #21.
2018-04-17 16:30:23,663 - haw22k - Keep calm - It's already liked ;)
2018-04-17 16:30:26,668 - haw22k - Trying to like media: 1759805271716169929
2018-04-17 16:30:27,868 - haw22k - Liked: 1759805271716169929. Like #22.
2018-04-17 16:30:27,868 - haw22k - Trying to follow: 5897590588
2018-04-17 16:30:29,109 - haw22k - Followed: 5897590588 #7.
2018-04-17 16:31:36,124 - haw22k - Trying to unfollow #1: 
2018-04-17 16:31:36,125 - haw22k - Getting user info : jojo_the_cursing_unicorn
2018-04-17 16:32:01,191 - haw22k - Keep calm - It's already liked ;)
2018-04-17 16:32:04,196 - haw22k - Trying to like media: 1759805223626268782
2018-04-17 16:32:05,298 - haw22k - Liked: 1759805223626268782. Like #23.
2018-04-17 16:33:29,793 - haw22k - Keep calm - It's already liked ;)
2018-04-17 16:33:32,799 - haw22k - Trying to like media: 1759804324501055991
2018-04-17 16:33:33,352 - haw22k - Liked: 1759804324501055991. Like #24.
2018-04-17 16:35:03,436 - haw22k - Keep calm - It's already liked ;)
2018-04-17 16:35:06,439 - haw22k - Trying to like media: 1759804250940305141
2018-04-17 16:35:07,541 - haw22k - Liked: 1759804250940305141. Like #25.
2018-04-17 16:35:07,542 - haw22k - Trying to follow: 6936661035
2018-04-17 16:35:08,637 - haw22k - Followed: 6936661035 #8.
2018-04-17 16:36:18,089 - haw22k - Trying to unfollow #1: 
2018-04-17 16:36:18,090 - haw22k - Getting user info : kassandraleighmoore
2018-04-17 16:36:27,555 - haw22k - Keep calm - It's already liked ;)
2018-04-17 16:36:30,559 - haw22k - Trying to like media: 1759803977716710257
2018-04-17 16:36:31,577 - haw22k - Liked: 1759803977716710257. Like #26.
2018-04-17 16:37:58,663 - haw22k - Keep calm - It's already liked ;)
2018-04-17 16:38:01,667 - haw22k - Trying to like media: 1759803190989133482
2018-04-17 16:38:02,524 - haw22k - Liked: 1759803190989133482. Like #27.
2018-04-17 16:39:27,727 - haw22k - Keep calm - It's already liked ;)
2018-04-17 16:39:30,730 - haw22k - Trying to like media: 1759803111735495294
2018-04-17 16:39:31,752 - haw22k - Liked: 1759803111735495294. Like #28.
2018-04-17 16:40:31,801 - haw22k - Trying to follow: 5356445385
2018-04-17 16:40:32,675 - haw22k - Followed: 5356445385 #9.
2018-04-17 16:40:58,776 - haw22k - Keep calm - It's already liked ;)
2018-04-17 16:41:01,783 - haw22k - Trying to like media: 1759802560652634715
2018-04-17 16:41:02,475 - haw22k - Liked: 1759802560652634715. Like #29.
2018-04-17 16:41:20,493 - haw22k - Trying to unfollow #1: 
2018-04-17 16:41:20,494 - haw22k - Getting user info : source_yab
2018-04-17 16:42:23,814 - haw22k - Trying to like media: 1759802109993065231
2018-04-17 16:42:24,628 - haw22k - Liked: 1759802109993065231. Like #30.
2018-04-17 16:43:51,723 - haw22k - Trying to like media: 1759753920198106758
2018-04-17 16:43:52,338 - haw22k - Liked: 1759753920198106758. Like #31.
2018-04-17 16:45:22,426 - haw22k - Trying to follow: 288381483
2018-04-17 16:45:23,768 - haw22k - Followed: 288381483 #10.
2018-04-17 16:45:54,789 - haw22k - Trying to like media: 1619675715547103328
2018-04-17 16:45:55,700 - haw22k - Liked: 1619675715547103328. Like #32.
2018-04-17 16:46:10,711 - haw22k - Trying to unfollow #1: 
2018-04-17 16:46:10,712 - haw22k - Getting user info : suslik.sochi
2018-04-17 16:47:35,064 - haw22k - Get media id by tag: sleep
2018-04-17 16:47:36,700 - haw22k - Removing already liked medias..
2018-04-17 16:47:36,739 - haw22k - Trying to like media: 1759836202428506364
2018-04-17 16:47:37,998 - haw22k - Liked: 1759836202428506364. Like #33.
2018-04-17 16:49:14,930 - haw22k - Trying to like media: 1759836100211532413
2018-04-17 16:49:15,730 - haw22k - Liked: 1759836100211532413. Like #34.
2018-04-17 16:49:51,772 - haw22k - Trying to follow: 1214089399
2018-04-17 16:49:53,076 - haw22k - Followed: 1214089399 #11.
2018-04-17 16:50:35,787 - haw22k - Trying to like media: 1759833823267621916
2018-04-17 16:50:36,417 - haw22k - Not liked: 400
2018-04-17 16:50:39,425 - haw22k - Trying to unfollow #1: 
2018-04-17 16:50:39,428 - haw22k - Getting user info : _deeprose_
2018-04-17 16:52:12,774 - haw22k - Trying to like media: 1759835866850612739
2018-04-17 16:52:14,183 - haw22k - Liked: 1759835866850612739. Like #35.
2018-04-17 16:53:32,269 - haw22k - Trying to like media: 1759835864795218062
2018-04-17 16:53:33,373 - haw22k - Liked: 1759835864795218062. Like #36.
2018-04-17 16:54:21,422 - haw22k - Already followed before 3502935818
2018-04-17 16:54:57,462 - haw22k - Trying to like media: 1759835068261514638
2018-04-17 16:54:57,997 - haw22k - Liked: 1759835068261514638. Like #37.
2018-04-17 16:55:43,041 - haw22k - Trying to unfollow #1: 
2018-04-17 16:55:43,043 - haw22k - Getting user info : top1_srf
2018-04-17 16:56:34,889 - haw22k - Trying to like media: 1759835495057182650
2018-04-17 16:56:35,811 - haw22k - Liked: 1759835495057182650. Like #38.
2018-04-17 16:56:59,837 - haw22k - Already followed before 7149006138
2018-04-17 16:58:11,916 - haw22k - Trying to like media: 1759835423143444052
2018-04-17 16:58:12,790 - haw22k - Liked: 1759835423143444052. Like #39.
2018-04-17 16:59:18,865 - haw22k - Trying to follow: 217399522
2018-04-17 16:59:20,684 - haw22k - Followed: 217399522 #12.
2018-04-17 16:59:39,705 - haw22k - Trying to like media: 1759835401893677390
2018-04-17 16:59:40,395 - haw22k - Liked: 1759835401893677390. Like #40.
2018-04-17 17:00:16,433 - haw22k - Trying to unfollow #1: 
2018-04-17 17:00:16,435 - haw22k - Getting user info : yuichi_0111
2018-04-17 17:01:01,910 - haw22k - Trying to like media: 1759835247024152895
2018-04-17 17:01:02,824 - haw22k - Liked: 1759835247024152895. Like #41.
2018-04-17 17:02:23,896 - haw22k - Trying to like media: 1759835176323708796
2018-04-17 17:02:24,835 - haw22k - Liked: 1759835176323708796. Like #42.
2018-04-17 17:03:45,914 - haw22k - Trying to like media: 1759835057994787424
2018-04-17 17:03:47,385 - haw22k - Liked: 1759835057994787424. Like #43.
2018-04-17 17:03:47,385 - haw22k - Trying to follow: 2274031214
2018-04-17 17:03:48,700 - haw22k - Followed: 2274031214 #13.
2018-04-17 17:05:14,689 - haw22k - Trying to like media: 1759835026001504420
2018-04-17 17:05:15,560 - haw22k - Liked: 1759835026001504420. Like #44.
2018-04-17 17:05:36,583 - haw22k - Trying to unfollow #1: 
2018-04-17 17:05:36,584 - haw22k - Getting user info : nao__yoshida
2018-04-17 17:06:40,525 - haw22k - Trying to like media: 1759834591739524827
2018-04-17 17:06:41,856 - haw22k - Liked: 1759834591739524827. Like #45.
2018-04-17 17:08:11,951 - haw22k - Trying to like media: 1759834804298696611
2018-04-17 17:08:12,878 - haw22k - Liked: 1759834804298696611. Like #46.
2018-04-17 17:08:12,879 - haw22k - Trying to follow: 4363843640
2018-04-17 17:08:14,601 - haw22k - Followed: 4363843640 #14.
2018-04-17 17:09:48,399 - haw22k - Trying to like media: 1759834792344845348
2018-04-17 17:09:49,342 - haw22k - Liked: 1759834792344845348. Like #47.
2018-04-17 17:10:25,378 - haw22k - Trying to unfollow #1: 
2018-04-17 17:10:25,380 - haw22k - Getting user info : affected_existence
2018-04-17 17:11:11,180 - haw22k - Trying to like media: 1759834661213049329
2018-04-17 17:11:12,352 - haw22k - Liked: 1759834661213049329. Like #48.
2018-04-17 17:12:36,435 - haw22k - Trying to like media: 1759834620445589337
2018-04-17 17:12:37,138 - haw22k - Liked: 1759834620445589337. Like #49.
2018-04-17 17:13:26,397 - haw22k - Trying to follow: 16404471
2018-04-17 17:13:27,862 - haw22k - Followed: 16404471 #15.
2018-04-17 17:14:10,576 - haw22k - Trying to like media: 1759834388659254606
2018-04-17 17:14:11,312 - haw22k - Liked: 1759834388659254606. Like #50.
2018-04-17 17:14:56,353 - haw22k - Trying to unfollow #1: 
2018-04-17 17:14:56,354 - haw22k - Getting user info : coderquotes
2018-04-17 17:15:47,663 - haw22k - Trying to like media: 1759833985527282366
2018-04-17 17:15:48,438 - haw22k - Liked: 1759833985527282366. Like #51.
2018-04-17 17:17:22,370 - haw22k - Trying to like media: 1759833051080001081
2018-04-17 17:17:23,147 - haw22k - Liked: 1759833051080001081. Like #52.
2018-04-17 17:18:23,213 - haw22k - Trying to follow: 5534720872
2018-04-17 17:18:24,511 - haw22k - Followed: 5534720872 #16.
2018-04-17 17:18:43,246 - haw22k - Trying to like media: 1759833893218905059
2018-04-17 17:18:43,763 - haw22k - Liked: 1759833893218905059. Like #53.
2018-04-17 17:19:43,811 - haw22k - Trying to unfollow #1: 
2018-04-17 17:19:43,813 - haw22k - Getting user info : 50rackzaslap
2018-04-17 17:20:02,634 - haw22k - Trying to like media: 1759833867962566512
2018-04-17 17:20:03,355 - haw22k - Liked: 1759833867962566512. Like #54.
2018-04-17 17:21:27,825 - haw22k - Trying to like media: 1759833707369400080
2018-04-17 17:21:29,036 - haw22k - Liked: 1759833707369400080. Like #55.
2018-04-17 17:22:56,125 - haw22k - Trying to like media: 1759833645899522380
2018-04-17 17:22:57,315 - haw22k - Liked: 1759833645899522380. Like #56.
2018-04-17 17:23:27,353 - haw22k - Trying to follow: 270807992
2018-04-17 17:23:28,523 - haw22k - Followed: 270807992 #17.
2018-04-17 17:24:11,268 - haw22k - Trying to unfollow #1: 
2018-04-17 17:24:11,270 - haw22k - Getting user info : spiridonova_evgeniya
2018-04-17 17:24:17,706 - haw22k - Trying to like media: 1759833604055287247
2018-04-17 17:24:18,394 - haw22k - Liked: 1759833604055287247. Like #57.
2018-04-17 17:25:39,488 - haw22k - Trying to like media: 1759833571255820871
2018-04-17 17:25:40,379 - haw22k - Liked: 1759833571255820871. Like #58.
2018-04-17 17:27:08,151 - haw22k - Trying to like media: 1759831587408882780
2018-04-17 17:27:09,387 - haw22k - Liked: 1759831587408882780. Like #59.
2018-04-17 17:28:30,466 - haw22k - Trying to like media: 1759833335108930030
2018-04-17 17:28:31,336 - haw22k - Liked: 1759833335108930030. Like #60.
2018-04-17 17:28:31,336 - haw22k - Trying to follow: 504004059
2018-04-17 17:28:33,220 - haw22k - Followed: 504004059 #18.
2018-04-17 17:28:46,114 - haw22k - Trying to unfollow #1: 
2018-04-17 17:28:46,116 - haw22k - Getting user info : michiko.dance
2018-04-17 17:30:01,470 - haw22k - Trying to like media: 1759833127749975032
2018-04-17 17:30:03,070 - haw22k - Liked: 1759833127749975032. Like #61.
2018-04-17 17:31:24,169 - haw22k - Trying to like media: 1759832961571749979
2018-04-17 17:31:25,496 - haw22k - Liked: 1759832961571749979. Like #62.
2018-04-17 17:32:47,228 - haw22k - Trying to like media: 1759832935130847318
2018-04-17 17:32:47,887 - haw22k - Liked: 1759832935130847318. Like #63.
2018-04-17 17:32:50,891 - haw22k - Get media id by tag: sleep
2018-04-17 17:32:52,978 - haw22k - Removing already liked medias..
2018-04-17 17:33:44,097 - haw22k - Already followed before 7196831401
2018-04-17 17:33:44,098 - haw22k - Trying to unfollow #1: 
2018-04-17 17:33:44,100 - haw22k - Getting user info : one_bit_code
2018-04-17 17:34:22,844 - haw22k - Trying to like media: 1759859005055768450
2018-04-17 17:34:23,575 - haw22k - Liked: 1759859005055768450. Like #64.
2018-04-17 17:35:47,677 - haw22k - Trying to like media: 1759858964487910423
2018-04-17 17:35:48,622 - haw22k - Liked: 1759858964487910423. Like #65.
2018-04-17 17:36:19,337 - haw22k - Trying to follow: 3291306354
2018-04-17 17:36:21,037 - haw22k - Followed: 3291306354 #19.
2018-04-17 17:37:07,374 - haw22k - Trying to like media: 1759858933901951150
2018-04-17 17:37:08,231 - haw22k - Liked: 1759858933901951150. Like #66.
2018-04-17 17:38:18,543 - haw22k - Trying to unfollow #1: 
2018-04-17 17:38:18,548 - haw22k - Getting user info : zerotoone.de
2018-04-17 17:38:43,010 - haw22k - Trying to like media: 1759858896094925483
2018-04-17 17:38:44,212 - haw22k - Liked: 1759858896094925483. Like #67.
2018-04-17 17:40:09,198 - haw22k - Trying to like media: 1759858871794261630
2018-04-17 17:40:10,380 - haw22k - Liked: 1759858871794261630. Like #68.
2018-04-17 17:41:32,057 - haw22k - Trying to follow: 1426443790
2018-04-17 17:41:35,074 - haw22k - Followed: 1426443790 #20.
2018-04-17 17:41:38,762 - haw22k - Trying to like media: 1759858852592094605
2018-04-17 17:41:39,501 - haw22k - Liked: 1759858852592094605. Like #69.
2018-04-17 17:43:10,296 - haw22k - Trying to like media: 1759858766238683873
2018-04-17 17:43:11,301 - haw22k - Liked: 1759858766238683873. Like #70.
2018-04-17 17:43:35,323 - haw22k - Trying to unfollow #1: 
2018-04-17 17:43:35,325 - haw22k - Getting user info : _lollof_
2018-04-17 17:44:33,298 - haw22k - Trying to like media: 1759858567428467267
2018-04-17 17:44:34,375 - haw22k - Liked: 1759858567428467267. Like #71.
2018-04-17 17:46:05,622 - haw22k - Trying to like media: 1759858405479948049
2018-04-17 17:46:06,505 - haw22k - Liked: 1759858405479948049. Like #72.
2018-04-17 17:46:24,527 - haw22k - Trying to follow: 7422988420
2018-04-17 17:46:26,493 - haw22k - Followed: 7422988420 #21.
2018-04-17 17:47:42,273 - haw22k - Trying to like media: 1759858363427387208
2018-04-17 17:47:42,962 - haw22k - Liked: 1759858363427387208. Like #73.
2018-04-17 17:48:06,983 - haw22k - Trying to unfollow #1: 
2018-04-17 17:48:06,988 - haw22k - Getting user info : yuji00725
2018-04-17 17:49:07,929 - haw22k - Trying to like media: 1759858343159876020
2018-04-17 17:49:13,994 - haw22k - Liked: 1759858343159876020. Like #74.
2018-04-17 17:50:38,087 - haw22k - Trying to like media: 1759858276050600030
2018-04-17 17:50:38,968 - haw22k - Liked: 1759858276050600030. Like #75.
2018-04-17 17:51:15,013 - haw22k - Trying to follow: 6931832040
2018-04-17 17:51:16,510 - haw22k - Followed: 6931832040 #22.
2018-04-17 17:52:02,495 - haw22k - Trying to like media: 1759858219344672729
2018-04-17 17:52:03,448 - haw22k - Liked: 1759858219344672729. Like #76.
2018-04-17 17:52:40,264 - haw22k - Trying to unfollow #1: 
2018-04-17 17:52:40,269 - haw22k - Getting user info : zoeh16
2018-04-17 17:53:26,605 - haw22k - Trying to like media: 1759858131212620324
2018-04-17 17:53:27,234 - haw22k - Liked: 1759858131212620324. Like #77.
2018-04-17 17:54:51,324 - haw22k - Trying to like media: 1759858115836513517
2018-04-17 17:54:52,079 - haw22k - Liked: 1759858115836513517. Like #78.
2018-04-17 17:56:01,148 - haw22k - Trying to follow: 7326577497
2018-04-17 17:56:03,072 - haw22k - Followed: 7326577497 #23.
2018-04-17 17:56:28,067 - haw22k - Trying to like media: 1759858098346314255
2018-04-17 17:56:28,714 - haw22k - Liked: 1759858098346314255. Like #79.
2018-04-17 17:57:49,795 - haw22k - Trying to unfollow #1: 
2018-04-17 17:57:49,800 - haw22k - Getting user info : noelinedenique
2018-04-17 17:57:56,275 - haw22k - Trying to like media: 1759858092599934434
2018-04-17 17:57:57,603 - haw22k - Liked: 1759858092599934434. Like #80.
2018-04-17 17:59:18,697 - haw22k - Trying to like media: 1759857941428647768
2018-04-17 17:59:19,166 - haw22k - Liked: 1759857941428647768. Like #81.
2018-04-17 18:00:46,272 - haw22k - Trying to like media: 1759857621755556103
2018-04-17 18:00:47,504 - haw22k - Liked: 1759857621755556103. Like #82.
2018-04-17 18:00:53,513 - haw22k - Trying to follow: 3036506591
2018-04-17 18:00:54,362 - haw22k - Followed: 3036506591 #24.
2018-04-17 18:02:16,179 - haw22k - Trying to like media: 1759857553541314775
2018-04-17 18:02:17,024 - haw22k - Liked: 1759857553541314775. Like #83.
2018-04-17 18:02:23,033 - haw22k - Trying to unfollow #1: 
2018-04-17 18:02:23,037 - haw22k - Getting user info : dalila.rch.808
2018-04-17 18:03:41,793 - haw22k - Trying to like media: 1759857470492153525
2018-04-17 18:03:42,611 - haw22k - Liked: 1759857470492153525. Like #84.
2018-04-17 18:05:15,709 - haw22k - Trying to like media: 1759857426175576913
2018-04-17 18:05:17,238 - haw22k - Liked: 1759857426175576913. Like #85.
2018-04-17 18:06:11,298 - haw22k - Trying to follow: 2122838329
2018-04-17 18:06:14,438 - haw22k - Followed: 2122838329 #25.
2018-04-17 18:06:49,091 - haw22k - Trying to like media: 1759857259283901100
2018-04-17 18:06:49,607 - haw22k - Liked: 1759857259283901100. Like #86.
2018-04-17 18:07:07,627 - haw22k - Trying to unfollow #1: 
2018-04-17 18:07:07,632 - haw22k - Getting user info : mxrie_anna
2018-04-17 18:08:20,145 - haw22k - Trying to like media: 1759857195815580257
2018-04-17 18:08:20,749 - haw22k - Liked: 1759857195815580257. Like #87.
2018-04-17 18:09:45,655 - haw22k - Trying to like media: 1759857090262139740
2018-04-17 18:09:46,760 - haw22k - Liked: 1759857090262139740. Like #88.
2018-04-17 18:11:01,848 - haw22k - Already followed before 7422988420
2018-04-17 18:11:10,860 - haw22k - Trying to like media: 1759856854350248773
2018-04-17 18:11:11,797 - haw22k - Liked: 1759856854350248773. Like #89.
2018-04-17 18:12:02,851 - haw22k - Trying to unfollow #1: 
2018-04-17 18:12:02,856 - haw22k - Getting user info : umcee_ravao
2018-04-17 18:12:42,830 - haw22k - Trying to like media: 1759856833731726771
2018-04-17 18:12:43,678 - haw22k - Liked: 1759856833731726771. Like #90.
2018-04-17 18:13:17,140 - haw22k - Trying to follow: 2198935373
2018-04-17 18:13:18,292 - haw22k - Followed: 2198935373 #26.
2018-04-17 18:14:04,453 - haw22k - Trying to like media: 1759856829159272958
2018-04-17 18:14:04,981 - haw22k - Liked: 1759856829159272958. Like #91.
2018-04-17 18:15:38,091 - haw22k - Trying to like media: 1759856733202003219
2018-04-17 18:15:38,799 - haw22k - Liked: 1759856733202003219. Like #92.
2018-04-17 18:17:11,901 - haw22k - Trying to unfollow #1: 
2018-04-17 18:17:11,904 - haw22k - Getting user info : villarabet.ir
2018-04-17 18:17:18,731 - haw22k - Trying to like media: 1759856490493918965
2018-04-17 18:17:19,295 - haw22k - Liked: 1759856490493918965. Like #93.
2018-04-17 18:18:07,350 - haw22k - Trying to follow: 7202862806
2018-04-17 18:18:08,877 - haw22k - Followed: 7202862806 #27.
2018-04-17 18:18:42,642 - haw22k - Trying to like media: 1759856480938837538
2018-04-17 18:18:43,236 - haw22k - Liked: 1759856480938837538. Like #94.
2018-04-17 18:20:07,332 - haw22k - Trying to like media: 1759847989772768049
2018-04-17 18:20:08,184 - haw22k - Liked: 1759847989772768049. Like #95.
2018-04-17 18:21:38,268 - haw22k - Trying to like media: 1759855521843737033
2018-04-17 18:21:39,247 - haw22k - Liked: 1759855521843737033. Like #96.
2018-04-17 18:22:12,284 - haw22k - Trying to unfollow #1: 
2018-04-17 18:22:12,289 - haw22k - Getting user info : s_k_diva
2018-04-17 18:22:54,787 - haw22k - Trying to follow: 2158918832
2018-04-17 18:22:56,176 - haw22k - Followed: 2158918832 #28.
2018-04-17 18:23:12,103 - haw22k - Trying to like media: 1759856056392941080
2018-04-17 18:23:12,531 - haw22k - Liked: 1759856056392941080. Like #97.
2018-04-17 18:24:49,549 - haw22k - Trying to like media: 1759856040670815340
2018-04-17 18:24:50,367 - haw22k - Liked: 1759856040670815340. Like #98.
2018-04-17 18:26:27,204 - haw22k - Trying to like media: 1759855987562884627
2018-04-17 18:26:28,307 - haw22k - Liked: 1759855987562884627. Like #99.
2018-04-17 18:27:01,344 - haw22k - Trying to unfollow #1: 
2018-04-17 18:27:01,349 - haw22k - Getting user info : sarahlombardi.fanpage
2018-04-17 18:27:50,263 - haw22k - Trying to like media: 1759855960678219390
2018-04-17 18:27:51,096 - haw22k - Liked: 1759855960678219390. Like #100.
2018-04-17 18:28:21,532 - haw22k - Trying to follow: 1809690535
2018-04-17 18:28:22,613 - haw22k - Followed: 1809690535 #29.
2018-04-17 18:29:24,545 - haw22k - Trying to like media: 1759855631885919736
2018-04-17 18:29:24,989 - haw22k - Liked: 1759855631885919736. Like #101.
2018-04-17 18:30:52,085 - haw22k - Trying to like media: 1759855606006889194
2018-04-17 18:30:52,722 - haw22k - Liked: 1759855606006889194. Like #102.
2018-04-17 18:32:17,519 - haw22k - Trying to unfollow #1: 
2018-04-17 18:32:17,524 - haw22k - Getting user info : zonagroovemadryn
2018-04-17 18:32:24,480 - haw22k - Trying to like media: 1759855579725547020
2018-04-17 18:32:25,112 - haw22k - Liked: 1759855579725547020. Like #103.
2018-04-17 18:32:58,151 - haw22k - Trying to follow: 4968124110
2018-04-17 18:32:59,406 - haw22k - Followed: 4968124110 #30.
2018-04-17 18:33:57,435 - haw22k - Trying to like media: 1759855549292636298
2018-04-17 18:33:58,486 - haw22k - Liked: 1759855549292636298. Like #104.
2018-04-17 18:35:32,757 - haw22k - Trying to like media: 1759855465205815852
2018-04-17 18:35:33,580 - haw22k - Liked: 1759855465205815852. Like #105.
2018-04-17 18:36:55,532 - haw22k - Trying to like media: 1759855334014394990
2018-04-17 18:36:56,803 - haw22k - Liked: 1759855334014394990. Like #106.
2018-04-17 18:37:11,819 - haw22k - Trying to unfollow #1: 
2018-04-17 18:37:11,824 - haw22k - Getting user info : dailydesignsbywahid
2018-04-17 18:37:27,110 - haw22k - Trying to follow: 398303764
2018-04-17 18:37:27,832 - haw22k - Followed: 398303764 #31.
2018-04-17 18:38:31,820 - haw22k - Trying to like media: 1759855137521000576
2018-04-17 18:38:32,556 - haw22k - Liked: 1759855137521000576. Like #107.
2018-04-17 18:39:57,240 - haw22k - Trying to like media: 1759855066141413980
2018-04-17 18:39:58,554 - haw22k - Liked: 1759855066141413980. Like #108.
2018-04-17 18:41:17,258 - haw22k - Trying to like media: 1759855049498027566
2018-04-17 18:41:17,951 - haw22k - Liked: 1759855049498027566. Like #109.
2018-04-17 18:42:12,813 - haw22k - Trying to follow: 5927940661
2018-04-17 18:42:14,832 - haw22k - Followed: 5927940661 #32.
2018-04-17 18:42:21,550 - haw22k - Trying to unfollow #1: 
2018-04-17 18:42:21,555 - haw22k - Getting user info : startupslabco
2018-04-17 18:42:55,263 - haw22k - Trying to like media: 1759854645569783121
2018-04-17 18:42:55,946 - haw22k - Liked: 1759854645569783121. Like #110.
2018-04-17 18:44:26,478 - haw22k - Trying to like media: 1759854554855725740
2018-04-17 18:44:27,549 - haw22k - Liked: 1759854554855725740. Like #111.
2018-04-17 18:44:30,552 - haw22k - Get media id by tag: repeat
2018-04-17 18:44:32,764 - haw22k - Removing already liked medias..
2018-04-17 18:45:50,916 - haw22k - Trying to like media: 1759895053897414055
2018-04-17 18:45:51,679 - haw22k - Liked: 1759895053897414055. Like #112.
2018-04-17 18:47:18,766 - haw22k - Trying to unfollow #1: 
2018-04-17 18:47:18,771 - haw22k - Getting user info : yskwys
2018-04-17 18:47:25,688 - haw22k - Trying to like media: 1759893756818443077
2018-04-17 18:47:26,471 - haw22k - Liked: 1759893756818443077. Like #113.
2018-04-17 18:47:32,479 - haw22k - Trying to follow: 1513615969
2018-04-17 18:47:33,942 - haw22k - Followed: 1513615969 #33.
2018-04-17 18:48:52,988 - haw22k - Trying to like media: 1759894289879746328
2018-04-17 18:48:53,629 - haw22k - Liked: 1759894289879746328. Like #114.
2018-04-17 18:50:14,725 - haw22k - Trying to like media: 1759892280808251982
2018-04-17 18:50:15,915 - haw22k - Liked: 1759892280808251982. Like #115.
2018-04-17 18:51:37,004 - haw22k - Trying to like media: 1759892414581276192
2018-04-17 18:51:38,313 - haw22k - Liked: 1759892414581276192. Like #116.
2018-04-17 18:52:26,357 - haw22k - Trying to follow: 7022105297
2018-04-17 18:52:30,299 - haw22k - Followed: 7022105297 #34.
2018-04-17 18:52:31,033 - haw22k - Trying to unfollow #1: 
2018-04-17 18:52:31,037 - haw22k - Getting user info : ruuuuulu
2018-04-17 18:53:13,349 - haw22k - Trying to like media: 1759892758272670694
2018-04-17 18:53:14,651 - haw22k - Liked: 1759892758272670694. Like #117.
2018-04-17 18:54:41,742 - haw22k - Trying to like media: 1759892712225895048
2018-04-17 18:54:42,548 - haw22k - Liked: 1759892712225895048. Like #118.
2018-04-17 18:56:15,647 - haw22k - Trying to like media: 1759892707965526623
2018-04-17 18:56:17,134 - haw22k - Liked: 1759892707965526623. Like #119.
2018-04-17 18:56:59,169 - haw22k - Trying to unfollow #1: 
2018-04-17 18:56:59,174 - haw22k - Getting user info : vendycz
2018-04-17 18:57:42,687 - haw22k - Trying to follow: 1527839582
2018-04-17 18:57:43,910 - haw22k - Followed: 1527839582 #35.
2018-04-17 18:57:47,890 - haw22k - Trying to like media: 1759892660954433603
2018-04-17 18:57:48,169 - haw22k - Not liked: 400
2018-04-17 18:59:18,272 - haw22k - Trying to like media: 1759892244596209408
2018-04-17 18:59:19,020 - haw22k - Liked: 1759892244596209408. Like #120.
2018-04-17 19:00:52,117 - haw22k - Trying to like media: 1759891653424266404
2018-04-17 19:00:53,602 - haw22k - Liked: 1759891653424266404. Like #121.
2018-04-17 19:01:35,649 - haw22k - Trying to unfollow #1: 
2018-04-17 19:01:35,654 - haw22k - Getting user info : birobidzhan.posledam
2018-04-17 19:02:15,140 - haw22k - Trying to like media: 1759891185800876210
2018-04-17 19:02:15,971 - haw22k - Liked: 1759891185800876210. Like #122.
2018-04-17 19:02:18,977 - haw22k - Trying to follow: 1773052278
2018-04-17 19:02:19,825 - haw22k - Followed: 1773052278 #36.
2018-04-17 19:03:47,853 - haw22k - Trying to like media: 1759890797693667202
2018-04-17 19:03:48,592 - haw22k - Liked: 1759890797693667202. Like #123.
2018-04-17 19:05:18,693 - haw22k - Trying to like media: 1759890370696886568
2018-04-17 19:05:19,886 - haw22k - Liked: 1759890370696886568. Like #124.
2018-04-17 19:06:22,951 - haw22k - Trying to unfollow #1: 
2018-04-17 19:06:22,953 - haw22k - Getting user info : jojo_the_cursing_unicorn
2018-04-17 19:06:44,334 - haw22k - Trying to like media: 1759890366545551816
2018-04-17 19:06:44,749 - haw22k - Liked: 1759890366545551816. Like #125.
2018-04-17 19:06:56,765 - haw22k - Trying to follow: 800724518
2018-04-17 19:06:57,852 - haw22k - Followed: 800724518 #37.
2018-04-17 19:08:20,509 - haw22k - Trying to like media: 1759890316415434560
2018-04-17 19:08:21,117 - haw22k - Liked: 1759890316415434560. Like #126.
2018-04-17 19:09:48,203 - haw22k - Trying to like media: 1759890013014899049
2018-04-17 19:09:49,338 - haw22k - Liked: 1759890013014899049. Like #127.
2018-04-17 19:11:19,450 - haw22k - Keep calm - It's already liked ;)
2018-04-17 19:11:22,457 - haw22k - Keep calm - It's already liked ;)
2018-04-17 19:11:25,466 - haw22k - Keep calm - It's already liked ;)
2018-04-17 19:11:28,472 - haw22k - Keep calm - It's already liked ;)
2018-04-17 19:11:31,479 - haw22k - Keep calm - It's already liked ;)
2018-04-17 19:11:31,480 - haw22k - Trying to unfollow #1: 
2018-04-17 19:11:31,485 - haw22k - Getting user info : urbech_makhachkala
2018-04-17 19:11:37,948 - haw22k - Keep calm - It's already liked ;)
2018-04-17 19:11:40,955 - haw22k - Keep calm - It's already liked ;)
2018-04-17 19:11:43,960 - haw22k - Keep calm - It's already liked ;)
2018-04-17 19:11:46,966 - haw22k - Keep calm - It's already liked ;)
2018-04-17 19:11:49,972 - haw22k - Keep calm - It's already liked ;)
2018-04-17 19:11:52,978 - haw22k - Keep calm - It's already liked ;)
2018-04-17 19:11:55,985 - haw22k - Keep calm - It's already liked ;)
2018-04-17 19:11:58,992 - haw22k - Keep calm - It's already liked ;)
2018-04-17 19:12:01,997 - haw22k - Keep calm - It's already liked ;)
2018-04-17 19:12:05,003 - haw22k - Keep calm - It's already liked ;)
2018-04-17 19:12:08,009 - haw22k - Keep calm - It's already liked ;)
2018-04-17 19:12:11,015 - haw22k - Keep calm - It's already liked ;)
2018-04-17 19:12:14,022 - haw22k - Keep calm - It's already liked ;)
2018-04-17 19:12:17,028 - haw22k - Keep calm - It's already liked ;)
2018-04-17 19:12:17,029 - haw22k - Trying to follow: 4221530764
2018-04-17 19:12:18,535 - haw22k - Followed: 4221530764 #38.
2018-04-17 19:12:22,426 - haw22k - Trying to like media: 1759884626983348792
2018-04-17 19:12:23,046 - haw22k - Liked: 1759884626983348792. Like #128.
2018-04-17 19:13:56,973 - haw22k - Keep calm - It's already liked ;)
2018-04-17 19:13:59,980 - haw22k - Trying to like media: 1759883787478411405
2018-04-17 19:14:00,662 - haw22k - Liked: 1759883787478411405. Like #129.
2018-04-17 19:15:36,763 - haw22k - Keep calm - It's already liked ;)
2018-04-17 19:15:39,770 - haw22k - Trying to like media: 1759884025108936463
2018-04-17 19:15:41,031 - haw22k - Liked: 1759884025108936463. Like #130.
2018-04-17 19:16:44,098 - haw22k - Trying to unfollow #1: 
2018-04-17 19:16:44,104 - haw22k - Getting user info : hallythedog
2018-04-17 19:17:05,588 - haw22k - Keep calm - It's already liked ;)
2018-04-17 19:17:08,595 - haw22k - Trying to like media: 1759883676144688966
2018-04-17 19:17:09,623 - haw22k - Liked: 1759883676144688966. Like #131.
2018-04-17 19:17:09,623 - haw22k - Trying to follow: 2952526794
2018-04-17 19:17:10,675 - haw22k - Followed: 2952526794 #39.
2018-04-17 19:18:32,746 - haw22k - Keep calm - It's already liked ;)
2018-04-17 19:18:39,499 - haw22k - Trying to like media: 1759882773143128704
2018-04-17 19:18:40,137 - haw22k - Liked: 1759882773143128704. Like #132.
2018-04-17 19:19:59,061 - haw22k - Trying to like media: 1759883045563745922
2018-04-17 19:20:00,333 - haw22k - Liked: 1759883045563745922. Like #133.
2018-04-17 19:21:36,445 - haw22k - Trying to like media: 1759878731085554367
2018-04-17 19:21:37,146 - haw22k - Liked: 1759878731085554367. Like #134.
2018-04-17 19:21:37,146 - haw22k - Trying to unfollow #1: 
2018-04-17 19:21:37,151 - haw22k - Getting user info : dailydose_365
2018-04-17 19:22:14,013 - haw22k - Trying to follow: 214635179
2018-04-17 19:22:14,807 - haw22k - Followed: 214635179 #40.
2018-04-17 19:23:09,824 - haw22k - Trying to like media: 1759687951422806738
2018-04-17 19:23:10,456 - haw22k - Liked: 1759687951422806738. Like #135.
2018-04-17 19:24:43,562 - haw22k - Trying to like media: 1759685376933638421
2018-04-17 19:24:44,440 - haw22k - Liked: 1759685376933638421. Like #136.
2018-04-17 19:26:17,527 - haw22k - Trying to like media: 1759685064625768995
2018-04-17 19:26:18,610 - haw22k - Liked: 1759685064625768995. Like #137.
2018-04-17 19:26:33,624 - haw22k - Trying to unfollow #1: 
2018-04-17 19:26:33,629 - haw22k - Getting user info : computerkill
2018-04-17 19:26:42,902 - haw22k - Already followed before 214635179
2018-04-17 19:27:39,973 - haw22k - Trying to like media: 1759684784865686039
2018-04-17 19:27:40,663 - haw22k - Liked: 1759684784865686039. Like #138.
2018-04-17 19:28:59,653 - haw22k - Already followed before 214635179
2018-04-17 19:29:02,662 - haw22k - Trying to like media: 1759684614887342809
2018-04-17 19:29:03,622 - haw22k - Liked: 1759684614887342809. Like #139.
2018-04-17 19:29:06,626 - haw22k - Get media id by tag: sleep
2018-04-17 19:29:08,203 - haw22k - Removing already liked medias..
2018-04-17 19:30:29,361 - haw22k - Trying to like media: 1759917297870117770
2018-04-17 19:30:30,405 - haw22k - Liked: 1759917297870117770. Like #140.
2018-04-17 19:31:12,456 - haw22k - Trying to follow: 5964365016
2018-04-17 19:31:14,218 - haw22k - Followed: 5964365016 #41.
2018-04-17 19:31:33,225 - haw22k - Trying to unfollow #1: 
2018-04-17 19:31:33,230 - haw22k - Getting user info : wataru.1125
2018-04-17 19:32:00,516 - haw22k - Trying to like media: 1759917143417433443
2018-04-17 19:32:01,211 - haw22k - Liked: 1759917143417433443. Like #141.
2018-04-17 19:33:25,310 - haw22k - Trying to like media: 1759917116827129634
2018-04-17 19:33:26,130 - haw22k - Liked: 1759917116827129634. Like #142.
2018-04-17 19:34:53,237 - haw22k - Trying to like media: 1759916920013260412
2018-04-17 19:34:54,689 - haw22k - Liked: 1759916920013260412. Like #143.
2018-04-17 19:36:06,764 - haw22k - Trying to follow: 2095673529
2018-04-17 19:36:08,057 - haw22k - Followed: 2095673529 #42.
2018-04-17 19:36:17,841 - haw22k - Trying to like media: 1759916908712409133
2018-04-17 19:36:18,966 - haw22k - Liked: 1759916908712409133. Like #144.
2018-04-17 19:36:36,985 - haw22k - Trying to unfollow #1: 
2018-04-17 19:36:36,990 - haw22k - Getting user info : j_and_m_games_2014
2018-04-17 19:37:43,321 - haw22k - Trying to like media: 1759916768447282254
2018-04-17 19:37:44,035 - haw22k - Liked: 1759916768447282254. Like #145.
2018-04-17 19:39:14,125 - haw22k - Trying to like media: 1759916642014794871
2018-04-17 19:39:15,788 - haw22k - Liked: 1759916642014794871. Like #146.
2018-04-17 19:40:30,867 - haw22k - Trying to follow: 6636553375
2018-04-17 19:40:32,720 - haw22k - Followed: 6636553375 #43.
2018-04-17 19:40:39,454 - haw22k - Trying to like media: 1759916597738217281
2018-04-17 19:40:41,501 - haw22k - Liked: 1759916597738217281. Like #147.
2018-04-17 19:41:20,531 - haw22k - Trying to unfollow #1: 
2018-04-17 19:41:20,535 - haw22k - Getting user info : latina_codes
2018-04-17 19:42:10,190 - haw22k - Trying to like media: 1759916473067144448
2018-04-17 19:42:11,433 - haw22k - Liked: 1759916473067144448. Like #148.
2018-04-17 19:43:47,544 - haw22k - Trying to like media: 1759916377311604509
2018-04-17 19:43:48,540 - haw22k - Liked: 1759916377311604509. Like #149.
2018-04-17 19:45:07,465 - haw22k - Trying to follow: 331483615
2018-04-17 19:45:09,379 - haw22k - Followed: 331483615 #44.
2018-04-17 19:45:13,365 - haw22k - Trying to like media: 1759916335896555040
2018-04-17 19:45:14,324 - haw22k - Liked: 1759916335896555040. Like #150.
2018-04-17 19:46:26,408 - haw22k - Trying to unfollow #1: 
2018-04-17 19:46:26,413 - haw22k - Getting user info : je.ssy398
2018-04-17 19:46:35,896 - haw22k - Trying to like media: 1759915237543542299
2018-04-17 19:46:37,279 - haw22k - Liked: 1759915237543542299. Like #151.
2018-04-17 19:48:13,374 - haw22k - Trying to like media: 1759915123433330545
2018-04-17 19:48:14,344 - haw22k - Liked: 1759915123433330545. Like #152.
2018-04-17 19:49:47,445 - haw22k - Trying to like media: 1759915913328951741
2018-04-17 19:49:48,559 - haw22k - Liked: 1759915913328951741. Like #153.
2018-04-17 19:49:51,565 - haw22k - Trying to follow: 2532882172
2018-04-17 19:49:52,167 - haw22k - Followed: 2532882172 #45.
2018-04-17 19:51:16,998 - haw22k - Trying to like media: 1759907861825347482
2018-04-17 19:51:17,795 - haw22k - Liked: 1759907861825347482. Like #154.
2018-04-17 19:51:23,802 - haw22k - Trying to unfollow #1: 
2018-04-17 19:51:23,807 - haw22k - Getting user info : jenndz22
2018-04-17 19:52:45,541 - haw22k - Trying to like media: 1759915825182949531
2018-04-17 19:52:46,405 - haw22k - Liked: 1759915825182949531. Like #155.
2018-04-17 19:54:11,339 - haw22k - Trying to like media: 1759915718411136419
2018-04-17 19:54:12,569 - haw22k - Liked: 1759915718411136419. Like #156.
2018-04-17 19:55:09,624 - haw22k - Trying to follow: 534367449
2018-04-17 19:55:11,271 - haw22k - Followed: 534367449 #46.
2018-04-17 19:55:32,971 - haw22k - Trying to like media: 1759915545488452182
2018-04-17 19:55:33,560 - haw22k - Liked: 1759915545488452182. Like #157.
2018-04-17 19:56:12,604 - haw22k - Trying to unfollow #1: 
2018-04-17 19:56:12,609 - haw22k - Getting user info : constantine_morte
2018-04-17 19:56:52,111 - haw22k - Trying to like media: 1759915538987145913
2018-04-17 19:56:52,742 - haw22k - Liked: 1759915538987145913. Like #158.
2018-04-17 19:58:13,830 - haw22k - Trying to like media: 1759915506415860793
2018-04-17 19:58:14,555 - haw22k - Liked: 1759915506415860793. Like #159.
2018-04-17 19:59:44,650 - haw22k - Trying to like media: 1759915316638531390
2018-04-17 19:59:45,950 - haw22k - Liked: 1759915316638531390. Like #160.
2018-04-17 20:00:15,981 - haw22k - Trying to follow: 6486485068
2018-04-17 20:00:16,961 - haw22k - Followed: 6486485068 #47.
2018-04-17 20:00:48,590 - haw22k - Trying to unfollow #1: 
2018-04-17 20:00:48,592 - haw22k - Getting user info : ectop.le
2018-04-17 20:01:07,292 - haw22k - Trying to like media: 1759915173973450316
2018-04-17 20:01:07,907 - haw22k - Liked: 1759915173973450316. Like #161.
2018-04-17 20:02:45,279 - haw22k - Trying to like media: 1759915105398010945
2018-04-17 20:02:46,157 - haw22k - Liked: 1759915105398010945. Like #162.
2018-04-17 20:04:16,259 - haw22k - Trying to like media: 1759915102210865625
2018-04-17 20:04:17,508 - haw22k - Liked: 1759915102210865625. Like #163.
2018-04-17 20:04:50,544 - haw22k - Trying to follow: 7514089511
2018-04-17 20:04:51,289 - haw22k - Followed: 7514089511 #48.
2018-04-17 20:05:49,270 - haw22k - Trying to like media: 1759914988610558956
2018-04-17 20:05:49,994 - haw22k - Liked: 1759914988610558956. Like #164.
2018-04-17 20:06:05,010 - haw22k - Trying to unfollow #1: 
2018-04-17 20:06:05,015 - haw22k - Getting user info : shoko1220
2018-04-17 20:07:17,385 - haw22k - Trying to like media: 1759914734335738449
2018-04-17 20:07:18,009 - haw22k - Liked: 1759914734335738449. Like #165.
2018-04-17 20:07:21,011 - haw22k - Get media id by tag: code
2018-04-17 20:07:22,800 - haw22k - Removing already liked medias..
2018-04-17 20:08:37,956 - haw22k - Trying to like media: 1759936740421937598
2018-04-17 20:08:38,211 - haw22k - Not liked: 400
2018-04-17 20:09:56,303 - haw22k - Trying to follow: 1693945134
2018-04-17 20:09:57,555 - haw22k - Followed: 1693945134 #49.
2018-04-17 20:10:04,494 - haw22k - Trying to like media: 1759936509501553776
2018-04-17 20:10:05,202 - haw22k - Liked: 1759936509501553776. Like #166.
2018-04-17 20:10:53,248 - haw22k - Trying to unfollow #1: 
2018-04-17 20:10:53,254 - haw22k - Getting user info : hideyoiskawaii
2018-04-17 20:11:29,764 - haw22k - Trying to like media: 1759936441133395588
2018-04-17 20:11:30,649 - haw22k - Liked: 1759936441133395588. Like #167.
2018-04-17 20:12:51,741 - haw22k - Trying to like media: 1759936429843358501
2018-04-17 20:12:53,042 - haw22k - Liked: 1759936429843358501. Like #168.
2018-04-17 20:14:23,142 - haw22k - Trying to like media: 1759936336772378858
2018-04-17 20:14:24,254 - haw22k - Liked: 1759936336772378858. Like #169.
2018-04-17 20:14:24,256 - haw22k - Already followed before 2884893596
2018-04-17 20:15:30,815 - haw22k - Trying to unfollow #1: 
2018-04-17 20:15:30,820 - haw22k - Getting user info : sho_0809
2018-04-17 20:15:58,314 - haw22k - Trying to like media: 1759936175289854438
2018-04-17 20:15:59,536 - haw22k - Liked: 1759936175289854438. Like #170.
2018-04-17 20:16:51,376 - haw22k - Trying to follow: 3071769480
2018-04-17 20:16:52,461 - haw22k - Followed: 3071769480 #50.
2018-04-17 20:17:23,628 - haw22k - Trying to like media: 1759936033187044845
2018-04-17 20:17:24,138 - haw22k - Liked: 1759936033187044845. Like #171.
2018-04-17 20:18:51,652 - haw22k - Trying to like media: 1759935947993330922
2018-04-17 20:18:52,284 - haw22k - Liked: 1759935947993330922. Like #172.
2018-04-17 20:20:10,365 - haw22k - Trying to unfollow #1: 
2018-04-17 20:20:10,370 - haw22k - Getting user info : renat_ak4urin
2018-04-17 20:20:17,229 - haw22k - Trying to like media: 1759935843312492246
2018-04-17 20:20:17,750 - haw22k - Liked: 1759935843312492246. Like #173.
2018-04-17 20:21:41,837 - haw22k - Trying to like media: 1759935568510081097
2018-04-17 20:21:42,275 - haw22k - Liked: 1759935568510081097. Like #174.
2018-04-17 20:21:51,286 - haw22k - Trying to follow: 5838612219
2018-04-17 20:21:52,659 - haw22k - Followed: 5838612219 #51.
2018-04-17 20:23:05,813 - haw22k - Trying to like media: 1759935484689506750
2018-04-17 20:23:06,916 - haw22k - Liked: 1759935484689506750. Like #175.
2018-04-17 20:24:28,694 - haw22k - Trying to like media: 1759935438182681447
2018-04-17 20:24:29,860 - haw22k - Liked: 1759935438182681447. Like #176.
2018-04-17 20:25:05,892 - haw22k - Trying to unfollow #1: 
2018-04-17 20:25:05,897 - haw22k - Getting user info : oscarthecatandfriends
2018-04-17 20:26:00,479 - haw22k - Trying to like media: 1759935322520625526
2018-04-17 20:26:01,125 - haw22k - Liked: 1759935322520625526. Like #177.
2018-04-17 20:26:34,155 - haw22k - Trying to follow: 1023169004
2018-04-17 20:26:35,570 - haw22k - Followed: 1023169004 #52.
2018-04-17 20:27:36,348 - haw22k - Trying to like media: 1759935126277506371
2018-04-17 20:27:37,199 - haw22k - Liked: 1759935126277506371. Like #178.
2018-04-17 20:29:07,296 - haw22k - Trying to like media: 1759935003133144137
2018-04-17 20:29:07,991 - haw22k - Liked: 1759935003133144137. Like #179.
2018-04-17 20:30:14,060 - haw22k - Trying to unfollow #1: 
2018-04-17 20:30:14,065 - haw22k - Getting user info : azeredo.luana
2018-04-17 20:30:35,859 - haw22k - Trying to like media: 1759934686077161779
2018-04-17 20:30:36,698 - haw22k - Liked: 1759934686077161779. Like #180.
2018-04-17 20:31:06,728 - haw22k - Trying to follow: 1531925128
2018-04-17 20:31:07,669 - haw22k - Followed: 1531925128 #53.
2018-04-17 20:31:36,802 - haw22k - Trying to follow: 1531925128
2018-04-17 20:31:37,220 - haw22k - Followed: 1531925128 #54.
2018-04-17 20:32:04,938 - haw22k - Trying to like media: 1759934683249967024
2018-04-17 20:32:05,740 - haw22k - Liked: 1759934683249967024. Like #181.
2018-04-17 20:33:33,684 - haw22k - Trying to like media: 1759934474935687870
2018-04-17 20:33:34,267 - haw22k - Liked: 1759934474935687870. Like #182.
2018-04-17 20:34:55,368 - haw22k - Trying to like media: 1759934382384385809
2018-04-17 20:34:56,474 - haw22k - Liked: 1759934382384385809. Like #183.
2018-04-17 20:35:23,504 - haw22k - Trying to unfollow #1: 
2018-04-17 20:35:23,509 - haw22k - Getting user info : musicofelectro
2018-04-17 20:36:15,596 - haw22k - Trying to like media: 1759934368276387968
2018-04-17 20:36:16,297 - haw22k - Liked: 1759934368276387968. Like #184.
2018-04-17 20:36:19,302 - haw22k - Trying to follow: 6822353552
2018-04-17 20:36:20,503 - haw22k - Followed: 6822353552 #55.
2018-04-17 20:36:44,454 - haw22k - Trying to follow: 6822353552
2018-04-17 20:36:44,885 - haw22k - Followed: 6822353552 #56.
2018-04-17 20:37:45,749 - haw22k - Trying to like media: 1759934271714016862
2018-04-17 20:37:50,007 - haw22k - Liked: 1759934271714016862. Like #185.
2018-04-17 20:39:14,804 - haw22k - Trying to like media: 1759934028729273751
2018-04-17 20:39:15,638 - haw22k - Liked: 1759934028729273751. Like #186.
2018-04-17 20:40:39,721 - haw22k - Trying to like media: 1759933890065170169
2018-04-17 20:40:43,796 - haw22k - Liked: 1759933890065170169. Like #187.
2018-04-17 20:40:46,800 - haw22k - Trying to unfollow #1: 
2018-04-17 20:40:46,805 - haw22k - Getting user info : nifycat2024
2018-04-17 20:41:26,108 - haw22k - Trying to follow: 5510558772
2018-04-17 20:41:27,687 - haw22k - Followed: 5510558772 #57.
2018-04-17 20:42:19,476 - haw22k - Trying to like media: 1759933858406876665
2018-04-17 20:42:20,069 - haw22k - Liked: 1759933858406876665. Like #188.
2018-04-17 20:42:23,074 - haw22k - Get media id by tag: repeat
2018-04-17 20:42:24,715 - haw22k - Removing already liked medias..
2018-04-17 20:43:48,870 - haw22k - Trying to like media: 1759952779130146399
2018-04-17 20:43:49,618 - haw22k - Liked: 1759952779130146399. Like #189.
2018-04-17 20:45:16,711 - haw22k - Trying to like media: 1759953617170641131
2018-04-17 20:45:17,977 - haw22k - Liked: 1759953617170641131. Like #190.
2018-04-17 20:45:54,020 - haw22k - Trying to unfollow #1: 
2018-04-17 20:45:54,023 - haw22k - Getting user info : newhome_style_18
2018-04-17 20:46:09,488 - haw22k - Already followed before 6943037957
2018-04-17 20:46:39,521 - haw22k - Trying to like media: 1759953487372068312
2018-04-17 20:46:40,215 - haw22k - Liked: 1759953487372068312. Like #191.
2018-04-17 20:48:07,318 - haw22k - Trying to like media: 1759953099331578460
2018-04-17 20:48:08,146 - haw22k - Liked: 1759953099331578460. Like #192.
2018-04-17 20:48:32,727 - haw22k - Already followed before 3050220413
2018-04-17 20:49:36,188 - haw22k - Trying to like media: 1759952464449066308
2018-04-17 20:49:37,747 - haw22k - Liked: 1759952464449066308. Like #193.
2018-04-17 20:50:22,787 - haw22k - Trying to unfollow #1: 
2018-04-17 20:50:22,792 - haw22k - Getting user info : nicola_s_thomson
2018-04-17 20:50:54,018 - haw22k - Trying to follow: 3954265120
2018-04-17 20:50:54,857 - haw22k - Followed: 3954265120 #58.
2018-04-17 20:51:01,668 - haw22k - Trying to like media: 1759950607253544517
2018-04-17 20:51:02,180 - haw22k - Liked: 1759950607253544517. Like #194.
2018-04-17 20:52:27,187 - haw22k - Trying to like media: 1759952682688174541
2018-04-17 20:52:28,198 - haw22k - Liked: 1759952682688174541. Like #195.
2018-04-17 20:53:52,728 - haw22k - Trying to like media: 1759952399638177198
2018-04-17 20:53:53,808 - haw22k - Liked: 1759952399638177198. Like #196.
2018-04-17 20:54:59,861 - haw22k - Trying to unfollow #1: 
2018-04-17 20:54:59,866 - haw22k - Getting user info : suaramedan
2018-04-17 20:55:27,135 - haw22k - Trying to like media: 1759952335272029753
2018-04-17 20:55:28,754 - haw22k - Liked: 1759952335272029753. Like #197.
2018-04-17 20:55:37,763 - haw22k - Trying to follow: 261059214
2018-04-17 20:55:38,861 - haw22k - Followed: 261059214 #59.
2018-04-17 20:56:58,251 - haw22k - Trying to like media: 1759952314503132351
2018-04-17 20:56:59,234 - haw22k - Liked: 1759952314503132351. Like #198.
2018-04-17 20:58:29,341 - haw22k - Trying to like media: 1759951939053653400
2018-04-17 20:58:30,507 - haw22k - Liked: 1759951939053653400. Like #199.
2018-04-17 20:59:48,587 - haw22k - Trying to unfollow #1: 
2018-04-17 20:59:48,592 - haw22k - Getting user info : mundodaannajulia
2018-04-17 21:00:01,076 - haw22k - Trying to like media: 1759951374281705002
2018-04-17 21:00:02,336 - haw22k - Liked: 1759951374281705002. Like #200.
2018-04-17 21:00:50,388 - haw22k - Trying to follow: 2258586885
2018-04-17 21:00:51,829 - haw22k - Followed: 2258586885 #60.
2018-04-17 21:01:31,579 - haw22k - Trying to like media: 1759950956872917755
2018-04-17 21:01:32,445 - haw22k - Liked: 1759950956872917755. Like #201.
2018-04-17 21:03:08,545 - haw22k - Trying to like media: 1759936813765359492
2018-04-17 21:03:09,431 - haw22k - Liked: 1759936813765359492. Like #202.
2018-04-17 21:04:30,517 - haw22k - Trying to like media: 1759950885821316894
2018-04-17 21:04:31,683 - haw22k - Liked: 1759950885821316894. Like #203.
2018-04-17 21:04:31,684 - haw22k - Trying to unfollow #1: 
2018-04-17 21:04:31,689 - haw22k - Getting user info : itz_wezzy94_sko
2018-04-17 21:05:33,119 - haw22k - Trying to follow: 7327956313
2018-04-17 21:05:33,979 - haw22k - Followed: 7327956313 #61.
2018-04-17 21:05:55,735 - haw22k - Trying to like media: 1759949439442008162
2018-04-17 21:05:56,170 - haw22k - Liked: 1759949439442008162. Like #204.
2018-04-17 21:07:29,271 - haw22k - Trying to like media: 1759949787895009161
2018-04-17 21:07:30,116 - haw22k - Liked: 1759949787895009161. Like #205.
2018-04-17 21:08:51,204 - haw22k - Trying to like media: 1759948620091646429
2018-04-17 21:08:52,210 - haw22k - Liked: 1759948620091646429. Like #206.
2018-04-17 21:09:25,672 - haw22k - Trying to unfollow #1: 
2018-04-17 21:09:25,677 - haw22k - Getting user info : kyommmmi
2018-04-17 21:10:23,210 - haw22k - Trying to like media: 1759949696057792699
2018-04-17 21:10:23,889 - haw22k - Liked: 1759949696057792699. Like #207.
2018-04-17 21:10:41,910 - haw22k - Already followed before 3954265120
2018-04-17 21:11:53,986 - haw22k - Trying to like media: 1759947976233775342
2018-04-17 21:11:54,740 - haw22k - Liked: 1759947976233775342. Like #208.
2018-04-17 21:12:54,796 - haw22k - Already followed before 1411629843
2018-04-17 21:13:18,818 - haw22k - Trying to like media: 1759949086223447849
2018-04-17 21:13:20,216 - haw22k - Liked: 1759949086223447849. Like #209.
2018-04-17 21:14:26,298 - haw22k - Trying to unfollow #1: 
2018-04-17 21:14:26,303 - haw22k - Getting user info : baileykikssampson
2018-04-17 21:14:53,829 - haw22k - Trying to like media: 1759948598088825440
2018-04-17 21:14:54,879 - haw22k - Liked: 1759948598088825440. Like #210.
2018-04-17 21:15:24,912 - haw22k - Trying to follow: 2984357716
2018-04-17 21:15:25,624 - haw22k - Followed: 2984357716 #62.
2018-04-17 21:16:32,435 - haw22k - Trying to like media: 1759948975399742148
2018-04-17 21:16:33,306 - haw22k - Liked: 1759948975399742148. Like #211.
2018-04-17 21:18:03,405 - haw22k - Trying to like media: 1759948886564661318
2018-04-17 21:18:04,339 - haw22k - Liked: 1759948886564661318. Like #212.
2018-04-17 21:18:58,395 - haw22k - Trying to unfollow #1: 
2018-04-17 21:18:58,400 - haw22k - Getting user info : ppp.hope
2018-04-17 21:19:37,908 - haw22k - Trying to like media: 1759948587871964306
2018-04-17 21:19:38,533 - haw22k - Liked: 1759948587871964306. Like #213.
2018-04-17 21:19:59,554 - haw22k - Already followed before 1411629843
2018-04-17 21:21:03,405 - haw22k - Trying to like media: 1759948563034351466
2018-04-17 21:21:04,250 - haw22k - Liked: 1759948563034351466. Like #214.
2018-04-17 21:22:11,179 - haw22k - Trying to follow: 221103662
2018-04-17 21:22:12,908 - haw22k - Followed: 221103662 #63.
2018-04-17 21:22:22,888 - haw22k - Trying to like media: 1759948432171392418
2018-04-17 21:22:23,479 - haw22k - Liked: 1759948432171392418. Like #215.
2018-04-17 21:23:32,560 - haw22k - Trying to unfollow #1: 
2018-04-17 21:23:32,565 - haw22k - Getting user info : takuuuumi.96
2018-04-17 21:23:56,865 - haw22k - Trying to like media: 1759948411494198171
2018-04-17 21:23:58,241 - haw22k - Liked: 1759948411494198171. Like #216.
2018-04-17 21:25:25,332 - haw22k - Trying to like media: 1759948329067656041
2018-04-17 21:25:26,253 - haw22k - Liked: 1759948329067656041. Like #217.
2018-04-17 21:26:56,349 - haw22k - Trying to like media: 1759947865369571205
2018-04-17 21:26:57,540 - haw22k - Liked: 1759947865369571205. Like #218.
2018-04-17 21:27:30,583 - haw22k - Trying to follow: 7132668317
2018-04-17 21:27:31,607 - haw22k - Followed: 7132668317 #64.
2018-04-17 21:28:32,459 - haw22k - Trying to like media: 1759947769119721188
2018-04-17 21:28:33,306 - haw22k - Liked: 1759947769119721188. Like #219.
2018-04-17 21:28:39,314 - haw22k - Trying to unfollow #1: 
2018-04-17 21:28:39,319 - haw22k - Getting user info : villarabet.ir
2018-04-17 21:30:00,666 - haw22k - Trying to like media: 1759947601882846251
2018-04-17 21:30:01,357 - haw22k - Liked: 1759947601882846251. Like #220.
2018-04-17 21:31:31,462 - haw22k - Trying to like media: 1759947483889614176
2018-04-17 21:31:32,440 - haw22k - Liked: 1759947483889614176. Like #221.
2018-04-17 21:32:41,511 - haw22k - Trying to follow: 7065921794
2018-04-17 21:32:42,696 - haw22k - Followed: 7065921794 #65.
2018-04-17 21:33:04,705 - haw22k - Trying to like media: 1759947198149141704
2018-04-17 21:33:05,605 - haw22k - Liked: 1759947198149141704. Like #222.
2018-04-17 21:33:08,610 - haw22k - Trying to unfollow #1: 
2018-04-17 21:33:08,614 - haw22k - Getting user info : aijyu_0323
2018-04-17 21:34:35,954 - haw22k - Trying to like media: 1759945024786030491
2018-04-17 21:34:36,523 - haw22k - Liked: 1759945024786030491. Like #223.
2018-04-17 21:36:06,615 - haw22k - Trying to like media: 1759946258195650757
2018-04-17 21:36:07,656 - haw22k - Liked: 1759946258195650757. Like #224.
2018-04-17 21:37:41,803 - haw22k - Trying to like media: 1759945833792289531
2018-04-17 21:37:42,903 - haw22k - Liked: 1759945833792289531. Like #225.
2018-04-17 21:37:42,905 - haw22k - Trying to follow: 7108903719
2018-04-17 21:37:44,152 - haw22k - Followed: 7108903719 #66.
2018-04-17 21:38:01,129 - haw22k - Trying to unfollow #1: 
2018-04-17 21:38:01,133 - haw22k - Getting user info : myhoodmagazine
2018-04-17 21:39:19,866 - haw22k - Trying to like media: 1759946110144803285
2018-04-17 21:39:20,987 - haw22k - Liked: 1759946110144803285. Like #226.
2018-04-17 21:40:48,089 - haw22k - Trying to like media: 1759945903434541491
2018-04-17 21:40:49,352 - haw22k - Liked: 1759945903434541491. Like #227.
2018-04-17 21:42:16,431 - haw22k - Trying to like media: 1759945896545784249
2018-04-17 21:42:17,209 - haw22k - Liked: 1759945896545784249. Like #228.
2018-04-17 21:42:23,936 - haw22k - Trying to follow: 24781757
2018-04-17 21:42:25,625 - haw22k - Followed: 24781757 #67.
2018-04-17 21:42:47,416 - haw22k - Trying to unfollow #1: 
2018-04-17 21:42:47,421 - haw22k - Getting user info : gymlover_ab
2018-04-17 21:43:44,755 - haw22k - Trying to like media: 1759945549468843602
2018-04-17 21:43:45,207 - haw22k - Liked: 1759945549468843602. Like #229.
2018-04-17 21:43:48,212 - haw22k - Get media id by tag: repeat
2018-04-17 21:43:49,853 - haw22k - Removing already liked medias..
2018-04-17 21:45:19,990 - haw22k - Trying to like media: 1759985103213370985
2018-04-17 21:45:20,665 - haw22k - Liked: 1759985103213370985. Like #230.
2018-04-17 21:46:53,763 - haw22k - Trying to like media: 1759984061366257379
2018-04-17 21:46:54,829 - haw22k - Liked: 1759984061366257379. Like #231.
2018-04-17 21:47:21,864 - haw22k - Trying to follow: 177644283
2018-04-17 21:47:23,210 - haw22k - Followed: 177644283 #68.
2018-04-17 21:47:54,137 - haw22k - Trying to unfollow #1: 
2018-04-17 21:47:54,142 - haw22k - Getting user info : cardibbardi
2018-04-17 21:48:27,434 - haw22k - Trying to like media: 1759984966354893353
2018-04-17 21:48:28,221 - haw22k - Liked: 1759984966354893353. Like #232.
2018-04-17 21:49:55,310 - haw22k - Trying to like media: 1759984721229830314
2018-04-17 21:49:55,937 - haw22k - Liked: 1759984721229830314. Like #233.
2018-04-17 21:51:20,030 - haw22k - Trying to like media: 1759984633570476019
2018-04-17 21:51:21,436 - haw22k - Liked: 1759984633570476019. Like #234.
2018-04-17 21:52:18,495 - haw22k - Trying to follow: 1411223695
2018-04-17 21:52:19,562 - haw22k - Followed: 1411223695 #69.
2018-04-17 21:52:42,064 - haw22k - Trying to like media: 1759983184822815937
2018-04-17 21:52:42,980 - haw22k - Liked: 1759983184822815937. Like #235.
2018-04-17 21:52:45,981 - haw22k - Get media id by tag: sleep
2018-04-17 21:52:47,442 - haw22k - Removing already liked medias..
2018-04-17 21:52:59,519 - haw22k - Trying to unfollow #1: 
2018-04-17 21:52:59,522 - haw22k - Getting user info : williancelso
2018-04-17 21:54:03,259 - haw22k - Trying to like media: 1759989737198071174
2018-04-17 21:54:03,684 - haw22k - Liked: 1759989737198071174. Like #236.
2018-04-17 21:55:37,485 - haw22k - Trying to like media: 1759989604348667310
2018-04-17 21:55:38,345 - haw22k - Liked: 1759989604348667310. Like #237.
2018-04-17 21:57:02,834 - haw22k - Trying to follow: 4273060522
2018-04-17 21:57:04,282 - haw22k - Followed: 4273060522 #70.
2018-04-17 21:57:11,323 - haw22k - Trying to like media: 1759989534898173501
2018-04-17 21:57:11,804 - haw22k - Liked: 1759989534898173501. Like #238.
2018-04-17 21:57:33,262 - haw22k - Trying to unfollow #1: 
2018-04-17 21:57:33,267 - haw22k - Getting user info : mariocodes
2018-04-17 21:58:43,050 - haw22k - Trying to like media: 1759989323146308358
2018-04-17 21:58:44,334 - haw22k - Liked: 1759989323146308358. Like #239.
2018-04-17 22:00:05,416 - haw22k - Trying to like media: 1759989320393415487
2018-04-17 22:00:06,945 - haw22k - Liked: 1759989320393415487. Like #240.
2018-04-17 22:01:37,045 - haw22k - Trying to like media: 1759989194606080971
2018-04-17 22:01:37,955 - haw22k - Liked: 1759989194606080971. Like #241.
2018-04-17 22:02:13,990 - haw22k - Trying to unfollow #1: 
2018-04-17 22:02:13,996 - haw22k - Getting user info : jotaele_siete
2018-04-17 22:02:23,704 - haw22k - Trying to follow: 299671598
2018-04-17 22:02:24,578 - haw22k - Followed: 299671598 #71.
2018-04-17 22:03:10,628 - haw22k - Trying to like media: 1759989084934045715
2018-04-17 22:03:11,330 - haw22k - Liked: 1759989084934045715. Like #242.
2018-04-17 22:04:44,839 - haw22k - Trying to like media: 1759989073600511468
2018-04-17 22:04:45,478 - haw22k - Liked: 1759989073600511468. Like #243.
2018-04-17 22:06:12,565 - haw22k - Trying to like media: 1759989042244878572
2018-04-17 22:06:13,767 - haw22k - Liked: 1759989042244878572. Like #244.
2018-04-17 22:07:10,835 - haw22k - Trying to follow: 3856363927
2018-04-17 22:07:11,600 - haw22k - Followed: 3856363927 #72.
2018-04-17 22:07:30,696 - haw22k - Trying to unfollow #1: 
2018-04-17 22:07:30,701 - haw22k - Getting user info : personatime_official
2018-04-17 22:07:37,003 - haw22k - Trying to like media: 1759988952192125612
2018-04-17 22:07:37,885 - haw22k - Liked: 1759988952192125612. Like #245.
2018-04-17 22:09:02,584 - haw22k - Trying to like media: 1759988745539235954
2018-04-17 22:09:03,156 - haw22k - Liked: 1759988745539235954. Like #246.
2018-04-17 22:10:30,699 - haw22k - Trying to like media: 1759988709166702878
2018-04-17 22:10:32,607 - haw22k - Liked: 1759988709166702878. Like #247.
2018-04-17 22:11:44,690 - haw22k - Trying to follow: 7056316928
2018-04-17 22:11:45,712 - haw22k - Followed: 7056316928 #73.
2018-04-17 22:12:01,987 - haw22k - Trying to like media: 1759988655293948980
2018-04-17 22:12:03,252 - haw22k - Liked: 1759988655293948980. Like #248.
2018-04-17 22:12:24,276 - haw22k - Trying to unfollow #1: 
2018-04-17 22:12:24,281 - haw22k - Getting user info : cardeauxdelise
2018-04-17 22:13:28,493 - haw22k - Trying to like media: 1759988387051519580
2018-04-17 22:13:29,392 - haw22k - Liked: 1759988387051519580. Like #249.
2018-04-17 22:14:59,482 - haw22k - Trying to like media: 1759988095867243176
2018-04-17 22:15:01,045 - haw22k - Liked: 1759988095867243176. Like #250.
2018-04-17 22:16:28,845 - haw22k - Trying to like media: 1759988003559544405
2018-04-17 22:16:29,985 - haw22k - Liked: 1759988003559544405. Like #251.
2018-04-17 22:16:48,007 - haw22k - Trying to unfollow #1: 
2018-04-17 22:16:48,012 - haw22k - Getting user info : aina_makisheva
2018-04-17 22:16:54,271 - haw22k - Trying to follow: 5427982056
2018-04-17 22:16:55,486 - haw22k - Followed: 5427982056 #74.
2018-04-17 22:18:02,325 - haw22k - Trying to like media: 1759987966665882517
2018-04-17 22:18:03,555 - haw22k - Liked: 1759987966665882517. Like #252.
2018-04-17 22:19:27,636 - haw22k - Trying to like media: 1759987641599597470
2018-04-17 22:19:28,813 - haw22k - Liked: 1759987641599597470. Like #253.
2018-04-17 22:20:46,892 - haw22k - Trying to like media: 1759987627152399761
2018-04-17 22:20:47,612 - haw22k - Liked: 1759987627152399761. Like #254.
2018-04-17 22:21:44,673 - haw22k - Trying to follow: 260484806
2018-04-17 22:21:46,666 - haw22k - Followed: 260484806 #75.
2018-04-17 22:21:47,483 - haw22k - Trying to unfollow #1: 
2018-04-17 22:21:47,488 - haw22k - Getting user info : _milafrontini_
2018-04-17 22:22:14,790 - haw22k - Trying to like media: 1759987335758862978
2018-04-17 22:22:15,294 - haw22k - Liked: 1759987335758862978. Like #255.
2018-04-17 22:23:36,386 - haw22k - Trying to like media: 1759987270686911603
2018-04-17 22:23:36,840 - haw22k - Not liked: 400
2018-04-17 22:25:13,686 - haw22k - Trying to like media: 1759987218444151697
2018-04-17 22:25:14,795 - haw22k - Liked: 1759987218444151697. Like #256.
2018-04-17 22:26:37,173 - haw22k - Trying to unfollow #1: 
2018-04-17 22:26:37,178 - haw22k - Getting user info : ayitisakapfet
2018-04-17 22:26:46,456 - haw22k - Trying to like media: 1759986454098071862
2018-04-17 22:26:47,656 - haw22k - Liked: 1759986454098071862. Like #257.
2018-04-17 22:26:50,661 - haw22k - Trying to follow: 7023747074
2018-04-17 22:26:51,491 - haw22k - Followed: 7023747074 #76.
2018-04-17 22:28:13,867 - haw22k - Trying to like media: 1759987009525802009
2018-04-17 22:28:14,556 - haw22k - Liked: 1759987009525802009. Like #258.
2018-04-17 22:29:50,674 - haw22k - Trying to like media: 1759986982513454785
2018-04-17 22:29:52,031 - haw22k - Liked: 1759986982513454785. Like #259.
2018-04-17 22:31:07,541 - haw22k - Trying to unfollow #1: 
2018-04-17 22:31:07,546 - haw22k - Getting user info : vadimba20
2018-04-17 22:31:28,856 - haw22k - Trying to like media: 1759986949756364305
2018-04-17 22:31:30,193 - haw22k - Liked: 1759986949756364305. Like #260.
2018-04-17 22:31:33,199 - haw22k - Trying to follow: 7267524462
2018-04-17 22:31:34,425 - haw22k - Followed: 7267524462 #77.
2018-04-17 22:32:48,328 - haw22k - Trying to like media: 1759986935033876707
2018-04-17 22:32:49,006 - haw22k - Liked: 1759986935033876707. Like #261.
2018-04-17 22:34:11,406 - haw22k - Trying to like media: 1759986909910518644
2018-04-17 22:34:12,654 - haw22k - Liked: 1759986909910518644. Like #262.
2018-04-17 22:35:48,768 - haw22k - Trying to like media: 1759986587636894010
2018-04-17 22:35:49,581 - haw22k - Liked: 1759986587636894010. Like #263.
2018-04-17 22:36:07,603 - haw22k - Trying to unfollow #1: 
2018-04-17 22:36:07,609 - haw22k - Getting user info : __ryusta__
2018-04-17 22:36:53,488 - haw22k - Trying to follow: 6827555173
2018-04-17 22:36:54,887 - haw22k - Followed: 6827555173 #78.
2018-04-17 22:37:10,746 - haw22k - Trying to like media: 1759986504665695437
2018-04-17 22:37:11,495 - haw22k - Liked: 1759986504665695437. Like #264.
2018-04-17 22:38:35,599 - haw22k - Trying to like media: 1759986411031102858
2018-04-17 22:38:36,327 - haw22k - Liked: 1759986411031102858. Like #265.
2018-04-17 22:40:03,837 - haw22k - Trying to like media: 1759985642946599396
2018-04-17 22:40:04,655 - haw22k - Not liked: 400
2018-04-17 22:41:11,174 - haw22k - Trying to unfollow #1: 
2018-04-17 22:41:11,179 - haw22k - Getting user info : suzansellsmiamire
2018-04-17 22:41:32,681 - haw22k - Trying to follow: 4288115257
2018-04-17 22:41:34,909 - haw22k - Followed: 4288115257 #79.
2018-04-17 22:41:39,056 - haw22k - Trying to like media: 1759986316417463858
2018-04-17 22:41:39,865 - haw22k - Liked: 1759986316417463858. Like #266.
2018-04-17 22:43:03,968 - haw22k - Trying to like media: 1759986218546215923
2018-04-17 22:43:04,797 - haw22k - Liked: 1759986218546215923. Like #267.
2018-04-17 22:44:26,299 - haw22k - Trying to like media: 1759986035498266420
2018-04-17 22:44:27,581 - haw22k - Liked: 1759986035498266420. Like #268.
2018-04-17 22:45:46,106 - haw22k - Trying to like media: 1759985777281822794
2018-04-17 22:45:46,788 - haw22k - Liked: 1759985777281822794. Like #269.
2018-04-17 22:46:20,259 - haw22k - Trying to unfollow #1: 
2018-04-17 22:46:20,264 - haw22k - Getting user info : katvil8_
2018-04-17 22:46:36,610 - haw22k - Trying to follow: 2188518244
2018-04-17 22:46:37,703 - haw22k - Followed: 2188518244 #80.
2018-04-17 22:47:14,600 - haw22k - Trying to like media: 1759985748600961612
2018-04-17 22:47:15,621 - haw22k - Liked: 1759985748600961612. Like #270.
2018-04-17 22:48:39,718 - haw22k - Trying to like media: 1759985724248959838
2018-04-17 22:48:40,358 - haw22k - Liked: 1759985724248959838. Like #271.
2018-04-17 22:50:04,458 - haw22k - Trying to like media: 1759985603686896914
2018-04-17 22:50:06,075 - haw22k - Liked: 1759985603686896914. Like #272.
2018-04-17 22:51:03,140 - haw22k - Trying to follow: 271986267
2018-04-17 22:51:04,825 - haw22k - Followed: 271986267 #81.
2018-04-17 22:51:29,736 - haw22k - Trying to unfollow #1: 
2018-04-17 22:51:29,741 - haw22k - Getting user info : thesupertrainer
2018-04-17 22:51:42,051 - haw22k - Trying to like media: 1759985373142021597
2018-04-17 22:51:42,926 - haw22k - Liked: 1759985373142021597. Like #273.
2018-04-17 22:53:13,452 - haw22k - Trying to like media: 1759985366641547292
2018-04-17 22:53:14,155 - haw22k - Liked: 1759985366641547292. Like #274.
2018-04-17 22:54:48,107 - haw22k - Trying to like media: 1759985361231816441
2018-04-17 22:54:49,303 - haw22k - Liked: 1759985361231816441. Like #275.
2018-04-17 22:55:49,805 - haw22k - Trying to follow: 7292961083
2018-04-17 22:55:51,157 - haw22k - Followed: 7292961083 #82.
2018-04-17 22:56:19,041 - haw22k - Trying to like media: 1759985338924707228
2018-04-17 22:56:19,597 - haw22k - Liked: 1759985338924707228. Like #276.
2018-04-17 22:56:31,611 - haw22k - Trying to unfollow #1: 
2018-04-17 22:56:31,616 - haw22k - Getting user info : chrislifejourney
2018-04-17 22:57:50,563 - haw22k - Trying to like media: 1759985327256936793
2018-04-17 22:57:51,755 - haw22k - Liked: 1759985327256936793. Like #277.
2018-04-17 22:59:13,286 - haw22k - Trying to like media: 1759984892793704770
2018-04-17 22:59:14,538 - haw22k - Liked: 1759984892793704770. Like #278.
2018-04-17 23:00:39,054 - haw22k - Trying to like media: 1759976183230125332
2018-04-17 23:00:39,758 - haw22k - Liked: 1759976183230125332. Like #279.
2018-04-17 23:00:57,774 - haw22k - Trying to follow: 3151807708
2018-04-17 23:00:59,136 - haw22k - Followed: 3151807708 #83.
2018-04-17 23:01:36,321 - haw22k - Trying to unfollow #1: 
2018-04-17 23:01:36,327 - haw22k - Getting user info : _la_fedele_
2018-04-17 23:02:15,710 - haw22k - Trying to like media: 1759963517202881398
2018-04-17 23:02:16,045 - haw22k - Not liked: 400
2018-04-17 23:02:19,058 - haw22k - Get media id by tag: sleep
2018-04-17 23:02:20,745 - haw22k - Removing already liked medias..
2018-04-17 23:03:41,889 - haw22k - Trying to like media: 1760024862112642603
2018-04-17 23:03:42,832 - haw22k - Liked: 1760024862112642603. Like #280.
2018-04-17 23:05:09,938 - haw22k - Trying to like media: 1760024819641812916
2018-04-17 23:05:11,562 - haw22k - Liked: 1760024819641812916. Like #281.
2018-04-17 23:05:35,591 - haw22k - Trying to follow: 6359376629
2018-04-17 23:05:36,641 - haw22k - Followed: 6359376629 #84.
2018-04-17 23:06:10,708 - haw22k - Trying to unfollow #1: 
2018-04-17 23:06:10,714 - haw22k - Getting user info : krasnova8704
2018-04-17 23:06:44,204 - haw22k - Trying to like media: 1760024655424834151
2018-04-17 23:06:44,897 - haw22k - Liked: 1760024655424834151. Like #282.
2018-04-17 23:08:12,713 - haw22k - Trying to like media: 1760024605537758817
2018-04-17 23:08:13,587 - haw22k - Liked: 1760024605537758817. Like #283.
2018-04-17 23:09:35,090 - haw22k - Trying to like media: 1760024599624725308
2018-04-17 23:09:36,660 - haw22k - Liked: 1760024599624725308. Like #284.
2018-04-17 23:10:34,613 - haw22k - Trying to follow: 18637952
2018-04-17 23:10:35,576 - haw22k - Followed: 18637952 #85.
2018-04-17 23:10:42,282 - haw22k - Trying to unfollow #1: 
2018-04-17 23:10:42,287 - haw22k - Getting user info : riversideproductionz
2018-04-17 23:11:06,601 - haw22k - Trying to like media: 1760024539401689102
2018-04-17 23:11:07,375 - haw22k - Liked: 1760024539401689102. Like #285.
2018-04-17 23:12:37,489 - haw22k - Trying to like media: 1760024515972333627
2018-04-17 23:12:38,098 - haw22k - Liked: 1760024515972333627. Like #286.
2018-04-17 23:14:06,218 - haw22k - Trying to like media: 1760024411552810610
2018-04-17 23:14:07,344 - haw22k - Liked: 1760024411552810610. Like #287.
2018-04-17 23:15:25,875 - haw22k - Trying to unfollow #1: 
2018-04-17 23:15:25,880 - haw22k - Getting user info : monialhajjsbeiti
2018-04-17 23:15:35,170 - haw22k - Trying to follow: 7292732290
2018-04-17 23:15:36,556 - haw22k - Followed: 7292732290 #86.
2018-04-17 23:15:40,511 - haw22k - Trying to like media: 1760024395051879270
2018-04-17 23:15:41,081 - haw22k - Liked: 1760024395051879270. Like #288.
2018-04-17 23:17:06,071 - haw22k - Trying to like media: 1760024341036662676
2018-04-17 23:17:06,796 - haw22k - Liked: 1760024341036662676. Like #289.
2018-04-17 23:18:40,329 - haw22k - Trying to like media: 1760024297308369163
2018-04-17 23:18:41,499 - haw22k - Liked: 1760024297308369163. Like #290.
2018-04-17 23:20:02,593 - haw22k - Trying to unfollow #1: 
2018-04-17 23:20:02,598 - haw22k - Getting user info : foobar_codes
2018-04-17 23:20:11,921 - haw22k - Trying to like media: 1760024280512581651
2018-04-17 23:20:13,186 - haw22k - Liked: 1760024280512581651. Like #291.
2018-04-17 23:20:31,207 - haw22k - Trying to follow: 2533946243
2018-04-17 23:20:31,929 - haw22k - Followed: 2533946243 #87.
2018-04-17 23:21:45,204 - haw22k - Trying to like media: 1760024207684004504
2018-04-17 23:21:45,763 - haw22k - Liked: 1760024207684004504. Like #292.
2018-04-17 23:23:19,280 - haw22k - Trying to like media: 1760024146772852856
2018-04-17 23:23:20,707 - haw22k - Liked: 1760024146772852856. Like #293.
2018-04-17 23:24:30,655 - haw22k - Trying to unfollow #1: 
2018-04-17 23:24:30,665 - haw22k - Getting user info : kyungsoo_ey
2018-04-17 23:24:39,969 - haw22k - Trying to like media: 1760024036185815291
2018-04-17 23:24:40,956 - haw22k - Liked: 1760024036185815291. Like #294.
2018-04-17 23:25:23,006 - haw22k - Trying to follow: 200076922
2018-04-17 23:25:24,282 - haw22k - Followed: 200076922 #88.
2018-04-17 23:26:13,101 - haw22k - Trying to like media: 1760024016658409514
2018-04-17 23:26:13,820 - haw22k - Liked: 1760024016658409514. Like #295.
2018-04-17 23:27:41,358 - haw22k - Trying to like media: 1760024004629707615
2018-04-17 23:27:42,133 - haw22k - Liked: 1760024004629707615. Like #296.
2018-04-17 23:29:09,241 - haw22k - Trying to like media: 1760023988941472042
2018-04-17 23:29:10,607 - haw22k - Liked: 1760023988941472042. Like #297.
2018-04-17 23:29:47,767 - haw22k - Trying to unfollow #1: 
2018-04-17 23:29:47,772 - haw22k - Getting user info : y____828
2018-04-17 23:30:06,055 - haw22k - Trying to follow: 7527383978
2018-04-17 23:30:07,331 - haw22k - Followed: 7527383978 #89.
2018-04-17 23:30:32,525 - haw22k - Trying to like media: 1760023941085401527
2018-04-17 23:30:32,996 - haw22k - Liked: 1760023941085401527. Like #298.
2018-04-17 23:30:36,000 - haw22k - Get media id by tag: repeat
2018-04-17 23:30:37,795 - haw22k - Removing already liked medias..
2018-04-17 23:31:59,833 - haw22k - Trying to like media: 1760038394849950166
2018-04-17 23:32:00,920 - haw22k - Liked: 1760038394849950166. Like #299.
2018-04-17 23:33:37,039 - haw22k - Trying to like media: 1760037861636964588
2018-04-17 23:33:38,280 - haw22k - Liked: 1760037861636964588. Like #300.
2018-04-17 23:34:32,778 - haw22k - Trying to unfollow #1: 
2018-04-17 23:34:32,783 - haw22k - Getting user info : newbymagic
2018-04-17 23:35:06,148 - haw22k - Trying to like media: 1760037597763572684
2018-04-17 23:35:06,756 - haw22k - Liked: 1760037597763572684. Like #301.
2018-04-17 23:35:25,189 - haw22k - Trying to follow: 2137220049
2018-04-17 23:35:26,244 - haw22k - Followed: 2137220049 #90.
2018-04-17 23:36:33,887 - haw22k - Trying to like media: 1760037520730534373
2018-04-17 23:36:34,846 - haw22k - Liked: 1760037520730534373. Like #302.
2018-04-17 23:36:37,851 - haw22k - Get media id by tag: repeat
2018-04-17 23:36:40,095 - haw22k - Removing already liked medias..
2018-04-17 23:38:10,727 - haw22k - Trying to like media: 1760041878293823058
2018-04-17 23:38:11,573 - haw22k - Liked: 1760041878293823058. Like #303.
2018-04-17 23:39:24,507 - haw22k - Trying to unfollow #1: 
2018-04-17 23:39:24,512 - haw22k - Getting user info : _saydulaev_007
2018-04-17 23:39:38,086 - haw22k - Trying to like media: 1760038843312197037
2018-04-17 23:39:38,837 - haw22k - Liked: 1760038843312197037. Like #304.
2018-04-17 23:40:26,877 - haw22k - Trying to follow: 4097319449
2018-04-17 23:40:27,689 - haw22k - Followed: 4097319449 #91.
2018-04-17 23:40:58,446 - haw22k - Trying to like media: 1760041490674289775
2018-04-17 23:40:59,330 - haw22k - Liked: 1760041490674289775. Like #305.
2018-04-17 23:42:20,847 - haw22k - Trying to like media: 1760040556627335942
2018-04-17 23:42:21,823 - haw22k - Liked: 1760040556627335942. Like #306.
2018-04-17 23:43:46,327 - haw22k - Trying to like media: 1760040573378941146
2018-04-17 23:43:47,253 - haw22k - Liked: 1760040573378941146. Like #307.
2018-04-17 23:44:14,289 - haw22k - Trying to unfollow #1: 
2018-04-17 23:44:14,294 - haw22k - Getting user info : first_dance.jp
2018-04-17 23:45:17,693 - haw22k - Trying to like media: 1760040010897513818
2018-04-17 23:45:18,694 - haw22k - Liked: 1760040010897513818. Like #308.
2018-04-17 23:45:37,570 - haw22k - Trying to follow: 7376786573
2018-04-17 23:45:39,182 - haw22k - Followed: 7376786573 #92.
2018-04-17 23:46:56,178 - haw22k - Trying to like media: 1760040014472768343
2018-04-17 23:46:57,114 - haw22k - Liked: 1760040014472768343. Like #309.
2018-04-17 23:48:24,213 - haw22k - Trying to like media: 1760039514887160690
2018-04-17 23:48:25,507 - haw22k - Liked: 1760039514887160690. Like #310.
2018-04-17 23:49:34,590 - haw22k - Trying to unfollow #1: 
2018-04-17 23:49:34,599 - haw22k - Getting user info : txwn._.papi
2018-04-17 23:49:53,355 - haw22k - Trying to like media: 1760039392698957957
2018-04-17 23:49:54,306 - haw22k - Liked: 1760039392698957957. Like #311.
2018-04-17 23:50:39,358 - haw22k - Trying to follow: 1490632872
2018-04-17 23:50:40,600 - haw22k - Followed: 1490632872 #93.
2018-04-17 23:51:29,893 - haw22k - Trying to like media: 1760039362828296337
2018-04-17 23:51:31,104 - haw22k - Liked: 1760039362828296337. Like #312.
2018-04-17 23:52:58,619 - haw22k - Trying to like media: 1760031595731798918
2018-04-17 23:52:59,558 - haw22k - Liked: 1760031595731798918. Like #313.
2018-04-17 23:54:21,058 - haw22k - Trying to like media: 1760037224304261624
2018-04-17 23:54:22,199 - haw22k - Liked: 1760037224304261624. Like #314.
2018-04-17 23:54:52,237 - haw22k - Trying to unfollow #1: 
2018-04-17 23:54:52,243 - haw22k - Getting user info : browngrottaarts
2018-04-17 23:55:40,573 - haw22k - Trying to follow: 3567702279
2018-04-17 23:55:41,356 - haw22k - Followed: 3567702279 #94.
2018-04-17 23:55:57,166 - haw22k - Trying to like media: 1760036454429532402
2018-04-17 23:55:58,428 - haw22k - Liked: 1760036454429532402. Like #315.
2018-04-17 23:57:22,961 - haw22k - Trying to like media: 1760036772307526570
2018-04-17 23:57:23,389 - haw22k - Liked: 1760036772307526570. Like #316.
2018-04-17 23:58:54,282 - haw22k - Trying to like media: 1760035822910157237
2018-04-17 23:58:55,220 - haw22k - Liked: 1760035822910157237. Like #317.
2018-04-17 23:59:01,679 - haw22k - Trying to unfollow: 202093611
2018-04-17 23:59:02,162 - haw22k - Unfollow: 202093611 #1 of 94.
2018-04-17 23:59:02,163 - haw22k - Pausing for 16 seconds... 1 of 94
2018-04-17 23:59:18,179 - haw22k - Trying to unfollow: 279939632
2018-04-17 23:59:19,942 - haw22k - Unfollow: 279939632 #2 of 94.
2018-04-17 23:59:19,943 - haw22k - Pausing for 17 seconds... 2 of 94
2018-04-17 23:59:37,392 - haw22k - Trying to unfollow: 7230598442
2018-04-17 23:59:38,738 - haw22k - Unfollow: 7230598442 #3 of 94.
2018-04-17 23:59:38,739 - haw22k - Pausing for 21 seconds... 3 of 94
2018-04-17 23:59:59,761 - haw22k - Trying to unfollow: 5897590588
2018-04-18 00:00:00,506 - haw22k - Unfollow: 5897590588 #4 of 94.
2018-04-18 00:00:00,507 - haw22k - Pausing for 19 seconds... 4 of 94
2018-04-18 00:00:19,526 - haw22k - Trying to unfollow: 5356445385
2018-04-18 00:00:19,992 - haw22k - Unfollow: 5356445385 #5 of 94.
2018-04-18 00:00:19,993 - haw22k - Pausing for 30 seconds... 5 of 94
2018-04-18 00:00:50,023 - haw22k - Trying to unfollow: 1214089399
2018-04-18 00:00:51,424 - haw22k - Unfollow: 1214089399 #6 of 94.
2018-04-18 00:00:51,425 - haw22k - Pausing for 19 seconds... 6 of 94
2018-04-18 00:01:10,934 - haw22k - Trying to unfollow: 2274031214
2018-04-18 00:01:12,077 - haw22k - Unfollow: 2274031214 #7 of 94.
2018-04-18 00:01:12,077 - haw22k - Pausing for 29 seconds... 7 of 94
2018-04-18 00:01:41,534 - haw22k - Trying to unfollow: 16404471
2018-04-18 00:01:42,594 - haw22k - Unfollow: 16404471 #8 of 94.
2018-04-18 00:01:42,595 - haw22k - Pausing for 22 seconds... 8 of 94
2018-04-18 00:02:04,617 - haw22k - Trying to unfollow: 270807992
2018-04-18 00:02:05,079 - haw22k - Unfollow: 270807992 #9 of 94.
2018-04-18 00:02:05,080 - haw22k - Pausing for 29 seconds... 9 of 94
2018-04-18 00:02:34,109 - haw22k - Trying to unfollow: 3291306354
2018-04-18 00:02:35,408 - haw22k - Unfollow: 3291306354 #10 of 94.
2018-04-18 00:02:35,408 - haw22k - Pausing for 17 seconds... 10 of 94
2018-04-18 00:02:52,412 - haw22k - Trying to unfollow: 7422988420
2018-04-18 00:02:52,887 - haw22k - Unfollow: 7422988420 #11 of 94.
2018-04-18 00:02:52,887 - haw22k - Pausing for 16 seconds... 11 of 94
2018-04-18 00:03:08,895 - haw22k - Trying to unfollow: 7326577497
2018-04-18 00:03:10,198 - haw22k - Unfollow: 7326577497 #12 of 94.
2018-04-18 00:03:10,198 - haw22k - Pausing for 25 seconds... 12 of 94
2018-04-18 00:03:35,199 - haw22k - Trying to unfollow: 2122838329
2018-04-18 00:03:35,980 - haw22k - Unfollow: 2122838329 #13 of 94.
2018-04-18 00:03:35,981 - haw22k - Pausing for 15 seconds... 13 of 94
2018-04-18 00:03:50,984 - haw22k - Trying to unfollow: 7202862806
2018-04-18 00:03:52,223 - haw22k - Unfollow: 7202862806 #14 of 94.
2018-04-18 00:03:52,224 - haw22k - Pausing for 19 seconds... 14 of 94
2018-04-18 00:04:11,244 - haw22k - Trying to unfollow: 1809690535
2018-04-18 00:04:12,071 - haw22k - Unfollow: 1809690535 #15 of 94.
2018-04-18 00:04:12,071 - haw22k - Pausing for 28 seconds... 15 of 94
2018-04-18 00:04:40,086 - haw22k - Trying to unfollow: 398303764
2018-04-18 00:04:40,344 - haw22k - Slow Down - Pausing for 5 minutes so we don't get banned!
2018-04-18 00:09:43,327 - haw22k - Still no good :( Skipping and pausing for another 5 minutes
2018-04-18 00:14:45,063 - haw22k - Pausing for 19 seconds... 15 of 94
2018-04-18 00:15:04,082 - haw22k - Trying to unfollow: 1513615969
2018-04-18 00:15:06,257 - haw22k - Unfollow: 1513615969 #16 of 94.
2018-04-18 00:15:06,258 - haw22k - Pausing for 20 seconds... 16 of 94
2018-04-18 00:15:26,277 - haw22k - Trying to unfollow: 1527839582
2018-04-18 00:15:27,615 - haw22k - Unfollow: 1527839582 #17 of 94.
2018-04-18 00:15:27,621 - haw22k - Pausing for 25 seconds... 17 of 94
2018-04-18 00:15:52,647 - haw22k - Trying to unfollow: 800724518
2018-04-18 00:15:53,768 - haw22k - Unfollow: 800724518 #18 of 94.
2018-04-18 00:15:53,769 - haw22k - Pausing for 18 seconds... 18 of 94
2018-04-18 00:16:11,788 - haw22k - Trying to unfollow: 2952526794
2018-04-18 00:16:13,119 - haw22k - Unfollow: 2952526794 #19 of 94.
2018-04-18 00:16:13,119 - haw22k - Pausing for 28 seconds... 19 of 94
2018-04-18 00:16:41,141 - haw22k - Trying to unfollow: 5964365016
2018-04-18 00:16:42,157 - haw22k - Unfollow: 5964365016 #20 of 94.
2018-04-18 00:16:42,158 - haw22k - Pausing for 28 seconds... 20 of 94
2018-04-18 00:17:10,185 - haw22k - Trying to unfollow: 6636553375
2018-04-18 00:17:11,466 - haw22k - Unfollow: 6636553375 #21 of 94.
2018-04-18 00:17:11,466 - haw22k - Pausing for 27 seconds... 21 of 94
2018-04-18 00:17:39,053 - haw22k - Trying to unfollow: 2532882172
2018-04-18 00:17:39,560 - haw22k - Unfollow: 2532882172 #22 of 94.
2018-04-18 00:17:39,560 - haw22k - Pausing for 30 seconds... 22 of 94
2018-04-18 00:18:10,013 - haw22k - Trying to unfollow: 6486485068
2018-04-18 00:18:10,822 - haw22k - Unfollow: 6486485068 #23 of 94.
2018-04-18 00:18:10,822 - haw22k - Pausing for 24 seconds... 23 of 94
2018-04-18 00:18:34,842 - haw22k - Trying to unfollow: 1693945134
2018-04-18 00:18:35,320 - haw22k - Unfollow: 1693945134 #24 of 94.
2018-04-18 00:18:35,321 - haw22k - Pausing for 22 seconds... 24 of 94
2018-04-18 00:18:57,342 - haw22k - Trying to unfollow: 5838612219
2018-04-18 00:18:58,210 - haw22k - Unfollow: 5838612219 #25 of 94.
2018-04-18 00:18:58,210 - haw22k - Pausing for 23 seconds... 25 of 94
2018-04-18 00:19:21,233 - haw22k - Trying to unfollow: 1531925128
2018-04-18 00:19:22,636 - haw22k - Unfollow: 1531925128 #26 of 94.
2018-04-18 00:19:22,636 - haw22k - Pausing for 18 seconds... 26 of 94
2018-04-18 00:19:40,655 - haw22k - Trying to unfollow: 5510558772
2018-04-18 00:19:42,087 - haw22k - Unfollow: 5510558772 #27 of 94.
2018-04-18 00:19:42,087 - haw22k - Pausing for 20 seconds... 27 of 94
2018-04-18 00:20:02,098 - haw22k - Trying to unfollow: 261059214
2018-04-18 00:20:02,897 - haw22k - Unfollow: 261059214 #28 of 94.
2018-04-18 00:20:02,897 - haw22k - Pausing for 30 seconds... 28 of 94
2018-04-18 00:20:32,926 - haw22k - Trying to unfollow: 7327956313
2018-04-18 00:20:33,735 - haw22k - Unfollow: 7327956313 #29 of 94.
2018-04-18 00:20:33,735 - haw22k - Pausing for 26 seconds... 29 of 94
2018-04-18 00:21:00,176 - haw22k - Trying to unfollow: 221103662
2018-04-18 00:21:01,460 - haw22k - Unfollow: 221103662 #30 of 94.
2018-04-18 00:21:01,461 - haw22k - Pausing for 15 seconds... 30 of 94
2018-04-18 00:21:16,872 - haw22k - Trying to unfollow: 7065921794
2018-04-18 00:21:17,138 - haw22k - Slow Down - Pausing for 5 minutes so we don't get banned!
