2018-04-20 03:01:00,594 - haw22k - Instabot v1.2.0 started at 20.04.2018 03:01:

2018-04-20 03:01:00,594 - haw22k - Trying to login as haw22k...

2018-04-20 03:01:07,780 - haw22k - Login error! Connection error!
2018-04-20 03:01:07,782 - haw22k - Removing already liked medias..
2018-04-20 03:01:07,782 - haw22k - Trying to unfollow #1: 
2018-04-20 03:01:10,793 - haw22k - Removing already liked medias..
2018-04-20 03:01:13,797 - haw22k - Removing already liked medias..
2018-04-20 03:01:16,801 - haw22k - Removing already liked medias..
2018-04-20 03:01:19,804 - haw22k - Removing already liked medias..
2018-04-20 03:01:22,808 - haw22k - Removing already liked medias..
2018-04-20 03:01:25,809 - haw22k - Removing already liked medias..
2018-04-20 03:01:28,813 - haw22k - Removing already liked medias..
2018-04-20 03:01:31,814 - haw22k - Removing already liked medias..
2018-04-20 03:01:34,818 - haw22k - Removing already liked medias..
2018-04-20 03:01:37,820 - haw22k - Removing already liked medias..
2018-04-20 03:01:40,822 - haw22k - Removing already liked medias..
2018-04-20 03:01:43,826 - haw22k - Removing already liked medias..
2018-04-20 03:01:46,829 - haw22k - Removing already liked medias..
2018-04-20 03:01:49,831 - haw22k - Removing already liked medias..
2018-04-20 03:01:52,835 - haw22k - Removing already liked medias..
2018-04-20 03:01:55,838 - haw22k - Removing already liked medias..
2018-04-20 03:01:58,842 - haw22k - Removing already liked medias..
2018-04-20 03:02:01,844 - haw22k - Removing already liked medias..
2018-04-20 03:02:04,848 - haw22k - Removing already liked medias..
2018-04-20 03:02:07,853 - haw22k - Removing already liked medias..
2018-04-20 03:02:10,857 - haw22k - Removing already liked medias..
2018-04-20 03:02:13,861 - haw22k - Removing already liked medias..
2018-04-20 03:02:16,864 - haw22k - Removing already liked medias..
2018-04-20 03:02:19,869 - haw22k - Removing already liked medias..
2018-04-20 03:02:22,875 - haw22k - Removing already liked medias..
2018-04-20 03:02:25,878 - haw22k - Removing already liked medias..
2018-04-20 03:02:28,881 - haw22k - Removing already liked medias..
2018-04-20 03:02:31,887 - haw22k - Removing already liked medias..
2018-04-20 03:02:34,891 - haw22k - Removing already liked medias..
2018-04-20 03:02:37,894 - haw22k - Removing already liked medias..
2018-04-20 03:02:40,898 - haw22k - Removing already liked medias..
2018-04-20 03:02:43,902 - haw22k - Removing already liked medias..
2018-04-20 03:02:46,905 - haw22k - Removing already liked medias..
2018-04-20 03:02:49,909 - haw22k - Removing already liked medias..
2018-04-20 03:02:52,911 - haw22k - Removing already liked medias..
2018-04-20 03:02:55,915 - haw22k - Removing already liked medias..
2018-04-20 03:02:58,919 - haw22k - Removing already liked medias..
2018-04-20 03:03:01,923 - haw22k - Removing already liked medias..
2018-04-20 03:03:04,928 - haw22k - Removing already liked medias..
2018-04-20 03:03:07,931 - haw22k - Removing already liked medias..
2018-04-20 03:03:10,935 - haw22k - Removing already liked medias..
2018-04-20 03:03:13,939 - haw22k - Removing already liked medias..
2018-04-20 03:03:16,943 - haw22k - Removing already liked medias..
2018-04-20 03:03:19,946 - haw22k - Removing already liked medias..
2018-04-20 03:03:22,947 - haw22k - Removing already liked medias..
2018-04-20 03:03:25,949 - haw22k - Removing already liked medias..
2018-04-20 03:03:28,952 - haw22k - Removing already liked medias..
2018-04-20 03:03:31,956 - haw22k - Removing already liked medias..
2018-04-20 03:03:34,958 - haw22k - Removing already liked medias..
2018-04-20 03:03:37,961 - haw22k - Removing already liked medias..
2018-04-20 03:03:40,965 - haw22k - Removing already liked medias..
2018-04-20 03:03:43,970 - haw22k - Removing already liked medias..
2018-04-20 03:03:46,974 - haw22k - Removing already liked medias..
2018-04-20 03:03:49,978 - haw22k - Removing already liked medias..
2018-04-20 03:03:52,981 - haw22k - Removing already liked medias..
2018-04-20 03:03:55,982 - haw22k - Removing already liked medias..
2018-04-20 03:03:58,984 - haw22k - Removing already liked medias..
2018-04-20 03:04:01,984 - haw22k - Removing already liked medias..
2018-04-20 03:04:04,987 - haw22k - Removing already liked medias..
2018-04-20 03:04:07,992 - haw22k - Removing already liked medias..
2018-04-20 03:04:10,995 - haw22k - Removing already liked medias..
2018-04-20 03:04:13,999 - haw22k - Removing already liked medias..
2018-04-20 03:04:17,003 - haw22k - Removing already liked medias..
2018-04-20 03:04:20,007 - haw22k - Removing already liked medias..
2018-04-20 03:04:23,011 - haw22k - Removing already liked medias..
2018-04-20 03:04:26,014 - haw22k - Removing already liked medias..
2018-04-20 03:04:29,017 - haw22k - Removing already liked medias..
2018-04-20 03:04:32,021 - haw22k - Removing already liked medias..
2018-04-20 03:04:35,024 - haw22k - Removing already liked medias..
2018-04-20 03:04:38,028 - haw22k - Removing already liked medias..
2018-04-20 03:04:41,032 - haw22k - Removing already liked medias..
2018-04-20 03:04:44,036 - haw22k - Removing already liked medias..
2018-04-20 03:04:47,041 - haw22k - Removing already liked medias..
2018-04-20 03:04:50,046 - haw22k - Removing already liked medias..
2018-04-20 03:04:53,049 - haw22k - Removing already liked medias..
2018-04-20 03:04:56,053 - haw22k - Removing already liked medias..
2018-04-20 03:04:59,057 - haw22k - Removing already liked medias..
2018-04-20 03:05:02,061 - haw22k - Removing already liked medias..
2018-04-20 03:05:05,063 - haw22k - Removing already liked medias..
2018-04-20 03:05:08,067 - haw22k - Removing already liked medias..
2018-04-20 03:05:11,072 - haw22k - Removing already liked medias..
2018-04-20 03:05:14,076 - haw22k - Removing already liked medias..
2018-04-20 03:05:17,078 - haw22k - Removing already liked medias..
2018-04-20 03:05:20,083 - haw22k - Removing already liked medias..
2018-04-20 03:05:23,087 - haw22k - Removing already liked medias..
2018-04-20 03:05:26,091 - haw22k - Removing already liked medias..
2018-04-20 03:05:29,094 - haw22k - Removing already liked medias..
2018-04-20 03:05:32,098 - haw22k - Removing already liked medias..
2018-04-20 03:05:35,102 - haw22k - Removing already liked medias..
2018-04-20 03:05:38,104 - haw22k - Removing already liked medias..
2018-04-20 03:05:41,108 - haw22k - Removing already liked medias..
2018-04-20 03:05:44,112 - haw22k - Removing already liked medias..
2018-04-20 03:05:47,116 - haw22k - Removing already liked medias..
2018-04-20 03:05:47,117 - haw22k - Trying to unfollow #1: 
2018-04-20 03:05:50,122 - haw22k - Removing already liked medias..
2018-04-20 03:05:53,126 - haw22k - Removing already liked medias..
2018-04-20 03:05:56,130 - haw22k - Removing already liked medias..
2018-04-20 03:05:59,134 - haw22k - Removing already liked medias..
2018-04-20 03:06:02,136 - haw22k - Removing already liked medias..
2018-04-20 03:06:05,140 - haw22k - Removing already liked medias..
2018-04-20 03:06:08,143 - haw22k - Removing already liked medias..
2018-04-20 03:06:11,147 - haw22k - Removing already liked medias..
2018-04-20 03:06:14,151 - haw22k - Removing already liked medias..
2018-04-20 03:06:17,155 - haw22k - Removing already liked medias..
2018-04-20 03:06:20,158 - haw22k - Removing already liked medias..
2018-04-20 03:06:23,159 - haw22k - Removing already liked medias..
2018-04-20 03:06:26,163 - haw22k - Removing already liked medias..
2018-04-20 03:06:29,166 - haw22k - Removing already liked medias..
2018-04-20 03:06:32,167 - haw22k - Removing already liked medias..
2018-04-20 03:06:35,169 - haw22k - Removing already liked medias..
2018-04-20 03:06:38,173 - haw22k - Removing already liked medias..
2018-04-20 03:06:41,178 - haw22k - Removing already liked medias..
2018-04-20 03:06:44,182 - haw22k - Removing already liked medias..
2018-04-20 03:06:47,187 - haw22k - Removing already liked medias..
2018-04-20 03:06:50,190 - haw22k - Removing already liked medias..
2018-04-20 03:06:53,194 - haw22k - Removing already liked medias..
2018-04-20 03:06:56,198 - haw22k - Removing already liked medias..
2018-04-20 03:06:59,203 - haw22k - Removing already liked medias..
2018-04-20 03:07:02,208 - haw22k - Removing already liked medias..
2018-04-20 03:07:05,210 - haw22k - Removing already liked medias..
2018-04-20 03:07:08,214 - haw22k - Removing already liked medias..
2018-04-20 03:07:11,214 - haw22k - Removing already liked medias..
2018-04-20 03:07:14,218 - haw22k - Removing already liked medias..
2018-04-20 03:07:17,219 - haw22k - Removing already liked medias..
2018-04-20 03:07:20,222 - haw22k - Removing already liked medias..
2018-04-20 03:07:23,225 - haw22k - Removing already liked medias..
2018-04-20 03:07:26,229 - haw22k - Removing already liked medias..
2018-04-20 03:07:29,231 - haw22k - Removing already liked medias..
2018-04-20 03:07:32,234 - haw22k - Removing already liked medias..
2018-04-20 03:07:35,237 - haw22k - Removing already liked medias..
2018-04-20 03:07:38,241 - haw22k - Removing already liked medias..
2018-04-20 03:07:41,245 - haw22k - Removing already liked medias..
2018-04-20 03:07:44,250 - haw22k - Removing already liked medias..
2018-04-20 03:07:47,255 - haw22k - Removing already liked medias..
2018-04-20 03:07:50,259 - haw22k - Removing already liked medias..
2018-04-20 03:07:53,263 - haw22k - Removing already liked medias..
2018-04-20 03:07:56,265 - haw22k - Removing already liked medias..
2018-04-20 03:07:59,266 - haw22k - Removing already liked medias..
2018-04-20 03:08:02,270 - haw22k - Removing already liked medias..
2018-04-20 03:08:05,273 - haw22k - Removing already liked medias..
2018-04-20 03:08:08,275 - haw22k - Removing already liked medias..
2018-04-20 03:08:11,279 - haw22k - Removing already liked medias..
2018-04-20 03:08:14,283 - haw22k - Removing already liked medias..
2018-04-20 03:08:17,287 - haw22k - Removing already liked medias..
2018-04-20 03:08:20,289 - haw22k - Removing already liked medias..
2018-04-20 03:08:23,293 - haw22k - Removing already liked medias..
2018-04-20 03:08:26,294 - haw22k - Removing already liked medias..
2018-04-20 03:08:29,298 - haw22k - Removing already liked medias..
2018-04-20 03:08:32,302 - haw22k - Removing already liked medias..
2018-04-20 03:08:35,306 - haw22k - Removing already liked medias..
2018-04-20 03:08:38,309 - haw22k - Removing already liked medias..
2018-04-20 03:08:41,312 - haw22k - Removing already liked medias..
2018-04-20 03:08:44,315 - haw22k - Removing already liked medias..
2018-04-20 03:08:47,318 - haw22k - Removing already liked medias..
2018-04-20 03:08:50,320 - haw22k - Removing already liked medias..
2018-04-20 03:08:53,323 - haw22k - Removing already liked medias..
2018-04-20 03:08:56,327 - haw22k - Removing already liked medias..
2018-04-20 03:08:59,329 - haw22k - Removing already liked medias..
2018-04-20 03:09:02,333 - haw22k - Removing already liked medias..
2018-04-20 03:09:05,336 - haw22k - Removing already liked medias..
2018-04-20 03:09:08,341 - haw22k - Removing already liked medias..
2018-04-20 03:09:11,344 - haw22k - Removing already liked medias..
2018-04-20 03:09:14,346 - haw22k - Removing already liked medias..
2018-04-20 03:09:17,351 - haw22k - Removing already liked medias..
2018-04-20 03:09:20,353 - haw22k - Removing already liked medias..
2018-04-20 03:09:23,357 - haw22k - Removing already liked medias..
2018-04-20 03:09:26,361 - haw22k - Removing already liked medias..
2018-04-20 03:09:29,365 - haw22k - Removing already liked medias..
2018-04-20 03:09:32,369 - haw22k - Removing already liked medias..
2018-04-20 03:09:35,372 - haw22k - Removing already liked medias..
2018-04-20 03:09:38,376 - haw22k - Removing already liked medias..
2018-04-20 03:09:41,381 - haw22k - Removing already liked medias..
2018-04-20 03:09:44,383 - haw22k - Removing already liked medias..
2018-04-20 03:09:47,384 - haw22k - Removing already liked medias..
2018-04-20 03:09:50,388 - haw22k - Removing already liked medias..
2018-04-20 03:09:53,392 - haw22k - Removing already liked medias..
2018-04-20 03:09:56,396 - haw22k - Removing already liked medias..
2018-04-20 03:09:59,400 - haw22k - Removing already liked medias..
2018-04-20 03:10:02,403 - haw22k - Removing already liked medias..
2018-04-20 03:10:05,407 - haw22k - Removing already liked medias..
2018-04-20 03:10:08,410 - haw22k - Removing already liked medias..
2018-04-20 03:10:11,414 - haw22k - Removing already liked medias..
2018-04-20 03:10:14,415 - haw22k - Removing already liked medias..
2018-04-20 03:10:17,419 - haw22k - Removing already liked medias..
2018-04-20 03:10:20,423 - haw22k - Removing already liked medias..
2018-04-20 03:10:23,427 - haw22k - Removing already liked medias..
2018-04-20 03:10:26,431 - haw22k - Removing already liked medias..
2018-04-20 03:10:29,434 - haw22k - Removing already liked medias..
2018-04-20 03:10:32,437 - haw22k - Removing already liked medias..
2018-04-20 03:10:35,441 - haw22k - Removing already liked medias..
2018-04-20 03:10:38,444 - haw22k - Removing already liked medias..
2018-04-20 03:10:38,445 - haw22k - Trying to unfollow #1: 
2018-04-20 03:10:41,449 - haw22k - Removing already liked medias..
2018-04-20 03:10:44,450 - haw22k - Removing already liked medias..
2018-04-20 03:10:47,454 - haw22k - Removing already liked medias..
2018-04-20 03:10:50,459 - haw22k - Removing already liked medias..
2018-04-20 03:10:53,463 - haw22k - Removing already liked medias..
2018-04-20 03:10:56,468 - haw22k - Removing already liked medias..
2018-04-20 03:10:59,472 - haw22k - Removing already liked medias..
2018-04-20 03:11:02,476 - haw22k - Removing already liked medias..
2018-04-20 03:11:05,480 - haw22k - Removing already liked medias..
2018-04-20 03:11:08,484 - haw22k - Removing already liked medias..
2018-04-20 03:11:11,488 - haw22k - Removing already liked medias..
2018-04-20 03:11:14,492 - haw22k - Removing already liked medias..
2018-04-20 03:11:17,496 - haw22k - Removing already liked medias..
2018-04-20 03:11:20,500 - haw22k - Removing already liked medias..
2018-04-20 03:11:23,501 - haw22k - Removing already liked medias..
2018-04-20 03:11:26,506 - haw22k - Removing already liked medias..
2018-04-20 03:11:29,510 - haw22k - Removing already liked medias..
2018-04-20 03:11:32,514 - haw22k - Removing already liked medias..
2018-04-20 03:11:35,518 - haw22k - Removing already liked medias..
2018-04-20 03:11:38,522 - haw22k - Removing already liked medias..
2018-04-20 03:11:41,523 - haw22k - Removing already liked medias..
2018-04-20 03:11:44,525 - haw22k - Removing already liked medias..
2018-04-20 03:11:47,528 - haw22k - Removing already liked medias..
2018-04-20 03:11:50,529 - haw22k - Removing already liked medias..
2018-04-20 03:11:53,533 - haw22k - Removing already liked medias..
2018-04-20 03:11:56,536 - haw22k - Removing already liked medias..
2018-04-20 03:11:59,538 - haw22k - Removing already liked medias..
2018-04-20 03:12:02,541 - haw22k - Removing already liked medias..
2018-04-20 03:12:05,545 - haw22k - Removing already liked medias..
2018-04-20 03:12:08,548 - haw22k - Removing already liked medias..
2018-04-20 03:12:11,552 - haw22k - Removing already liked medias..
2018-04-20 03:12:14,556 - haw22k - Removing already liked medias..
2018-04-20 03:12:17,560 - haw22k - Removing already liked medias..
2018-04-20 03:12:20,563 - haw22k - Removing already liked medias..
2018-04-20 03:12:23,568 - haw22k - Removing already liked medias..
2018-04-20 03:12:26,571 - haw22k - Removing already liked medias..
2018-04-20 03:12:29,575 - haw22k - Removing already liked medias..
2018-04-20 03:12:32,579 - haw22k - Removing already liked medias..
2018-04-20 03:12:35,584 - haw22k - Removing already liked medias..
2018-04-20 03:12:38,588 - haw22k - Removing already liked medias..
2018-04-20 03:12:41,591 - haw22k - Removing already liked medias..
2018-04-20 03:12:44,594 - haw22k - Removing already liked medias..
2018-04-20 03:12:47,597 - haw22k - Removing already liked medias..
2018-04-20 03:12:50,601 - haw22k - Removing already liked medias..
2018-04-20 03:12:53,604 - haw22k - Removing already liked medias..
2018-04-20 03:12:56,609 - haw22k - Removing already liked medias..
2018-04-20 03:12:59,614 - haw22k - Removing already liked medias..
2018-04-20 03:13:02,615 - haw22k - Removing already liked medias..
2018-04-20 03:13:05,619 - haw22k - Removing already liked medias..
2018-04-20 03:13:08,623 - haw22k - Removing already liked medias..
2018-04-20 03:13:11,627 - haw22k - Removing already liked medias..
2018-04-20 03:13:14,631 - haw22k - Removing already liked medias..
2018-04-20 03:13:17,635 - haw22k - Removing already liked medias..
2018-04-20 03:13:20,639 - haw22k - Removing already liked medias..
2018-04-20 03:13:23,644 - haw22k - Removing already liked medias..
2018-04-20 03:13:26,649 - haw22k - Removing already liked medias..
2018-04-20 03:13:29,654 - haw22k - Removing already liked medias..
2018-04-20 03:13:32,658 - haw22k - Removing already liked medias..
2018-04-20 03:13:35,661 - haw22k - Removing already liked medias..
2018-04-20 03:13:38,662 - haw22k - Removing already liked medias..
2018-04-20 03:13:41,666 - haw22k - Removing already liked medias..
2018-04-20 03:13:44,670 - haw22k - Removing already liked medias..
2018-04-20 03:13:47,674 - haw22k - Removing already liked medias..
2018-04-20 03:13:50,678 - haw22k - Removing already liked medias..
2018-04-20 03:13:53,682 - haw22k - Removing already liked medias..
2018-04-20 03:13:56,686 - haw22k - Removing already liked medias..
2018-04-20 03:13:59,689 - haw22k - Removing already liked medias..
2018-04-20 03:14:02,692 - haw22k - Removing already liked medias..
2018-04-20 03:14:05,696 - haw22k - Removing already liked medias..
2018-04-20 03:14:08,701 - haw22k - Removing already liked medias..
2018-04-20 03:14:11,705 - haw22k - Removing already liked medias..
2018-04-20 03:14:14,709 - haw22k - Removing already liked medias..
2018-04-20 03:14:17,712 - haw22k - Removing already liked medias..
2018-04-20 03:14:20,715 - haw22k - Removing already liked medias..
2018-04-20 03:14:23,719 - haw22k - Removing already liked medias..
2018-04-20 03:14:26,720 - haw22k - Removing already liked medias..
2018-04-20 03:14:29,724 - haw22k - Removing already liked medias..
2018-04-20 03:14:32,727 - haw22k - Removing already liked medias..
2018-04-20 03:14:35,731 - haw22k - Removing already liked medias..
2018-04-20 03:14:38,737 - haw22k - Removing already liked medias..
2018-04-20 03:14:41,739 - haw22k - Removing already liked medias..
2018-04-20 03:14:44,741 - haw22k - Removing already liked medias..
2018-04-20 03:14:47,745 - haw22k - Removing already liked medias..
2018-04-20 03:14:50,749 - haw22k - Removing already liked medias..
2018-04-20 03:14:53,753 - haw22k - Removing already liked medias..
2018-04-20 03:14:56,757 - haw22k - Removing already liked medias..
2018-04-20 03:14:59,760 - haw22k - Removing already liked medias..
2018-04-20 03:15:02,765 - haw22k - Removing already liked medias..
2018-04-20 03:15:05,768 - haw22k - Removing already liked medias..
2018-04-20 03:15:08,772 - haw22k - Removing already liked medias..
2018-04-20 03:15:11,777 - haw22k - Removing already liked medias..
2018-04-20 03:15:14,784 - haw22k - Removing already liked medias..
2018-04-20 03:15:17,789 - haw22k - Removing already liked medias..
2018-04-20 03:15:20,792 - haw22k - Removing already liked medias..
2018-04-20 03:15:23,795 - haw22k - Removing already liked medias..
2018-04-20 03:15:26,799 - haw22k - Removing already liked medias..
2018-04-20 03:15:26,799 - haw22k - Trying to unfollow #1: 
2018-04-20 03:15:29,806 - haw22k - Removing already liked medias..
2018-04-20 03:15:32,807 - haw22k - Removing already liked medias..
2018-04-20 03:15:35,812 - haw22k - Removing already liked medias..
2018-04-20 03:15:38,816 - haw22k - Removing already liked medias..
2018-04-20 03:15:41,818 - haw22k - Removing already liked medias..
2018-04-20 03:15:44,822 - haw22k - Removing already liked medias..
2018-04-20 03:15:47,826 - haw22k - Removing already liked medias..
2018-04-20 03:15:50,830 - haw22k - Removing already liked medias..
2018-04-20 03:15:53,834 - haw22k - Removing already liked medias..
2018-04-20 03:15:56,836 - haw22k - Removing already liked medias..
2018-04-20 03:15:59,840 - haw22k - Removing already liked medias..
2018-04-20 03:16:02,844 - haw22k - Removing already liked medias..
2018-04-20 03:16:05,846 - haw22k - Removing already liked medias..
2018-04-20 03:16:08,850 - haw22k - Removing already liked medias..
2018-04-20 03:16:11,852 - haw22k - Removing already liked medias..
2018-04-20 03:16:14,856 - haw22k - Removing already liked medias..
2018-04-20 03:16:17,860 - haw22k - Removing already liked medias..
2018-04-20 03:16:20,863 - haw22k - Removing already liked medias..
2018-04-20 03:16:23,866 - haw22k - Removing already liked medias..
2018-04-20 03:16:26,870 - haw22k - Removing already liked medias..
2018-04-20 03:16:29,873 - haw22k - Removing already liked medias..
2018-04-20 03:16:32,877 - haw22k - Removing already liked medias..
2018-04-20 03:16:35,883 - haw22k - Removing already liked medias..
2018-04-20 03:16:38,884 - haw22k - Removing already liked medias..
2018-04-20 03:16:41,887 - haw22k - Removing already liked medias..
2018-04-20 03:16:44,891 - haw22k - Removing already liked medias..
2018-04-20 03:16:47,896 - haw22k - Removing already liked medias..
2018-04-20 03:16:50,899 - haw22k - Removing already liked medias..
2018-04-20 03:16:53,903 - haw22k - Removing already liked medias..
2018-04-20 03:16:56,907 - haw22k - Removing already liked medias..
2018-04-20 03:16:59,909 - haw22k - Removing already liked medias..
2018-04-20 03:17:02,914 - haw22k - Removing already liked medias..
2018-04-20 03:17:05,916 - haw22k - Removing already liked medias..
2018-04-20 03:17:08,920 - haw22k - Removing already liked medias..
2018-04-20 03:17:11,925 - haw22k - Removing already liked medias..
2018-04-20 03:17:14,929 - haw22k - Removing already liked medias..
2018-04-20 03:17:17,933 - haw22k - Removing already liked medias..
2018-04-20 03:17:20,937 - haw22k - Removing already liked medias..
2018-04-20 03:17:23,941 - haw22k - Removing already liked medias..
2018-04-20 03:17:26,945 - haw22k - Removing already liked medias..
2018-04-20 03:17:29,949 - haw22k - Removing already liked medias..
2018-04-20 03:17:32,953 - haw22k - Removing already liked medias..
2018-04-20 03:17:35,958 - haw22k - Removing already liked medias..
2018-04-20 03:17:38,961 - haw22k - Removing already liked medias..
2018-04-20 03:17:41,962 - haw22k - Removing already liked medias..
2018-04-20 03:17:44,963 - haw22k - Removing already liked medias..
2018-04-20 03:17:47,964 - haw22k - Removing already liked medias..
2018-04-20 03:17:50,966 - haw22k - Removing already liked medias..
2018-04-20 03:17:53,967 - haw22k - Removing already liked medias..
2018-04-20 03:17:56,968 - haw22k - Removing already liked medias..
2018-04-20 03:17:59,969 - haw22k - Removing already liked medias..
2018-04-20 03:18:02,970 - haw22k - Removing already liked medias..
2018-04-20 03:18:05,974 - haw22k - Removing already liked medias..
2018-04-20 03:18:08,977 - haw22k - Removing already liked medias..
2018-04-20 03:18:11,981 - haw22k - Removing already liked medias..
2018-04-20 03:18:14,985 - haw22k - Removing already liked medias..
2018-04-20 03:18:17,989 - haw22k - Removing already liked medias..
2018-04-20 03:18:20,993 - haw22k - Removing already liked medias..
2018-04-20 03:18:23,996 - haw22k - Removing already liked medias..
2018-04-20 03:18:27,000 - haw22k - Removing already liked medias..
2018-04-20 03:18:30,004 - haw22k - Removing already liked medias..
2018-04-20 03:18:33,006 - haw22k - Removing already liked medias..
2018-04-20 03:18:36,010 - haw22k - Removing already liked medias..
2018-04-20 03:18:39,013 - haw22k - Removing already liked medias..
2018-04-20 03:18:42,017 - haw22k - Removing already liked medias..
2018-04-20 03:18:45,021 - haw22k - Removing already liked medias..
2018-04-20 03:18:48,025 - haw22k - Removing already liked medias..
2018-04-20 03:18:51,028 - haw22k - Removing already liked medias..
2018-04-20 03:18:54,032 - haw22k - Removing already liked medias..
2018-04-20 03:18:57,035 - haw22k - Removing already liked medias..
2018-04-20 03:19:00,039 - haw22k - Removing already liked medias..
2018-04-20 03:19:03,043 - haw22k - Removing already liked medias..
2018-04-20 03:19:06,046 - haw22k - Removing already liked medias..
2018-04-20 03:19:09,050 - haw22k - Removing already liked medias..
2018-04-20 03:19:12,053 - haw22k - Removing already liked medias..
2018-04-20 03:19:15,057 - haw22k - Removing already liked medias..
2018-04-20 03:19:18,060 - haw22k - Removing already liked medias..
2018-04-20 03:19:21,064 - haw22k - Removing already liked medias..
2018-04-20 03:19:24,067 - haw22k - Removing already liked medias..
2018-04-20 03:19:27,071 - haw22k - Removing already liked medias..
2018-04-20 03:19:30,075 - haw22k - Removing already liked medias..
2018-04-20 03:19:33,077 - haw22k - Removing already liked medias..
2018-04-20 03:19:36,081 - haw22k - Removing already liked medias..
2018-04-20 03:19:39,081 - haw22k - Removing already liked medias..
2018-04-20 03:19:42,086 - haw22k - Removing already liked medias..
2018-04-20 03:19:45,090 - haw22k - Removing already liked medias..
2018-04-20 03:19:48,095 - haw22k - Removing already liked medias..
2018-04-20 03:19:51,100 - haw22k - Removing already liked medias..
2018-04-20 03:19:54,104 - haw22k - Removing already liked medias..
2018-04-20 03:19:57,108 - haw22k - Removing already liked medias..
2018-04-20 03:20:00,111 - haw22k - Removing already liked medias..
2018-04-20 03:20:03,112 - haw22k - Removing already liked medias..
2018-04-20 03:20:06,116 - haw22k - Removing already liked medias..
2018-04-20 03:20:09,118 - haw22k - Removing already liked medias..
2018-04-20 03:20:12,121 - haw22k - Removing already liked medias..
2018-04-20 03:20:15,125 - haw22k - Removing already liked medias..
2018-04-20 03:20:18,128 - haw22k - Removing already liked medias..
2018-04-20 03:20:21,134 - haw22k - Removing already liked medias..
2018-04-20 03:20:21,135 - haw22k - Trying to unfollow #1: 
2018-04-20 03:20:24,144 - haw22k - Removing already liked medias..
2018-04-20 03:20:27,147 - haw22k - Removing already liked medias..
2018-04-20 03:20:30,151 - haw22k - Removing already liked medias..
2018-04-20 03:20:33,155 - haw22k - Removing already liked medias..
2018-04-20 03:20:36,157 - haw22k - Removing already liked medias..
2018-04-20 03:20:39,159 - haw22k - Removing already liked medias..
2018-04-20 03:20:42,163 - haw22k - Removing already liked medias..
2018-04-20 03:20:45,166 - haw22k - Removing already liked medias..
2018-04-20 03:20:48,169 - haw22k - Removing already liked medias..
2018-04-20 03:20:51,173 - haw22k - Removing already liked medias..
2018-04-20 03:20:54,176 - haw22k - Removing already liked medias..
2018-04-20 03:20:57,180 - haw22k - Removing already liked medias..
2018-04-20 03:21:00,184 - haw22k - Removing already liked medias..
2018-04-20 03:21:03,186 - haw22k - Removing already liked medias..
2018-04-20 03:21:06,188 - haw22k - Removing already liked medias..
2018-04-20 03:21:09,191 - haw22k - Removing already liked medias..
2018-04-20 03:21:12,194 - haw22k - Removing already liked medias..
2018-04-20 03:21:15,199 - haw22k - Removing already liked medias..
2018-04-20 03:21:18,202 - haw22k - Removing already liked medias..
2018-04-20 03:21:21,205 - haw22k - Removing already liked medias..
2018-04-20 03:21:24,208 - haw22k - Removing already liked medias..
2018-04-20 03:21:27,213 - haw22k - Removing already liked medias..
2018-04-20 03:21:30,217 - haw22k - Removing already liked medias..
2018-04-20 03:21:33,222 - haw22k - Removing already liked medias..
2018-04-20 03:21:36,226 - haw22k - Removing already liked medias..
2018-04-20 03:21:39,227 - haw22k - Removing already liked medias..
2018-04-20 03:21:42,231 - haw22k - Removing already liked medias..
2018-04-20 03:21:45,238 - haw22k - Removing already liked medias..
2018-04-20 03:21:48,242 - haw22k - Removing already liked medias..
2018-04-20 03:21:51,252 - haw22k - Removing already liked medias..
2018-04-20 03:21:54,255 - haw22k - Removing already liked medias..
2018-04-20 03:21:57,259 - haw22k - Removing already liked medias..
2018-04-20 03:22:00,276 - haw22k - Removing already liked medias..
2018-04-20 03:22:03,280 - haw22k - Removing already liked medias..
2018-04-20 03:22:06,284 - haw22k - Removing already liked medias..
2018-04-20 03:22:09,287 - haw22k - Removing already liked medias..
2018-04-20 03:22:12,288 - haw22k - Removing already liked medias..
2018-04-20 03:22:15,292 - haw22k - Removing already liked medias..
2018-04-20 03:22:18,293 - haw22k - Removing already liked medias..
2018-04-20 03:22:21,297 - haw22k - Removing already liked medias..
2018-04-20 03:22:24,299 - haw22k - Removing already liked medias..
2018-04-20 03:22:27,303 - haw22k - Removing already liked medias..
2018-04-20 03:22:30,307 - haw22k - Removing already liked medias..
2018-04-20 03:22:33,308 - haw22k - Removing already liked medias..
2018-04-20 03:22:36,309 - haw22k - Removing already liked medias..
2018-04-20 03:22:39,313 - haw22k - Removing already liked medias..
2018-04-20 03:22:42,317 - haw22k - Removing already liked medias..
2018-04-20 03:22:45,321 - haw22k - Removing already liked medias..
2018-04-20 03:22:48,324 - haw22k - Removing already liked medias..
2018-04-20 03:22:51,329 - haw22k - Removing already liked medias..
2018-04-20 03:22:54,333 - haw22k - Removing already liked medias..
2018-04-20 03:22:57,337 - haw22k - Removing already liked medias..
2018-04-20 03:23:00,339 - haw22k - Removing already liked medias..
2018-04-20 03:23:03,343 - haw22k - Removing already liked medias..
2018-04-20 03:23:06,348 - haw22k - Removing already liked medias..
2018-04-20 03:23:09,354 - haw22k - Removing already liked medias..
2018-04-20 03:23:12,357 - haw22k - Removing already liked medias..
2018-04-20 03:23:15,361 - haw22k - Removing already liked medias..
2018-04-20 03:23:18,363 - haw22k - Removing already liked medias..
2018-04-20 03:23:21,367 - haw22k - Removing already liked medias..
2018-04-20 03:23:24,371 - haw22k - Removing already liked medias..
2018-04-20 03:23:27,374 - haw22k - Removing already liked medias..
2018-04-20 03:23:30,378 - haw22k - Removing already liked medias..
2018-04-20 03:23:33,382 - haw22k - Removing already liked medias..
2018-04-20 03:23:36,385 - haw22k - Removing already liked medias..
2018-04-20 03:23:39,389 - haw22k - Removing already liked medias..
2018-04-20 03:23:42,392 - haw22k - Removing already liked medias..
2018-04-20 03:23:45,395 - haw22k - Removing already liked medias..
2018-04-20 03:23:48,402 - haw22k - Removing already liked medias..
2018-04-20 03:23:51,407 - haw22k - Removing already liked medias..
2018-04-20 03:23:54,410 - haw22k - Removing already liked medias..
2018-04-20 03:23:57,414 - haw22k - Removing already liked medias..
2018-04-20 03:24:00,417 - haw22k - Removing already liked medias..
2018-04-20 03:24:03,418 - haw22k - Removing already liked medias..
2018-04-20 03:24:06,420 - haw22k - Removing already liked medias..
2018-04-20 03:24:09,420 - haw22k - Removing already liked medias..
2018-04-20 03:24:12,423 - haw22k - Removing already liked medias..
2018-04-20 03:24:15,424 - haw22k - Removing already liked medias..
2018-04-20 03:24:18,426 - haw22k - Removing already liked medias..
2018-04-20 03:24:21,430 - haw22k - Removing already liked medias..
2018-04-20 03:24:24,433 - haw22k - Removing already liked medias..
2018-04-20 03:24:27,435 - haw22k - Removing already liked medias..
2018-04-20 03:24:30,437 - haw22k - Removing already liked medias..
2018-04-20 03:24:33,439 - haw22k - Removing already liked medias..
2018-04-20 03:24:36,441 - haw22k - Removing already liked medias..
2018-04-20 03:24:39,442 - haw22k - Removing already liked medias..
2018-04-20 03:24:42,445 - haw22k - Removing already liked medias..
2018-04-20 03:24:45,447 - haw22k - Removing already liked medias..
2018-04-20 03:24:48,450 - haw22k - Removing already liked medias..
2018-04-20 03:24:51,453 - haw22k - Removing already liked medias..
2018-04-20 03:24:54,457 - haw22k - Removing already liked medias..
2018-04-20 03:24:57,459 - haw22k - Removing already liked medias..
2018-04-20 03:25:00,462 - haw22k - Removing already liked medias..
2018-04-20 03:25:03,464 - haw22k - Removing already liked medias..
2018-04-20 03:25:06,468 - haw22k - Removing already liked medias..
2018-04-20 03:25:06,468 - haw22k - Trying to unfollow #1: 
2018-04-20 03:25:09,470 - haw22k - Removing already liked medias..
2018-04-20 03:25:12,473 - haw22k - Removing already liked medias..
2018-04-20 03:25:15,475 - haw22k - Removing already liked medias..
2018-04-20 03:25:18,478 - haw22k - Removing already liked medias..
2018-04-20 03:25:21,481 - haw22k - Removing already liked medias..
2018-04-20 03:25:24,483 - haw22k - Removing already liked medias..
2018-04-20 03:25:27,488 - haw22k - Removing already liked medias..
2018-04-20 03:25:30,494 - haw22k - Removing already liked medias..
2018-04-20 03:25:33,497 - haw22k - Removing already liked medias..
2018-04-20 03:25:36,501 - haw22k - Removing already liked medias..
2018-04-20 03:25:39,506 - haw22k - Removing already liked medias..
2018-04-20 03:25:42,510 - haw22k - Removing already liked medias..
2018-04-20 03:25:45,514 - haw22k - Removing already liked medias..
2018-04-20 03:25:48,518 - haw22k - Removing already liked medias..
2018-04-20 03:25:51,522 - haw22k - Removing already liked medias..
2018-04-20 03:25:54,524 - haw22k - Removing already liked medias..
2018-04-20 03:25:57,528 - haw22k - Removing already liked medias..
2018-04-20 03:26:00,530 - haw22k - Removing already liked medias..
2018-04-20 03:26:03,531 - haw22k - Removing already liked medias..
2018-04-20 03:26:06,535 - haw22k - Removing already liked medias..
2018-04-20 03:26:09,538 - haw22k - Removing already liked medias..
2018-04-20 03:26:12,542 - haw22k - Removing already liked medias..
2018-04-20 03:26:15,546 - haw22k - Removing already liked medias..
2018-04-20 03:26:18,546 - haw22k - Removing already liked medias..
2018-04-20 03:26:21,550 - haw22k - Removing already liked medias..
2018-04-20 03:26:24,554 - haw22k - Removing already liked medias..
2018-04-20 03:26:27,558 - haw22k - Removing already liked medias..
2018-04-20 03:26:30,559 - haw22k - Removing already liked medias..
2018-04-20 03:26:33,559 - haw22k - Removing already liked medias..
2018-04-20 03:26:36,563 - haw22k - Removing already liked medias..
2018-04-20 03:26:39,564 - haw22k - Removing already liked medias..
2018-04-20 03:26:42,568 - haw22k - Removing already liked medias..
2018-04-20 03:26:45,571 - haw22k - Removing already liked medias..
2018-04-20 03:26:48,574 - haw22k - Removing already liked medias..
2018-04-20 03:26:51,575 - haw22k - Removing already liked medias..
2018-04-20 03:26:54,579 - haw22k - Removing already liked medias..
2018-04-20 03:26:57,582 - haw22k - Removing already liked medias..
2018-04-20 03:27:00,584 - haw22k - Removing already liked medias..
2018-04-20 03:27:03,588 - haw22k - Removing already liked medias..
2018-04-20 03:27:06,592 - haw22k - Removing already liked medias..
2018-04-20 03:27:09,595 - haw22k - Removing already liked medias..
2018-04-20 03:27:12,599 - haw22k - Removing already liked medias..
2018-04-20 03:27:15,603 - haw22k - Removing already liked medias..
2018-04-20 03:27:18,606 - haw22k - Removing already liked medias..
2018-04-20 03:27:21,608 - haw22k - Removing already liked medias..
2018-04-20 03:27:24,612 - haw22k - Removing already liked medias..
2018-04-20 03:27:27,617 - haw22k - Removing already liked medias..
2018-04-20 03:27:30,618 - haw22k - Removing already liked medias..
2018-04-20 03:27:33,624 - haw22k - Removing already liked medias..
2018-04-20 03:27:36,627 - haw22k - Removing already liked medias..
2018-04-20 03:27:39,630 - haw22k - Removing already liked medias..
2018-04-20 03:27:42,632 - haw22k - Removing already liked medias..
2018-04-20 03:27:45,636 - haw22k - Removing already liked medias..
2018-04-20 03:27:48,639 - haw22k - Removing already liked medias..
2018-04-20 03:27:51,644 - haw22k - Removing already liked medias..
2018-04-20 03:27:54,648 - haw22k - Removing already liked medias..
2018-04-20 03:27:57,652 - haw22k - Removing already liked medias..
2018-04-20 03:28:00,654 - haw22k - Removing already liked medias..
2018-04-20 03:28:03,658 - haw22k - Removing already liked medias..
2018-04-20 03:28:06,660 - haw22k - Removing already liked medias..
2018-04-20 03:28:09,661 - haw22k - Removing already liked medias..
2018-04-20 03:28:12,664 - haw22k - Removing already liked medias..
2018-04-20 03:28:15,667 - haw22k - Removing already liked medias..
2018-04-20 03:28:18,670 - haw22k - Removing already liked medias..
2018-04-20 03:28:21,675 - haw22k - Removing already liked medias..
2018-04-20 03:28:24,678 - haw22k - Removing already liked medias..
2018-04-20 03:28:27,682 - haw22k - Removing already liked medias..
2018-04-20 03:28:30,686 - haw22k - Removing already liked medias..
2018-04-20 03:28:33,689 - haw22k - Removing already liked medias..
2018-04-20 03:28:36,693 - haw22k - Removing already liked medias..
2018-04-20 03:28:39,697 - haw22k - Removing already liked medias..
2018-04-20 03:28:42,701 - haw22k - Removing already liked medias..
2018-04-20 03:28:45,705 - haw22k - Removing already liked medias..
2018-04-20 03:28:48,709 - haw22k - Removing already liked medias..
2018-04-20 03:28:51,713 - haw22k - Removing already liked medias..
2018-04-20 03:28:54,717 - haw22k - Removing already liked medias..
2018-04-20 03:28:57,721 - haw22k - Removing already liked medias..
2018-04-20 03:29:00,724 - haw22k - Removing already liked medias..
2018-04-20 03:29:03,728 - haw22k - Removing already liked medias..
2018-04-20 03:29:06,732 - haw22k - Removing already liked medias..
2018-04-20 03:29:09,735 - haw22k - Removing already liked medias..
2018-04-20 03:29:12,739 - haw22k - Removing already liked medias..
2018-04-20 03:29:15,743 - haw22k - Removing already liked medias..
2018-04-20 03:29:18,747 - haw22k - Removing already liked medias..
2018-04-20 03:29:21,750 - haw22k - Removing already liked medias..
2018-04-20 03:29:24,751 - haw22k - Removing already liked medias..
2018-04-20 03:29:27,753 - haw22k - Removing already liked medias..
2018-04-20 03:29:30,757 - haw22k - Removing already liked medias..
2018-04-20 03:29:33,758 - haw22k - Removing already liked medias..
2018-04-20 03:29:36,760 - haw22k - Removing already liked medias..
2018-04-20 03:29:39,764 - haw22k - Removing already liked medias..
2018-04-20 03:29:42,767 - haw22k - Removing already liked medias..
2018-04-20 03:29:45,771 - haw22k - Removing already liked medias..
2018-04-20 03:29:48,772 - haw22k - Removing already liked medias..
2018-04-20 03:29:51,776 - haw22k - Removing already liked medias..
2018-04-20 03:29:54,782 - haw22k - Removing already liked medias..
2018-04-20 03:29:54,783 - haw22k - Trying to unfollow #1: 
2018-04-20 03:29:57,785 - haw22k - Removing already liked medias..
2018-04-20 03:30:00,786 - haw22k - Removing already liked medias..
2018-04-20 03:30:03,790 - haw22k - Removing already liked medias..
2018-04-20 03:30:06,791 - haw22k - Removing already liked medias..
2018-04-20 03:30:09,796 - haw22k - Removing already liked medias..
2018-04-20 03:30:12,800 - haw22k - Removing already liked medias..
2018-04-20 03:30:15,803 - haw22k - Removing already liked medias..
2018-04-20 03:30:18,805 - haw22k - Removing already liked medias..
2018-04-20 03:30:21,809 - haw22k - Removing already liked medias..
2018-04-20 03:30:24,810 - haw22k - Removing already liked medias..
2018-04-20 03:30:27,812 - haw22k - Removing already liked medias..
2018-04-20 03:30:30,814 - haw22k - Removing already liked medias..
2018-04-20 03:30:33,818 - haw22k - Removing already liked medias..
2018-04-20 03:30:36,819 - haw22k - Removing already liked medias..
2018-04-20 03:30:39,824 - haw22k - Removing already liked medias..
2018-04-20 03:30:42,827 - haw22k - Removing already liked medias..
2018-04-20 03:30:45,829 - haw22k - Removing already liked medias..
2018-04-20 03:30:48,833 - haw22k - Removing already liked medias..
2018-04-20 03:30:51,837 - haw22k - Removing already liked medias..
2018-04-20 03:30:54,841 - haw22k - Removing already liked medias..
2018-04-20 03:30:57,845 - haw22k - Removing already liked medias..
2018-04-20 03:31:00,848 - haw22k - Removing already liked medias..
2018-04-20 03:31:03,852 - haw22k - Removing already liked medias..
2018-04-20 03:31:06,857 - haw22k - Removing already liked medias..
2018-04-20 03:31:09,861 - haw22k - Removing already liked medias..
2018-04-20 03:31:12,865 - haw22k - Removing already liked medias..
2018-04-20 03:31:15,868 - haw22k - Removing already liked medias..
2018-04-20 03:31:18,872 - haw22k - Removing already liked medias..
2018-04-20 03:31:21,877 - haw22k - Removing already liked medias..
2018-04-20 03:31:24,879 - haw22k - Removing already liked medias..
2018-04-20 03:31:27,883 - haw22k - Removing already liked medias..
2018-04-20 03:31:30,887 - haw22k - Removing already liked medias..
2018-04-20 03:31:33,891 - haw22k - Removing already liked medias..
2018-04-20 03:31:36,895 - haw22k - Removing already liked medias..
2018-04-20 03:31:39,899 - haw22k - Removing already liked medias..
2018-04-20 03:31:42,902 - haw22k - Removing already liked medias..
2018-04-20 03:31:45,904 - haw22k - Removing already liked medias..
2018-04-20 03:31:48,907 - haw22k - Removing already liked medias..
2018-04-20 03:31:51,910 - haw22k - Removing already liked medias..
2018-04-20 03:31:54,914 - haw22k - Removing already liked medias..
2018-04-20 03:31:57,918 - haw22k - Removing already liked medias..
2018-04-20 03:32:00,920 - haw22k - Removing already liked medias..
2018-04-20 03:32:03,923 - haw22k - Removing already liked medias..
2018-04-20 03:32:06,926 - haw22k - Removing already liked medias..
2018-04-20 03:32:09,930 - haw22k - Removing already liked medias..
2018-04-20 03:32:12,931 - haw22k - Removing already liked medias..
2018-04-20 03:32:15,934 - haw22k - Removing already liked medias..
2018-04-20 03:32:18,938 - haw22k - Removing already liked medias..
2018-04-20 03:32:21,943 - haw22k - Removing already liked medias..
2018-04-20 03:32:24,946 - haw22k - Removing already liked medias..
2018-04-20 03:32:27,950 - haw22k - Removing already liked medias..
2018-04-20 03:32:30,953 - haw22k - Removing already liked medias..
2018-04-20 03:32:33,957 - haw22k - Removing already liked medias..
2018-04-20 03:32:36,962 - haw22k - Removing already liked medias..
2018-04-20 03:32:39,966 - haw22k - Removing already liked medias..
2018-04-20 03:32:42,970 - haw22k - Removing already liked medias..
2018-04-20 03:32:45,976 - haw22k - Removing already liked medias..
2018-04-20 03:32:48,980 - haw22k - Removing already liked medias..
2018-04-20 03:32:51,983 - haw22k - Removing already liked medias..
2018-04-20 03:32:54,988 - haw22k - Removing already liked medias..
2018-04-20 03:32:57,993 - haw22k - Removing already liked medias..
2018-04-20 03:33:00,997 - haw22k - Removing already liked medias..
2018-04-20 03:33:04,001 - haw22k - Removing already liked medias..
2018-04-20 03:33:07,005 - haw22k - Removing already liked medias..
2018-04-20 03:33:10,010 - haw22k - Removing already liked medias..
2018-04-20 03:33:13,014 - haw22k - Removing already liked medias..
2018-04-20 03:33:16,018 - haw22k - Removing already liked medias..
2018-04-20 03:33:19,023 - haw22k - Removing already liked medias..
2018-04-20 03:33:22,028 - haw22k - Removing already liked medias..
2018-04-20 03:33:25,031 - haw22k - Removing already liked medias..
2018-04-20 03:33:28,035 - haw22k - Removing already liked medias..
2018-04-20 03:33:31,041 - haw22k - Removing already liked medias..
2018-04-20 03:33:34,046 - haw22k - Removing already liked medias..
2018-04-20 03:33:37,049 - haw22k - Removing already liked medias..
2018-04-20 03:33:40,052 - haw22k - Removing already liked medias..
2018-04-20 03:33:43,057 - haw22k - Removing already liked medias..
2018-04-20 03:33:46,060 - haw22k - Removing already liked medias..
2018-04-20 03:33:49,064 - haw22k - Removing already liked medias..
2018-04-20 03:33:52,065 - haw22k - Removing already liked medias..
2018-04-20 03:33:55,069 - haw22k - Removing already liked medias..
2018-04-20 03:33:58,073 - haw22k - Removing already liked medias..
2018-04-20 03:34:01,077 - haw22k - Removing already liked medias..
2018-04-20 03:34:04,083 - haw22k - Removing already liked medias..
2018-04-20 03:34:07,087 - haw22k - Removing already liked medias..
2018-04-20 03:34:10,093 - haw22k - Removing already liked medias..
2018-04-20 03:34:13,094 - haw22k - Removing already liked medias..
2018-04-20 03:34:16,097 - haw22k - Removing already liked medias..
2018-04-20 03:34:19,101 - haw22k - Removing already liked medias..
2018-04-20 03:34:19,102 - haw22k - Trying to unfollow #1: 
2018-04-20 03:34:22,107 - haw22k - Removing already liked medias..
2018-04-20 03:34:25,107 - haw22k - Removing already liked medias..
2018-04-20 03:34:28,115 - haw22k - Removing already liked medias..
2018-04-20 03:34:31,118 - haw22k - Removing already liked medias..
2018-04-20 03:34:34,122 - haw22k - Removing already liked medias..
2018-04-20 03:34:37,125 - haw22k - Removing already liked medias..
2018-04-20 03:34:40,129 - haw22k - Removing already liked medias..
2018-04-20 03:34:43,134 - haw22k - Removing already liked medias..
2018-04-20 03:34:46,138 - haw22k - Removing already liked medias..
2018-04-20 03:34:49,142 - haw22k - Removing already liked medias..
2018-04-20 03:34:52,146 - haw22k - Removing already liked medias..
2018-04-20 03:34:55,151 - haw22k - Removing already liked medias..
2018-04-20 03:34:58,158 - haw22k - Removing already liked medias..
2018-04-20 03:35:01,160 - haw22k - Removing already liked medias..
2018-04-20 03:35:04,162 - haw22k - Removing already liked medias..
2018-04-20 03:35:07,166 - haw22k - Removing already liked medias..
2018-04-20 03:35:10,174 - haw22k - Removing already liked medias..
2018-04-20 03:35:13,178 - haw22k - Removing already liked medias..
2018-04-20 03:35:16,181 - haw22k - Removing already liked medias..
2018-04-20 03:35:19,186 - haw22k - Removing already liked medias..
2018-04-20 03:35:22,191 - haw22k - Removing already liked medias..
2018-04-20 03:35:25,195 - haw22k - Removing already liked medias..
2018-04-20 03:35:28,198 - haw22k - Removing already liked medias..
2018-04-20 03:35:31,201 - haw22k - Removing already liked medias..
2018-04-20 03:35:34,206 - haw22k - Removing already liked medias..
2018-04-20 03:35:37,210 - haw22k - Removing already liked medias..
2018-04-20 03:35:40,214 - haw22k - Removing already liked medias..
2018-04-20 03:35:43,216 - haw22k - Removing already liked medias..
2018-04-20 03:35:46,220 - haw22k - Removing already liked medias..
2018-04-20 03:35:49,224 - haw22k - Removing already liked medias..
2018-04-20 03:35:52,229 - haw22k - Removing already liked medias..
2018-04-20 03:35:55,231 - haw22k - Removing already liked medias..
2018-04-20 03:35:58,235 - haw22k - Removing already liked medias..
2018-04-20 03:36:01,237 - haw22k - Removing already liked medias..
2018-04-20 03:36:04,242 - haw22k - Removing already liked medias..
2018-04-20 03:36:07,243 - haw22k - Removing already liked medias..
2018-04-20 03:36:10,248 - haw22k - Removing already liked medias..
2018-04-20 03:36:13,251 - haw22k - Removing already liked medias..
2018-04-20 03:36:16,257 - haw22k - Removing already liked medias..
2018-04-20 03:36:19,260 - haw22k - Removing already liked medias..
2018-04-20 03:36:22,265 - haw22k - Removing already liked medias..
2018-04-20 03:36:25,267 - haw22k - Removing already liked medias..
2018-04-20 03:36:28,271 - haw22k - Removing already liked medias..
2018-04-20 03:36:31,275 - haw22k - Removing already liked medias..
2018-04-20 03:36:34,279 - haw22k - Removing already liked medias..
2018-04-20 03:36:37,284 - haw22k - Removing already liked medias..
2018-04-20 03:36:40,287 - haw22k - Removing already liked medias..
2018-04-20 03:36:43,291 - haw22k - Removing already liked medias..
2018-04-20 03:36:46,294 - haw22k - Removing already liked medias..
2018-04-20 03:36:49,296 - haw22k - Removing already liked medias..
2018-04-20 03:36:52,299 - haw22k - Removing already liked medias..
2018-04-20 03:36:55,301 - haw22k - Removing already liked medias..
2018-04-20 03:36:58,306 - haw22k - Removing already liked medias..
2018-04-20 03:37:01,310 - haw22k - Removing already liked medias..
2018-04-20 03:37:04,314 - haw22k - Removing already liked medias..
2018-04-20 03:37:07,318 - haw22k - Removing already liked medias..
2018-04-20 03:37:10,322 - haw22k - Removing already liked medias..
2018-04-20 03:37:13,324 - haw22k - Removing already liked medias..
2018-04-20 03:37:16,328 - haw22k - Removing already liked medias..
2018-04-20 03:37:19,332 - haw22k - Removing already liked medias..
2018-04-20 03:37:22,336 - haw22k - Removing already liked medias..
2018-04-20 03:37:25,339 - haw22k - Removing already liked medias..
2018-04-20 03:37:28,343 - haw22k - Removing already liked medias..
2018-04-20 03:37:31,348 - haw22k - Removing already liked medias..
2018-04-20 03:37:34,352 - haw22k - Removing already liked medias..
2018-04-20 03:37:37,356 - haw22k - Removing already liked medias..
2018-04-20 03:37:40,359 - haw22k - Removing already liked medias..
2018-04-20 03:37:43,364 - haw22k - Removing already liked medias..
2018-04-20 03:37:46,368 - haw22k - Removing already liked medias..
2018-04-20 03:37:49,371 - haw22k - Removing already liked medias..
2018-04-20 03:37:52,372 - haw22k - Removing already liked medias..
2018-04-20 03:37:55,375 - haw22k - Removing already liked medias..
2018-04-20 03:37:58,379 - haw22k - Removing already liked medias..
2018-04-20 03:38:01,382 - haw22k - Removing already liked medias..
2018-04-20 03:38:04,386 - haw22k - Removing already liked medias..
2018-04-20 03:38:07,390 - haw22k - Removing already liked medias..
2018-04-20 03:38:10,394 - haw22k - Removing already liked medias..
2018-04-20 03:38:13,398 - haw22k - Removing already liked medias..
2018-04-20 03:38:16,402 - haw22k - Removing already liked medias..
2018-04-20 03:38:19,406 - haw22k - Removing already liked medias..
2018-04-20 03:38:22,410 - haw22k - Removing already liked medias..
2018-04-20 03:38:25,414 - haw22k - Removing already liked medias..
2018-04-20 03:38:28,417 - haw22k - Removing already liked medias..
2018-04-20 03:38:31,421 - haw22k - Removing already liked medias..
2018-04-20 03:38:34,424 - haw22k - Removing already liked medias..
2018-04-20 03:38:37,428 - haw22k - Removing already liked medias..
2018-04-20 03:38:40,432 - haw22k - Removing already liked medias..
2018-04-20 03:38:43,435 - haw22k - Removing already liked medias..
2018-04-20 03:38:43,436 - haw22k - Trying to unfollow #1: 
2018-04-20 03:38:46,440 - haw22k - Removing already liked medias..
2018-04-20 03:38:49,445 - haw22k - Removing already liked medias..
2018-04-20 03:38:52,448 - haw22k - Removing already liked medias..
2018-04-20 03:38:55,452 - haw22k - Removing already liked medias..
2018-04-20 03:38:58,455 - haw22k - Removing already liked medias..
2018-04-20 03:39:01,456 - haw22k - Removing already liked medias..
2018-04-20 03:39:04,460 - haw22k - Removing already liked medias..
2018-04-20 03:39:07,463 - haw22k - Removing already liked medias..
2018-04-20 03:39:10,467 - haw22k - Removing already liked medias..
2018-04-20 03:39:13,471 - haw22k - Removing already liked medias..
2018-04-20 03:39:16,476 - haw22k - Removing already liked medias..
