2018-04-20 03:01:00,601 - haw2k - Instabot v1.2.0 started at 20.04.2018 03:01:

2018-04-20 03:01:00,601 - haw2k - Trying to login as haw2k...

2018-04-20 03:01:09,655 - haw2k - Login error! Connection error!
2018-04-20 03:01:09,658 - haw2k - Removing already liked medias..
2018-04-20 03:01:09,658 - haw2k - Trying to unfollow #1: 
2018-04-20 03:01:12,668 - haw2k - Removing already liked medias..
2018-04-20 03:01:15,672 - haw2k - Removing already liked medias..
2018-04-20 03:01:18,674 - haw2k - Removing already liked medias..
2018-04-20 03:01:21,677 - haw2k - Removing already liked medias..
2018-04-20 03:01:24,678 - haw2k - Removing already liked medias..
2018-04-20 03:01:27,682 - haw2k - Removing already liked medias..
2018-04-20 03:01:30,686 - haw2k - Removing already liked medias..
2018-04-20 03:01:33,687 - haw2k - Removing already liked medias..
2018-04-20 03:01:36,691 - haw2k - Removing already liked medias..
2018-04-20 03:01:39,695 - haw2k - Removing already liked medias..
2018-04-20 03:01:42,699 - haw2k - Removing already liked medias..
2018-04-20 03:01:45,703 - haw2k - Removing already liked medias..
2018-04-20 03:01:48,707 - haw2k - Removing already liked medias..
2018-04-20 03:01:51,710 - haw2k - Removing already liked medias..
2018-04-20 03:01:54,715 - haw2k - Removing already liked medias..
2018-04-20 03:01:57,718 - haw2k - Removing already liked medias..
2018-04-20 03:02:00,721 - haw2k - Removing already liked medias..
2018-04-20 03:02:03,723 - haw2k - Removing already liked medias..
2018-04-20 03:02:06,727 - haw2k - Removing already liked medias..
2018-04-20 03:02:09,727 - haw2k - Removing already liked medias..
2018-04-20 03:02:12,729 - haw2k - Removing already liked medias..
2018-04-20 03:02:15,729 - haw2k - Removing already liked medias..
2018-04-20 03:02:18,732 - haw2k - Removing already liked medias..
2018-04-20 03:02:21,735 - haw2k - Removing already liked medias..
2018-04-20 03:02:24,739 - haw2k - Removing already liked medias..
2018-04-20 03:02:27,742 - haw2k - Removing already liked medias..
2018-04-20 03:02:30,746 - haw2k - Removing already liked medias..
2018-04-20 03:02:33,750 - haw2k - Removing already liked medias..
2018-04-20 03:02:36,754 - haw2k - Removing already liked medias..
2018-04-20 03:02:39,758 - haw2k - Removing already liked medias..
2018-04-20 03:02:42,762 - haw2k - Removing already liked medias..
2018-04-20 03:02:45,768 - haw2k - Removing already liked medias..
2018-04-20 03:02:48,769 - haw2k - Removing already liked medias..
2018-04-20 03:02:51,773 - haw2k - Removing already liked medias..
2018-04-20 03:02:54,775 - haw2k - Removing already liked medias..
2018-04-20 03:02:57,779 - haw2k - Removing already liked medias..
2018-04-20 03:03:00,780 - haw2k - Removing already liked medias..
2018-04-20 03:03:03,784 - haw2k - Removing already liked medias..
2018-04-20 03:03:06,788 - haw2k - Removing already liked medias..
2018-04-20 03:03:09,791 - haw2k - Removing already liked medias..
2018-04-20 03:03:12,794 - haw2k - Removing already liked medias..
2018-04-20 03:03:15,799 - haw2k - Removing already liked medias..
2018-04-20 03:03:18,802 - haw2k - Removing already liked medias..
2018-04-20 03:03:21,804 - haw2k - Removing already liked medias..
2018-04-20 03:03:24,808 - haw2k - Removing already liked medias..
2018-04-20 03:03:27,810 - haw2k - Removing already liked medias..
2018-04-20 03:03:30,814 - haw2k - Removing already liked medias..
2018-04-20 03:03:33,818 - haw2k - Removing already liked medias..
2018-04-20 03:03:36,821 - haw2k - Removing already liked medias..
2018-04-20 03:03:39,825 - haw2k - Removing already liked medias..
2018-04-20 03:03:42,829 - haw2k - Removing already liked medias..
2018-04-20 03:03:45,833 - haw2k - Removing already liked medias..
2018-04-20 03:03:48,837 - haw2k - Removing already liked medias..
2018-04-20 03:03:51,841 - haw2k - Removing already liked medias..
2018-04-20 03:03:54,845 - haw2k - Removing already liked medias..
2018-04-20 03:03:57,845 - haw2k - Removing already liked medias..
2018-04-20 03:04:00,849 - haw2k - Removing already liked medias..
2018-04-20 03:04:03,852 - haw2k - Removing already liked medias..
2018-04-20 03:04:06,856 - haw2k - Removing already liked medias..
2018-04-20 03:04:09,861 - haw2k - Removing already liked medias..
2018-04-20 03:04:12,863 - haw2k - Removing already liked medias..
2018-04-20 03:04:15,867 - haw2k - Removing already liked medias..
2018-04-20 03:04:18,874 - haw2k - Removing already liked medias..
2018-04-20 03:04:21,877 - haw2k - Removing already liked medias..
2018-04-20 03:04:24,882 - haw2k - Removing already liked medias..
2018-04-20 03:04:27,885 - haw2k - Removing already liked medias..
2018-04-20 03:04:30,886 - haw2k - Removing already liked medias..
2018-04-20 03:04:33,888 - haw2k - Removing already liked medias..
2018-04-20 03:04:36,892 - haw2k - Removing already liked medias..
2018-04-20 03:04:39,895 - haw2k - Removing already liked medias..
2018-04-20 03:04:42,899 - haw2k - Removing already liked medias..
2018-04-20 03:04:45,903 - haw2k - Removing already liked medias..
2018-04-20 03:04:48,907 - haw2k - Removing already liked medias..
2018-04-20 03:04:51,911 - haw2k - Removing already liked medias..
2018-04-20 03:04:54,914 - haw2k - Removing already liked medias..
2018-04-20 03:04:57,918 - haw2k - Removing already liked medias..
2018-04-20 03:05:00,922 - haw2k - Removing already liked medias..
2018-04-20 03:05:03,924 - haw2k - Removing already liked medias..
2018-04-20 03:05:06,928 - haw2k - Removing already liked medias..
2018-04-20 03:05:09,932 - haw2k - Removing already liked medias..
2018-04-20 03:05:12,937 - haw2k - Removing already liked medias..
2018-04-20 03:05:15,940 - haw2k - Removing already liked medias..
2018-04-20 03:05:18,945 - haw2k - Removing already liked medias..
2018-04-20 03:05:21,949 - haw2k - Removing already liked medias..
2018-04-20 03:05:24,952 - haw2k - Removing already liked medias..
2018-04-20 03:05:27,956 - haw2k - Removing already liked medias..
2018-04-20 03:05:30,961 - haw2k - Removing already liked medias..
2018-04-20 03:05:33,961 - haw2k - Removing already liked medias..
2018-04-20 03:05:36,965 - haw2k - Removing already liked medias..
2018-04-20 03:05:39,968 - haw2k - Removing already liked medias..
2018-04-20 03:05:42,972 - haw2k - Removing already liked medias..
2018-04-20 03:05:45,976 - haw2k - Removing already liked medias..
2018-04-20 03:05:48,980 - haw2k - Removing already liked medias..
2018-04-20 03:05:51,984 - haw2k - Removing already liked medias..
2018-04-20 03:05:54,988 - haw2k - Removing already liked medias..
2018-04-20 03:05:54,988 - haw2k - Trying to unfollow #1: 
2018-04-20 03:05:57,993 - haw2k - Removing already liked medias..
2018-04-20 03:06:00,998 - haw2k - Removing already liked medias..
2018-04-20 03:06:04,002 - haw2k - Removing already liked medias..
2018-04-20 03:06:07,004 - haw2k - Removing already liked medias..
2018-04-20 03:06:10,008 - haw2k - Removing already liked medias..
2018-04-20 03:06:13,009 - haw2k - Removing already liked medias..
2018-04-20 03:06:16,013 - haw2k - Removing already liked medias..
2018-04-20 03:06:19,016 - haw2k - Removing already liked medias..
2018-04-20 03:06:22,020 - haw2k - Removing already liked medias..
2018-04-20 03:06:25,022 - haw2k - Removing already liked medias..
2018-04-20 03:06:28,027 - haw2k - Removing already liked medias..
2018-04-20 03:06:31,031 - haw2k - Removing already liked medias..
2018-04-20 03:06:34,032 - haw2k - Removing already liked medias..
2018-04-20 03:06:37,036 - haw2k - Removing already liked medias..
2018-04-20 03:06:40,041 - haw2k - Removing already liked medias..
2018-04-20 03:06:43,045 - haw2k - Removing already liked medias..
2018-04-20 03:06:46,046 - haw2k - Removing already liked medias..
2018-04-20 03:06:49,054 - haw2k - Removing already liked medias..
2018-04-20 03:06:52,059 - haw2k - Removing already liked medias..
2018-04-20 03:06:55,062 - haw2k - Removing already liked medias..
2018-04-20 03:06:58,063 - haw2k - Removing already liked medias..
2018-04-20 03:07:01,067 - haw2k - Removing already liked medias..
2018-04-20 03:07:04,071 - haw2k - Removing already liked medias..
2018-04-20 03:07:07,081 - haw2k - Removing already liked medias..
2018-04-20 03:07:10,085 - haw2k - Removing already liked medias..
2018-04-20 03:07:13,092 - haw2k - Removing already liked medias..
2018-04-20 03:07:16,096 - haw2k - Removing already liked medias..
2018-04-20 03:07:19,099 - haw2k - Removing already liked medias..
2018-04-20 03:07:22,102 - haw2k - Removing already liked medias..
2018-04-20 03:07:25,108 - haw2k - Removing already liked medias..
2018-04-20 03:07:28,111 - haw2k - Removing already liked medias..
2018-04-20 03:07:31,115 - haw2k - Removing already liked medias..
2018-04-20 03:07:34,119 - haw2k - Removing already liked medias..
2018-04-20 03:07:37,129 - haw2k - Removing already liked medias..
2018-04-20 03:07:40,131 - haw2k - Removing already liked medias..
2018-04-20 03:07:43,133 - haw2k - Removing already liked medias..
2018-04-20 03:07:46,135 - haw2k - Removing already liked medias..
2018-04-20 03:07:49,144 - haw2k - Removing already liked medias..
2018-04-20 03:07:52,149 - haw2k - Removing already liked medias..
2018-04-20 03:07:55,151 - haw2k - Removing already liked medias..
2018-04-20 03:07:58,153 - haw2k - Removing already liked medias..
2018-04-20 03:08:01,157 - haw2k - Removing already liked medias..
2018-04-20 03:08:04,160 - haw2k - Removing already liked medias..
2018-04-20 03:08:07,164 - haw2k - Removing already liked medias..
2018-04-20 03:08:10,168 - haw2k - Removing already liked medias..
2018-04-20 03:08:13,173 - haw2k - Removing already liked medias..
2018-04-20 03:08:16,175 - haw2k - Removing already liked medias..
2018-04-20 03:08:19,184 - haw2k - Removing already liked medias..
2018-04-20 03:08:22,187 - haw2k - Removing already liked medias..
2018-04-20 03:08:25,191 - haw2k - Removing already liked medias..
2018-04-20 03:08:28,194 - haw2k - Removing already liked medias..
2018-04-20 03:08:31,198 - haw2k - Removing already liked medias..
2018-04-20 03:08:34,199 - haw2k - Removing already liked medias..
2018-04-20 03:08:37,202 - haw2k - Removing already liked medias..
2018-04-20 03:08:40,204 - haw2k - Removing already liked medias..
2018-04-20 03:08:43,209 - haw2k - Removing already liked medias..
2018-04-20 03:08:46,213 - haw2k - Removing already liked medias..
2018-04-20 03:08:49,215 - haw2k - Removing already liked medias..
2018-04-20 03:08:52,219 - haw2k - Removing already liked medias..
2018-04-20 03:08:55,224 - haw2k - Removing already liked medias..
2018-04-20 03:08:58,226 - haw2k - Removing already liked medias..
2018-04-20 03:09:01,232 - haw2k - Removing already liked medias..
2018-04-20 03:09:04,235 - haw2k - Removing already liked medias..
2018-04-20 03:09:07,236 - haw2k - Removing already liked medias..
2018-04-20 03:09:10,241 - haw2k - Removing already liked medias..
2018-04-20 03:09:13,246 - haw2k - Removing already liked medias..
2018-04-20 03:09:16,247 - haw2k - Removing already liked medias..
2018-04-20 03:09:19,251 - haw2k - Removing already liked medias..
2018-04-20 03:09:22,255 - haw2k - Removing already liked medias..
2018-04-20 03:09:25,262 - haw2k - Removing already liked medias..
2018-04-20 03:09:28,266 - haw2k - Removing already liked medias..
2018-04-20 03:09:31,270 - haw2k - Removing already liked medias..
2018-04-20 03:09:34,274 - haw2k - Removing already liked medias..
2018-04-20 03:09:37,275 - haw2k - Removing already liked medias..
2018-04-20 03:09:40,278 - haw2k - Removing already liked medias..
2018-04-20 03:09:43,282 - haw2k - Removing already liked medias..
2018-04-20 03:09:46,283 - haw2k - Removing already liked medias..
2018-04-20 03:09:49,288 - haw2k - Removing already liked medias..
2018-04-20 03:09:52,292 - haw2k - Removing already liked medias..
2018-04-20 03:09:55,295 - haw2k - Removing already liked medias..
2018-04-20 03:09:58,299 - haw2k - Removing already liked medias..
2018-04-20 03:10:01,302 - haw2k - Removing already liked medias..
2018-04-20 03:10:04,303 - haw2k - Removing already liked medias..
2018-04-20 03:10:07,307 - haw2k - Removing already liked medias..
2018-04-20 03:10:10,311 - haw2k - Removing already liked medias..
2018-04-20 03:10:13,315 - haw2k - Removing already liked medias..
2018-04-20 03:10:16,319 - haw2k - Removing already liked medias..
2018-04-20 03:10:19,323 - haw2k - Removing already liked medias..
2018-04-20 03:10:22,326 - haw2k - Removing already liked medias..
2018-04-20 03:10:25,330 - haw2k - Removing already liked medias..
2018-04-20 03:10:28,334 - haw2k - Removing already liked medias..
2018-04-20 03:10:31,338 - haw2k - Removing already liked medias..
2018-04-20 03:10:34,341 - haw2k - Removing already liked medias..
2018-04-20 03:10:37,345 - haw2k - Removing already liked medias..
2018-04-20 03:10:40,349 - haw2k - Removing already liked medias..
2018-04-20 03:10:43,353 - haw2k - Removing already liked medias..
2018-04-20 03:10:46,355 - haw2k - Removing already liked medias..
2018-04-20 03:10:49,357 - haw2k - Removing already liked medias..
2018-04-20 03:10:52,361 - haw2k - Removing already liked medias..
2018-04-20 03:10:55,368 - haw2k - Removing already liked medias..
2018-04-20 03:10:58,372 - haw2k - Removing already liked medias..
2018-04-20 03:11:01,375 - haw2k - Removing already liked medias..
2018-04-20 03:11:04,377 - haw2k - Removing already liked medias..
2018-04-20 03:11:07,379 - haw2k - Removing already liked medias..
2018-04-20 03:11:07,379 - haw2k - Trying to unfollow #1: 
2018-04-20 03:11:10,385 - haw2k - Removing already liked medias..
2018-04-20 03:11:13,387 - haw2k - Removing already liked medias..
2018-04-20 03:11:16,392 - haw2k - Removing already liked medias..
2018-04-20 03:11:19,394 - haw2k - Removing already liked medias..
2018-04-20 03:11:22,398 - haw2k - Removing already liked medias..
2018-04-20 03:11:25,402 - haw2k - Removing already liked medias..
2018-04-20 03:11:28,405 - haw2k - Removing already liked medias..
2018-04-20 03:11:31,410 - haw2k - Removing already liked medias..
2018-04-20 03:11:34,414 - haw2k - Removing already liked medias..
2018-04-20 03:11:37,418 - haw2k - Removing already liked medias..
2018-04-20 03:11:40,420 - haw2k - Removing already liked medias..
2018-04-20 03:11:43,423 - haw2k - Removing already liked medias..
2018-04-20 03:11:46,427 - haw2k - Removing already liked medias..
2018-04-20 03:11:49,428 - haw2k - Removing already liked medias..
2018-04-20 03:11:52,431 - haw2k - Removing already liked medias..
2018-04-20 03:11:55,435 - haw2k - Removing already liked medias..
2018-04-20 03:11:58,438 - haw2k - Removing already liked medias..
2018-04-20 03:12:01,442 - haw2k - Removing already liked medias..
2018-04-20 03:12:04,444 - haw2k - Removing already liked medias..
2018-04-20 03:12:07,448 - haw2k - Removing already liked medias..
2018-04-20 03:12:10,452 - haw2k - Removing already liked medias..
2018-04-20 03:12:13,455 - haw2k - Removing already liked medias..
2018-04-20 03:12:16,459 - haw2k - Removing already liked medias..
2018-04-20 03:12:19,463 - haw2k - Removing already liked medias..
2018-04-20 03:12:22,466 - haw2k - Removing already liked medias..
2018-04-20 03:12:25,469 - haw2k - Removing already liked medias..
2018-04-20 03:12:28,471 - haw2k - Removing already liked medias..
2018-04-20 03:12:31,475 - haw2k - Removing already liked medias..
2018-04-20 03:12:34,480 - haw2k - Removing already liked medias..
2018-04-20 03:12:37,484 - haw2k - Removing already liked medias..
2018-04-20 03:12:40,488 - haw2k - Removing already liked medias..
2018-04-20 03:12:43,490 - haw2k - Removing already liked medias..
2018-04-20 03:12:46,494 - haw2k - Removing already liked medias..
2018-04-20 03:12:49,498 - haw2k - Removing already liked medias..
2018-04-20 03:12:52,502 - haw2k - Removing already liked medias..
2018-04-20 03:12:55,503 - haw2k - Removing already liked medias..
2018-04-20 03:12:58,507 - haw2k - Removing already liked medias..
2018-04-20 03:13:01,511 - haw2k - Removing already liked medias..
2018-04-20 03:13:04,514 - haw2k - Removing already liked medias..
2018-04-20 03:13:07,519 - haw2k - Removing already liked medias..
2018-04-20 03:13:10,523 - haw2k - Removing already liked medias..
2018-04-20 03:13:13,524 - haw2k - Removing already liked medias..
2018-04-20 03:13:16,527 - haw2k - Removing already liked medias..
2018-04-20 03:13:19,528 - haw2k - Removing already liked medias..
2018-04-20 03:13:22,532 - haw2k - Removing already liked medias..
2018-04-20 03:13:25,535 - haw2k - Removing already liked medias..
2018-04-20 03:13:28,539 - haw2k - Removing already liked medias..
2018-04-20 03:13:31,543 - haw2k - Removing already liked medias..
2018-04-20 03:13:34,547 - haw2k - Removing already liked medias..
2018-04-20 03:13:37,552 - haw2k - Removing already liked medias..
2018-04-20 03:13:40,557 - haw2k - Removing already liked medias..
2018-04-20 03:13:43,563 - haw2k - Removing already liked medias..
2018-04-20 03:13:46,567 - haw2k - Removing already liked medias..
2018-04-20 03:13:49,571 - haw2k - Removing already liked medias..
2018-04-20 03:13:52,575 - haw2k - Removing already liked medias..
2018-04-20 03:13:55,578 - haw2k - Removing already liked medias..
2018-04-20 03:13:58,583 - haw2k - Removing already liked medias..
2018-04-20 03:14:01,586 - haw2k - Removing already liked medias..
2018-04-20 03:14:04,590 - haw2k - Removing already liked medias..
2018-04-20 03:14:07,594 - haw2k - Removing already liked medias..
2018-04-20 03:14:10,597 - haw2k - Removing already liked medias..
2018-04-20 03:14:13,602 - haw2k - Removing already liked medias..
2018-04-20 03:14:16,604 - haw2k - Removing already liked medias..
2018-04-20 03:14:19,608 - haw2k - Removing already liked medias..
2018-04-20 03:14:22,611 - haw2k - Removing already liked medias..
2018-04-20 03:14:25,615 - haw2k - Removing already liked medias..
2018-04-20 03:14:28,619 - haw2k - Removing already liked medias..
2018-04-20 03:14:31,622 - haw2k - Removing already liked medias..
2018-04-20 03:14:34,626 - haw2k - Removing already liked medias..
2018-04-20 03:14:37,630 - haw2k - Removing already liked medias..
2018-04-20 03:14:40,634 - haw2k - Removing already liked medias..
2018-04-20 03:14:43,640 - haw2k - Removing already liked medias..
2018-04-20 03:14:46,644 - haw2k - Removing already liked medias..
2018-04-20 03:14:49,647 - haw2k - Removing already liked medias..
2018-04-20 03:14:52,649 - haw2k - Removing already liked medias..
2018-04-20 03:14:55,651 - haw2k - Removing already liked medias..
2018-04-20 03:14:58,652 - haw2k - Removing already liked medias..
2018-04-20 03:15:01,654 - haw2k - Removing already liked medias..
2018-04-20 03:15:04,656 - haw2k - Removing already liked medias..
2018-04-20 03:15:07,658 - haw2k - Removing already liked medias..
2018-04-20 03:15:10,660 - haw2k - Removing already liked medias..
2018-04-20 03:15:13,662 - haw2k - Removing already liked medias..
2018-04-20 03:15:16,663 - haw2k - Removing already liked medias..
2018-04-20 03:15:19,664 - haw2k - Removing already liked medias..
2018-04-20 03:15:22,665 - haw2k - Removing already liked medias..
2018-04-20 03:15:25,669 - haw2k - Removing already liked medias..
2018-04-20 03:15:28,670 - haw2k - Removing already liked medias..
2018-04-20 03:15:31,673 - haw2k - Removing already liked medias..
2018-04-20 03:15:34,675 - haw2k - Removing already liked medias..
2018-04-20 03:15:37,679 - haw2k - Removing already liked medias..
2018-04-20 03:15:40,682 - haw2k - Removing already liked medias..
2018-04-20 03:15:43,686 - haw2k - Removing already liked medias..
2018-04-20 03:15:46,690 - haw2k - Removing already liked medias..
2018-04-20 03:15:49,692 - haw2k - Removing already liked medias..
2018-04-20 03:15:49,693 - haw2k - Trying to unfollow #1: 
2018-04-20 03:15:52,699 - haw2k - Removing already liked medias..
2018-04-20 03:15:55,702 - haw2k - Removing already liked medias..
2018-04-20 03:15:58,706 - haw2k - Removing already liked medias..
2018-04-20 03:16:01,709 - haw2k - Removing already liked medias..
2018-04-20 03:16:04,713 - haw2k - Removing already liked medias..
2018-04-20 03:16:07,718 - haw2k - Removing already liked medias..
2018-04-20 03:16:10,721 - haw2k - Removing already liked medias..
2018-04-20 03:16:13,725 - haw2k - Removing already liked medias..
2018-04-20 03:16:16,727 - haw2k - Removing already liked medias..
2018-04-20 03:16:19,732 - haw2k - Removing already liked medias..
2018-04-20 03:16:22,736 - haw2k - Removing already liked medias..
2018-04-20 03:16:25,739 - haw2k - Removing already liked medias..
2018-04-20 03:16:28,741 - haw2k - Removing already liked medias..
2018-04-20 03:16:31,746 - haw2k - Removing already liked medias..
2018-04-20 03:16:34,750 - haw2k - Removing already liked medias..
2018-04-20 03:16:37,753 - haw2k - Removing already liked medias..
2018-04-20 03:16:40,756 - haw2k - Removing already liked medias..
2018-04-20 03:16:43,760 - haw2k - Removing already liked medias..
2018-04-20 03:16:46,763 - haw2k - Removing already liked medias..
2018-04-20 03:16:49,766 - haw2k - Removing already liked medias..
2018-04-20 03:16:52,770 - haw2k - Removing already liked medias..
2018-04-20 03:16:55,774 - haw2k - Removing already liked medias..
2018-04-20 03:16:58,778 - haw2k - Removing already liked medias..
2018-04-20 03:17:01,782 - haw2k - Removing already liked medias..
2018-04-20 03:17:04,785 - haw2k - Removing already liked medias..
2018-04-20 03:17:07,788 - haw2k - Removing already liked medias..
2018-04-20 03:17:10,792 - haw2k - Removing already liked medias..
2018-04-20 03:17:13,796 - haw2k - Removing already liked medias..
2018-04-20 03:17:16,800 - haw2k - Removing already liked medias..
2018-04-20 03:17:19,804 - haw2k - Removing already liked medias..
2018-04-20 03:17:22,808 - haw2k - Removing already liked medias..
2018-04-20 03:17:25,812 - haw2k - Removing already liked medias..
2018-04-20 03:17:28,816 - haw2k - Removing already liked medias..
2018-04-20 03:17:31,822 - haw2k - Removing already liked medias..
2018-04-20 03:17:34,826 - haw2k - Removing already liked medias..
2018-04-20 03:17:37,829 - haw2k - Removing already liked medias..
2018-04-20 03:17:40,833 - haw2k - Removing already liked medias..
2018-04-20 03:17:43,837 - haw2k - Removing already liked medias..
2018-04-20 03:17:46,840 - haw2k - Removing already liked medias..
2018-04-20 03:17:49,844 - haw2k - Removing already liked medias..
2018-04-20 03:17:52,848 - haw2k - Removing already liked medias..
2018-04-20 03:17:55,851 - haw2k - Removing already liked medias..
2018-04-20 03:17:58,854 - haw2k - Removing already liked medias..
2018-04-20 03:18:01,860 - haw2k - Removing already liked medias..
2018-04-20 03:18:04,864 - haw2k - Removing already liked medias..
2018-04-20 03:18:07,868 - haw2k - Removing already liked medias..
2018-04-20 03:18:10,873 - haw2k - Removing already liked medias..
2018-04-20 03:18:13,878 - haw2k - Removing already liked medias..
2018-04-20 03:18:16,882 - haw2k - Removing already liked medias..
2018-04-20 03:18:19,904 - haw2k - Removing already liked medias..
2018-04-20 03:18:22,905 - haw2k - Removing already liked medias..
2018-04-20 03:18:25,910 - haw2k - Removing already liked medias..
2018-04-20 03:18:28,915 - haw2k - Removing already liked medias..
2018-04-20 03:18:31,919 - haw2k - Removing already liked medias..
2018-04-20 03:18:34,923 - haw2k - Removing already liked medias..
2018-04-20 03:18:37,927 - haw2k - Removing already liked medias..
2018-04-20 03:18:40,930 - haw2k - Removing already liked medias..
2018-04-20 03:18:43,934 - haw2k - Removing already liked medias..
2018-04-20 03:18:46,938 - haw2k - Removing already liked medias..
2018-04-20 03:18:49,941 - haw2k - Removing already liked medias..
2018-04-20 03:18:52,945 - haw2k - Removing already liked medias..
2018-04-20 03:18:55,949 - haw2k - Removing already liked medias..
2018-04-20 03:18:58,953 - haw2k - Removing already liked medias..
2018-04-20 03:19:01,956 - haw2k - Removing already liked medias..
2018-04-20 03:19:04,959 - haw2k - Removing already liked medias..
2018-04-20 03:19:07,964 - haw2k - Removing already liked medias..
2018-04-20 03:19:10,967 - haw2k - Removing already liked medias..
2018-04-20 03:19:13,971 - haw2k - Removing already liked medias..
2018-04-20 03:19:16,971 - haw2k - Removing already liked medias..
2018-04-20 03:19:19,975 - haw2k - Removing already liked medias..
2018-04-20 03:19:22,978 - haw2k - Removing already liked medias..
2018-04-20 03:19:25,982 - haw2k - Removing already liked medias..
2018-04-20 03:19:28,986 - haw2k - Removing already liked medias..
2018-04-20 03:19:31,990 - haw2k - Removing already liked medias..
2018-04-20 03:19:34,994 - haw2k - Removing already liked medias..
2018-04-20 03:19:37,997 - haw2k - Removing already liked medias..
2018-04-20 03:19:41,001 - haw2k - Removing already liked medias..
2018-04-20 03:19:44,005 - haw2k - Removing already liked medias..
2018-04-20 03:19:47,009 - haw2k - Removing already liked medias..
2018-04-20 03:19:50,012 - haw2k - Removing already liked medias..
2018-04-20 03:19:53,018 - haw2k - Removing already liked medias..
2018-04-20 03:19:56,022 - haw2k - Removing already liked medias..
2018-04-20 03:19:59,025 - haw2k - Removing already liked medias..
2018-04-20 03:20:02,030 - haw2k - Removing already liked medias..
2018-04-20 03:20:05,034 - haw2k - Removing already liked medias..
2018-04-20 03:20:08,038 - haw2k - Removing already liked medias..
2018-04-20 03:20:11,042 - haw2k - Removing already liked medias..
2018-04-20 03:20:14,046 - haw2k - Removing already liked medias..
2018-04-20 03:20:17,050 - haw2k - Removing already liked medias..
2018-04-20 03:20:20,054 - haw2k - Removing already liked medias..
2018-04-20 03:20:20,055 - haw2k - Trying to unfollow #1: 
2018-04-20 03:20:23,063 - haw2k - Removing already liked medias..
2018-04-20 03:20:26,067 - haw2k - Removing already liked medias..
2018-04-20 03:20:29,071 - haw2k - Removing already liked medias..
2018-04-20 03:20:32,074 - haw2k - Removing already liked medias..
2018-04-20 03:20:35,078 - haw2k - Removing already liked medias..
2018-04-20 03:20:38,083 - haw2k - Removing already liked medias..
2018-04-20 03:20:41,083 - haw2k - Removing already liked medias..
2018-04-20 03:20:44,088 - haw2k - Removing already liked medias..
2018-04-20 03:20:47,090 - haw2k - Removing already liked medias..
2018-04-20 03:20:50,094 - haw2k - Removing already liked medias..
2018-04-20 03:20:53,098 - haw2k - Removing already liked medias..
2018-04-20 03:20:56,103 - haw2k - Removing already liked medias..
2018-04-20 03:20:59,107 - haw2k - Removing already liked medias..
2018-04-20 03:21:02,110 - haw2k - Removing already liked medias..
2018-04-20 03:21:05,113 - haw2k - Removing already liked medias..
2018-04-20 03:21:08,123 - haw2k - Removing already liked medias..
2018-04-20 03:21:11,126 - haw2k - Removing already liked medias..
2018-04-20 03:21:14,130 - haw2k - Removing already liked medias..
2018-04-20 03:21:17,134 - haw2k - Removing already liked medias..
2018-04-20 03:21:20,140 - haw2k - Removing already liked medias..
2018-04-20 03:21:23,142 - haw2k - Removing already liked medias..
2018-04-20 03:21:26,147 - haw2k - Removing already liked medias..
2018-04-20 03:21:29,150 - haw2k - Removing already liked medias..
2018-04-20 03:21:32,157 - haw2k - Removing already liked medias..
2018-04-20 03:21:35,161 - haw2k - Removing already liked medias..
2018-04-20 03:21:38,167 - haw2k - Removing already liked medias..
2018-04-20 03:21:41,171 - haw2k - Removing already liked medias..
2018-04-20 03:21:44,175 - haw2k - Removing already liked medias..
2018-04-20 03:21:47,179 - haw2k - Removing already liked medias..
2018-04-20 03:21:50,183 - haw2k - Removing already liked medias..
2018-04-20 03:21:53,187 - haw2k - Removing already liked medias..
2018-04-20 03:21:56,190 - haw2k - Removing already liked medias..
2018-04-20 03:21:59,194 - haw2k - Removing already liked medias..
2018-04-20 03:22:02,195 - haw2k - Removing already liked medias..
2018-04-20 03:22:05,199 - haw2k - Removing already liked medias..
2018-04-20 03:22:08,201 - haw2k - Removing already liked medias..
2018-04-20 03:22:11,203 - haw2k - Removing already liked medias..
2018-04-20 03:22:14,207 - haw2k - Removing already liked medias..
2018-04-20 03:22:17,211 - haw2k - Removing already liked medias..
2018-04-20 03:22:20,214 - haw2k - Removing already liked medias..
2018-04-20 03:22:23,219 - haw2k - Removing already liked medias..
2018-04-20 03:22:26,222 - haw2k - Removing already liked medias..
2018-04-20 03:22:29,226 - haw2k - Removing already liked medias..
2018-04-20 03:22:32,227 - haw2k - Removing already liked medias..
2018-04-20 03:22:35,228 - haw2k - Removing already liked medias..
2018-04-20 03:22:38,231 - haw2k - Removing already liked medias..
2018-04-20 03:22:41,233 - haw2k - Removing already liked medias..
2018-04-20 03:22:44,235 - haw2k - Removing already liked medias..
2018-04-20 03:22:47,239 - haw2k - Removing already liked medias..
2018-04-20 03:22:50,243 - haw2k - Removing already liked medias..
2018-04-20 03:22:53,245 - haw2k - Removing already liked medias..
2018-04-20 03:22:56,249 - haw2k - Removing already liked medias..
2018-04-20 03:22:59,254 - haw2k - Removing already liked medias..
2018-04-20 03:23:02,257 - haw2k - Removing already liked medias..
2018-04-20 03:23:05,259 - haw2k - Removing already liked medias..
2018-04-20 03:23:08,260 - haw2k - Removing already liked medias..
2018-04-20 03:23:11,265 - haw2k - Removing already liked medias..
2018-04-20 03:23:14,267 - haw2k - Removing already liked medias..
2018-04-20 03:23:17,271 - haw2k - Removing already liked medias..
2018-04-20 03:23:20,275 - haw2k - Removing already liked medias..
2018-04-20 03:23:23,279 - haw2k - Removing already liked medias..
2018-04-20 03:23:26,283 - haw2k - Removing already liked medias..
2018-04-20 03:23:29,287 - haw2k - Removing already liked medias..
2018-04-20 03:23:32,291 - haw2k - Removing already liked medias..
2018-04-20 03:23:35,295 - haw2k - Removing already liked medias..
2018-04-20 03:23:38,297 - haw2k - Removing already liked medias..
2018-04-20 03:23:41,298 - haw2k - Removing already liked medias..
2018-04-20 03:23:44,301 - haw2k - Removing already liked medias..
2018-04-20 03:23:47,302 - haw2k - Removing already liked medias..
2018-04-20 03:23:50,305 - haw2k - Removing already liked medias..
2018-04-20 03:23:53,310 - haw2k - Removing already liked medias..
2018-04-20 03:23:56,310 - haw2k - Removing already liked medias..
2018-04-20 03:23:59,312 - haw2k - Removing already liked medias..
2018-04-20 03:24:02,316 - haw2k - Removing already liked medias..
2018-04-20 03:24:05,319 - haw2k - Removing already liked medias..
2018-04-20 03:24:08,323 - haw2k - Removing already liked medias..
2018-04-20 03:24:11,327 - haw2k - Removing already liked medias..
2018-04-20 03:24:14,331 - haw2k - Removing already liked medias..
2018-04-20 03:24:17,335 - haw2k - Removing already liked medias..
2018-04-20 03:24:20,339 - haw2k - Removing already liked medias..
2018-04-20 03:24:23,342 - haw2k - Removing already liked medias..
2018-04-20 03:24:26,346 - haw2k - Removing already liked medias..
2018-04-20 03:24:29,350 - haw2k - Removing already liked medias..
2018-04-20 03:24:32,354 - haw2k - Removing already liked medias..
2018-04-20 03:24:35,356 - haw2k - Removing already liked medias..
2018-04-20 03:24:38,360 - haw2k - Removing already liked medias..
2018-04-20 03:24:41,362 - haw2k - Removing already liked medias..
2018-04-20 03:24:44,362 - haw2k - Removing already liked medias..
2018-04-20 03:24:47,366 - haw2k - Removing already liked medias..
2018-04-20 03:24:50,370 - haw2k - Removing already liked medias..
2018-04-20 03:24:53,374 - haw2k - Removing already liked medias..
2018-04-20 03:24:56,378 - haw2k - Removing already liked medias..
2018-04-20 03:24:59,382 - haw2k - Removing already liked medias..
2018-04-20 03:25:02,387 - haw2k - Removing already liked medias..
2018-04-20 03:25:02,387 - haw2k - Trying to unfollow #1: 
2018-04-20 03:25:05,396 - haw2k - Removing already liked medias..
2018-04-20 03:25:08,400 - haw2k - Removing already liked medias..
2018-04-20 03:25:11,404 - haw2k - Removing already liked medias..
2018-04-20 03:25:14,407 - haw2k - Removing already liked medias..
2018-04-20 03:25:17,411 - haw2k - Removing already liked medias..
2018-04-20 03:25:20,415 - haw2k - Removing already liked medias..
2018-04-20 03:25:23,418 - haw2k - Removing already liked medias..
2018-04-20 03:25:26,423 - haw2k - Removing already liked medias..
2018-04-20 03:25:29,426 - haw2k - Removing already liked medias..
2018-04-20 03:25:32,430 - haw2k - Removing already liked medias..
2018-04-20 03:25:35,434 - haw2k - Removing already liked medias..
2018-04-20 03:25:38,438 - haw2k - Removing already liked medias..
2018-04-20 03:25:41,439 - haw2k - Removing already liked medias..
2018-04-20 03:25:44,444 - haw2k - Removing already liked medias..
2018-04-20 03:25:47,448 - haw2k - Removing already liked medias..
2018-04-20 03:25:50,452 - haw2k - Removing already liked medias..
2018-04-20 03:25:53,457 - haw2k - Removing already liked medias..
2018-04-20 03:25:56,461 - haw2k - Removing already liked medias..
2018-04-20 03:25:59,464 - haw2k - Removing already liked medias..
2018-04-20 03:26:02,469 - haw2k - Removing already liked medias..
2018-04-20 03:26:05,473 - haw2k - Removing already liked medias..
2018-04-20 03:26:08,477 - haw2k - Removing already liked medias..
2018-04-20 03:26:11,480 - haw2k - Removing already liked medias..
2018-04-20 03:26:14,484 - haw2k - Removing already liked medias..
2018-04-20 03:26:17,488 - haw2k - Removing already liked medias..
2018-04-20 03:26:20,491 - haw2k - Removing already liked medias..
2018-04-20 03:26:23,495 - haw2k - Removing already liked medias..
2018-04-20 03:26:26,498 - haw2k - Removing already liked medias..
2018-04-20 03:26:29,505 - haw2k - Removing already liked medias..
2018-04-20 03:26:32,507 - haw2k - Removing already liked medias..
2018-04-20 03:26:35,511 - haw2k - Removing already liked medias..
2018-04-20 03:26:38,514 - haw2k - Removing already liked medias..
2018-04-20 03:26:41,517 - haw2k - Removing already liked medias..
2018-04-20 03:26:44,519 - haw2k - Removing already liked medias..
2018-04-20 03:26:47,523 - haw2k - Removing already liked medias..
2018-04-20 03:26:50,526 - haw2k - Removing already liked medias..
2018-04-20 03:26:53,528 - haw2k - Removing already liked medias..
2018-04-20 03:26:56,531 - haw2k - Removing already liked medias..
2018-04-20 03:26:59,533 - haw2k - Removing already liked medias..
2018-04-20 03:27:02,537 - haw2k - Removing already liked medias..
2018-04-20 03:27:05,539 - haw2k - Removing already liked medias..
2018-04-20 03:27:08,540 - haw2k - Removing already liked medias..
2018-04-20 03:27:11,543 - haw2k - Removing already liked medias..
2018-04-20 03:27:14,546 - haw2k - Removing already liked medias..
2018-04-20 03:27:17,547 - haw2k - Removing already liked medias..
2018-04-20 03:27:20,550 - haw2k - Removing already liked medias..
2018-04-20 03:27:23,553 - haw2k - Removing already liked medias..
2018-04-20 03:27:26,556 - haw2k - Removing already liked medias..
2018-04-20 03:27:29,558 - haw2k - Removing already liked medias..
2018-04-20 03:27:32,562 - haw2k - Removing already liked medias..
2018-04-20 03:27:35,563 - haw2k - Removing already liked medias..
2018-04-20 03:27:38,567 - haw2k - Removing already liked medias..
2018-04-20 03:27:41,568 - haw2k - Removing already liked medias..
2018-04-20 03:27:44,571 - haw2k - Removing already liked medias..
2018-04-20 03:27:47,572 - haw2k - Removing already liked medias..
2018-04-20 03:27:50,575 - haw2k - Removing already liked medias..
2018-04-20 03:27:53,577 - haw2k - Removing already liked medias..
2018-04-20 03:27:56,579 - haw2k - Removing already liked medias..
2018-04-20 03:27:59,582 - haw2k - Removing already liked medias..
2018-04-20 03:28:02,586 - haw2k - Removing already liked medias..
2018-04-20 03:28:05,590 - haw2k - Removing already liked medias..
2018-04-20 03:28:08,594 - haw2k - Removing already liked medias..
2018-04-20 03:28:11,597 - haw2k - Removing already liked medias..
2018-04-20 03:28:14,600 - haw2k - Removing already liked medias..
2018-04-20 03:28:17,604 - haw2k - Removing already liked medias..
2018-04-20 03:28:20,609 - haw2k - Removing already liked medias..
2018-04-20 03:28:23,611 - haw2k - Removing already liked medias..
2018-04-20 03:28:26,615 - haw2k - Removing already liked medias..
2018-04-20 03:28:29,619 - haw2k - Removing already liked medias..
2018-04-20 03:28:32,622 - haw2k - Removing already liked medias..
2018-04-20 03:28:35,626 - haw2k - Removing already liked medias..
2018-04-20 03:28:38,630 - haw2k - Removing already liked medias..
2018-04-20 03:28:41,633 - haw2k - Removing already liked medias..
2018-04-20 03:28:44,637 - haw2k - Removing already liked medias..
2018-04-20 03:28:47,641 - haw2k - Removing already liked medias..
2018-04-20 03:28:50,645 - haw2k - Removing already liked medias..
2018-04-20 03:28:53,650 - haw2k - Removing already liked medias..
2018-04-20 03:28:56,653 - haw2k - Removing already liked medias..
2018-04-20 03:28:59,657 - haw2k - Removing already liked medias..
2018-04-20 03:29:02,661 - haw2k - Removing already liked medias..
2018-04-20 03:29:05,663 - haw2k - Removing already liked medias..
2018-04-20 03:29:08,668 - haw2k - Removing already liked medias..
2018-04-20 03:29:11,671 - haw2k - Removing already liked medias..
2018-04-20 03:29:14,675 - haw2k - Removing already liked medias..
2018-04-20 03:29:17,677 - haw2k - Removing already liked medias..
2018-04-20 03:29:20,680 - haw2k - Removing already liked medias..
2018-04-20 03:29:23,683 - haw2k - Removing already liked medias..
2018-04-20 03:29:26,687 - haw2k - Removing already liked medias..
2018-04-20 03:29:29,691 - haw2k - Removing already liked medias..
2018-04-20 03:29:32,695 - haw2k - Removing already liked medias..
2018-04-20 03:29:35,699 - haw2k - Removing already liked medias..
2018-04-20 03:29:38,702 - haw2k - Removing already liked medias..
2018-04-20 03:29:41,706 - haw2k - Removing already liked medias..
2018-04-20 03:29:44,709 - haw2k - Removing already liked medias..
2018-04-20 03:29:47,711 - haw2k - Removing already liked medias..
2018-04-20 03:29:50,715 - haw2k - Removing already liked medias..
2018-04-20 03:29:53,719 - haw2k - Removing already liked medias..
2018-04-20 03:29:53,719 - haw2k - Trying to unfollow #1: 
2018-04-20 03:29:56,724 - haw2k - Removing already liked medias..
2018-04-20 03:29:59,728 - haw2k - Removing already liked medias..
2018-04-20 03:30:02,730 - haw2k - Removing already liked medias..
2018-04-20 03:30:05,732 - haw2k - Removing already liked medias..
2018-04-20 03:30:08,734 - haw2k - Removing already liked medias..
2018-04-20 03:30:11,737 - haw2k - Removing already liked medias..
2018-04-20 03:30:14,741 - haw2k - Removing already liked medias..
2018-04-20 03:30:17,746 - haw2k - Removing already liked medias..
2018-04-20 03:30:20,747 - haw2k - Removing already liked medias..
2018-04-20 03:30:23,751 - haw2k - Removing already liked medias..
2018-04-20 03:30:26,755 - haw2k - Removing already liked medias..
2018-04-20 03:30:29,759 - haw2k - Removing already liked medias..
2018-04-20 03:30:32,764 - haw2k - Removing already liked medias..
2018-04-20 03:30:35,767 - haw2k - Removing already liked medias..
2018-04-20 03:30:38,769 - haw2k - Removing already liked medias..
2018-04-20 03:30:41,773 - haw2k - Removing already liked medias..
2018-04-20 03:30:44,777 - haw2k - Removing already liked medias..
2018-04-20 03:30:47,781 - haw2k - Removing already liked medias..
2018-04-20 03:30:50,785 - haw2k - Removing already liked medias..
2018-04-20 03:30:53,789 - haw2k - Removing already liked medias..
2018-04-20 03:30:56,791 - haw2k - Removing already liked medias..
2018-04-20 03:30:59,794 - haw2k - Removing already liked medias..
2018-04-20 03:31:02,798 - haw2k - Removing already liked medias..
2018-04-20 03:31:05,803 - haw2k - Removing already liked medias..
2018-04-20 03:31:08,805 - haw2k - Removing already liked medias..
2018-04-20 03:31:11,811 - haw2k - Removing already liked medias..
2018-04-20 03:31:14,814 - haw2k - Removing already liked medias..
2018-04-20 03:31:17,818 - haw2k - Removing already liked medias..
2018-04-20 03:31:20,823 - haw2k - Removing already liked medias..
2018-04-20 03:31:23,827 - haw2k - Removing already liked medias..
2018-04-20 03:31:26,831 - haw2k - Removing already liked medias..
2018-04-20 03:31:29,832 - haw2k - Removing already liked medias..
2018-04-20 03:31:32,836 - haw2k - Removing already liked medias..
2018-04-20 03:31:35,840 - haw2k - Removing already liked medias..
2018-04-20 03:31:38,844 - haw2k - Removing already liked medias..
2018-04-20 03:31:41,848 - haw2k - Removing already liked medias..
2018-04-20 03:31:44,852 - haw2k - Removing already liked medias..
2018-04-20 03:31:47,856 - haw2k - Removing already liked medias..
2018-04-20 03:31:50,860 - haw2k - Removing already liked medias..
2018-04-20 03:31:53,860 - haw2k - Removing already liked medias..
2018-04-20 03:31:56,864 - haw2k - Removing already liked medias..
2018-04-20 03:31:59,868 - haw2k - Removing already liked medias..
2018-04-20 03:32:02,872 - haw2k - Removing already liked medias..
2018-04-20 03:32:05,874 - haw2k - Removing already liked medias..
2018-04-20 03:32:08,877 - haw2k - Removing already liked medias..
2018-04-20 03:32:11,881 - haw2k - Removing already liked medias..
2018-04-20 03:32:14,882 - haw2k - Removing already liked medias..
2018-04-20 03:32:17,883 - haw2k - Removing already liked medias..
2018-04-20 03:32:20,887 - haw2k - Removing already liked medias..
2018-04-20 03:32:23,891 - haw2k - Removing already liked medias..
2018-04-20 03:32:26,895 - haw2k - Removing already liked medias..
2018-04-20 03:32:29,899 - haw2k - Removing already liked medias..
2018-04-20 03:32:32,903 - haw2k - Removing already liked medias..
2018-04-20 03:32:35,908 - haw2k - Removing already liked medias..
2018-04-20 03:32:38,912 - haw2k - Removing already liked medias..
2018-04-20 03:32:41,916 - haw2k - Removing already liked medias..
2018-04-20 03:32:44,918 - haw2k - Removing already liked medias..
2018-04-20 03:32:47,922 - haw2k - Removing already liked medias..
2018-04-20 03:32:50,927 - haw2k - Removing already liked medias..
2018-04-20 03:32:53,931 - haw2k - Removing already liked medias..
2018-04-20 03:32:56,934 - haw2k - Removing already liked medias..
2018-04-20 03:32:59,938 - haw2k - Removing already liked medias..
2018-04-20 03:33:02,942 - haw2k - Removing already liked medias..
2018-04-20 03:33:05,944 - haw2k - Removing already liked medias..
2018-04-20 03:33:08,948 - haw2k - Removing already liked medias..
2018-04-20 03:33:11,951 - haw2k - Removing already liked medias..
2018-04-20 03:33:14,955 - haw2k - Removing already liked medias..
2018-04-20 03:33:17,960 - haw2k - Removing already liked medias..
2018-04-20 03:33:20,964 - haw2k - Removing already liked medias..
2018-04-20 03:33:23,972 - haw2k - Removing already liked medias..
2018-04-20 03:33:26,976 - haw2k - Removing already liked medias..
2018-04-20 03:33:29,981 - haw2k - Removing already liked medias..
2018-04-20 03:33:32,985 - haw2k - Removing already liked medias..
2018-04-20 03:33:35,989 - haw2k - Removing already liked medias..
2018-04-20 03:33:38,993 - haw2k - Removing already liked medias..
2018-04-20 03:33:41,997 - haw2k - Removing already liked medias..
2018-04-20 03:33:44,999 - haw2k - Removing already liked medias..
2018-04-20 03:33:48,001 - haw2k - Removing already liked medias..
2018-04-20 03:33:51,005 - haw2k - Removing already liked medias..
2018-04-20 03:33:54,008 - haw2k - Removing already liked medias..
2018-04-20 03:33:57,013 - haw2k - Removing already liked medias..
2018-04-20 03:34:00,017 - haw2k - Removing already liked medias..
2018-04-20 03:34:03,019 - haw2k - Removing already liked medias..
2018-04-20 03:34:06,023 - haw2k - Removing already liked medias..
2018-04-20 03:34:09,027 - haw2k - Removing already liked medias..
2018-04-20 03:34:12,031 - haw2k - Removing already liked medias..
2018-04-20 03:34:15,033 - haw2k - Removing already liked medias..
2018-04-20 03:34:18,036 - haw2k - Removing already liked medias..
2018-04-20 03:34:21,040 - haw2k - Removing already liked medias..
2018-04-20 03:34:24,044 - haw2k - Removing already liked medias..
2018-04-20 03:34:27,048 - haw2k - Removing already liked medias..
2018-04-20 03:34:30,054 - haw2k - Removing already liked medias..
2018-04-20 03:34:33,057 - haw2k - Removing already liked medias..
2018-04-20 03:34:36,064 - haw2k - Removing already liked medias..
2018-04-20 03:34:39,065 - haw2k - Removing already liked medias..
2018-04-20 03:34:42,068 - haw2k - Removing already liked medias..
2018-04-20 03:34:45,070 - haw2k - Removing already liked medias..
2018-04-20 03:34:48,071 - haw2k - Removing already liked medias..
2018-04-20 03:34:51,076 - haw2k - Removing already liked medias..
2018-04-20 03:34:54,081 - haw2k - Removing already liked medias..
2018-04-20 03:34:54,082 - haw2k - Trying to unfollow #1: 
2018-04-20 03:34:57,088 - haw2k - Removing already liked medias..
2018-04-20 03:35:00,088 - haw2k - Removing already liked medias..
2018-04-20 03:35:03,093 - haw2k - Removing already liked medias..
2018-04-20 03:35:06,095 - haw2k - Removing already liked medias..
2018-04-20 03:35:09,099 - haw2k - Removing already liked medias..
2018-04-20 03:35:12,103 - haw2k - Removing already liked medias..
2018-04-20 03:35:15,107 - haw2k - Removing already liked medias..
2018-04-20 03:35:18,109 - haw2k - Removing already liked medias..
2018-04-20 03:35:21,118 - haw2k - Removing already liked medias..
2018-04-20 03:35:24,123 - haw2k - Removing already liked medias..
2018-04-20 03:35:27,127 - haw2k - Removing already liked medias..
2018-04-20 03:35:30,131 - haw2k - Removing already liked medias..
2018-04-20 03:35:33,139 - haw2k - Removing already liked medias..
2018-04-20 03:35:36,143 - haw2k - Removing already liked medias..
2018-04-20 03:35:39,145 - haw2k - Removing already liked medias..
2018-04-20 03:35:42,149 - haw2k - Removing already liked medias..
2018-04-20 03:35:45,155 - haw2k - Removing already liked medias..
2018-04-20 03:35:48,160 - haw2k - Removing already liked medias..
2018-04-20 03:35:51,164 - haw2k - Removing already liked medias..
2018-04-20 03:35:54,168 - haw2k - Removing already liked medias..
2018-04-20 03:35:57,171 - haw2k - Removing already liked medias..
2018-04-20 03:36:00,173 - haw2k - Removing already liked medias..
2018-04-20 03:36:03,177 - haw2k - Removing already liked medias..
2018-04-20 03:36:06,181 - haw2k - Removing already liked medias..
2018-04-20 03:36:09,183 - haw2k - Removing already liked medias..
2018-04-20 03:36:12,188 - haw2k - Removing already liked medias..
2018-04-20 03:36:15,192 - haw2k - Removing already liked medias..
2018-04-20 03:36:18,195 - haw2k - Removing already liked medias..
2018-04-20 03:36:21,199 - haw2k - Removing already liked medias..
2018-04-20 03:36:24,202 - haw2k - Removing already liked medias..
2018-04-20 03:36:27,205 - haw2k - Removing already liked medias..
2018-04-20 03:36:30,210 - haw2k - Removing already liked medias..
2018-04-20 03:36:33,215 - haw2k - Removing already liked medias..
2018-04-20 03:36:36,216 - haw2k - Removing already liked medias..
2018-04-20 03:36:39,217 - haw2k - Removing already liked medias..
2018-04-20 03:36:42,221 - haw2k - Removing already liked medias..
2018-04-20 03:36:45,223 - haw2k - Removing already liked medias..
2018-04-20 03:36:48,227 - haw2k - Removing already liked medias..
2018-04-20 03:36:51,228 - haw2k - Removing already liked medias..
2018-04-20 03:36:54,230 - haw2k - Removing already liked medias..
2018-04-20 03:36:57,236 - haw2k - Removing already liked medias..
2018-04-20 03:37:00,240 - haw2k - Removing already liked medias..
2018-04-20 03:37:03,244 - haw2k - Removing already liked medias..
2018-04-20 03:37:06,247 - haw2k - Removing already liked medias..
2018-04-20 03:37:09,251 - haw2k - Removing already liked medias..
2018-04-20 03:37:12,255 - haw2k - Removing already liked medias..
2018-04-20 03:37:15,259 - haw2k - Removing already liked medias..
2018-04-20 03:37:18,262 - haw2k - Removing already liked medias..
2018-04-20 03:37:21,266 - haw2k - Removing already liked medias..
2018-04-20 03:37:24,270 - haw2k - Removing already liked medias..
2018-04-20 03:37:27,274 - haw2k - Removing already liked medias..
2018-04-20 03:37:30,277 - haw2k - Removing already liked medias..
2018-04-20 03:37:33,281 - haw2k - Removing already liked medias..
2018-04-20 03:37:36,284 - haw2k - Removing already liked medias..
2018-04-20 03:37:39,288 - haw2k - Removing already liked medias..
2018-04-20 03:37:42,292 - haw2k - Removing already liked medias..
2018-04-20 03:37:45,296 - haw2k - Removing already liked medias..
2018-04-20 03:37:48,300 - haw2k - Removing already liked medias..
2018-04-20 03:37:51,304 - haw2k - Removing already liked medias..
2018-04-20 03:37:54,308 - haw2k - Removing already liked medias..
2018-04-20 03:37:57,312 - haw2k - Removing already liked medias..
2018-04-20 03:38:00,315 - haw2k - Removing already liked medias..
2018-04-20 03:38:03,318 - haw2k - Removing already liked medias..
2018-04-20 03:38:06,322 - haw2k - Removing already liked medias..
2018-04-20 03:38:09,326 - haw2k - Removing already liked medias..
2018-04-20 03:38:12,330 - haw2k - Removing already liked medias..
2018-04-20 03:38:15,334 - haw2k - Removing already liked medias..
2018-04-20 03:38:18,337 - haw2k - Removing already liked medias..
2018-04-20 03:38:21,341 - haw2k - Removing already liked medias..
2018-04-20 03:38:24,346 - haw2k - Removing already liked medias..
2018-04-20 03:38:27,353 - haw2k - Removing already liked medias..
2018-04-20 03:38:30,358 - haw2k - Removing already liked medias..
2018-04-20 03:38:33,362 - haw2k - Removing already liked medias..
2018-04-20 03:38:36,365 - haw2k - Removing already liked medias..
2018-04-20 03:38:39,369 - haw2k - Removing already liked medias..
2018-04-20 03:38:42,373 - haw2k - Removing already liked medias..
2018-04-20 03:38:45,377 - haw2k - Removing already liked medias..
2018-04-20 03:38:48,381 - haw2k - Removing already liked medias..
2018-04-20 03:38:51,382 - haw2k - Removing already liked medias..
2018-04-20 03:38:54,385 - haw2k - Removing already liked medias..
2018-04-20 03:38:57,389 - haw2k - Removing already liked medias..
2018-04-20 03:39:00,392 - haw2k - Removing already liked medias..
2018-04-20 03:39:03,396 - haw2k - Removing already liked medias..
2018-04-20 03:39:06,400 - haw2k - Removing already liked medias..
2018-04-20 03:39:09,401 - haw2k - Removing already liked medias..
2018-04-20 03:39:12,403 - haw2k - Removing already liked medias..
2018-04-20 03:39:15,405 - haw2k - Removing already liked medias..
