2018-04-18 00:26:27,393 - haw2k - Instabot v1.2.0 started at 18.04.2018 00:26:

2018-04-18 00:26:27,394 - haw2k - Trying to login as haw2k...

2018-04-18 00:26:34,529 - haw2k - haw2k login success!
2018-04-18 00:26:34,530 - haw2k - Get media id by tag: code
2018-04-18 00:26:35,859 - haw2k - Removing already liked medias..
2018-04-18 00:26:35,894 - haw2k - Trying to like media: 1760067158177968536
2018-04-18 00:26:36,607 - haw2k - Liked: 1760067158177968536. Like #1.
2018-04-18 00:26:36,608 - haw2k - Already followed before 1626718563
2018-04-18 00:26:36,608 - haw2k - Trying to unfollow #1: 
2018-04-18 00:26:36,610 - haw2k - Getting user info : friendlysoftcompany
2018-04-18 00:28:10,835 - haw2k - Trying to like media: 1760067026476648133
2018-04-18 00:28:11,682 - haw2k - Liked: 1760067026476648133. Like #2.
2018-04-18 00:29:15,558 - haw2k - Trying to follow: 3024346005
2018-04-18 00:29:16,892 - haw2k - Followed: 3024346005 #1.
2018-04-18 00:29:47,999 - haw2k - Trying to like media: 1760066766077296489
2018-04-18 00:29:48,596 - haw2k - Liked: 1760066766077296489. Like #3.
2018-04-18 00:31:26,035 - haw2k - Trying to like media: 1760066611139808540
2018-04-18 00:31:26,904 - haw2k - Liked: 1760066611139808540. Like #4.
2018-04-18 00:31:35,914 - haw2k - Trying to unfollow #1: 
2018-04-18 00:31:35,916 - haw2k - Getting user info : marianna_cheremet
2018-04-18 00:33:00,726 - haw2k - Keep calm - It's already liked ;)
2018-04-18 00:33:03,730 - haw2k - Trying to like media: 1760066184420969113
2018-04-18 00:33:04,609 - haw2k - Liked: 1760066184420969113. Like #5.
2018-04-18 00:33:43,657 - haw2k - Trying to follow: 4585733591
2018-04-18 00:33:45,075 - haw2k - Followed: 4585733591 #2.
2018-04-18 00:34:30,821 - haw2k - Keep calm - It's already liked ;)
2018-04-18 00:34:33,826 - haw2k - Trying to like media: 1760065842760205676
2018-04-18 00:34:34,695 - haw2k - Liked: 1760065842760205676. Like #6.
2018-04-18 00:35:56,185 - haw2k - Trying to like media: 1760065824155255360
2018-04-18 00:35:56,842 - haw2k - Liked: 1760065824155255360. Like #7.
2018-04-18 00:36:39,293 - haw2k - Trying to unfollow #1: 
2018-04-18 00:36:39,295 - haw2k - Getting user info : lovely_peurim
2018-04-18 00:37:31,055 - haw2k - Keep calm - It's already liked ;)
2018-04-18 00:37:34,059 - haw2k - Trying to like media: 1760065278349273805
2018-04-18 00:37:34,805 - haw2k - Liked: 1760065278349273805. Like #8.
2018-04-18 00:38:55,900 - haw2k - Trying to like media: 1760065227153851458
2018-04-18 00:38:56,634 - haw2k - Liked: 1760065227153851458. Like #9.
2018-04-18 00:38:59,639 - haw2k - Trying to follow: 5321884971
2018-04-18 00:39:00,833 - haw2k - Followed: 5321884971 #3.
2018-04-18 00:40:31,742 - haw2k - Keep calm - It's already liked ;)
2018-04-18 00:40:34,746 - haw2k - Trying to like media: 1760065079859740797
2018-04-18 00:40:35,361 - haw2k - Liked: 1760065079859740797. Like #10.
2018-04-18 00:41:05,953 - haw2k - Trying to unfollow #1: 
2018-04-18 00:41:05,954 - haw2k - Getting user info : brainlids
2018-04-18 00:42:10,554 - haw2k - Keep calm - It's already liked ;)
2018-04-18 00:42:13,559 - haw2k - Trying to like media: 1760064929074595493
2018-04-18 00:42:14,133 - haw2k - Liked: 1760064929074595493. Like #11.
2018-04-18 00:43:48,116 - haw2k - Keep calm - It's already liked ;)
2018-04-18 00:43:51,121 - haw2k - Trying to like media: 1760064816885275167
2018-04-18 00:43:52,200 - haw2k - Liked: 1760064816885275167. Like #12.
2018-04-18 00:44:01,212 - haw2k - Trying to follow: 6949824061
2018-04-18 00:44:02,117 - haw2k - Followed: 6949824061 #4.
2018-04-18 00:45:13,160 - haw2k - Trying to like media: 1760064798596280827
2018-04-18 00:45:13,776 - haw2k - Liked: 1760064798596280827. Like #13.
2018-04-18 00:45:31,795 - haw2k - Trying to unfollow #1: 
2018-04-18 00:45:31,798 - haw2k - Getting user info : heartmarket_koshigaya
2018-04-18 00:46:48,416 - haw2k - Keep calm - It's already liked ;)
2018-04-18 00:46:51,424 - haw2k - Trying to like media: 1760064705384147987
2018-04-18 00:46:52,022 - haw2k - Liked: 1760064705384147987. Like #14.
2018-04-18 00:48:22,128 - haw2k - Keep calm - It's already liked ;)
2018-04-18 00:48:25,135 - haw2k - Trying to like media: 1760064567079869731
2018-04-18 00:48:26,515 - haw2k - Liked: 1760064567079869731. Like #15.
2018-04-18 00:49:17,575 - haw2k - Trying to follow: 2889174633
2018-04-18 00:49:18,968 - haw2k - Followed: 2889174633 #5.
2018-04-18 00:49:58,767 - haw2k - Keep calm - It's already liked ;)
2018-04-18 00:50:01,770 - haw2k - Trying to like media: 1760064210111043673
2018-04-18 00:50:02,597 - haw2k - Liked: 1760064210111043673. Like #16.
2018-04-18 00:50:15,011 - haw2k - Trying to unfollow #1: 
2018-04-18 00:50:15,015 - haw2k - Getting user info : carlypc
2018-04-18 00:51:31,209 - haw2k - Keep calm - It's already liked ;)
2018-04-18 00:51:34,213 - haw2k - Keep calm - It's already liked ;)
2018-04-18 00:51:37,217 - haw2k - Trying to like media: 1760063908441062222
2018-04-18 00:51:38,169 - haw2k - Liked: 1760063908441062222. Like #17.
2018-04-18 00:52:57,565 - haw2k - Trying to like media: 1760063814612950515
2018-04-18 00:52:58,637 - haw2k - Liked: 1760063814612950515. Like #18.
2018-04-18 00:54:14,150 - haw2k - Trying to follow: 278348581
2018-04-18 00:54:14,815 - haw2k - Followed: 278348581 #6.
2018-04-18 00:54:18,806 - haw2k - Keep calm - It's already liked ;)
2018-04-18 00:54:21,807 - haw2k - Trying to like media: 1760063585210660694
2018-04-18 00:54:23,114 - haw2k - Liked: 1760063585210660694. Like #19.
2018-04-18 00:55:14,170 - haw2k - Trying to unfollow #1: 
2018-04-18 00:55:14,176 - haw2k - Getting user info : milkeyway_cat
2018-04-18 00:55:56,551 - haw2k - Keep calm - It's already liked ;)
2018-04-18 00:55:59,560 - haw2k - Trying to like media: 1760063395762915501
2018-04-18 00:56:00,149 - haw2k - Liked: 1760063395762915501. Like #20.
2018-04-18 00:57:33,907 - haw2k - Keep calm - It's already liked ;)
2018-04-18 00:57:36,912 - haw2k - Keep calm - It's already liked ;)
2018-04-18 00:57:40,348 - haw2k - Trying to like media: 1760063017015792296
2018-04-18 00:57:41,090 - haw2k - Liked: 1760063017015792296. Like #21.
2018-04-18 00:59:00,014 - haw2k - Trying to like media: 1760060960726157257
2018-04-18 00:59:01,563 - haw2k - Liked: 1760060960726157257. Like #22.
2018-04-18 00:59:26,029 - haw2k - Trying to follow: 3685469559
2018-04-18 00:59:26,756 - haw2k - Followed: 3685469559 #7.
2018-04-18 00:59:42,544 - haw2k - Trying to unfollow #1: 
2018-04-18 00:59:42,547 - haw2k - Getting user info : harper_and_co_boutique
2018-04-18 01:00:31,806 - haw2k - Keep calm - It's already liked ;)
2018-04-18 01:00:34,810 - haw2k - Trying to like media: 1760062463400937633
2018-04-18 01:00:35,399 - haw2k - Liked: 1760062463400937633. Like #23.
2018-04-18 01:02:02,897 - haw2k - Keep calm - It's already liked ;)
2018-04-18 01:02:05,901 - haw2k - Trying to like media: 1760062300770932621
2018-04-18 01:02:06,793 - haw2k - Liked: 1760062300770932621. Like #24.
2018-04-18 01:03:31,289 - haw2k - Trying to like media: 1760062133864628425
2018-04-18 01:03:32,349 - haw2k - Liked: 1760062133864628425. Like #25.
2018-04-18 01:04:17,823 - haw2k - Trying to follow: 7210898517
2018-04-18 01:04:18,698 - haw2k - Followed: 7210898517 #8.
2018-04-18 01:05:02,153 - haw2k - Keep calm - It's already liked ;)
2018-04-18 01:05:02,154 - haw2k - Trying to unfollow #1: 
2018-04-18 01:05:02,157 - haw2k - Getting user info : 2mp_producer
2018-04-18 01:05:08,482 - haw2k - Trying to like media: 1760061686666037722
2018-04-18 01:05:09,052 - haw2k - Liked: 1760061686666037722. Like #26.
2018-04-18 01:06:37,425 - haw2k - Keep calm - It's already liked ;)
2018-04-18 01:06:43,435 - haw2k - Trying to like media: 1760060485653574007
2018-04-18 01:06:44,089 - haw2k - Liked: 1760060485653574007. Like #27.
2018-04-18 01:08:06,059 - haw2k - Keep calm - It's already liked ;)
2018-04-18 01:08:24,082 - haw2k - Trying to like media: 1755937940230216626
2018-04-18 01:08:25,039 - haw2k - Liked: 1755937940230216626. Like #28.
2018-04-18 01:09:37,122 - haw2k - Trying to follow: 1637351934
2018-04-18 01:09:38,455 - haw2k - Followed: 1637351934 #9.
2018-04-18 01:09:54,226 - haw2k - Keep calm - It's already liked ;)
2018-04-18 01:09:57,231 - haw2k - Trying to like media: 1753331338269564716
2018-04-18 01:09:58,154 - haw2k - Liked: 1753331338269564716. Like #29.
2018-04-18 01:10:10,168 - haw2k - Trying to unfollow #1: 
2018-04-18 01:10:10,172 - haw2k - Getting user info : naturalhairluv
2018-04-18 01:11:25,960 - haw2k - Keep calm - It's already liked ;)
2018-04-18 01:11:28,965 - haw2k - Trying to like media: 1753330581180809443
2018-04-18 01:11:29,549 - haw2k - Liked: 1753330581180809443. Like #30.
2018-04-18 01:13:02,648 - haw2k - Keep calm - It's already liked ;)
2018-04-18 01:13:05,652 - haw2k - Trying to like media: 1753330073619726441
2018-04-18 01:13:06,848 - haw2k - Liked: 1753330073619726441. Like #31.
2018-04-18 01:14:29,701 - haw2k - Keep calm - It's already liked ;)
2018-04-18 01:14:32,703 - haw2k - Trying to like media: 1753329717129165297
2018-04-18 01:14:35,822 - haw2k - Liked: 1753329717129165297. Like #32.
2018-04-18 01:14:35,823 - haw2k - Trying to unfollow #1: 
2018-04-18 01:14:35,825 - haw2k - Getting user info : addzorr
2018-04-18 01:15:00,908 - haw2k - Get media id by tag: repeat
2018-04-18 01:15:03,193 - haw2k - Removing already liked medias..
2018-04-18 01:15:03,229 - haw2k - Already followed before 7327956313
2018-04-18 01:15:57,762 - haw2k - Trying to like media: 1760090729580106979
2018-04-18 01:15:58,466 - haw2k - Liked: 1760090729580106979. Like #33.
2018-04-18 01:17:16,557 - haw2k - Trying to follow: 2122046018
2018-04-18 01:17:17,734 - haw2k - Followed: 2122046018 #10.
2018-04-18 01:17:31,006 - haw2k - Trying to like media: 1760090465087935201
2018-04-18 01:17:41,086 - haw2k - Liked: 1760090465087935201. Like #34.
2018-04-18 01:17:44,090 - haw2k - Get media id by tag: repeat
2018-04-18 01:17:45,415 - haw2k - Removing already liked medias..
2018-04-18 01:19:06,539 - haw2k - Trying to like media: 1759702137647940890
2018-04-18 01:19:07,409 - haw2k - Liked: 1759702137647940890. Like #35.
2018-04-18 01:20:02,295 - haw2k - Trying to unfollow #1: 
2018-04-18 01:20:02,297 - haw2k - Getting user info : korpspiracy
2018-04-18 01:20:36,484 - haw2k - Trying to like media: 1760089991456984024
2018-04-18 01:20:37,097 - haw2k - Liked: 1760089991456984024. Like #36.
2018-04-18 01:22:08,520 - haw2k - Trying to like media: 1760092313759371979
2018-04-18 01:22:09,088 - haw2k - Liked: 1760092313759371979. Like #37.
2018-04-18 01:22:24,106 - haw2k - Trying to follow: 5388051523
2018-04-18 01:22:26,017 - haw2k - Followed: 5388051523 #11.
2018-04-18 01:23:42,167 - haw2k - Trying to like media: 1760089545863601141
2018-04-18 01:23:42,937 - haw2k - Liked: 1760089545863601141. Like #38.
2018-04-18 01:24:33,997 - haw2k - Trying to unfollow #1: 
2018-04-18 01:24:34,001 - haw2k - Getting user info : grimemusicofficial
2018-04-18 01:25:13,627 - haw2k - Trying to like media: 1760090207379935912
2018-04-18 01:25:14,260 - haw2k - Liked: 1760090207379935912. Like #39.
2018-04-18 01:26:36,434 - haw2k - Trying to like media: 1760090149902164735
2018-04-18 01:26:36,982 - haw2k - Liked: 1760090149902164735. Like #40.
2018-04-18 01:26:39,987 - haw2k - Get media id by tag: repeat
2018-04-18 01:26:41,988 - haw2k - Removing already liked medias..
2018-04-18 01:26:51,064 - haw2k - Trying to follow: 584142275
2018-04-18 01:26:52,162 - haw2k - Followed: 584142275 #12.
2018-04-18 01:28:08,759 - haw2k - Trying to like media: 1760096649872897389
2018-04-18 01:28:09,421 - haw2k - Liked: 1760096649872897389. Like #41.
2018-04-18 01:29:30,932 - haw2k - Trying to like media: 1760096874731016169
2018-04-18 01:29:31,872 - haw2k - Liked: 1760096874731016169. Like #42.
2018-04-18 01:29:38,324 - haw2k - Trying to unfollow #1: 
2018-04-18 01:29:38,330 - haw2k - Getting user info : deemezza1
2018-04-18 01:30:53,686 - haw2k - Trying to like media: 1760096619095918209
2018-04-18 01:30:54,291 - haw2k - Liked: 1760096619095918209. Like #43.
2018-04-18 01:32:09,773 - haw2k - Already followed before 7327956313
2018-04-18 01:32:30,800 - haw2k - Trying to like media: 1760096095135277681
2018-04-18 01:32:31,831 - haw2k - Liked: 1760096095135277681. Like #44.
2018-04-18 01:34:03,148 - haw2k - Trying to like media: 1760096148469987450
2018-04-18 01:34:04,028 - haw2k - Liked: 1760096148469987450. Like #45.
2018-04-18 01:34:19,041 - haw2k - Trying to unfollow #1: 
2018-04-18 01:34:19,043 - haw2k - Getting user info : planwithdebbie
2018-04-18 01:34:38,123 - haw2k - Trying to follow: 6358506736
2018-04-18 01:34:39,093 - haw2k - Followed: 6358506736 #13.
2018-04-18 01:35:31,229 - haw2k - Trying to like media: 1760095852067496091
2018-04-18 01:35:32,036 - haw2k - Liked: 1760095852067496091. Like #46.
2018-04-18 01:36:57,485 - haw2k - Trying to like media: 1760095482305519644
2018-04-18 01:36:58,159 - haw2k - Liked: 1760095482305519644. Like #47.
2018-04-18 01:38:22,933 - haw2k - Trying to like media: 1760095270626272947
2018-04-18 01:38:24,048 - haw2k - Liked: 1760095270626272947. Like #48.
2018-04-18 01:39:12,098 - haw2k - Trying to unfollow #1: 
2018-04-18 01:39:12,102 - haw2k - Getting user info : shoes_kmv
2018-04-18 01:39:33,831 - haw2k - Trying to follow: 3049667542
2018-04-18 01:39:34,669 - haw2k - Followed: 3049667542 #14.
2018-04-18 01:39:50,404 - haw2k - Trying to like media: 1760094871303907408
2018-04-18 01:39:51,056 - haw2k - Liked: 1760094871303907408. Like #49.
2018-04-18 01:41:10,358 - haw2k - Trying to like media: 1760095146441293236
2018-04-18 01:41:11,033 - haw2k - Liked: 1760095146441293236. Like #50.
2018-04-18 01:42:42,412 - haw2k - Trying to like media: 1760094967386529102
2018-04-18 01:42:45,196 - haw2k - Not liked: 400
2018-04-18 01:44:16,151 - haw2k - Trying to unfollow #1: 
2018-04-18 01:44:16,155 - haw2k - Getting user info : auroramulticor
2018-04-18 01:44:22,465 - haw2k - Trying to like media: 1760094851715988724
2018-04-18 01:44:23,831 - haw2k - Liked: 1760094851715988724. Like #51.
2018-04-18 01:44:26,835 - haw2k - Get media id by tag: code
2018-04-18 01:44:28,091 - haw2k - Removing already liked medias..
2018-04-18 01:44:34,132 - haw2k - Trying to follow: 6662347927
2018-04-18 01:44:35,065 - haw2k - Followed: 6662347927 #15.
2018-04-18 01:45:48,598 - haw2k - Trying to like media: 1760105685561311765
2018-04-18 01:45:49,405 - haw2k - Liked: 1760105685561311765. Like #52.
2018-04-18 01:47:23,408 - haw2k - Trying to like media: 1760105652040773006
2018-04-18 01:47:25,112 - haw2k - Liked: 1760105652040773006. Like #53.
2018-04-18 01:48:52,621 - haw2k - Trying to like media: 1760105465177365653
2018-04-18 01:48:53,478 - haw2k - Liked: 1760105465177365653. Like #54.
2018-04-18 01:49:23,923 - haw2k - Trying to follow: 1130967581
2018-04-18 01:49:26,187 - haw2k - Followed: 1130967581 #16.
2018-04-18 01:49:29,805 - haw2k - Trying to unfollow #1: 
2018-04-18 01:49:29,807 - haw2k - Getting user info : ref1016
2018-04-18 01:50:24,137 - haw2k - Trying to like media: 1760105458575570958
2018-04-18 01:50:25,092 - haw2k - Liked: 1760105458575570958. Like #55.
2018-04-18 01:50:28,096 - haw2k - Get media id by tag: code
2018-04-18 01:50:29,422 - haw2k - Removing already liked medias..
2018-04-18 01:51:44,537 - haw2k - Trying to like media: 1760109231535865883
2018-04-18 01:51:45,749 - haw2k - Liked: 1760109231535865883. Like #56.
2018-04-18 01:53:09,853 - haw2k - Trying to like media: 1760108953982557816
2018-04-18 01:53:10,947 - haw2k - Liked: 1760108953982557816. Like #57.
2018-04-18 01:54:11,011 - haw2k - Trying to follow: 1903778271
2018-04-18 01:54:12,554 - haw2k - Followed: 1903778271 #17.
2018-04-18 01:54:31,823 - haw2k - Trying to unfollow #1: 
2018-04-18 01:54:31,825 - haw2k - Getting user info : biggiebs
2018-04-18 01:54:44,164 - haw2k - Trying to like media: 1760108929789908136
2018-04-18 01:54:44,993 - haw2k - Liked: 1760108929789908136. Like #58.
2018-04-18 01:56:19,343 - haw2k - Trying to like media: 1760108894338102403
2018-04-18 01:56:20,135 - haw2k - Liked: 1760108894338102403. Like #59.
2018-04-18 01:57:39,094 - haw2k - Trying to like media: 1760108897189855352
2018-04-18 01:57:41,098 - haw2k - Liked: 1760108897189855352. Like #60.
2018-04-18 01:58:56,621 - haw2k - Trying to unfollow #1: 
2018-04-18 01:58:56,623 - haw2k - Getting user info : mikhailhaleem
2018-04-18 01:59:02,946 - haw2k - Trying to like media: 1760108848636892363
2018-04-18 01:59:03,890 - haw2k - Liked: 1760108848636892363. Like #61.
2018-04-18 01:59:24,912 - haw2k - Trying to follow: 3240717502
2018-04-18 01:59:25,607 - haw2k - Followed: 3240717502 #18.
2018-04-18 02:00:32,329 - haw2k - Trying to like media: 1760108850029964751
2018-04-18 02:00:32,975 - haw2k - Liked: 1760108850029964751. Like #62.
2018-04-18 02:02:03,694 - haw2k - Trying to like media: 1760108821592444811
2018-04-18 02:02:04,971 - haw2k - Liked: 1760108821592444811. Like #63.
2018-04-18 02:03:27,319 - haw2k - Trying to like media: 1760108761302805516
2018-04-18 02:03:28,295 - haw2k - Liked: 1760108761302805516. Like #64.
2018-04-18 02:03:49,741 - haw2k - Trying to follow: 218736024
2018-04-18 02:03:50,903 - haw2k - Followed: 218736024 #19.
2018-04-18 02:04:00,842 - haw2k - Trying to unfollow #1: 
2018-04-18 02:04:00,844 - haw2k - Getting user info : jojo_saudi122
2018-04-18 02:04:56,088 - haw2k - Trying to like media: 1760108611717106225
2018-04-18 02:04:57,359 - haw2k - Liked: 1760108611717106225. Like #65.
2018-04-18 02:06:28,374 - haw2k - Trying to like media: 1760108497875314282
2018-04-18 02:06:29,202 - haw2k - Liked: 1760108497875314282. Like #66.
2018-04-18 02:07:53,291 - haw2k - Trying to like media: 1760108446050843456
2018-04-18 02:07:54,769 - haw2k - Liked: 1760108446050843456. Like #67.
2018-04-18 02:08:33,807 - haw2k - Trying to follow: 4530928920
2018-04-18 02:08:34,951 - haw2k - Followed: 4530928920 #20.
2018-04-18 02:08:47,992 - haw2k - Trying to unfollow #1: 
2018-04-18 02:08:47,993 - haw2k - Getting user info : lindleyrebecca
2018-04-18 02:09:21,322 - haw2k - Trying to like media: 1760108398068526129
2018-04-18 02:09:22,306 - haw2k - Liked: 1760108398068526129. Like #68.
2018-04-18 02:10:53,694 - haw2k - Trying to like media: 1760108393370468141
2018-04-18 02:10:54,947 - haw2k - Liked: 1760108393370468141. Like #69.
2018-04-18 02:12:26,376 - haw2k - Trying to like media: 1760108343660914981
2018-04-18 02:12:27,432 - haw2k - Liked: 1760108343660914981. Like #70.
2018-04-18 02:13:27,920 - haw2k - Trying to unfollow #1: 
2018-04-18 02:13:27,923 - haw2k - Getting user info : coconenemomo
2018-04-18 02:13:52,244 - haw2k - Trying to follow: 1497394190
2018-04-18 02:13:53,332 - haw2k - Followed: 1497394190 #21.
2018-04-18 02:14:03,211 - haw2k - Trying to like media: 1760108243047107011
2018-04-18 02:14:04,767 - haw2k - Liked: 1760108243047107011. Like #71.
2018-04-18 02:15:38,268 - haw2k - Trying to like media: 1760108153212966405
2018-04-18 02:15:39,013 - haw2k - Liked: 1760108153212966405. Like #72.
2018-04-18 02:17:06,159 - haw2k - Trying to like media: 1760107408639764822
2018-04-18 02:17:07,273 - haw2k - Liked: 1760107408639764822. Like #73.
2018-04-18 02:18:35,568 - haw2k - Trying to follow: 1469144902
2018-04-18 02:18:36,457 - haw2k - Followed: 1469144902 #22.
2018-04-18 02:18:37,091 - haw2k - Trying to unfollow #1: 
2018-04-18 02:18:37,092 - haw2k - Getting user info : tia_maria_allen
2018-04-18 02:18:43,733 - haw2k - Trying to like media: 1760107348351127952
2018-04-18 02:18:44,311 - haw2k - Liked: 1760107348351127952. Like #74.
2018-04-18 02:20:12,754 - haw2k - Trying to like media: 1760107139542514537
2018-04-18 02:20:13,414 - haw2k - Liked: 1760107139542514537. Like #75.
2018-04-18 02:21:46,515 - haw2k - Trying to like media: 1760107018235768501
2018-04-18 02:21:47,645 - haw2k - Liked: 1760107018235768501. Like #76.
2018-04-18 02:23:18,144 - haw2k - Keep calm - It's already liked ;)
2018-04-18 02:23:21,149 - haw2k - Trying to like media: 1760106943283571567
2018-04-18 02:23:21,903 - haw2k - Liked: 1760106943283571567. Like #77.
2018-04-18 02:23:24,908 - haw2k - Trying to follow: 1432556993
2018-04-18 02:23:25,886 - haw2k - Followed: 1432556993 #23.
2018-04-18 02:23:38,530 - haw2k - Trying to unfollow #1: 
2018-04-18 02:23:38,532 - haw2k - Getting user info : s.tmk24
2018-04-18 02:24:52,157 - haw2k - Keep calm - It's already liked ;)
2018-04-18 02:24:55,161 - haw2k - Trying to like media: 1760106772449546646
2018-04-18 02:24:55,782 - haw2k - Liked: 1760106772449546646. Like #78.
2018-04-18 02:26:26,715 - haw2k - Keep calm - It's already liked ;)
2018-04-18 02:26:30,162 - haw2k - Trying to like media: 1760106578243316123
2018-04-18 02:26:31,122 - haw2k - Liked: 1760106578243316123. Like #79.
2018-04-18 02:28:04,666 - haw2k - Keep calm - It's already liked ;)
2018-04-18 02:28:07,680 - haw2k - Trying to like media: 1760106543323153636
2018-04-18 02:28:08,586 - haw2k - Liked: 1760106543323153636. Like #80.
2018-04-18 02:28:11,591 - haw2k - Trying to follow: 4554791636
2018-04-18 02:28:12,946 - haw2k - Followed: 4554791636 #24.
2018-04-18 02:28:25,684 - haw2k - Trying to unfollow #1: 
2018-04-18 02:28:25,686 - haw2k - Getting user info : hoffnungsblumig
2018-04-18 02:29:41,443 - haw2k - Keep calm - It's already liked ;)
2018-04-18 02:29:47,868 - haw2k - Trying to like media: 1760105995922696800
2018-04-18 02:29:48,735 - haw2k - Liked: 1760105995922696800. Like #81.
2018-04-18 02:31:23,050 - haw2k - Trying to like media: 1760105056801523710
2018-04-18 02:31:24,011 - haw2k - Liked: 1760105056801523710. Like #82.
2018-04-18 02:32:36,519 - haw2k - Trying to follow: 3739548669
2018-04-18 02:32:37,316 - haw2k - Followed: 3739548669 #25.
2018-04-18 02:32:49,994 - haw2k - Trying to like media: 1760104965090517186
2018-04-18 02:32:51,111 - haw2k - Liked: 1760104965090517186. Like #83.
2018-04-18 02:32:54,114 - haw2k - Trying to unfollow #1: 
2018-04-18 02:32:54,116 - haw2k - Getting user info : davidmaigua13
2018-04-18 02:34:25,381 - haw2k - Trying to like media: 1760104920872332237
2018-04-18 02:34:26,131 - haw2k - Liked: 1760104920872332237. Like #84.
2018-04-18 02:34:29,135 - haw2k - Get media id by tag: code
2018-04-18 02:34:31,199 - haw2k - Removing already liked medias..
2018-04-18 02:36:01,344 - haw2k - Trying to like media: 1760131650804509141
2018-04-18 02:36:02,725 - haw2k - Liked: 1760131650804509141. Like #85.
2018-04-18 02:37:11,811 - haw2k - Already followed before 2867352085
2018-04-18 02:37:30,240 - haw2k - Trying to like media: 1760131269565582564
2018-04-18 02:37:31,474 - haw2k - Liked: 1760131269565582564. Like #86.
2018-04-18 02:37:34,478 - haw2k - Get media id by tag: sleep
2018-04-18 02:37:35,557 - haw2k - Removing already liked medias..
2018-04-18 02:37:38,585 - haw2k - Trying to unfollow #1: 
2018-04-18 02:37:38,586 - haw2k - Getting user info : pro_makeup_krasnodar
2018-04-18 02:39:06,404 - haw2k - Trying to like media: 1760132998969573206
2018-04-18 02:39:07,775 - haw2k - Liked: 1760132998969573206. Like #87.
2018-04-18 02:39:44,224 - haw2k - Trying to follow: 6771814373
2018-04-18 02:39:45,519 - haw2k - Followed: 6771814373 #26.
2018-04-18 02:40:31,751 - haw2k - Trying to like media: 1760132732238431334
2018-04-18 02:40:32,449 - haw2k - Liked: 1760132732238431334. Like #88.
2018-04-18 02:42:06,935 - haw2k - Trying to like media: 1760132670724405735
2018-04-18 02:42:07,967 - haw2k - Liked: 1760132670724405735. Like #89.
2018-04-18 02:42:38,439 - haw2k - Trying to unfollow #1: 
2018-04-18 02:42:38,441 - haw2k - Getting user info : kazuna_.stgram
2018-04-18 02:43:36,716 - haw2k - Trying to like media: 1760132531432173806
2018-04-18 02:43:37,803 - haw2k - Liked: 1760132531432173806. Like #90.
2018-04-18 02:44:14,267 - haw2k - Trying to follow: 6987821803
2018-04-18 02:44:15,187 - haw2k - Followed: 6987821803 #27.
2018-04-18 02:44:58,310 - haw2k - Trying to like media: 1760132367651012249
2018-04-18 02:44:59,281 - haw2k - Liked: 1760132367651012249. Like #91.
2018-04-18 02:46:20,804 - haw2k - Keep calm - It's already liked ;)
2018-04-18 02:46:23,808 - haw2k - Keep calm - It's already liked ;)
2018-04-18 02:46:26,813 - haw2k - Keep calm - It's already liked ;)
2018-04-18 02:46:29,817 - haw2k - Trying to like media: 1760131449174827790
2018-04-18 02:46:30,848 - haw2k - Liked: 1760131449174827790. Like #92.
2018-04-18 02:47:41,239 - haw2k - Trying to unfollow #1: 
2018-04-18 02:47:41,241 - haw2k - Getting user info : animus_vox_the_savannah
2018-04-18 02:47:56,920 - haw2k - Keep calm - It's already liked ;)
2018-04-18 02:47:59,924 - haw2k - Trying to like media: 1760131117715080586
2018-04-18 02:48:00,981 - haw2k - Liked: 1760131117715080586. Like #93.
2018-04-18 02:49:25,513 - haw2k - Trying to follow: 2249772591
2018-04-18 02:49:26,443 - haw2k - Followed: 2249772591 #28.
2018-04-18 02:49:36,059 - haw2k - Keep calm - It's already liked ;)
2018-04-18 02:49:39,062 - haw2k - Trying to like media: 1760130988370832725
2018-04-18 02:49:40,105 - haw2k - Liked: 1760130988370832725. Like #94.
2018-04-18 02:51:08,150 - haw2k - Keep calm - It's already liked ;)
2018-04-18 02:51:11,154 - haw2k - Trying to like media: 1760130556845363892
2018-04-18 02:51:21,907 - haw2k - Liked: 1760130556845363892. Like #95.
2018-04-18 02:52:16,387 - haw2k - Trying to unfollow #1: 
2018-04-18 02:52:16,388 - haw2k - Getting user info : hirorin1151
2018-04-18 02:52:56,632 - haw2k - Keep calm - It's already liked ;)
2018-04-18 02:52:59,636 - haw2k - Trying to like media: 1760130464469611359
2018-04-18 02:53:00,623 - haw2k - Liked: 1760130464469611359. Like #96.
2018-04-18 02:53:03,628 - haw2k - Get media id by tag: repeat
2018-04-18 02:53:05,222 - haw2k - Removing already liked medias..
2018-04-18 02:54:20,749 - haw2k - Trying to like media: 1760140994286031467
2018-04-18 02:54:21,990 - haw2k - Liked: 1760140994286031467. Like #97.
2018-04-18 02:54:43,015 - haw2k - Trying to follow: 4202003536
2018-04-18 02:54:44,139 - haw2k - Followed: 4202003536 #29.
2018-04-18 02:55:57,791 - haw2k - Trying to like media: 1760140835356031626
2018-04-18 02:55:58,473 - haw2k - Liked: 1760140835356031626. Like #98.
2018-04-18 02:56:58,991 - haw2k - Trying to unfollow #1: 
2018-04-18 02:56:58,993 - haw2k - Getting user info : dg1124
2018-04-18 02:57:26,699 - haw2k - Trying to like media: 1760139299133420450
2018-04-18 02:57:27,763 - haw2k - Liked: 1760139299133420450. Like #99.
2018-04-18 02:57:30,767 - haw2k - Get media id by tag: code
2018-04-18 02:57:32,007 - haw2k - Removing already liked medias..
2018-04-18 02:58:47,528 - haw2k - Trying to like media: 1760142946046498787
2018-04-18 02:58:48,285 - haw2k - Liked: 1760142946046498787. Like #100.
2018-04-18 02:59:18,309 - haw2k - Trying to follow: 3598692661
2018-04-18 02:59:19,901 - haw2k - Followed: 3598692661 #30.
2018-04-18 03:00:15,593 - haw2k - Trying to like media: 1760142677577779902
2018-04-18 03:00:16,947 - haw2k - Liked: 1760142677577779902. Like #101.
2018-04-18 03:01:29,870 - haw2k - Trying to unfollow #1: 
2018-04-18 03:01:29,871 - haw2k - Getting user info : vanessa_nichilo
2018-04-18 03:01:39,159 - haw2k - Trying to like media: 1760142417884718517
2018-04-18 03:01:40,781 - haw2k - Liked: 1760142417884718517. Like #102.
2018-04-18 03:03:09,208 - haw2k - Trying to like media: 1760142418304302498
2018-04-18 03:03:09,994 - haw2k - Liked: 1760142418304302498. Like #103.
2018-04-18 03:04:13,529 - haw2k - Trying to follow: 7397559972
2018-04-18 03:04:14,620 - haw2k - Followed: 7397559972 #31.
2018-04-18 03:04:42,295 - haw2k - Trying to like media: 1760142362434942120
2018-04-18 03:04:43,173 - haw2k - Liked: 1760142362434942120. Like #104.
2018-04-18 03:06:10,865 - haw2k - Trying to like media: 1760142361118418605
2018-04-18 03:06:12,142 - haw2k - Liked: 1760142361118418605. Like #105.
2018-04-18 03:06:24,152 - haw2k - Trying to unfollow #1: 
2018-04-18 03:06:24,154 - haw2k - Getting user info : chantzfabz
2018-04-18 03:07:31,362 - haw2k - Trying to like media: 1760142151420719650
2018-04-18 03:07:31,995 - haw2k - Liked: 1760142151420719650. Like #106.
2018-04-18 03:09:03,333 - haw2k - Trying to like media: 1760142006053779482
2018-04-18 03:09:04,533 - haw2k - Liked: 1760142006053779482. Like #107.
2018-04-18 03:09:25,997 - haw2k - Trying to follow: 2879775248
2018-04-18 03:09:26,934 - haw2k - Followed: 2879775248 #32.
2018-04-18 03:10:40,643 - haw2k - Trying to like media: 1760141868630503328
2018-04-18 03:10:41,521 - haw2k - Liked: 1760141868630503328. Like #108.
2018-04-18 03:10:56,537 - haw2k - Trying to unfollow #1: 
2018-04-18 03:10:56,539 - haw2k - Getting user info : _lollof_
2018-04-18 03:12:06,329 - haw2k - Trying to like media: 1760141807695601569
2018-04-18 03:12:07,052 - haw2k - Liked: 1760141807695601569. Like #109.
2018-04-18 03:13:28,534 - haw2k - Trying to like media: 1760141775844253149
2018-04-18 03:13:29,571 - haw2k - Liked: 1760141775844253149. Like #110.
2018-04-18 03:14:24,054 - haw2k - Trying to follow: 3013161989
2018-04-18 03:14:25,550 - haw2k - Followed: 3013161989 #33.
2018-04-18 03:14:56,713 - haw2k - Trying to like media: 1760141752062264305
2018-04-18 03:14:57,791 - haw2k - Liked: 1760141752062264305. Like #111.
2018-04-18 03:15:43,266 - haw2k - Trying to unfollow #1: 
2018-04-18 03:15:43,270 - haw2k - Getting user info : sleep_desires
2018-04-18 03:16:29,470 - haw2k - Trying to like media: 1760141566858904230
2018-04-18 03:16:30,414 - haw2k - Liked: 1760141566858904230. Like #112.
2018-04-18 03:17:55,415 - haw2k - Trying to like media: 1760141499355612745
2018-04-18 03:17:56,181 - haw2k - Liked: 1760141499355612745. Like #113.
2018-04-18 03:19:20,704 - haw2k - Trying to like media: 1760141294245847480
2018-04-18 03:19:21,651 - haw2k - Liked: 1760141294245847480. Like #114.
2018-04-18 03:19:21,651 - haw2k - Trying to follow: 6425805137
2018-04-18 03:19:22,334 - haw2k - Followed: 6425805137 #34.
2018-04-18 03:20:41,500 - haw2k - Trying to like media: 1760141228187233279
2018-04-18 03:20:42,333 - haw2k - Liked: 1760141228187233279. Like #115.
2018-04-18 03:21:03,358 - haw2k - Trying to unfollow #1: 
2018-04-18 03:21:03,361 - haw2k - Getting user info : katybel777
2018-04-18 03:22:04,231 - haw2k - Trying to like media: 1760140215395541747
2018-04-18 03:22:04,966 - haw2k - Liked: 1760140215395541747. Like #116.
2018-04-18 03:23:24,641 - haw2k - Trying to like media: 1760140965865428318
2018-04-18 03:23:25,239 - haw2k - Liked: 1760140965865428318. Like #117.
2018-04-18 03:24:07,731 - haw2k - Trying to follow: 1321757170
2018-04-18 03:24:09,171 - haw2k - Followed: 1321757170 #35.
2018-04-18 03:24:46,367 - haw2k - Trying to like media: 1760140885032877732
2018-04-18 03:24:47,021 - haw2k - Liked: 1760140885032877732. Like #118.
2018-04-18 03:26:09,030 - haw2k - Trying to unfollow #1: 
2018-04-18 03:26:09,034 - haw2k - Getting user info : mana_pageboy
2018-04-18 03:26:15,349 - haw2k - Trying to like media: 1760140802935097289
2018-04-18 03:26:16,340 - haw2k - Liked: 1760140802935097289. Like #119.
2018-04-18 03:27:43,853 - haw2k - Trying to like media: 1760140804065850433
2018-04-18 03:27:44,864 - haw2k - Liked: 1760140804065850433. Like #120.
2018-04-18 03:28:33,330 - haw2k - Trying to follow: 180137065
2018-04-18 03:28:34,719 - haw2k - Followed: 180137065 #36.
2018-04-18 03:29:11,781 - haw2k - Trying to like media: 1760140686777936085
2018-04-18 03:29:12,520 - haw2k - Liked: 1760140686777936085. Like #121.
2018-04-18 03:30:43,895 - haw2k - Trying to like media: 1760140617838861987
2018-04-18 03:30:45,897 - haw2k - Liked: 1760140617838861987. Like #122.
2018-04-18 03:30:45,897 - haw2k - Trying to unfollow #1: 
2018-04-18 03:30:45,901 - haw2k - Getting user info : kotterigram
2018-04-18 03:32:21,247 - haw2k - Trying to like media: 1760140224555587292
2018-04-18 03:32:21,955 - haw2k - Liked: 1760140224555587292. Like #123.
2018-04-18 03:33:52,520 - haw2k - Already followed before 3598692661
2018-04-18 03:33:55,525 - haw2k - Trying to like media: 1760140047380113530
2018-04-18 03:33:56,806 - haw2k - Liked: 1760140047380113530. Like #124.
2018-04-18 03:35:33,356 - haw2k - Trying to like media: 1760139824880553514
2018-04-18 03:35:34,516 - haw2k - Liked: 1760139824880553514. Like #125.
2018-04-18 03:36:01,548 - haw2k - Trying to unfollow #1: 
2018-04-18 03:36:01,554 - haw2k - Getting user info : vaale_music
2018-04-18 03:36:29,662 - haw2k - Trying to follow: 3134098393
2018-04-18 03:36:30,698 - haw2k - Followed: 3134098393 #37.
2018-04-18 03:36:55,321 - haw2k - Trying to like media: 1760139805938953666
2018-04-18 03:36:56,098 - haw2k - Liked: 1760139805938953666. Like #126.
2018-04-18 03:38:29,181 - haw2k - Trying to like media: 1760139750716596788
2018-04-18 03:38:29,822 - haw2k - Liked: 1760139750716596788. Like #127.
2018-04-18 03:40:01,683 - haw2k - Trying to like media: 1760139648417880399
2018-04-18 03:40:02,733 - haw2k - Liked: 1760139648417880399. Like #128.
2018-04-18 03:40:56,778 - haw2k - Trying to follow: 1587168097
2018-04-18 03:40:57,709 - haw2k - Followed: 1587168097 #38.
2018-04-18 03:41:19,818 - haw2k - Trying to unfollow #1: 
2018-04-18 03:41:19,819 - haw2k - Getting user info : yari_venom
2018-04-18 03:41:26,176 - haw2k - Trying to like media: 1760139132165835995
2018-04-18 03:41:26,927 - haw2k - Liked: 1760139132165835995. Like #129.
2018-04-18 03:43:00,833 - haw2k - Trying to like media: 1760138981507827353
2018-04-18 03:43:03,255 - haw2k - Liked: 1760138981507827353. Like #130.
2018-04-18 03:44:31,151 - haw2k - Trying to like media: 1760138470247129003
2018-04-18 03:44:32,694 - haw2k - Liked: 1760138470247129003. Like #131.
2018-04-18 03:46:06,655 - haw2k - Trying to like media: 1760138420552569962
2018-04-18 03:46:07,266 - haw2k - Liked: 1760138420552569962. Like #132.
2018-04-18 03:46:13,728 - haw2k - Trying to follow: 4025428234
2018-04-18 03:46:15,629 - haw2k - Followed: 4025428234 #39.
2018-04-18 03:46:31,534 - haw2k - Trying to unfollow #1: 
2018-04-18 03:46:31,535 - haw2k - Getting user info : _saydulaev_007
2018-04-18 03:47:44,392 - haw2k - Trying to like media: 1760138376327322893
2018-04-18 03:47:45,538 - haw2k - Liked: 1760138376327322893. Like #133.
2018-04-18 03:49:18,652 - haw2k - Trying to like media: 1760138311023616355
2018-04-18 03:49:19,896 - haw2k - Liked: 1760138311023616355. Like #134.
2018-04-18 03:50:51,201 - haw2k - Trying to like media: 1760134190614878527
2018-04-18 03:50:51,856 - haw2k - Liked: 1760134190614878527. Like #135.
2018-04-18 03:50:51,857 - haw2k - Trying to follow: 241566251
2018-04-18 03:50:53,320 - haw2k - Followed: 241566251 #40.
2018-04-18 03:51:33,468 - haw2k - Trying to unfollow #1: 
2018-04-18 03:51:33,474 - haw2k - Getting user info : sincerelyurstophat
2018-04-18 03:52:19,632 - haw2k - Trying to like media: 1760137961921584788
2018-04-18 03:52:20,213 - haw2k - Liked: 1760137961921584788. Like #136.
2018-04-18 03:53:47,764 - haw2k - Trying to like media: 1760137920037355543
2018-04-18 03:53:48,416 - haw2k - Liked: 1760137920037355543. Like #137.
2018-04-18 03:55:07,442 - haw2k - Trying to like media: 1760137901884467868
2018-04-18 03:55:08,852 - haw2k - Liked: 1760137901884467868. Like #138.
2018-04-18 03:56:02,912 - haw2k - Trying to follow: 1720361498
2018-04-18 03:56:03,774 - haw2k - Followed: 1720361498 #41.
2018-04-18 03:56:19,510 - haw2k - Trying to unfollow #1: 
2018-04-18 03:56:19,514 - haw2k - Getting user info : solipsism_vr
2018-04-18 03:56:44,237 - haw2k - Trying to like media: 1760137890995791768
2018-04-18 03:56:44,875 - haw2k - Liked: 1760137890995791768. Like #139.
2018-04-18 03:58:25,194 - haw2k - Trying to like media: 1760137614928083214
2018-04-18 03:58:26,075 - haw2k - Liked: 1760137614928083214. Like #140.
2018-04-18 03:59:56,686 - haw2k - Trying to like media: 1760136610099184524
2018-04-18 03:59:57,735 - haw2k - Liked: 1760136610099184524. Like #141.
2018-04-18 04:00:49,190 - haw2k - Trying to unfollow #1: 
2018-04-18 04:00:49,194 - haw2k - Getting user info : tabio_daikanyama
2018-04-18 04:01:16,545 - haw2k - Trying to follow: 7277979911
2018-04-18 04:01:17,366 - haw2k - Followed: 7277979911 #42.
2018-04-18 04:01:30,155 - haw2k - Trying to like media: 1760122314348943458
2018-04-18 04:01:30,753 - haw2k - Liked: 1760122314348943458. Like #142.
2018-04-18 04:02:58,286 - haw2k - Trying to like media: 1760121763678883712
2018-04-18 04:02:58,878 - haw2k - Liked: 1760121763678883712. Like #143.
2018-04-18 04:04:26,393 - haw2k - Trying to like media: 1760100864183417060
2018-04-18 04:04:27,776 - haw2k - Liked: 1760100864183417060. Like #144.
2018-04-18 04:05:16,244 - haw2k - Trying to unfollow #1: 
2018-04-18 04:05:16,247 - haw2k - Getting user info : tosiathecat_
2018-04-18 04:05:40,987 - haw2k - Trying to follow: 7205907668
2018-04-18 04:05:41,758 - haw2k - Followed: 7205907668 #43.
2018-04-18 04:06:00,484 - haw2k - Trying to like media: 1760089023134759751
2018-04-18 04:06:08,743 - haw2k - Liked: 1760089023134759751. Like #145.
2018-04-18 04:07:46,167 - haw2k - Trying to like media: 1759995949843164930
2018-04-18 04:07:47,221 - haw2k - Liked: 1759995949843164930. Like #146.
2018-04-18 04:07:50,670 - haw2k - Get media id by tag: code
2018-04-18 04:07:52,479 - haw2k - Removing already liked medias..
2018-04-18 04:09:17,484 - haw2k - Trying to like media: 1760178320204114119
2018-04-18 04:09:18,400 - haw2k - Liked: 1760178320204114119. Like #147.
2018-04-18 04:10:09,452 - haw2k - Trying to unfollow #1: 
2018-04-18 04:10:09,456 - haw2k - Getting user info : yari_venom
2018-04-18 04:10:22,147 - haw2k - Trying to follow: 1975203624
2018-04-18 04:10:23,025 - haw2k - Followed: 1975203624 #44.
2018-04-18 04:10:39,463 - haw2k - Trying to like media: 1760178111921908913
2018-04-18 04:10:40,155 - haw2k - Liked: 1760178111921908913. Like #148.
2018-04-18 04:12:10,693 - haw2k - Trying to like media: 1760178083937637556
2018-04-18 04:12:11,934 - haw2k - Liked: 1760178083937637556. Like #149.
2018-04-18 04:13:34,262 - haw2k - Trying to like media: 1760178048436805846
2018-04-18 04:13:35,585 - haw2k - Liked: 1760178048436805846. Like #150.
2018-04-18 04:14:51,093 - haw2k - Trying to follow: 2927375245
2018-04-18 04:14:53,050 - haw2k - Followed: 2927375245 #45.
2018-04-18 04:14:57,658 - haw2k - Trying to unfollow #1: 
2018-04-18 04:14:57,660 - haw2k - Getting user info : cha_ppu
2018-04-18 04:15:04,772 - haw2k - Trying to like media: 1760177841145810266
2018-04-18 04:15:06,337 - haw2k - Liked: 1760177841145810266. Like #151.
2018-04-18 04:15:09,340 - haw2k - Get media id by tag: sleep
2018-04-18 04:15:10,748 - haw2k - Removing already liked medias..
2018-04-18 04:16:35,825 - haw2k - Trying to like media: 1760182257773299120
2018-04-18 04:16:37,048 - haw2k - Liked: 1760182257773299120. Like #152.
2018-04-18 04:18:10,540 - haw2k - Trying to like media: 1760181810132061974
2018-04-18 04:18:20,924 - haw2k - Liked: 1760181810132061974. Like #153.
2018-04-18 04:19:48,787 - haw2k - Trying to like media: 1760181765992642677
2018-04-18 04:19:49,853 - haw2k - Liked: 1760181765992642677. Like #154.
2018-04-18 04:19:52,858 - haw2k - Trying to follow: 5427496143
2018-04-18 04:19:54,091 - haw2k - Followed: 5427496143 #46.
2018-04-18 04:20:00,762 - haw2k - Trying to unfollow #1: 
2018-04-18 04:20:00,765 - haw2k - Getting user info : simmons_ec
2018-04-18 04:21:13,608 - haw2k - Trying to like media: 1760181542418475898
2018-04-18 04:21:14,610 - haw2k - Liked: 1760181542418475898. Like #155.
2018-04-18 04:22:37,033 - haw2k - Trying to like media: 1760181250370200753
2018-04-18 04:22:38,904 - haw2k - Liked: 1760181250370200753. Like #156.
2018-04-18 04:24:10,173 - haw2k - Trying to like media: 1760181209549645089
2018-04-18 04:24:10,950 - haw2k - Liked: 1760181209549645089. Like #157.
2018-04-18 04:24:37,976 - haw2k - Trying to follow: 47876515
2018-04-18 04:24:40,217 - haw2k - Followed: 47876515 #47.
2018-04-18 04:25:01,919 - haw2k - Trying to unfollow #1: 
2018-04-18 04:25:01,921 - haw2k - Getting user info : gossara.1999
2018-04-18 04:25:47,307 - haw2k - Trying to like media: 1760181081631798104
2018-04-18 04:25:48,843 - haw2k - Liked: 1760181081631798104. Like #158.
2018-04-18 04:27:10,562 - haw2k - Trying to like media: 1760181057245702664
2018-04-18 04:27:11,486 - haw2k - Liked: 1760181057245702664. Like #159.
2018-04-18 04:28:36,905 - haw2k - Trying to like media: 1760181006312118393
2018-04-18 04:28:38,319 - haw2k - Liked: 1760181006312118393. Like #160.
2018-04-18 04:29:51,306 - haw2k - Trying to follow: 7502649084
2018-04-18 04:29:52,173 - haw2k - Followed: 7502649084 #48.
2018-04-18 04:30:11,567 - haw2k - Trying to like media: 1760180920939267480
2018-04-18 04:30:12,672 - haw2k - Liked: 1760180920939267480. Like #161.
2018-04-18 04:30:21,679 - haw2k - Trying to unfollow #1: 
2018-04-18 04:30:21,681 - haw2k - Getting user info : spriggot
2018-04-18 04:31:40,013 - haw2k - Trying to like media: 1760180905227541440
2018-04-18 04:31:40,915 - haw2k - Liked: 1760180905227541440. Like #162.
2018-04-18 04:33:14,829 - haw2k - Trying to like media: 1760180862739056683
2018-04-18 04:33:16,436 - haw2k - Liked: 1760180862739056683. Like #163.
2018-04-18 04:34:44,776 - haw2k - Trying to like media: 1760180808340259888
2018-04-18 04:34:45,661 - haw2k - Liked: 1760180808340259888. Like #164.
2018-04-18 04:34:48,662 - haw2k - Trying to unfollow #1: 
2018-04-18 04:34:48,664 - haw2k - Getting user info : ysstan
2018-04-18 04:34:55,304 - haw2k - Trying to follow: 2155095850
2018-04-18 04:34:56,152 - haw2k - Followed: 2155095850 #49.
2018-04-18 04:36:09,960 - haw2k - Trying to like media: 1760180810906809868
2018-04-18 04:36:10,758 - haw2k - Liked: 1760180810906809868. Like #165.
2018-04-18 04:37:38,257 - haw2k - Trying to like media: 1760180789112381705
2018-04-18 04:37:39,483 - haw2k - Liked: 1760180789112381705. Like #166.
2018-04-18 04:39:06,585 - haw2k - Trying to like media: 1760180406375508455
2018-04-18 04:39:07,255 - haw2k - Liked: 1760180406375508455. Like #167.
2018-04-18 04:39:28,279 - haw2k - Trying to unfollow #1: 
2018-04-18 04:39:28,281 - haw2k - Getting user info : loop_kagoshima
2018-04-18 04:39:46,984 - haw2k - Trying to follow: 7212072704
2018-04-18 04:39:47,744 - haw2k - Followed: 7212072704 #50.
2018-04-18 04:40:40,349 - haw2k - Trying to like media: 1760180349834416331
2018-04-18 04:40:41,075 - haw2k - Liked: 1760180349834416331. Like #168.
2018-04-18 04:42:17,158 - haw2k - Trying to like media: 1760146391609660400
2018-04-18 04:42:18,063 - haw2k - Liked: 1760146391609660400. Like #169.
2018-04-18 04:43:49,438 - haw2k - Trying to like media: 1760180267005762236
2018-04-18 04:43:50,466 - haw2k - Liked: 1760180267005762236. Like #170.
2018-04-18 04:44:32,968 - haw2k - Trying to follow: 182522999
2018-04-18 04:44:34,154 - haw2k - Followed: 182522999 #51.
2018-04-18 04:44:43,779 - haw2k - Trying to unfollow #1: 
2018-04-18 04:44:43,781 - haw2k - Getting user info : muta_marine_osaka
2018-04-18 04:45:23,117 - haw2k - Trying to like media: 1760179947290323183
2018-04-18 04:45:23,715 - haw2k - Liked: 1760179947290323183. Like #171.
2018-04-18 04:46:51,202 - haw2k - Trying to like media: 1760180238569958116
2018-04-18 04:46:51,857 - haw2k - Liked: 1760180238569958116. Like #172.
2018-04-18 04:48:25,360 - haw2k - Trying to like media: 1760180234222582464
2018-04-18 04:48:26,685 - haw2k - Liked: 1760180234222582464. Like #173.
2018-04-18 04:49:09,565 - haw2k - Trying to unfollow #1: 
2018-04-18 04:49:09,567 - haw2k - Getting user info : tullygirl65
2018-04-18 04:49:15,854 - haw2k - Trying to follow: 575672027
2018-04-18 04:49:17,050 - haw2k - Followed: 575672027 #52.
2018-04-18 04:49:54,197 - haw2k - Trying to like media: 1760180222143185575
2018-04-18 04:49:54,789 - haw2k - Liked: 1760180222143185575. Like #174.
2018-04-18 04:51:20,251 - haw2k - Trying to like media: 1760180149909140649
2018-04-18 04:51:21,040 - haw2k - Liked: 1760180149909140649. Like #175.
2018-04-18 04:52:48,130 - haw2k - Trying to like media: 1760180089671602689
2018-04-18 04:52:49,205 - haw2k - Liked: 1760180089671602689. Like #176.
2018-04-18 04:53:40,666 - haw2k - Trying to unfollow #1: 
2018-04-18 04:53:40,668 - haw2k - Getting user info : tech.thoughts
2018-04-18 04:54:14,424 - haw2k - Trying to follow: 5514782160
2018-04-18 04:54:15,801 - haw2k - Followed: 5514782160 #53.
2018-04-18 04:54:25,459 - haw2k - Trying to like media: 1760180040942196540
2018-04-18 04:54:26,704 - haw2k - Liked: 1760180040942196540. Like #177.
2018-04-18 04:56:01,033 - haw2k - Trying to like media: 1760180026621538404
2018-04-18 04:56:02,729 - haw2k - Liked: 1760180026621538404. Like #178.
2018-04-18 04:57:34,119 - haw2k - Trying to like media: 1760179906882377723
2018-04-18 04:57:36,675 - haw2k - Liked: 1760179906882377723. Like #179.
2018-04-18 04:58:21,720 - haw2k - Trying to unfollow #1: 
2018-04-18 04:58:21,722 - haw2k - Getting user info : constantine_morte
2018-04-18 04:59:07,574 - haw2k - Trying to like media: 1760179854145138300
2018-04-18 04:59:08,279 - haw2k - Liked: 1760179854145138300. Like #180.
2018-04-18 04:59:08,280 - haw2k - Trying to follow: 2937691185
2018-04-18 04:59:09,183 - haw2k - Followed: 2937691185 #54.
2018-04-18 05:00:40,586 - haw2k - Trying to like media: 1760179634212583041
2018-04-18 05:00:41,282 - haw2k - Liked: 1760179634212583041. Like #181.
2018-04-18 05:02:06,617 - haw2k - Trying to like media: 1760179630763019586
2018-04-18 05:02:07,590 - haw2k - Liked: 1760179630763019586. Like #182.
2018-04-18 05:03:32,503 - haw2k - Trying to unfollow #1: 
2018-04-18 05:03:32,505 - haw2k - Getting user info : millykins_knits
2018-04-18 05:03:38,783 - haw2k - Trying to like media: 1760179605262470317
2018-04-18 05:03:39,992 - haw2k - Liked: 1760179605262470317. Like #183.
2018-04-18 05:04:25,922 - haw2k - Trying to follow: 5821139501
2018-04-18 05:04:26,997 - haw2k - Followed: 5821139501 #55.
2018-04-18 05:05:01,145 - haw2k - Trying to like media: 1760179602736694122
2018-04-18 05:05:02,071 - haw2k - Liked: 1760179602736694122. Like #184.
2018-04-18 05:06:24,098 - haw2k - Trying to like media: 1760179550794716602
2018-04-18 05:06:24,969 - haw2k - Liked: 1760179550794716602. Like #185.
2018-04-18 05:07:43,520 - haw2k - Trying to like media: 1760179405873059639
2018-04-18 05:07:45,284 - haw2k - Liked: 1760179405873059639. Like #186.
2018-04-18 05:08:15,718 - haw2k - Trying to unfollow #1: 
2018-04-18 05:08:15,720 - haw2k - Getting user info : shopbeautyvice
2018-04-18 05:09:13,223 - haw2k - Trying to like media: 1760179342103465099
2018-04-18 05:09:13,818 - haw2k - Liked: 1760179342103465099. Like #187.
2018-04-18 05:09:25,825 - haw2k - Trying to follow: 737263829
2018-04-18 05:09:26,683 - haw2k - Followed: 737263829 #56.
2018-04-18 05:10:48,364 - haw2k - Trying to like media: 1760179274944193784
2018-04-18 05:10:50,543 - haw2k - Liked: 1760179274944193784. Like #188.
2018-04-18 05:10:53,546 - haw2k - Get media id by tag: code
2018-04-18 05:10:55,585 - haw2k - Removing already liked medias..
2018-04-18 05:12:25,720 - haw2k - Trying to like media: 1760210110888899172
2018-04-18 05:12:27,144 - haw2k - Liked: 1760210110888899172. Like #189.
2018-04-18 05:13:30,214 - haw2k - Trying to unfollow #1: 
2018-04-18 05:13:30,216 - haw2k - Getting user info : ___rickyjam___
2018-04-18 05:13:57,922 - haw2k - Trying to like media: 1760210102398574151
2018-04-18 05:13:58,603 - haw2k - Liked: 1760210102398574151. Like #190.
2018-04-18 05:14:43,648 - haw2k - Trying to follow: 4475268393
2018-04-18 05:14:44,871 - haw2k - Followed: 4475268393 #57.
2018-04-18 05:15:31,205 - haw2k - Trying to like media: 1760209896768538875
2018-04-18 05:15:32,494 - haw2k - Liked: 1760209896768538875. Like #191.
2018-04-18 05:17:06,047 - haw2k - Trying to like media: 1760209824007489057
2018-04-18 05:17:31,870 - haw2k - Trying to like media: 1760209772316850754
2018-04-18 05:17:35,366 - haw2k - Liked: 1760209772316850754. Like #192.
2018-04-18 05:18:23,408 - haw2k - Trying to unfollow #1: 
2018-04-18 05:18:23,410 - haw2k - Getting user info : lat_tv
2018-04-18 05:19:06,417 - haw2k - Trying to like media: 1760209775250992296
2018-04-18 05:19:57,413 - haw2k - Liked: 1760209775250992296. Like #193.
2018-04-18 05:19:57,414 - haw2k - Trying to follow: 7166060196
2018-04-18 05:19:59,973 - haw2k - Followed: 7166060196 #58.
2018-04-18 05:21:20,509 - haw2k - Trying to like media: 1760209624029545067
2018-04-18 05:21:21,621 - haw2k - Liked: 1760209624029545067. Like #194.
2018-04-18 05:22:44,095 - haw2k - Trying to like media: 1760209614794955589
2018-04-18 05:22:45,308 - haw2k - Liked: 1760209614794955589. Like #195.
2018-04-18 05:23:18,342 - haw2k - Trying to unfollow #1: 
2018-04-18 05:23:18,348 - haw2k - Getting user info : emmanuelschurmann
2018-04-18 05:24:09,683 - haw2k - Trying to like media: 1760209588455440392
2018-04-18 05:24:10,481 - haw2k - Liked: 1760209588455440392. Like #196.
2018-04-18 05:24:40,915 - haw2k - Trying to follow: 2008186645
2018-04-18 05:24:41,901 - haw2k - Followed: 2008186645 #59.
2018-04-18 05:25:31,494 - haw2k - Trying to like media: 1760209534726432776
2018-04-18 05:25:32,323 - haw2k - Liked: 1760209534726432776. Like #197.
2018-04-18 05:27:00,690 - haw2k - Trying to like media: 1760209359202432507
2018-04-18 05:27:01,019 - haw2k - Not liked: 400
2018-04-18 05:27:58,663 - haw2k - Trying to unfollow #1: 
2018-04-18 05:27:58,667 - haw2k - Getting user info : _santocielo_
2018-04-18 05:28:26,443 - haw2k - Trying to like media: 1760209262054050585
2018-04-18 05:28:27,170 - haw2k - Liked: 1760209262054050585. Like #198.
2018-04-18 05:29:19,194 - haw2k - Already followed before 4775369689
2018-04-18 05:29:55,685 - haw2k - Trying to like media: 1760209249630444543
2018-04-18 05:29:56,427 - haw2k - Liked: 1760209249630444543. Like #199.
2018-04-18 05:31:30,062 - haw2k - Trying to like media: 1760209176079133404
2018-04-18 05:31:31,320 - haw2k - Liked: 1760209176079133404. Like #200.
2018-04-18 05:31:43,334 - haw2k - Trying to follow: 4668750700
2018-04-18 05:31:44,180 - haw2k - Followed: 4668750700 #60.
2018-04-18 05:32:57,464 - haw2k - Trying to like media: 1760209136324648053
2018-04-18 05:33:05,764 - haw2k - Liked: 1760209136324648053. Like #201.
2018-04-18 05:33:05,765 - haw2k - Trying to unfollow #1: 
2018-04-18 05:33:05,770 - haw2k - Getting user info : kseniya_kosmilina
2018-04-18 05:34:41,574 - haw2k - Trying to like media: 1760209113624701239
2018-04-18 05:34:42,734 - haw2k - Liked: 1760209113624701239. Like #202.
2018-04-18 05:36:07,740 - haw2k - Trying to like media: 1760209017323812619
2018-04-18 05:36:35,773 - haw2k - Trying to like media: 1760208637925270288
2018-04-18 05:36:37,244 - haw2k - Liked: 1760208637925270288. Like #203.
2018-04-18 05:36:37,245 - haw2k - Trying to follow: 5694117241
2018-04-18 05:36:38,162 - haw2k - Followed: 5694117241 #61.
2018-04-18 05:37:59,638 - haw2k - Trying to unfollow #1: 
2018-04-18 05:37:59,642 - haw2k - Getting user info : barnusha_yorkie
2018-04-18 05:38:26,721 - haw2k - Trying to like media: 1760208933405635962
2018-04-18 05:39:06,285 - haw2k - Trying to like media: 1760208862320777522
2018-04-18 05:39:07,216 - haw2k - Liked: 1760208862320777522. Like #204.
2018-04-18 05:40:34,290 - haw2k - Trying to like media: 1760208834259059324
2018-04-18 05:40:35,227 - haw2k - Liked: 1760208834259059324. Like #205.
2018-04-18 05:41:52,070 - haw2k - Trying to follow: 7524610713
2018-04-18 05:41:53,927 - haw2k - Followed: 7524610713 #62.
2018-04-18 05:42:06,711 - haw2k - Trying to like media: 1760208778298490844
2018-04-18 05:42:07,380 - haw2k - Liked: 1760208778298490844. Like #206.
2018-04-18 05:43:29,991 - haw2k - Trying to unfollow #1: 
2018-04-18 05:43:29,995 - haw2k - Getting user info : s.e.s.t.i.n.a
2018-04-18 05:44:05,620 - haw2k - Trying to like media: 1760208740886628888
2018-04-18 05:44:07,046 - haw2k - Liked: 1760208740886628888. Like #207.
2018-04-18 05:45:26,206 - haw2k - Trying to like media: 1760208708908332334
2018-04-18 05:45:29,391 - haw2k - Liked: 1760208708908332334. Like #208.
2018-04-18 05:46:57,238 - haw2k - Trying to like media: 1760207583217397534
2018-04-18 05:47:21,866 - haw2k - Trying to follow: 2136859752
2018-04-18 05:47:48,258 - haw2k - Trying to like media: 1760208479429347751
2018-04-18 05:48:09,114 - haw2k - Trying to follow: 2309509611
2018-04-18 05:48:25,679 - haw2k - Followed: 2309509611 #63.
2018-04-18 05:48:29,610 - haw2k - Trying to like media: 1760208454373843622
2018-04-18 05:48:30,479 - haw2k - Liked: 1760208454373843622. Like #209.
2018-04-18 05:48:42,489 - haw2k - Trying to unfollow #1: 
2018-04-18 05:48:42,490 - haw2k - Getting user info : p.ruminott.ph
2018-04-18 05:49:52,356 - haw2k - Trying to like media: 1760208367139650650
2018-04-18 05:49:53,017 - haw2k - Liked: 1760208367139650650. Like #210.
2018-04-18 05:51:15,329 - haw2k - Trying to like media: 1760208359633428364
2018-04-18 05:51:16,525 - haw2k - Liked: 1760208359633428364. Like #211.
2018-04-18 05:52:50,882 - haw2k - Trying to like media: 1760208267986158636
2018-04-18 05:52:58,923 - haw2k - Liked: 1760208267986158636. Like #212.
2018-04-18 05:53:16,939 - haw2k - Trying to unfollow #1: 
2018-04-18 05:53:16,945 - haw2k - Getting user info : d12_gnyce
2018-04-18 05:53:32,770 - haw2k - Trying to follow: 1629233718
2018-04-18 05:53:33,816 - haw2k - Followed: 1629233718 #64.
2018-04-18 05:54:20,427 - haw2k - Trying to like media: 1760208105752101129
2018-04-18 05:54:21,585 - haw2k - Liked: 1760208105752101129. Like #213.
2018-04-18 05:55:52,542 - haw2k - Trying to like media: 1760208083579130337
2018-04-18 05:55:53,327 - haw2k - Liked: 1760208083579130337. Like #214.
2018-04-18 05:57:27,245 - haw2k - Trying to like media: 1760208044496686411
2018-04-18 05:57:35,592 - haw2k - Liked: 1760208044496686411. Like #215.
2018-04-18 05:58:35,650 - haw2k - Trying to unfollow #1: 
2018-04-18 05:58:35,652 - haw2k - Getting user info : tkm_hr63
2018-04-18 05:58:51,846 - haw2k - Trying to follow: 355236051
2018-04-18 05:58:53,175 - haw2k - Followed: 355236051 #65.
2018-04-18 05:59:00,085 - haw2k - Trying to like media: 1760208016999156907
2018-04-18 05:59:00,865 - haw2k - Liked: 1760208016999156907. Like #216.
2018-04-18 06:00:38,292 - haw2k - Trying to like media: 1760207846853978238
2018-04-18 06:00:39,032 - haw2k - Liked: 1760207846853978238. Like #217.
2018-04-18 06:02:01,503 - haw2k - Trying to like media: 1760207986298395297
2018-04-18 06:02:02,645 - haw2k - Liked: 1760207986298395297. Like #218.
2018-04-18 06:03:26,721 - haw2k - Trying to follow: 3087125688
2018-04-18 06:03:28,059 - haw2k - Followed: 3087125688 #66.
2018-04-18 06:03:38,512 - haw2k - Trying to like media: 1760207947752714835
2018-04-18 06:03:39,602 - haw2k - Liked: 1760207947752714835. Like #219.
2018-04-18 06:03:57,621 - haw2k - Trying to unfollow #1: 
2018-04-18 06:03:57,627 - haw2k - Getting user info : aryan.porwal.767
2018-04-18 06:05:13,890 - haw2k - Trying to like media: 1760207936325849318
2018-04-18 06:05:14,646 - haw2k - Liked: 1760207936325849318. Like #220.
2018-04-18 06:06:43,007 - haw2k - Trying to like media: 1760207935830822472
2018-04-18 06:06:44,299 - haw2k - Liked: 1760207935830822472. Like #221.
2018-04-18 06:07:50,970 - haw2k - Trying to follow: 1458677001
2018-04-18 06:07:51,883 - haw2k - Followed: 1458677001 #67.
2018-04-18 06:08:19,688 - haw2k - Trying to like media: 1760207875172605066
2018-04-18 06:08:20,963 - haw2k - Liked: 1760207875172605066. Like #222.
2018-04-18 06:09:03,860 - haw2k - Trying to unfollow #1: 
2018-04-18 06:09:03,862 - haw2k - Getting user info : mery.jp
2018-04-18 06:09:46,646 - haw2k - Trying to like media: 1760207779098089862
2018-04-18 06:09:47,286 - haw2k - Liked: 1760207779098089862. Like #223.
2018-04-18 06:09:50,290 - haw2k - Get media id by tag: repeat
2018-04-18 06:09:52,722 - haw2k - Removing already liked medias..
2018-04-18 06:11:08,227 - haw2k - Trying to like media: 1760239266904304372
2018-04-18 06:11:09,026 - haw2k - Liked: 1760239266904304372. Like #224.
2018-04-18 06:12:22,338 - haw2k - Trying to follow: 867174336
2018-04-18 06:12:23,508 - haw2k - Followed: 867174336 #68.
2018-04-18 06:12:30,287 - haw2k - Trying to like media: 1760232959897422447
2018-04-18 06:12:31,607 - haw2k - Liked: 1760232959897422447. Like #225.
2018-04-18 06:13:59,624 - haw2k - Trying to unfollow #1: 
2018-04-18 06:13:59,630 - haw2k - Getting user info : jbusybear
2018-04-18 06:14:05,983 - haw2k - Trying to like media: 1760238896396285600
2018-04-18 06:14:07,541 - haw2k - Liked: 1760238896396285600. Like #226.
2018-04-18 06:15:32,482 - haw2k - Trying to like media: 1760237421630222120
2018-04-18 06:15:33,623 - haw2k - Liked: 1760237421630222120. Like #227.
2018-04-18 06:16:58,657 - haw2k - Trying to like media: 1760238294750188502
2018-04-18 06:17:00,036 - haw2k - Liked: 1760238294750188502. Like #228.
2018-04-18 06:17:15,054 - haw2k - Trying to follow: 1010146563
2018-04-18 06:17:16,367 - haw2k - Followed: 1010146563 #69.
2018-04-18 06:18:20,656 - haw2k - Trying to like media: 1760238409806513364
2018-04-18 06:18:21,818 - haw2k - Liked: 1760238409806513364. Like #229.
2018-04-18 06:18:24,822 - haw2k - Trying to unfollow #1: 
2018-04-18 06:18:24,823 - haw2k - Getting user info : demiy_yuki_kakita
2018-04-18 06:19:43,639 - haw2k - Trying to like media: 1760237965327989736
2018-04-18 06:19:44,474 - haw2k - Liked: 1760237965327989736. Like #230.
2018-04-18 06:21:19,165 - haw2k - Trying to like media: 1760237841327438198
2018-04-18 06:21:21,032 - haw2k - Liked: 1760237841327438198. Like #231.
2018-04-18 06:22:18,996 - haw2k - Trying to follow: 4582726631
2018-04-18 06:22:20,398 - haw2k - Followed: 4582726631 #70.
2018-04-18 06:22:57,742 - haw2k - Trying to like media: 1760237808177207448
2018-04-18 06:22:59,137 - haw2k - Liked: 1760237808177207448. Like #232.
2018-04-18 06:23:05,143 - haw2k - Trying to unfollow #1: 
2018-04-18 06:23:05,146 - haw2k - Getting user info : hrelisabeth94
2018-04-18 06:24:21,012 - haw2k - Trying to like media: 1760237494938305471
2018-04-18 06:24:22,069 - haw2k - Liked: 1760237494938305471. Like #233.
2018-04-18 06:25:52,572 - haw2k - Trying to like media: 1760237355158249282
2018-04-18 06:25:54,097 - haw2k - Liked: 1760237355158249282. Like #234.
2018-04-18 06:26:57,594 - haw2k - Trying to follow: 6314742467
2018-04-18 06:26:59,839 - haw2k - Followed: 6314742467 #71.
2018-04-18 06:27:18,637 - haw2k - Trying to like media: 1760237134587198556
2018-04-18 06:27:19,487 - haw2k - Liked: 1760237134587198556. Like #235.
2018-04-18 06:27:58,924 - haw2k - Trying to unfollow #1: 
2018-04-18 06:27:58,926 - haw2k - Getting user info : agiotage_store
2018-04-18 06:28:48,129 - haw2k - Trying to like media: 1760234891659700669
2018-04-18 06:28:49,184 - haw2k - Liked: 1760234891659700669. Like #236.
2018-04-18 06:30:14,710 - haw2k - Trying to like media: 1760236033936204191
2018-04-18 06:30:16,269 - haw2k - Liked: 1760236033936204191. Like #237.
2018-04-18 06:31:23,297 - haw2k - Trying to follow: 7063966993
2018-04-18 06:31:24,694 - haw2k - Followed: 7063966993 #72.
2018-04-18 06:31:40,547 - haw2k - Trying to like media: 1760236607196941672
2018-04-18 06:31:41,642 - haw2k - Liked: 1760236607196941672. Like #238.
2018-04-18 06:31:44,643 - haw2k - Get media id by tag: code
2018-04-18 06:31:46,288 - haw2k - Removing already liked medias..
2018-04-18 06:33:05,129 - haw2k - Trying to like media: 1760250641278544725
2018-04-18 06:33:06,884 - haw2k - Liked: 1760250641278544725. Like #239.
2018-04-18 06:33:06,884 - haw2k - Trying to unfollow #1: 
2018-04-18 06:33:06,886 - haw2k - Getting user info : kingston_kingbully
2018-04-18 06:34:41,203 - haw2k - Trying to like media: 1760250555245421990
2018-04-18 06:34:42,703 - haw2k - Liked: 1760250555245421990. Like #240.
2018-04-18 06:36:06,792 - haw2k - Trying to like media: 1760250539323291768
2018-04-18 06:36:08,349 - haw2k - Liked: 1760250539323291768. Like #241.
2018-04-18 06:36:12,217 - haw2k - Trying to follow: 7110823466
2018-04-18 06:36:13,461 - haw2k - Followed: 7110823466 #73.
2018-04-18 06:37:30,245 - haw2k - Trying to like media: 1760250410239464026
2018-04-18 06:37:31,583 - haw2k - Liked: 1760250410239464026. Like #242.
2018-04-18 06:38:08,122 - haw2k - Trying to unfollow #1: 
2018-04-18 06:38:08,126 - haw2k - Getting user info : af_shoes_af
2018-04-18 06:39:06,405 - haw2k - Trying to like media: 1760250180417109466
2018-04-18 06:39:07,665 - haw2k - Liked: 1760250180417109466. Like #243.
2018-04-18 06:39:10,669 - haw2k - Get media id by tag: code
2018-04-18 06:39:12,647 - haw2k - Removing already liked medias..
2018-04-18 06:40:31,841 - haw2k - Trying to like media: 1760254782214019522
2018-04-18 06:40:33,795 - haw2k - Liked: 1760254782214019522. Like #244.
2018-04-18 06:41:00,825 - haw2k - Trying to follow: 6827925687
2018-04-18 06:41:05,164 - haw2k - Followed: 6827925687 #74.
2018-04-18 06:41:58,191 - haw2k - Trying to like media: 1760254550511756877
2018-04-18 06:41:59,973 - haw2k - Liked: 1760254550511756877. Like #245.
2018-04-18 06:43:03,463 - haw2k - Trying to unfollow #1: 
2018-04-18 06:43:03,468 - haw2k - Getting user info : getmomental
2018-04-18 06:43:20,627 - haw2k - Trying to like media: 1760254473328201349
2018-04-18 06:43:21,895 - haw2k - Liked: 1760254473328201349. Like #246.
2018-04-18 06:44:56,239 - haw2k - Trying to like media: 1760254187923177738
2018-04-18 06:44:57,493 - haw2k - Liked: 1760254187923177738. Like #247.
2018-04-18 06:46:16,312 - haw2k - Trying to follow: 7479491174
2018-04-18 06:46:17,698 - haw2k - Followed: 7479491174 #75.
2018-04-18 06:46:27,655 - haw2k - Trying to like media: 1760254098568782286
2018-04-18 06:46:28,302 - haw2k - Liked: 1760254098568782286. Like #248.
2018-04-18 06:47:55,831 - haw2k - Trying to like media: 1760253971280144895
2018-04-18 06:47:56,797 - haw2k - Liked: 1760253971280144895. Like #249.
2018-04-18 06:47:59,797 - haw2k - Get media id by tag: code
2018-04-18 06:48:04,906 - haw2k - Removing already liked medias..
2018-04-18 06:48:17,830 - haw2k - Trying to unfollow #1: 
2018-04-18 06:48:17,832 - haw2k - Getting user info : larrybirdthegcc
2018-04-18 06:49:25,214 - haw2k - Trying to like media: 1760258707571928938
2018-04-18 06:49:26,557 - haw2k - Liked: 1760258707571928938. Like #250.
2018-04-18 06:50:57,568 - haw2k - Trying to like media: 1760258703107743636
2018-04-18 06:51:03,869 - haw2k - Liked: 1760258703107743636. Like #251.
2018-04-18 06:51:30,901 - haw2k - Trying to follow: 5925619937
2018-04-18 06:51:31,843 - haw2k - Followed: 5925619937 #76.
2018-04-18 06:52:36,637 - haw2k - Trying to like media: 1760258671356929300
2018-04-18 06:52:37,851 - haw2k - Liked: 1760258671356929300. Like #252.
2018-04-18 06:53:16,893 - haw2k - Trying to unfollow #1: 
2018-04-18 06:53:16,895 - haw2k - Getting user info : testechno
2018-04-18 06:54:00,940 - haw2k - Trying to like media: 1760258649882929261
2018-04-18 06:54:23,965 - haw2k - Trying to like media: 1760258564519447576
2018-04-18 06:54:46,990 - haw2k - Trying to like media: 1760258517209438993
2018-04-18 06:55:10,021 - haw2k - Trying to like media: 1760258415806245228
2018-04-18 06:55:33,056 - haw2k - Trying to like media: 1760258195590205891
2018-04-18 06:55:56,085 - haw2k - Trying to like media: 1760258172125607925
2018-04-18 06:56:19,114 - haw2k - Trying to like media: 1760258063108715660
2018-04-18 06:56:39,129 - haw2k - Trying to follow: 7343471484
2018-04-18 06:57:02,158 - haw2k - Trying to like media: 1760257864952622091
2018-04-18 06:57:22,184 - haw2k - Trying to follow: 2163876099
2018-04-18 06:57:45,207 - haw2k - Trying to like media: 1760257856069447097
2018-04-18 06:58:05,230 - haw2k - Trying to follow: 1109252580
2018-04-18 06:58:28,263 - haw2k - Trying to like media: 1760257660187117389
2018-04-18 06:58:48,294 - haw2k - Trying to follow: 6873650415
2018-04-18 06:59:08,322 - haw2k - Trying to unfollow #1: 
2018-04-18 06:59:08,326 - haw2k - Getting user info : 50rackzaslap
