2018-04-17 15:58:21,176 - haw2k - Instabot v1.2.0 started at 17.04.2018 15:58:

2018-04-17 15:58:21,176 - haw2k - Trying to login as haw2k...

2018-04-17 15:58:28,610 - haw2k - haw2k login success!
2018-04-17 15:58:28,612 - haw2k - Get media id by tag: code
2018-04-17 15:58:29,944 - haw2k - Removing already liked medias..
2018-04-17 15:58:29,972 - haw2k - Trying to like media: 1759811393892100901
2018-04-17 15:58:30,605 - haw2k - Liked: 1759811393892100901. Like #1.
2018-04-17 15:58:30,606 - haw2k - Trying to follow: 993389311
2018-04-17 15:58:31,546 - haw2k - Followed: 993389311 #1.
2018-04-17 15:58:32,284 - haw2k - Trying to unfollow #1: 
2018-04-17 15:58:32,285 - haw2k - Getting user info : jacopolampo
2018-04-17 15:59:56,645 - haw2k - Trying to like media: 1759811155477504444
2018-04-17 15:59:57,469 - haw2k - Liked: 1759811155477504444. Like #2.
2018-04-17 16:01:28,356 - haw2k - Trying to like media: 1759811018459378319
2018-04-17 16:01:29,254 - haw2k - Liked: 1759811018459378319. Like #3.
2018-04-17 16:02:59,349 - haw2k - Trying to like media: 1759810893318601385
2018-04-17 16:03:00,242 - haw2k - Liked: 1759810893318601385. Like #4.
2018-04-17 16:03:09,249 - haw2k - Trying to unfollow #1: 
2018-04-17 16:03:09,251 - haw2k - Getting user info : tabbyokinawa
2018-04-17 16:03:28,262 - haw2k - Trying to follow: 1283538407
2018-04-17 16:03:29,312 - haw2k - Followed: 1283538407 #2.
2018-04-17 16:04:30,049 - haw2k - Trying to like media: 1759810425836590384
2018-04-17 16:04:30,951 - haw2k - Liked: 1759810425836590384. Like #5.
2018-04-17 16:05:52,027 - haw2k - Trying to like media: 1759810310132547510
2018-04-17 16:05:52,967 - haw2k - Liked: 1759810310132547510. Like #6.
2018-04-17 16:07:20,061 - haw2k - Trying to like media: 1759810214753869484
2018-04-17 16:07:21,097 - haw2k - Liked: 1759810214753869484. Like #7.
2018-04-17 16:08:12,150 - haw2k - Trying to unfollow #1: 
2018-04-17 16:08:12,152 - haw2k - Getting user info : marsamsonsen
2018-04-17 16:08:27,486 - haw2k - Trying to follow: 1677910467
2018-04-17 16:08:28,443 - haw2k - Followed: 1677910467 #3.
2018-04-17 16:08:50,224 - haw2k - Trying to like media: 1759810098814949087
2018-04-17 16:08:50,792 - haw2k - Liked: 1759810098814949087. Like #8.
2018-04-17 16:10:23,877 - haw2k - Trying to like media: 1759809447835058421
2018-04-17 16:10:24,706 - haw2k - Liked: 1759809447835058421. Like #9.
2018-04-17 16:11:51,790 - haw2k - Trying to like media: 1759807400813793499
2018-04-17 16:11:53,018 - haw2k - Liked: 1759807400813793499. Like #10.
2018-04-17 16:13:17,107 - haw2k - Trying to like media: 1759809397653043420
2018-04-17 16:13:17,680 - haw2k - Liked: 1759809397653043420. Like #11.
2018-04-17 16:13:23,685 - haw2k - Trying to unfollow #1: 
2018-04-17 16:13:23,687 - haw2k - Getting user info : rojopunx
2018-04-17 16:13:33,330 - haw2k - Trying to follow: 2518079675
2018-04-17 16:13:34,483 - haw2k - Followed: 2518079675 #4.
2018-04-17 16:14:41,243 - haw2k - Trying to like media: 1759809132448058753
2018-04-17 16:14:41,847 - haw2k - Liked: 1759809132448058753. Like #12.
2018-04-17 16:16:12,404 - haw2k - Trying to like media: 1759808471140063552
2018-04-17 16:16:13,335 - haw2k - Liked: 1759808471140063552. Like #13.
2018-04-17 16:17:49,845 - haw2k - Trying to like media: 1759808370839099220
2018-04-17 16:17:50,481 - haw2k - Liked: 1759808370839099220. Like #14.
2018-04-17 16:18:02,495 - haw2k - Trying to follow: 6759050514
2018-04-17 16:18:03,746 - haw2k - Followed: 6759050514 #5.
2018-04-17 16:18:04,764 - haw2k - Trying to unfollow #1: 
2018-04-17 16:18:04,765 - haw2k - Getting user info : jillferrietales
2018-04-17 16:19:11,119 - haw2k - Trying to like media: 1759808136628443319
2018-04-17 16:19:11,691 - haw2k - Liked: 1759808136628443319. Like #15.
2018-04-17 16:20:38,781 - haw2k - Keep calm - It's already liked ;)
2018-04-17 16:20:41,786 - haw2k - Trying to like media: 1759807899766628075
2018-04-17 16:20:43,204 - haw2k - Liked: 1759807899766628075. Like #16.
2018-04-17 16:22:04,283 - haw2k - Keep calm - It's already liked ;)
2018-04-17 16:22:07,287 - haw2k - Trying to like media: 1759807588995624524
2018-04-17 16:22:07,886 - haw2k - Liked: 1759807588995624524. Like #17.
2018-04-17 16:23:13,937 - haw2k - Trying to follow: 7517163300
2018-04-17 16:23:15,130 - haw2k - Followed: 7517163300 #6.
2018-04-17 16:23:21,948 - haw2k - Trying to unfollow #1: 
2018-04-17 16:23:21,949 - haw2k - Getting user info : gjenko333
2018-04-17 16:23:31,271 - haw2k - Keep calm - It's already liked ;)
2018-04-17 16:23:34,275 - haw2k - Trying to like media: 1759807140137989403
2018-04-17 16:23:35,182 - haw2k - Liked: 1759807140137989403. Like #18.
2018-04-17 16:24:59,278 - haw2k - Keep calm - It's already liked ;)
2018-04-17 16:25:02,283 - haw2k - Trying to like media: 1759806968037274039
2018-04-17 16:25:03,148 - haw2k - Liked: 1759806968037274039. Like #19.
2018-04-17 16:26:36,256 - haw2k - Keep calm - It's already liked ;)
2018-04-17 16:26:39,260 - haw2k - Trying to like media: 1759806635208880757
2018-04-17 16:26:40,614 - haw2k - Liked: 1759806635208880757. Like #20.
2018-04-17 16:28:05,425 - haw2k - Trying to follow: 1514402710
2018-04-17 16:28:08,528 - haw2k - Followed: 1514402710 #7.
2018-04-17 16:28:12,272 - haw2k - Keep calm - It's already liked ;)
2018-04-17 16:28:15,277 - haw2k - Trying to like media: 1759805909334626791
2018-04-17 16:28:21,557 - haw2k - Liked: 1759805909334626791. Like #21.
2018-04-17 16:28:40,296 - haw2k - Trying to unfollow #1: 
2018-04-17 16:28:40,299 - haw2k - Getting user info : kakuafit
2018-04-17 16:29:52,652 - haw2k - Keep calm - It's already liked ;)
2018-04-17 16:29:55,656 - haw2k - Trying to like media: 1759805677810611432
2018-04-17 16:29:56,276 - haw2k - Liked: 1759805677810611432. Like #22.
2018-04-17 16:31:17,360 - haw2k - Keep calm - It's already liked ;)
2018-04-17 16:31:20,364 - haw2k - Trying to like media: 1759805238255957416
2018-04-17 16:31:21,423 - haw2k - Liked: 1759805238255957416. Like #23.
2018-04-17 16:32:55,491 - haw2k - Keep calm - It's already liked ;)
2018-04-17 16:32:58,495 - haw2k - Trying to like media: 1759804888306504678
2018-04-17 16:32:59,373 - haw2k - Liked: 1759804888306504678. Like #24.
2018-04-17 16:33:17,394 - haw2k - Trying to follow: 6023717744
2018-04-17 16:33:19,402 - haw2k - Followed: 6023717744 #8.
2018-04-17 16:33:50,085 - haw2k - Trying to unfollow #1: 
2018-04-17 16:33:50,087 - haw2k - Getting user info : agu_lovecos
2018-04-17 16:34:23,720 - haw2k - Keep calm - It's already liked ;)
2018-04-17 16:34:26,722 - haw2k - Trying to like media: 1759804321154006672
2018-04-17 16:34:27,798 - haw2k - Liked: 1759804321154006672. Like #25.
2018-04-17 16:35:55,572 - haw2k - Keep calm - It's already liked ;)
2018-04-17 16:35:58,576 - haw2k - Trying to like media: 1759804227544661651
2018-04-17 16:35:59,222 - haw2k - Liked: 1759804227544661651. Like #26.
2018-04-17 16:37:32,474 - haw2k - Keep calm - It's already liked ;)
2018-04-17 16:37:35,477 - haw2k - Trying to like media: 1759803672144723030
2018-04-17 16:37:36,519 - haw2k - Liked: 1759803672144723030. Like #27.
2018-04-17 16:37:51,536 - haw2k - Trying to follow: 1005228586
2018-04-17 16:37:52,276 - haw2k - Followed: 1005228586 #9.
2018-04-17 16:38:57,228 - haw2k - Trying to unfollow #1: 
2018-04-17 16:38:57,230 - haw2k - Getting user info : serinicsatecnologia
2018-04-17 16:39:03,537 - haw2k - Keep calm - It's already liked ;)
2018-04-17 16:39:06,542 - haw2k - Trying to like media: 1759803173844571203
2018-04-17 16:39:07,197 - haw2k - Liked: 1759803173844571203. Like #28.
2018-04-17 16:40:40,284 - haw2k - Keep calm - It's already liked ;)
2018-04-17 16:40:43,287 - haw2k - Trying to like media: 1759802956779397444
2018-04-17 16:40:44,134 - haw2k - Liked: 1759802956779397444. Like #29.
2018-04-17 16:42:20,231 - haw2k - Keep calm - It's already liked ;)
2018-04-17 16:42:23,235 - haw2k - Trying to like media: 1759802109993065231
2018-04-17 16:42:24,854 - haw2k - Liked: 1759802109993065231. Like #30.
2018-04-17 16:42:42,875 - haw2k - Trying to follow: 4160918231
2018-04-17 16:42:43,768 - haw2k - Followed: 4160918231 #10.
2018-04-17 16:43:59,773 - haw2k - Trying to like media: 1759802094474085726
2018-04-17 16:44:00,910 - haw2k - Liked: 1759802094474085726. Like #31.
2018-04-17 16:44:12,922 - haw2k - Trying to unfollow #1: 
2018-04-17 16:44:12,924 - haw2k - Getting user info : yuki6516
2018-04-17 16:45:19,790 - haw2k - Trying to like media: 1759801985598463200
2018-04-17 16:45:20,472 - haw2k - Liked: 1759801985598463200. Like #32.
2018-04-17 16:46:53,568 - haw2k - Trying to like media: 1759801811299856041
2018-04-17 16:46:54,854 - haw2k - Liked: 1759801811299856041. Like #33.
2018-04-17 16:48:01,336 - haw2k - Trying to follow: 185598667
2018-04-17 16:48:02,307 - haw2k - Followed: 185598667 #11.
2018-04-17 16:48:21,020 - haw2k - Trying to like media: 1759801784991534455
2018-04-17 16:48:22,155 - haw2k - Liked: 1759801784991534455. Like #34.
2018-04-17 16:48:43,586 - haw2k - Trying to unfollow #1: 
2018-04-17 16:48:43,587 - haw2k - Getting user info : sophizma
2018-04-17 16:49:58,970 - haw2k - Trying to like media: 1759800818128666164
2018-04-17 16:49:59,639 - haw2k - Liked: 1759800818128666164. Like #35.
2018-04-17 16:51:35,736 - haw2k - Trying to like media: 1759801456116658431
2018-04-17 16:51:36,831 - haw2k - Liked: 1759801456116658431. Like #36.
2018-04-17 16:52:33,899 - haw2k - Trying to follow: 1996812765
2018-04-17 16:52:34,863 - haw2k - Followed: 1996812765 #12.
2018-04-17 16:53:05,616 - haw2k - Trying to like media: 1759801129304407045
2018-04-17 16:53:06,268 - haw2k - Liked: 1759801129304407045. Like #37.
2018-04-17 16:53:45,312 - haw2k - Trying to unfollow #1: 
2018-04-17 16:53:45,313 - haw2k - Getting user info : amd1_ceo
2018-04-17 16:54:39,652 - haw2k - Trying to like media: 1759800700428167064
2018-04-17 16:54:40,470 - haw2k - Liked: 1759800700428167064. Like #38.
2018-04-17 16:56:01,561 - haw2k - Trying to like media: 1759800561705883076
2018-04-17 16:56:02,688 - haw2k - Liked: 1759800561705883076. Like #39.
2018-04-17 16:57:32,794 - haw2k - Trying to like media: 1759800525786137929
2018-04-17 16:57:34,224 - haw2k - Liked: 1759800525786137929. Like #40.
2018-04-17 16:57:40,229 - haw2k - Trying to follow: 7528650690
2018-04-17 16:57:41,583 - haw2k - Followed: 7528650690 #13.
2018-04-17 16:58:30,402 - haw2k - Trying to unfollow #1: 
2018-04-17 16:58:30,403 - haw2k - Getting user info : drtoronto
2018-04-17 16:58:54,711 - haw2k - Trying to like media: 1759799219085747174
2018-04-17 16:58:55,378 - haw2k - Liked: 1759799219085747174. Like #41.
2018-04-17 17:00:16,467 - haw2k - Keep calm - It's already liked ;)
2018-04-17 17:00:19,472 - haw2k - Trying to like media: 1759653464318847718
2018-04-17 17:00:20,079 - haw2k - Liked: 1759653464318847718. Like #42.
2018-04-17 17:02:14,208 - haw2k - Get media id by tag: sleep
2018-04-17 17:02:16,275 - haw2k - Removing already liked medias..
2018-04-17 17:02:16,309 - haw2k - Trying to like media: 1759843612882192065
2018-04-17 17:02:17,655 - haw2k - Liked: 1759843612882192065. Like #43.
2018-04-17 17:02:32,676 - haw2k - Trying to follow: 395605732
2018-04-17 17:02:33,994 - haw2k - Followed: 395605732 #14.
2018-04-17 17:03:31,787 - haw2k - Trying to unfollow #1: 
2018-04-17 17:03:31,788 - haw2k - Getting user info : toto_jackie
2018-04-17 17:03:44,099 - haw2k - Trying to like media: 1759842954283204244
2018-04-17 17:03:45,065 - haw2k - Liked: 1759842954283204244. Like #44.
2018-04-17 17:05:06,862 - haw2k - Trying to like media: 1759843084331661588
2018-04-17 17:05:08,004 - haw2k - Liked: 1759843084331661588. Like #45.
2018-04-17 17:06:29,095 - haw2k - Trying to like media: 1759843084257943294
2018-04-17 17:06:30,409 - haw2k - Liked: 1759843084257943294. Like #46.
2018-04-17 17:07:03,449 - haw2k - Trying to follow: 4198805730
2018-04-17 17:07:05,215 - haw2k - Followed: 4198805730 #15.
2018-04-17 17:08:06,274 - haw2k - Trying to like media: 1759843083593306412
2018-04-17 17:08:07,741 - haw2k - Liked: 1759843083593306412. Like #47.
2018-04-17 17:08:22,758 - haw2k - Trying to unfollow #1: 
2018-04-17 17:08:22,760 - haw2k - Getting user info : lollylady60
2018-04-17 17:09:41,131 - haw2k - Trying to like media: 1759843059376682628
2018-04-17 17:09:42,014 - haw2k - Liked: 1759843059376682628. Like #48.
2018-04-17 17:11:18,105 - haw2k - Trying to like media: 1759843059754763726
2018-04-17 17:11:19,624 - haw2k - Liked: 1759843059754763726. Like #49.
2018-04-17 17:11:55,659 - haw2k - Already followed before 5395961625
2018-04-17 17:12:46,712 - haw2k - Trying to like media: 1759843020167052127
2018-04-17 17:12:48,070 - haw2k - Liked: 1759843020167052127. Like #50.
2018-04-17 17:12:51,074 - haw2k - Trying to unfollow #1: 
2018-04-17 17:12:51,076 - haw2k - Getting user info : wiznail_0502
2018-04-17 17:14:08,386 - haw2k - Trying to like media: 1759842953142263014
2018-04-17 17:14:09,273 - haw2k - Liked: 1759842953142263014. Like #51.
2018-04-17 17:14:09,273 - haw2k - Trying to follow: 6875446778
2018-04-17 17:14:10,734 - haw2k - Followed: 6875446778 #16.
2018-04-17 17:15:35,774 - haw2k - Trying to like media: 1759842898710240728
2018-04-17 17:15:36,651 - haw2k - Liked: 1759842898710240728. Like #52.
2018-04-17 17:17:01,171 - haw2k - Trying to like media: 1759842871772606107
2018-04-17 17:17:02,612 - haw2k - Liked: 1759842871772606107. Like #53.
2018-04-17 17:17:33,068 - haw2k - Trying to unfollow #1: 
2018-04-17 17:17:33,069 - haw2k - Getting user info : dolce_far_niente_fashion
2018-04-17 17:18:27,695 - haw2k - Trying to like media: 1759842876580976101
2018-04-17 17:18:28,850 - haw2k - Liked: 1759842876580976101. Like #54.
2018-04-17 17:18:34,854 - haw2k - Trying to follow: 6952051766
2018-04-17 17:18:36,368 - haw2k - Followed: 6952051766 #17.
2018-04-17 17:20:01,691 - haw2k - Trying to like media: 1759842483623317608
2018-04-17 17:20:02,897 - haw2k - Liked: 1759842483623317608. Like #55.
2018-04-17 17:21:27,388 - haw2k - Trying to like media: 1759842749089194313
2018-04-17 17:21:33,840 - haw2k - Liked: 1759842749089194313. Like #56.
2018-04-17 17:22:12,883 - haw2k - Trying to unfollow #1: 
2018-04-17 17:22:12,885 - haw2k - Getting user info : yun.ir
2018-04-17 17:23:01,508 - haw2k - Trying to like media: 1759842726289216992
2018-04-17 17:23:02,433 - haw2k - Liked: 1759842726289216992. Like #57.
2018-04-17 17:23:20,458 - haw2k - Trying to follow: 1560584471
2018-04-17 17:23:21,220 - haw2k - Followed: 1560584471 #18.
2018-04-17 17:24:24,407 - haw2k - Trying to like media: 1759842695251081548
2018-04-17 17:24:25,653 - haw2k - Liked: 1759842695251081548. Like #58.
2018-04-17 17:25:46,741 - haw2k - Trying to like media: 1759842653007287949
2018-04-17 17:25:47,723 - haw2k - Liked: 1759842653007287949. Like #59.
2018-04-17 17:27:03,482 - haw2k - Trying to unfollow #1: 
2018-04-17 17:27:03,483 - haw2k - Getting user info : rocco.naes
2018-04-17 17:27:22,486 - haw2k - Trying to like media: 1759842650423679221
2018-04-17 17:27:23,153 - haw2k - Liked: 1759842650423679221. Like #60.
2018-04-17 17:28:14,218 - haw2k - Trying to follow: 2327300760
2018-04-17 17:28:15,850 - haw2k - Followed: 2327300760 #19.
2018-04-17 17:28:48,816 - haw2k - Trying to like media: 1759842603967490174
2018-04-17 17:28:49,834 - haw2k - Liked: 1759842603967490174. Like #61.
2018-04-17 17:30:22,942 - haw2k - Trying to like media: 1759842588172470475
2018-04-17 17:30:23,880 - haw2k - Liked: 1759842588172470475. Like #62.
2018-04-17 17:31:44,965 - haw2k - Trying to like media: 1759842580001441565
2018-04-17 17:31:46,109 - haw2k - Liked: 1759842580001441565. Like #63.
2018-04-17 17:31:55,115 - haw2k - Trying to unfollow #1: 
2018-04-17 17:31:55,116 - haw2k - Getting user info : hard.decoder
2018-04-17 17:33:02,149 - haw2k - Already followed before 688492719
2018-04-17 17:33:08,161 - haw2k - Trying to like media: 1759841937954085818
2018-04-17 17:33:09,385 - haw2k - Liked: 1759841937954085818. Like #64.
2018-04-17 17:33:12,389 - haw2k - Get media id by tag: code
2018-04-17 17:33:14,140 - haw2k - Removing already liked medias..
2018-04-17 17:34:32,287 - haw2k - Trying to like media: 1759858910405440648
2018-04-17 17:34:33,379 - haw2k - Liked: 1759858910405440648. Like #65.
2018-04-17 17:35:15,430 - haw2k - Trying to follow: 1069263065
2018-04-17 17:35:17,159 - haw2k - Followed: 1069263065 #20.
2018-04-17 17:36:05,929 - haw2k - Trying to like media: 1759858324167244353
2018-04-17 17:36:07,920 - haw2k - Liked: 1759858324167244353. Like #66.
2018-04-17 17:37:08,387 - haw2k - Trying to unfollow #1: 
2018-04-17 17:37:08,389 - haw2k - Getting user info : nicoysupandilla
2018-04-17 17:37:42,420 - haw2k - Trying to like media: 1759857861821673285
2018-04-17 17:37:44,003 - haw2k - Liked: 1759857861821673285. Like #67.
2018-04-17 17:39:18,356 - haw2k - Trying to like media: 1759857859112654012
2018-04-17 17:39:19,027 - haw2k - Liked: 1759857859112654012. Like #68.
2018-04-17 17:40:19,558 - haw2k - Trying to follow: 3998277949
2018-04-17 17:40:21,567 - haw2k - Followed: 3998277949 #21.
2018-04-17 17:40:40,906 - haw2k - Trying to like media: 1759857730615794910
2018-04-17 17:40:41,733 - haw2k - Liked: 1759857730615794910. Like #69.
2018-04-17 17:42:02,834 - haw2k - Trying to like media: 1759857301186727118
2018-04-17 17:42:03,741 - haw2k - Liked: 1759857301186727118. Like #70.
2018-04-17 17:42:10,453 - haw2k - Trying to unfollow #1: 
2018-04-17 17:42:10,455 - haw2k - Getting user info : imsleeptoday
2018-04-17 17:43:35,505 - haw2k - Trying to like media: 1759857574142215047
2018-04-17 17:43:37,065 - haw2k - Liked: 1759857574142215047. Like #71.
2018-04-17 17:45:10,160 - haw2k - Trying to like media: 1759857367448354827
2018-04-17 17:45:11,380 - haw2k - Liked: 1759857367448354827. Like #72.
2018-04-17 17:45:33,142 - haw2k - Trying to follow: 176462122
2018-04-17 17:45:33,874 - haw2k - Followed: 176462122 #22.
2018-04-17 17:46:32,800 - haw2k - Trying to like media: 1759857175465009816
2018-04-17 17:46:33,630 - haw2k - Liked: 1759857175465009816. Like #73.
2018-04-17 17:47:18,676 - haw2k - Trying to unfollow #1: 
2018-04-17 17:47:18,681 - haw2k - Getting user info : glorious.interior
2018-04-17 17:48:01,027 - haw2k - Trying to like media: 1759856154228560736
2018-04-17 17:48:02,238 - haw2k - Liked: 1759856154228560736. Like #74.
2018-04-17 17:49:32,333 - haw2k - Trying to like media: 1759856673893637087
2018-04-17 17:49:33,308 - haw2k - Liked: 1759856673893637087. Like #75.
2018-04-17 17:50:12,356 - haw2k - Trying to follow: 489910462
2018-04-17 17:50:13,819 - haw2k - Followed: 489910462 #23.
2018-04-17 17:51:08,720 - haw2k - Trying to like media: 1759856510374078060
2018-04-17 17:51:12,378 - haw2k - Liked: 1759856510374078060. Like #76.
2018-04-17 17:52:00,426 - haw2k - Trying to unfollow #1: 
2018-04-17 17:52:00,430 - haw2k - Getting user info : vitaskaletta
2018-04-17 17:52:43,836 - haw2k - Trying to like media: 1759856436370172526
2018-04-17 17:52:44,463 - haw2k - Liked: 1759856436370172526. Like #77.
2018-04-17 17:54:06,399 - haw2k - Trying to like media: 1759856092906689336
2018-04-17 17:54:07,541 - haw2k - Liked: 1759856092906689336. Like #78.
2018-04-17 17:55:25,623 - haw2k - Trying to follow: 208813509
2018-04-17 17:55:27,316 - haw2k - Followed: 208813509 #24.
2018-04-17 17:55:43,063 - haw2k - Trying to like media: 1759855994634279788
2018-04-17 17:55:43,944 - haw2k - Liked: 1759855994634279788. Like #79.
2018-04-17 17:56:28,989 - haw2k - Trying to unfollow #1: 
2018-04-17 17:56:28,993 - haw2k - Getting user info : mr.kingao
2018-04-17 17:57:05,441 - haw2k - Trying to like media: 1759855866642508700
2018-04-17 17:57:06,132 - haw2k - Liked: 1759855866642508700. Like #80.
2018-04-17 17:58:30,221 - haw2k - Trying to like media: 1759855183875165626
2018-04-17 17:58:31,178 - haw2k - Liked: 1759855183875165626. Like #81.
2018-04-17 18:00:04,280 - haw2k - Trying to like media: 1759855103463380274
2018-04-17 18:00:05,697 - haw2k - Liked: 1759855103463380274. Like #82.
2018-04-17 18:00:44,739 - haw2k - Already followed before 5451424990
2018-04-17 18:01:38,780 - haw2k - Trying to like media: 1759855099536143176
2018-04-17 18:01:39,866 - haw2k - Liked: 1759855099536143176. Like #83.
2018-04-17 18:01:42,870 - haw2k - Trying to unfollow #1: 
2018-04-17 18:01:42,875 - haw2k - Getting user info : chikachikachoco
2018-04-17 18:02:58,958 - haw2k - Trying to like media: 1759855062250077730
2018-04-17 18:02:59,933 - haw2k - Liked: 1759855062250077730. Like #84.
2018-04-17 18:02:59,935 - haw2k - Trying to follow: 6141565
2018-04-17 18:03:01,261 - haw2k - Followed: 6141565 #25.
2018-04-17 18:04:35,261 - haw2k - Trying to like media: 1759855044297076642
2018-04-17 18:04:36,427 - haw2k - Liked: 1759855044297076642. Like #85.
2018-04-17 18:06:12,546 - haw2k - Trying to like media: 1759854764840294187
2018-04-17 18:06:18,905 - haw2k - Liked: 1759854764840294187. Like #86.
2018-04-17 18:06:45,938 - haw2k - Trying to unfollow #1: 
2018-04-17 18:06:45,943 - haw2k - Getting user info : hauheidi
2018-04-17 18:07:31,288 - haw2k - Trying to follow: 501725171
2018-04-17 18:07:32,586 - haw2k - Followed: 501725171 #26.
2018-04-17 18:07:48,288 - haw2k - Trying to like media: 1759854239286253142
2018-04-17 18:07:48,952 - haw2k - Liked: 1759854239286253142. Like #87.
2018-04-17 18:09:16,867 - haw2k - Trying to like media: 1759854093247148035
2018-04-17 18:09:17,518 - haw2k - Liked: 1759854093247148035. Like #88.
2018-04-17 18:10:44,623 - haw2k - Trying to like media: 1759854010352696823
2018-04-17 18:10:46,612 - haw2k - Liked: 1759854010352696823. Like #89.
2018-04-17 18:11:28,648 - haw2k - Trying to unfollow #1: 
2018-04-17 18:11:28,653 - haw2k - Getting user info : pooja_patel_.143
2018-04-17 18:12:11,266 - haw2k - Trying to like media: 1759853580000402463
2018-04-17 18:12:12,299 - haw2k - Liked: 1759853580000402463. Like #90.
2018-04-17 18:12:24,315 - haw2k - Trying to follow: 6111879311
2018-04-17 18:12:25,244 - haw2k - Followed: 6111879311 #27.
2018-04-17 18:13:32,766 - haw2k - Trying to like media: 1759853360242784159
2018-04-17 18:13:33,877 - haw2k - Liked: 1759853360242784159. Like #91.
2018-04-17 18:15:03,974 - haw2k - Trying to like media: 1759853350855166496
2018-04-17 18:15:05,419 - haw2k - Liked: 1759853350855166496. Like #92.
2018-04-17 18:16:26,505 - haw2k - Trying to unfollow #1: 
2018-04-17 18:16:26,510 - haw2k - Getting user info : baloo_catmaestro
2018-04-17 18:16:38,824 - haw2k - Trying to like media: 1759853098769282298
2018-04-17 18:16:39,921 - haw2k - Liked: 1759853098769282298. Like #93.
2018-04-17 18:17:15,957 - haw2k - Trying to follow: 1207393844
2018-04-17 18:17:17,120 - haw2k - Followed: 1207393844 #28.
2018-04-17 18:18:03,131 - haw2k - Trying to like media: 1759852640365549202
2018-04-17 18:18:04,094 - haw2k - Liked: 1759852640365549202. Like #94.
2018-04-17 18:19:28,188 - haw2k - Trying to like media: 1759852241084273848
2018-04-17 18:19:29,113 - haw2k - Liked: 1759852241084273848. Like #95.
2018-04-17 18:20:56,207 - haw2k - Trying to like media: 1759852160033705453
2018-04-17 18:20:58,099 - haw2k - Liked: 1759852160033705453. Like #96.
2018-04-17 18:21:19,121 - haw2k - Trying to unfollow #1: 
2018-04-17 18:21:19,126 - haw2k - Getting user info : tanyatyler25
2018-04-17 18:22:04,464 - haw2k - Trying to follow: 2875185980
2018-04-17 18:22:05,479 - haw2k - Followed: 2875185980 #29.
2018-04-17 18:22:27,226 - haw2k - Trying to like media: 1759852072892794074
2018-04-17 18:22:28,381 - haw2k - Liked: 1759852072892794074. Like #97.
2018-04-17 18:23:55,470 - haw2k - Trying to like media: 1759851995415838531
2018-04-17 18:23:56,055 - haw2k - Liked: 1759851995415838531. Like #98.
2018-04-17 18:25:15,059 - haw2k - Trying to like media: 1759851903117678663
2018-04-17 18:25:16,699 - haw2k - Liked: 1759851903117678663. Like #99.
2018-04-17 18:26:07,740 - haw2k - Trying to unfollow #1: 
2018-04-17 18:26:07,745 - haw2k - Getting user info : suo78
2018-04-17 18:26:39,056 - haw2k - Trying to like media: 1759851753405425757
2018-04-17 18:26:39,992 - haw2k - Liked: 1759851753405425757. Like #100.
2018-04-17 18:26:49,000 - haw2k - Trying to follow: 3236031302
2018-04-17 18:26:49,955 - haw2k - Followed: 3236031302 #30.
2018-04-17 18:28:06,583 - haw2k - Trying to like media: 1759851572992319113
2018-04-17 18:28:07,705 - haw2k - Liked: 1759851572992319113. Like #101.
2018-04-17 18:29:44,696 - haw2k - Trying to like media: 1759851421190307154
2018-04-17 18:29:45,957 - haw2k - Liked: 1759851421190307154. Like #102.
2018-04-17 18:31:01,036 - haw2k - Trying to unfollow #1: 
2018-04-17 18:31:01,041 - haw2k - Getting user info : elvaquero08
2018-04-17 18:31:07,618 - haw2k - Trying to like media: 1759851224561302996
2018-04-17 18:31:09,531 - haw2k - Liked: 1759851224561302996. Like #103.
2018-04-17 18:32:03,591 - haw2k - Trying to follow: 1690152867
2018-04-17 18:32:04,549 - haw2k - Followed: 1690152867 #31.
2018-04-17 18:32:38,577 - haw2k - Trying to like media: 1759851142629706069
2018-04-17 18:32:39,698 - haw2k - Liked: 1759851142629706069. Like #104.
2018-04-17 18:34:06,803 - haw2k - Trying to like media: 1759851063082232458
2018-04-17 18:34:07,604 - haw2k - Liked: 1759851063082232458. Like #105.
2018-04-17 18:35:38,854 - haw2k - Trying to like media: 1759850736161106410
2018-04-17 18:35:47,040 - haw2k - Liked: 1759850736161106410. Like #106.
2018-04-17 18:35:50,044 - haw2k - Get media id by tag: repeat
2018-04-17 18:35:51,529 - haw2k - Removing already liked medias..
2018-04-17 18:35:57,603 - haw2k - Trying to unfollow #1: 
2018-04-17 18:35:57,613 - haw2k - Getting user info : tria_lifestyle_coaching
2018-04-17 18:36:31,381 - haw2k - Trying to follow: 563877564
2018-04-17 18:36:32,534 - haw2k - Followed: 563877564 #32.
2018-04-17 18:37:15,788 - haw2k - Trying to like media: 1759890554702590056
2018-04-17 18:37:16,831 - haw2k - Liked: 1759890554702590056. Like #107.
2018-04-17 18:38:47,514 - haw2k - Trying to like media: 1759890519234983683
2018-04-17 18:38:48,852 - haw2k - Liked: 1759890519234983683. Like #108.
2018-04-17 18:40:25,572 - haw2k - Trying to like media: 1759886103655242418
2018-04-17 18:40:27,015 - haw2k - Liked: 1759886103655242418. Like #109.
2018-04-17 18:40:30,017 - haw2k - Trying to unfollow #1: 
2018-04-17 18:40:30,022 - haw2k - Getting user info : luhan_mutt
2018-04-17 18:41:45,789 - haw2k - Trying to follow: 283378812
2018-04-17 18:41:47,118 - haw2k - Followed: 283378812 #33.
2018-04-17 18:41:50,921 - haw2k - Trying to like media: 1759889681891595013
2018-04-17 18:41:52,617 - haw2k - Liked: 1759889681891595013. Like #110.
2018-04-17 18:43:23,951 - haw2k - Trying to like media: 1759889434362145789
2018-04-17 18:43:25,887 - haw2k - Liked: 1759889434362145789. Like #111.
2018-04-17 18:45:01,986 - haw2k - Trying to like media: 1759889242798400975
2018-04-17 18:45:03,457 - haw2k - Liked: 1759889242798400975. Like #112.
2018-04-17 18:45:42,489 - haw2k - Trying to unfollow #1: 
2018-04-17 18:45:42,494 - haw2k - Getting user info : rose._amai.kat
2018-04-17 18:46:34,120 - haw2k - Trying to like media: 1759884758920489425
2018-04-17 18:46:35,160 - haw2k - Liked: 1759884758920489425. Like #113.
2018-04-17 18:46:53,182 - haw2k - Trying to follow: 4200252822
2018-04-17 18:46:53,962 - haw2k - Followed: 4200252822 #34.
2018-04-17 18:48:07,080 - haw2k - Trying to like media: 1759885256481161839
2018-04-17 18:48:07,991 - haw2k - Liked: 1759885256481161839. Like #114.
2018-04-17 18:49:32,085 - haw2k - Trying to like media: 1759888276976898570
2018-04-17 18:49:33,461 - haw2k - Liked: 1759888276976898570. Like #115.
2018-04-17 18:50:15,507 - haw2k - Trying to unfollow #1: 
2018-04-17 18:50:15,512 - haw2k - Getting user info : kazuhiro_aota
2018-04-17 18:51:03,887 - haw2k - Trying to like media: 1759888106344173807
2018-04-17 18:51:04,935 - haw2k - Liked: 1759888106344173807. Like #116.
2018-04-17 18:51:43,978 - haw2k - Trying to follow: 1051500131
2018-04-17 18:51:45,638 - haw2k - Followed: 1051500131 #35.
2018-04-17 18:52:40,599 - haw2k - Trying to like media: 1759885850413312449
2018-04-17 18:52:41,825 - haw2k - Liked: 1759885850413312449. Like #117.
2018-04-17 18:54:02,906 - haw2k - Trying to like media: 1759886307473184759
2018-04-17 18:54:04,806 - haw2k - Liked: 1759886307473184759. Like #118.
2018-04-17 18:54:58,865 - haw2k - Trying to unfollow #1: 
2018-04-17 18:54:58,867 - haw2k - Getting user info : sincerelyurstophat
2018-04-17 18:55:27,137 - haw2k - Trying to like media: 1759886233067558815
2018-04-17 18:55:28,493 - haw2k - Liked: 1759886233067558815. Like #119.
2018-04-17 18:56:16,540 - haw2k - Trying to follow: 3882884557
2018-04-17 18:56:17,963 - haw2k - Followed: 3882884557 #36.
2018-04-17 18:56:54,937 - haw2k - Trying to like media: 1759884707069431889
2018-04-17 18:56:55,875 - haw2k - Liked: 1759884707069431889. Like #120.
2018-04-17 18:58:17,943 - haw2k - Trying to like media: 1759885931002035703
2018-04-17 18:58:18,680 - haw2k - Liked: 1759885931002035703. Like #121.
2018-04-17 18:59:39,767 - haw2k - Trying to like media: 1759885879159540178
2018-04-17 18:59:41,246 - haw2k - Liked: 1759885879159540178. Like #122.
2018-04-17 19:00:05,271 - haw2k - Trying to unfollow #1: 
2018-04-17 19:00:05,276 - haw2k - Getting user info : rojopunx
2018-04-17 19:01:05,649 - haw2k - Trying to like media: 1759885685566819184
2018-04-17 19:01:06,775 - haw2k - Liked: 1759885685566819184. Like #123.
2018-04-17 19:01:15,787 - haw2k - Trying to follow: 192365414
2018-04-17 19:01:16,659 - haw2k - Followed: 192365414 #37.
2018-04-17 19:02:26,698 - haw2k - Trying to like media: 1759884895745990002
2018-04-17 19:02:27,330 - haw2k - Liked: 1759884895745990002. Like #124.
2018-04-17 19:04:03,433 - haw2k - Trying to like media: 1759885532249518916
2018-04-17 19:04:05,170 - haw2k - Liked: 1759885532249518916. Like #125.
2018-04-17 19:04:38,210 - haw2k - Trying to unfollow #1: 
2018-04-17 19:04:38,213 - haw2k - Getting user info : satomi._n
2018-04-17 19:05:32,847 - haw2k - Trying to like media: 1759885237464453643
2018-04-17 19:05:33,824 - haw2k - Liked: 1759885237464453643. Like #126.
2018-04-17 19:05:48,844 - haw2k - Trying to follow: 5401885814
2018-04-17 19:05:49,593 - haw2k - Followed: 5401885814 #38.
2018-04-17 19:07:02,650 - haw2k - Trying to like media: 1759884648752035058
2018-04-17 19:07:03,346 - haw2k - Liked: 1759884648752035058. Like #127.
2018-04-17 19:08:37,163 - haw2k - Trying to like media: 1759884906265870538
2018-04-17 19:08:38,316 - haw2k - Liked: 1759884906265870538. Like #128.
2018-04-17 19:09:05,349 - haw2k - Trying to unfollow #1: 
2018-04-17 19:09:05,352 - haw2k - Getting user info : ronald.souza.505
2018-04-17 19:09:59,723 - haw2k - Trying to like media: 1759884334893869903
2018-04-17 19:10:00,704 - haw2k - Liked: 1759884334893869903. Like #129.
2018-04-17 19:10:30,739 - haw2k - Trying to follow: 230514555
2018-04-17 19:10:31,493 - haw2k - Followed: 230514555 #39.
2018-04-17 19:11:23,424 - haw2k - Trying to like media: 1759884688406518132
2018-04-17 19:11:24,027 - haw2k - Liked: 1759884688406518132. Like #130.
2018-04-17 19:12:48,956 - haw2k - Keep calm - It's already liked ;)
2018-04-17 19:12:51,963 - haw2k - Trying to like media: 1759883967563239417
2018-04-17 19:12:52,635 - haw2k - Liked: 1759883967563239417. Like #131.
2018-04-17 19:13:58,710 - haw2k - Trying to unfollow #1: 
2018-04-17 19:13:58,714 - haw2k - Getting user info : giulia.decaro
2018-04-17 19:14:26,805 - haw2k - Keep calm - It's already liked ;)
2018-04-17 19:14:29,813 - haw2k - Trying to like media: 1759883513145257550
2018-04-17 19:14:30,758 - haw2k - Liked: 1759883513145257550. Like #132.
2018-04-17 19:14:54,786 - haw2k - Trying to follow: 5917096250
2018-04-17 19:14:55,619 - haw2k - Followed: 5917096250 #40.
2018-04-17 19:15:53,724 - haw2k - Keep calm - It's already liked ;)
2018-04-17 19:15:56,731 - haw2k - Trying to like media: 1759883658518571551
2018-04-17 19:15:57,990 - haw2k - Liked: 1759883658518571551. Like #133.
2018-04-17 19:17:31,077 - haw2k - Keep calm - It's already liked ;)
2018-04-17 19:17:34,081 - haw2k - Trying to like media: 1759883433101526240
2018-04-17 19:17:34,977 - haw2k - Liked: 1759883433101526240. Like #134.
2018-04-17 19:18:59,804 - haw2k - Trying to like media: 1759882387276498661
2018-04-17 19:19:04,897 - haw2k - Liked: 1759882387276498661. Like #135.
2018-04-17 19:19:08,319 - haw2k - Get media id by tag: code
2018-04-17 19:19:09,925 - haw2k - Removing already liked medias..
2018-04-17 19:19:18,987 - haw2k - Trying to unfollow #1: 
2018-04-17 19:19:18,992 - haw2k - Getting user info : harutoaoyama
2018-04-17 19:20:07,771 - haw2k - Trying to follow: 3579149869
2018-04-17 19:20:08,645 - haw2k - Followed: 3579149869 #41.
2018-04-17 19:20:27,662 - haw2k - Trying to like media: 1759911856723591599
2018-04-17 19:20:28,415 - haw2k - Liked: 1759911856723591599. Like #136.
2018-04-17 19:21:49,507 - haw2k - Trying to like media: 1759911632833559049
2018-04-17 19:21:50,575 - haw2k - Liked: 1759911632833559049. Like #137.
2018-04-17 19:23:26,675 - haw2k - Trying to like media: 1759911807132077310
2018-04-17 19:23:28,519 - haw2k - Liked: 1759911807132077310. Like #138.
2018-04-17 19:24:22,572 - haw2k - Trying to unfollow #1: 
2018-04-17 19:24:22,577 - haw2k - Getting user info : ollesson.io
2018-04-17 19:24:32,183 - haw2k - Trying to follow: 5544420812
2018-04-17 19:24:33,068 - haw2k - Followed: 5544420812 #42.
2018-04-17 19:25:04,041 - haw2k - Trying to like media: 1759911426741557336
2018-04-17 19:25:05,088 - haw2k - Liked: 1759911426741557336. Like #139.
2018-04-17 19:26:41,195 - haw2k - Trying to like media: 1759911212194580463
2018-04-17 19:26:42,250 - haw2k - Liked: 1759911212194580463. Like #140.
2018-04-17 19:28:03,344 - haw2k - Trying to like media: 1759911041510216895
2018-04-17 19:28:04,883 - haw2k - Liked: 1759911041510216895. Like #141.
2018-04-17 19:28:59,847 - haw2k - Trying to follow: 2103441328
2018-04-17 19:29:01,105 - haw2k - Followed: 2103441328 #43.
2018-04-17 19:29:16,879 - haw2k - Trying to unfollow #1: 
2018-04-17 19:29:16,884 - haw2k - Getting user info : hyaccessory
2018-04-17 19:29:38,230 - haw2k - Trying to like media: 1759910916463087960
2018-04-17 19:29:39,170 - haw2k - Liked: 1759910916463087960. Like #142.
2018-04-17 19:31:00,261 - haw2k - Trying to like media: 1759910717676799376
2018-04-17 19:31:02,155 - haw2k - Liked: 1759910717676799376. Like #143.
2018-04-17 19:32:32,244 - haw2k - Trying to like media: 1759910621819786732
2018-04-17 19:32:33,690 - haw2k - Liked: 1759910621819786732. Like #144.
2018-04-17 19:34:06,794 - haw2k - Trying to unfollow #1: 
2018-04-17 19:34:06,799 - haw2k - Getting user info : soy.roco
2018-04-17 19:34:13,135 - haw2k - Trying to like media: 1759910220802781294
2018-04-17 19:34:14,246 - haw2k - Liked: 1759910220802781294. Like #145.
2018-04-17 19:34:14,247 - haw2k - Already followed before 4003254715
2018-04-17 19:35:41,347 - haw2k - Trying to like media: 1759909748851289105
2018-04-17 19:35:42,212 - haw2k - Liked: 1759909748851289105. Like #146.
2018-04-17 19:36:48,280 - haw2k - Trying to follow: 4781339775
2018-04-17 19:36:49,556 - haw2k - Followed: 4781339775 #44.
2018-04-17 19:37:14,567 - haw2k - Trying to like media: 1759909795919361496
2018-04-17 19:37:15,587 - haw2k - Liked: 1759909795919361496. Like #147.
2018-04-17 19:38:48,693 - haw2k - Trying to like media: 1759909523281614133
2018-04-17 19:38:49,789 - haw2k - Liked: 1759909523281614133. Like #148.
2018-04-17 19:38:58,799 - haw2k - Trying to unfollow #1: 
2018-04-17 19:38:58,804 - haw2k - Getting user info : ndrw_llo
2018-04-17 19:40:23,964 - haw2k - Trying to like media: 1759909428642800150
2018-04-17 19:40:25,112 - haw2k - Liked: 1759909428642800150. Like #149.
2018-04-17 19:42:01,212 - haw2k - Trying to like media: 1759909399104609252
2018-04-17 19:42:02,887 - haw2k - Liked: 1759909399104609252. Like #150.
2018-04-17 19:42:02,889 - haw2k - Trying to follow: 5325182450
2018-04-17 19:42:03,967 - haw2k - Followed: 5325182450 #45.
2018-04-17 19:43:35,077 - haw2k - Trying to like media: 1759909137975775755
2018-04-17 19:43:36,075 - haw2k - Liked: 1759909137975775755. Like #151.
2018-04-17 19:44:09,110 - haw2k - Trying to unfollow #1: 
2018-04-17 19:44:09,115 - haw2k - Getting user info : dariado25
2018-04-17 19:45:01,991 - haw2k - Trying to like media: 1759909102601165375
2018-04-17 19:45:03,136 - haw2k - Liked: 1759909102601165375. Like #152.
2018-04-17 19:46:39,245 - haw2k - Trying to like media: 1759909060919166022
2018-04-17 19:46:40,331 - haw2k - Liked: 1759909060919166022. Like #153.
2018-04-17 19:46:46,340 - haw2k - Trying to follow: 1959647442
2018-04-17 19:46:48,389 - haw2k - Followed: 1959647442 #46.
2018-04-17 19:48:04,330 - haw2k - Trying to like media: 1759909008178926233
2018-04-17 19:48:05,200 - haw2k - Liked: 1759909008178926233. Like #154.
2018-04-17 19:48:50,248 - haw2k - Trying to unfollow #1: 
2018-04-17 19:48:50,252 - haw2k - Getting user info : rayraytray
2018-04-17 19:49:36,305 - haw2k - Trying to like media: 1759908910996696388
2018-04-17 19:49:37,342 - haw2k - Liked: 1759908910996696388. Like #155.
2018-04-17 19:51:10,443 - haw2k - Trying to like media: 1759908550212957541
2018-04-17 19:51:11,677 - haw2k - Liked: 1759908550212957541. Like #156.
2018-04-17 19:51:23,690 - haw2k - Trying to follow: 1700904266
2018-04-17 19:51:25,690 - haw2k - Followed: 1700904266 #47.
2018-04-17 19:52:38,698 - haw2k - Trying to like media: 1759908222881233225
2018-04-17 19:52:39,935 - haw2k - Liked: 1759908222881233225. Like #157.
2018-04-17 19:53:30,979 - haw2k - Trying to unfollow #1: 
2018-04-17 19:53:30,984 - haw2k - Getting user info : d3v0lx
2018-04-17 19:54:04,650 - haw2k - Trying to like media: 1759907896748378073
2018-04-17 19:54:06,586 - haw2k - Liked: 1759907896748378073. Like #158.
2018-04-17 19:55:28,074 - haw2k - Trying to like media: 1759907744200323253
2018-04-17 19:55:28,733 - haw2k - Liked: 1759907744200323253. Like #159.
2018-04-17 19:55:49,747 - haw2k - Already followed before 7275956514
2018-04-17 19:56:52,811 - haw2k - Trying to like media: 1759907438017677496
2018-04-17 19:56:54,040 - haw2k - Liked: 1759907438017677496. Like #160.
2018-04-17 19:56:57,043 - haw2k - Get media id by tag: sleep
2018-04-17 19:56:58,636 - haw2k - Removing already liked medias..
2018-04-17 19:58:07,774 - haw2k - Trying to follow: 7298236091
2018-04-17 19:58:09,079 - haw2k - Followed: 7298236091 #48.
2018-04-17 19:58:19,134 - haw2k - Trying to like media: 1759931527665302930
2018-04-17 19:58:20,993 - haw2k - Liked: 1759931527665302930. Like #161.
2018-04-17 19:58:42,022 - haw2k - Trying to unfollow #1: 
2018-04-17 19:58:42,027 - haw2k - Getting user info : thehealthc0mpany
2018-04-17 19:59:48,418 - haw2k - Trying to like media: 1759931379178959958
2018-04-17 19:59:49,106 - haw2k - Liked: 1759931379178959958. Like #162.
2018-04-17 20:01:17,332 - haw2k - Trying to like media: 1759931289304893481
2018-04-17 20:01:19,118 - haw2k - Liked: 1759931289304893481. Like #163.
2018-04-17 20:02:38,040 - haw2k - Trying to like media: 1759931282015203008
2018-04-17 20:02:39,208 - haw2k - Liked: 1759931282015203008. Like #164.
2018-04-17 20:03:09,673 - haw2k - Trying to follow: 47211316
2018-04-17 20:03:11,876 - haw2k - Followed: 47211316 #49.
2018-04-17 20:04:00,701 - haw2k - Trying to unfollow #1: 
2018-04-17 20:04:00,706 - haw2k - Getting user info : denis_vlnin_denis_radut
2018-04-17 20:04:10,299 - haw2k - Trying to like media: 1759931083699641268
2018-04-17 20:04:11,756 - haw2k - Liked: 1759931083699641268. Like #165.
2018-04-17 20:05:41,853 - haw2k - Trying to like media: 1759930991004193690
2018-04-17 20:05:42,928 - haw2k - Liked: 1759930991004193690. Like #166.
2018-04-17 20:07:10,001 - haw2k - Trying to like media: 1759930733408763398
2018-04-17 20:07:11,489 - haw2k - Liked: 1759930733408763398. Like #167.
2018-04-17 20:08:23,556 - haw2k - Trying to follow: 7033971054
2018-04-17 20:08:24,814 - haw2k - Followed: 7033971054 #50.
2018-04-17 20:08:39,745 - haw2k - Trying to like media: 1759930730613380094
2018-04-17 20:08:41,197 - haw2k - Liked: 1759930730613380094. Like #168.
2018-04-17 20:08:44,202 - haw2k - Trying to unfollow #1: 
2018-04-17 20:08:44,207 - haw2k - Getting user info : sarii_337
2018-04-17 20:10:11,638 - haw2k - Trying to like media: 1759930493284816183
2018-04-17 20:10:12,446 - haw2k - Liked: 1759930493284816183. Like #169.
2018-04-17 20:11:48,556 - haw2k - Trying to like media: 1759930561759510712
2018-04-17 20:11:50,228 - haw2k - Liked: 1759930561759510712. Like #170.
2018-04-17 20:13:11,324 - haw2k - Trying to follow: 2101264386
2018-04-17 20:13:13,034 - haw2k - Followed: 2101264386 #51.
2018-04-17 20:13:23,063 - haw2k - Trying to unfollow #1: 
2018-04-17 20:13:23,067 - haw2k - Getting user info : demiy_yuki_kakita
2018-04-17 20:13:35,204 - haw2k - Trying to like media: 1759930407016208125
2018-04-17 20:13:36,161 - haw2k - Liked: 1759930407016208125. Like #171.
2018-04-17 20:15:09,758 - haw2k - Trying to like media: 1759930382611924781
2018-04-17 20:15:11,324 - haw2k - Liked: 1759930382611924781. Like #172.
2018-04-17 20:16:38,398 - haw2k - Trying to like media: 1759930362338596168
2018-04-17 20:16:39,600 - haw2k - Liked: 1759930362338596168. Like #173.
2018-04-17 20:18:05,345 - haw2k - Trying to follow: 5975415998
2018-04-17 20:18:06,341 - haw2k - Followed: 5975415998 #52.
2018-04-17 20:18:07,374 - haw2k - Trying to unfollow #1: 
2018-04-17 20:18:07,378 - haw2k - Getting user info : fotograf.sochi.victoryjoy.bo
2018-04-17 20:18:14,150 - haw2k - Trying to like media: 1759930300856600649
2018-04-17 20:18:14,935 - haw2k - Liked: 1759930300856600649. Like #174.
2018-04-17 20:19:45,026 - haw2k - Trying to like media: 1759930107214093487
2018-04-17 20:19:46,205 - haw2k - Liked: 1759930107214093487. Like #175.
2018-04-17 20:21:13,303 - haw2k - Trying to like media: 1759930037179277872
2018-04-17 20:21:14,948 - haw2k - Liked: 1759930037179277872. Like #176.
2018-04-17 20:22:33,069 - haw2k - Trying to follow: 6653714644
2018-04-17 20:22:34,215 - haw2k - Followed: 6653714644 #53.
2018-04-17 20:22:43,999 - haw2k - Trying to like media: 1759929994254439599
2018-04-17 20:22:45,434 - haw2k - Liked: 1759929994254439599. Like #177.
2018-04-17 20:23:00,452 - haw2k - Trying to unfollow #1: 
2018-04-17 20:23:00,457 - haw2k - Getting user info : my_breakup_diary__
2018-04-17 20:24:19,551 - haw2k - Trying to like media: 1759929932900048748
2018-04-17 20:24:20,504 - haw2k - Liked: 1759929932900048748. Like #178.
2018-04-17 20:25:56,670 - haw2k - Trying to like media: 1759929887081453407
2018-04-17 20:25:58,115 - haw2k - Liked: 1759929887081453407. Like #179.
2018-04-17 20:27:22,214 - haw2k - Trying to like media: 1759929841949539081
2018-04-17 20:27:22,843 - haw2k - Liked: 1759929841949539081. Like #180.
2018-04-17 20:27:28,851 - haw2k - Trying to follow: 31319585
2018-04-17 20:27:30,674 - haw2k - Followed: 31319585 #54.
2018-04-17 20:27:52,393 - haw2k - Trying to unfollow #1: 
2018-04-17 20:27:52,398 - haw2k - Getting user info : rightnow.i.feel
2018-04-17 20:28:52,879 - haw2k - Trying to like media: 1759929836229119025
2018-04-17 20:28:53,521 - haw2k - Liked: 1759929836229119025. Like #181.
2018-04-17 20:30:14,618 - haw2k - Trying to like media: 1759929654993863405
2018-04-17 20:30:15,593 - haw2k - Liked: 1759929654993863405. Like #182.
2018-04-17 20:31:42,686 - haw2k - Trying to like media: 1759929632284579794
2018-04-17 20:31:44,192 - haw2k - Liked: 1759929632284579794. Like #183.
2018-04-17 20:31:56,208 - haw2k - Trying to follow: 4805311073
2018-04-17 20:31:57,017 - haw2k - Followed: 4805311073 #55.
2018-04-17 20:32:58,561 - haw2k - Trying to unfollow #1: 
2018-04-17 20:32:58,566 - haw2k - Getting user info : yuuki___kunikata
2018-04-17 20:33:20,155 - haw2k - Trying to like media: 1759929620240298485
2018-04-17 20:33:20,845 - haw2k - Liked: 1759929620240298485. Like #184.
2018-04-17 20:33:23,850 - haw2k - Get media id by tag: sleep
2018-04-17 20:33:25,393 - haw2k - Removing already liked medias..
2018-04-17 20:34:40,535 - haw2k - Trying to like media: 1759949680874442537
2018-04-17 20:34:41,394 - haw2k - Liked: 1759949680874442537. Like #185.
2018-04-17 20:36:17,498 - haw2k - Trying to like media: 1759949591593257078
2018-04-17 20:36:19,950 - haw2k - Liked: 1759949591593257078. Like #186.
2018-04-17 20:37:17,013 - haw2k - Trying to follow: 35103069
2018-04-17 20:37:18,371 - haw2k - Followed: 35103069 #56.
2018-04-17 20:37:46,361 - haw2k - Trying to unfollow #1: 
2018-04-17 20:37:46,365 - haw2k - Getting user info : vvip_photography_
2018-04-17 20:37:52,689 - haw2k - Trying to like media: 1759949055385696043
2018-04-17 20:37:53,016 - haw2k - Not liked: 400
2018-04-17 20:39:20,828 - haw2k - Trying to like media: 1759949339709804269
2018-04-17 20:39:21,692 - haw2k - Liked: 1759949339709804269. Like #187.
2018-04-17 20:40:48,786 - haw2k - Trying to like media: 1759949290795752026
2018-04-17 20:40:49,922 - haw2k - Liked: 1759949290795752026. Like #188.
2018-04-17 20:41:52,993 - haw2k - Trying to follow: 4146875579
2018-04-17 20:41:54,068 - haw2k - Followed: 4146875579 #57.
2018-04-17 20:42:09,860 - haw2k - Trying to like media: 1759948935571910262
2018-04-17 20:42:10,815 - haw2k - Liked: 1759948935571910262. Like #189.
2018-04-17 20:42:16,823 - haw2k - Trying to unfollow #1: 
2018-04-17 20:42:16,828 - haw2k - Getting user info : loukoum_the_rabbit
2018-04-17 20:43:35,202 - haw2k - Trying to like media: 1759949104299245827
2018-04-17 20:43:35,850 - haw2k - Liked: 1759949104299245827. Like #190.
2018-04-17 20:44:56,941 - haw2k - Trying to like media: 1759949095894810730
2018-04-17 20:44:58,068 - haw2k - Liked: 1759949095894810730. Like #191.
2018-04-17 20:46:22,164 - haw2k - Trying to like media: 1759949044278663201
2018-04-17 20:46:23,026 - haw2k - Liked: 1759949044278663201. Like #192.
2018-04-17 20:46:56,064 - haw2k - Trying to follow: 7282095471
2018-04-17 20:46:57,639 - haw2k - Followed: 7282095471 #58.
2018-04-17 20:47:28,719 - haw2k - Trying to unfollow #1: 
2018-04-17 20:47:28,723 - haw2k - Getting user info : gldmndmusic
2018-04-17 20:47:44,311 - haw2k - Trying to like media: 1759948721075650084
2018-04-17 20:47:44,912 - haw2k - Liked: 1759948721075650084. Like #193.
2018-04-17 20:49:15,967 - haw2k - Trying to like media: 1759948645065503620
2018-04-17 20:49:17,624 - haw2k - Liked: 1759948645065503620. Like #194.
2018-04-17 20:50:38,715 - haw2k - Trying to like media: 1759948629782516377
2018-04-17 20:50:40,714 - haw2k - Liked: 1759948629782516377. Like #195.
2018-04-17 20:51:56,267 - haw2k - Trying to follow: 4038331910
2018-04-17 20:51:57,228 - haw2k - Followed: 4038331910 #59.
2018-04-17 20:52:13,376 - haw2k - Trying to like media: 1759948496806130553
2018-04-17 20:52:14,707 - haw2k - Liked: 1759948496806130553. Like #196.
2018-04-17 20:52:51,184 - haw2k - Trying to unfollow #1: 
2018-04-17 20:52:51,189 - haw2k - Getting user info : 808_heathen
2018-04-17 20:53:37,009 - haw2k - Trying to like media: 1759948458269059859
2018-04-17 20:53:38,011 - haw2k - Liked: 1759948458269059859. Like #197.
2018-04-17 20:55:08,096 - haw2k - Trying to like media: 1759948451422142724
2018-04-17 20:55:08,959 - haw2k - Liked: 1759948451422142724. Like #198.
2018-04-17 20:56:33,060 - haw2k - Trying to like media: 1759948249827180226
2018-04-17 20:56:34,459 - haw2k - Liked: 1759948249827180226. Like #199.
2018-04-17 20:57:10,493 - haw2k - Trying to follow: 196745477
2018-04-17 20:57:11,475 - haw2k - Followed: 196745477 #60.
2018-04-17 20:57:21,343 - haw2k - Trying to unfollow #1: 
2018-04-17 20:57:21,348 - haw2k - Getting user info : fra25a
2018-04-17 20:57:54,713 - haw2k - Trying to like media: 1759948239022610371
2018-04-17 20:57:55,382 - haw2k - Liked: 1759948239022610371. Like #200.
2018-04-17 20:59:31,500 - haw2k - Trying to like media: 1759948237916981699
2018-04-17 20:59:32,391 - haw2k - Liked: 1759948237916981699. Like #201.
2018-04-17 21:00:53,474 - haw2k - Trying to like media: 1759946724250889505
2018-04-17 21:00:55,006 - haw2k - Liked: 1759946724250889505. Like #202.
2018-04-17 21:01:58,061 - haw2k - Trying to follow: 1203790170
2018-04-17 21:01:59,103 - haw2k - Followed: 1203790170 #61.
2018-04-17 21:02:26,067 - haw2k - Trying to unfollow #1: 
2018-04-17 21:02:26,068 - haw2k - Getting user info : 4biddenfacts
2018-04-17 21:02:32,375 - haw2k - Trying to like media: 1759947975637220148
2018-04-17 21:02:33,247 - haw2k - Liked: 1759947975637220148. Like #203.
2018-04-17 21:03:57,346 - haw2k - Trying to like media: 1759937024661537374
2018-04-17 21:03:58,118 - haw2k - Liked: 1759937024661537374. Like #204.
2018-04-17 21:05:26,290 - haw2k - Trying to like media: 1759947866100248578
2018-04-17 21:05:27,355 - haw2k - Liked: 1759947866100248578. Like #205.
2018-04-17 21:06:54,450 - haw2k - Trying to follow: 5605209127
2018-04-17 21:06:55,330 - haw2k - Followed: 5605209127 #62.
2018-04-17 21:06:59,112 - haw2k - Trying to unfollow #1: 
2018-04-17 21:06:59,115 - haw2k - Getting user info : marcinpalanis
2018-04-17 21:07:05,914 - haw2k - Trying to like media: 1759947842696026842
2018-04-17 21:07:06,713 - haw2k - Liked: 1759947842696026842. Like #206.
2018-04-17 21:08:27,807 - haw2k - Trying to like media: 1759947805977374606
2018-04-17 21:08:28,779 - haw2k - Liked: 1759947805977374606. Like #207.
2018-04-17 21:09:50,286 - haw2k - Trying to like media: 1759947691088679312
2018-04-17 21:09:51,492 - haw2k - Liked: 1759947691088679312. Like #208.
2018-04-17 21:11:12,580 - haw2k - Trying to like media: 1759947471675888455
2018-04-17 21:11:13,596 - haw2k - Liked: 1759947471675888455. Like #209.
2018-04-17 21:11:19,606 - haw2k - Trying to follow: 6907458881
2018-04-17 21:11:20,939 - haw2k - Followed: 6907458881 #63.
2018-04-17 21:12:19,035 - haw2k - Trying to unfollow #1: 
2018-04-17 21:12:19,041 - haw2k - Getting user info : roseroyale
2018-04-17 21:12:40,663 - haw2k - Trying to like media: 1759946221864601191
2018-04-17 21:12:41,343 - haw2k - Liked: 1759946221864601191. Like #210.
2018-04-17 21:14:17,459 - haw2k - Trying to like media: 1759947058561960333
2018-04-17 21:14:18,169 - haw2k - Liked: 1759947058561960333. Like #211.
2018-04-17 21:15:48,258 - haw2k - Trying to like media: 1759947281749859261
2018-04-17 21:15:49,796 - haw2k - Liked: 1759947281749859261. Like #212.
2018-04-17 21:16:16,830 - haw2k - Trying to follow: 743393311
2018-04-17 21:16:17,588 - haw2k - Followed: 743393311 #64.
2018-04-17 21:16:42,404 - haw2k - Trying to unfollow #1: 
2018-04-17 21:16:42,410 - haw2k - Getting user info : coder_here
2018-04-17 21:17:15,782 - haw2k - Trying to like media: 1759947037809054456
2018-04-17 21:17:16,891 - haw2k - Liked: 1759947037809054456. Like #213.
2018-04-17 21:18:49,983 - haw2k - Trying to like media: 1759947027877089533
2018-04-17 21:18:50,951 - haw2k - Liked: 1759947027877089533. Like #214.
2018-04-17 21:20:24,043 - haw2k - Trying to like media: 1759947009714129432
2018-04-17 21:20:25,194 - haw2k - Liked: 1759947009714129432. Like #215.
2018-04-17 21:20:40,211 - haw2k - Trying to follow: 601881910
2018-04-17 21:20:41,685 - haw2k - Followed: 601881910 #65.
2018-04-17 21:21:43,939 - haw2k - Trying to unfollow #1: 
2018-04-17 21:21:43,944 - haw2k - Getting user info : albert.jadeskull
2018-04-17 21:21:59,704 - haw2k - Trying to like media: 1759946851488025661
2018-04-17 21:22:00,386 - haw2k - Liked: 1759946851488025661. Like #216.
2018-04-17 21:23:24,474 - haw2k - Trying to like media: 1759944889636069260
2018-04-17 21:23:25,160 - haw2k - Liked: 1759944889636069260. Like #217.
2018-04-17 21:25:01,247 - haw2k - Trying to like media: 1759946649180706098
2018-04-17 21:25:02,691 - haw2k - Liked: 1759946649180706098. Like #218.
2018-04-17 21:25:05,694 - haw2k - Get media id by tag: code
2018-04-17 21:25:06,996 - haw2k - Removing already liked medias..
2018-04-17 21:26:01,096 - haw2k - Trying to follow: 5988905560
2018-04-17 21:26:01,863 - haw2k - Followed: 5988905560 #66.
2018-04-17 21:26:29,610 - haw2k - Trying to like media: 1759975539136246371
2018-04-17 21:26:30,192 - haw2k - Liked: 1759975539136246371. Like #219.
2018-04-17 21:26:30,192 - haw2k - Trying to unfollow #1: 
2018-04-17 21:26:30,196 - haw2k - Getting user info : s.310xx
2018-04-17 21:28:03,622 - haw2k - Trying to like media: 1759974935113868841
2018-04-17 21:28:04,306 - haw2k - Liked: 1759974935113868841. Like #220.
2018-04-17 21:29:28,393 - haw2k - Trying to like media: 1759974254454923208
2018-04-17 21:29:29,773 - haw2k - Liked: 1759974254454923208. Like #221.
2018-04-17 21:30:56,873 - haw2k - Trying to like media: 1759973877116878401
2018-04-17 21:30:57,542 - haw2k - Liked: 1759973877116878401. Like #222.
2018-04-17 21:31:18,566 - haw2k - Trying to follow: 1430420467
2018-04-17 21:31:20,443 - haw2k - Followed: 1430420467 #67.
2018-04-17 21:31:27,373 - haw2k - Trying to unfollow #1: 
2018-04-17 21:31:27,378 - haw2k - Getting user info : davidlealramire
2018-04-17 21:32:27,768 - haw2k - Trying to like media: 1759973839863713363
2018-04-17 21:32:28,444 - haw2k - Liked: 1759973839863713363. Like #223.
2018-04-17 21:34:01,530 - haw2k - Trying to like media: 1759969233897717394
2018-04-17 21:34:02,717 - haw2k - Liked: 1759969233897717394. Like #224.
2018-04-17 21:35:32,816 - haw2k - Trying to like media: 1759973614226139657
2018-04-17 21:35:33,898 - haw2k - Liked: 1759973614226139657. Like #225.
2018-04-17 21:36:33,959 - haw2k - Trying to follow: 8584298
2018-04-17 21:36:34,969 - haw2k - Followed: 8584298 #68.
2018-04-17 21:36:47,703 - haw2k - Trying to unfollow #1: 
2018-04-17 21:36:47,708 - haw2k - Getting user info : karenariasv
2018-04-17 21:36:57,015 - haw2k - Trying to like media: 1759973249984606368
2018-04-17 21:36:57,619 - haw2k - Liked: 1759973249984606368. Like #226.
2018-04-17 21:38:31,772 - haw2k - Trying to like media: 1759973200719777336
2018-04-17 21:38:32,367 - haw2k - Liked: 1759973200719777336. Like #227.
2018-04-17 21:40:08,871 - haw2k - Trying to like media: 1759971817353001367
2018-04-17 21:40:09,900 - haw2k - Liked: 1759971817353001367. Like #228.
2018-04-17 21:41:03,962 - haw2k - Trying to follow: 3175670812
2018-04-17 21:41:04,927 - haw2k - Followed: 3175670812 #69.
2018-04-17 21:41:11,692 - haw2k - Trying to unfollow #1: 
2018-04-17 21:41:11,697 - haw2k - Getting user info : thehardestbarz
2018-04-17 21:41:36,034 - haw2k - Trying to like media: 1759972972849869275
2018-04-17 21:41:36,602 - haw2k - Liked: 1759972972849869275. Like #229.
2018-04-17 21:42:55,403 - haw2k - Trying to like media: 1759972857909102894
2018-04-17 21:42:56,091 - haw2k - Liked: 1759972857909102894. Like #230.
2018-04-17 21:44:26,195 - haw2k - Trying to like media: 1759972825210328441
2018-04-17 21:44:27,166 - haw2k - Liked: 1759972825210328441. Like #231.
2018-04-17 21:45:54,254 - haw2k - Trying to like media: 1759972725261902048
2018-04-17 21:45:54,876 - haw2k - Liked: 1759972725261902048. Like #232.
2018-04-17 21:46:00,882 - haw2k - Trying to unfollow #1: 
2018-04-17 21:46:00,893 - haw2k - Getting user info : mstr_loma
2018-04-17 21:46:07,924 - haw2k - Trying to follow: 1425098958
2018-04-17 21:46:08,794 - haw2k - Followed: 1425098958 #70.
2018-04-17 21:47:21,676 - haw2k - Trying to like media: 1759972725546640667
2018-04-17 21:47:22,467 - haw2k - Liked: 1759972725546640667. Like #233.
2018-04-17 21:48:55,574 - haw2k - Trying to like media: 1759972678124827633
2018-04-17 21:48:56,548 - haw2k - Liked: 1759972678124827633. Like #234.
2018-04-17 21:50:23,648 - haw2k - Trying to like media: 1759972473879941367
2018-04-17 21:50:24,255 - haw2k - Liked: 1759972473879941367. Like #235.
2018-04-17 21:50:57,295 - haw2k - Trying to unfollow #1: 
2018-04-17 21:50:57,300 - haw2k - Getting user info : lindleyrebecca
2018-04-17 21:51:16,126 - haw2k - Trying to follow: 3959422150
2018-04-17 21:51:17,195 - haw2k - Followed: 3959422150 #71.
2018-04-17 21:51:45,070 - haw2k - Trying to like media: 1759972388073420932
2018-04-17 21:51:45,749 - haw2k - Liked: 1759972388073420932. Like #236.
2018-04-17 21:53:19,786 - haw2k - Trying to like media: 1759972317330910754
2018-04-17 21:53:20,362 - haw2k - Liked: 1759972317330910754. Like #237.
2018-04-17 21:54:41,445 - haw2k - Trying to like media: 1759972173029949701
2018-04-17 21:54:42,600 - haw2k - Liked: 1759972173029949701. Like #238.
2018-04-17 21:56:04,387 - haw2k - Trying to unfollow #1: 
2018-04-17 21:56:04,394 - haw2k - Getting user info : nyongsammyborneo
2018-04-17 21:56:16,724 - haw2k - Trying to like media: 1759972077970283096
2018-04-17 21:56:17,806 - haw2k - Liked: 1759972077970283096. Like #239.
2018-04-17 21:56:20,811 - haw2k - Already followed before 6286714159
2018-04-17 21:57:45,744 - haw2k - Trying to like media: 1759971617823033420
2018-04-17 21:57:46,366 - haw2k - Liked: 1759971617823033420. Like #240.
2018-04-17 21:58:55,863 - haw2k - Trying to follow: 6632693932
2018-04-17 21:58:57,512 - haw2k - Followed: 6632693932 #72.
2018-04-17 21:59:22,524 - haw2k - Trying to like media: 1759971507420201846
2018-04-17 21:59:23,356 - haw2k - Liked: 1759971507420201846. Like #241.
2018-04-17 22:00:56,451 - haw2k - Trying to like media: 1759971494921237370
2018-04-17 22:00:57,096 - haw2k - Liked: 1759971494921237370. Like #242.
2018-04-17 22:01:03,103 - haw2k - Trying to unfollow #1: 
2018-04-17 22:01:03,108 - haw2k - Getting user info : deco_cats
2018-04-17 22:02:18,478 - haw2k - Trying to like media: 1759971244009440287
2018-04-17 22:02:19,093 - haw2k - Liked: 1759971244009440287. Like #243.
2018-04-17 22:03:52,190 - haw2k - Trying to like media: 1759971078526310104
2018-04-17 22:03:53,589 - haw2k - Liked: 1759971078526310104. Like #244.
2018-04-17 22:04:08,607 - haw2k - Trying to follow: 7493763640
2018-04-17 22:04:09,405 - haw2k - Followed: 7493763640 #73.
2018-04-17 22:05:19,778 - haw2k - Trying to like media: 1759970591552384924
2018-04-17 22:05:20,390 - haw2k - Liked: 1759970591552384924. Like #245.
2018-04-17 22:05:32,402 - haw2k - Trying to unfollow #1: 
2018-04-17 22:05:32,408 - haw2k - Getting user info : kakuafit
2018-04-17 22:06:51,335 - haw2k - Trying to like media: 1759970456586405419
2018-04-17 22:06:52,027 - haw2k - Liked: 1759970456586405419. Like #246.
2018-04-17 22:08:28,132 - haw2k - Trying to like media: 1759970212730792564
2018-04-17 22:08:29,259 - haw2k - Liked: 1759970212730792564. Like #247.
2018-04-17 22:08:56,898 - haw2k - Trying to follow: 422562318
2018-04-17 22:08:57,765 - haw2k - Followed: 422562318 #74.
2018-04-17 22:09:59,538 - haw2k - Trying to like media: 1759969673058569761
2018-04-17 22:10:00,170 - haw2k - Liked: 1759969673058569761. Like #248.
2018-04-17 22:10:51,221 - haw2k - Trying to unfollow #1: 
2018-04-17 22:10:51,226 - haw2k - Getting user info : linoanela_yuko
2018-04-17 22:11:24,570 - haw2k - Trying to like media: 1759969651960601121
2018-04-17 22:11:25,144 - haw2k - Liked: 1759969651960601121. Like #249.
2018-04-17 22:12:59,111 - haw2k - Trying to like media: 1759969459618820186
2018-04-17 22:12:59,804 - haw2k - Liked: 1759969459618820186. Like #250.
2018-04-17 22:13:36,271 - haw2k - Trying to follow: 5747374488
2018-04-17 22:13:37,745 - haw2k - Followed: 5747374488 #75.
2018-04-17 22:14:32,859 - haw2k - Trying to like media: 1759969204043099110
2018-04-17 22:14:33,562 - haw2k - Liked: 1759969204043099110. Like #251.
2018-04-17 22:15:48,627 - haw2k - Trying to unfollow #1: 
2018-04-17 22:15:48,632 - haw2k - Getting user info : suga_vkook97
2018-04-17 22:16:07,327 - haw2k - Trying to like media: 1759968655283660898
2018-04-17 22:16:08,490 - haw2k - Liked: 1759968655283660898. Like #252.
2018-04-17 22:17:42,293 - haw2k - Trying to like media: 1759968519465537016
2018-04-17 22:17:42,899 - haw2k - Liked: 1759968519465537016. Like #253.
2018-04-17 22:18:39,964 - haw2k - Trying to follow: 3113374452
2018-04-17 22:18:41,750 - haw2k - Followed: 3113374452 #76.
2018-04-17 22:19:06,548 - haw2k - Trying to like media: 1759968442968310362
2018-04-17 22:19:07,245 - haw2k - Liked: 1759968442968310362. Like #254.
2018-04-17 22:20:31,323 - haw2k - Trying to like media: 1759968108171528932
2018-04-17 22:20:32,464 - haw2k - Liked: 1759968108171528932. Like #255.
2018-04-17 22:20:32,464 - haw2k - Trying to unfollow #1: 
2018-04-17 22:20:32,469 - haw2k - Getting user info : recruitsumo
2018-04-17 22:22:06,457 - haw2k - Trying to like media: 1759967808631773432
2018-04-17 22:22:07,379 - haw2k - Liked: 1759967808631773432. Like #256.
2018-04-17 22:23:37,481 - haw2k - Trying to like media: 1759967753006998841
2018-04-17 22:23:38,729 - haw2k - Liked: 1759967753006998841. Like #257.
2018-04-17 22:23:38,731 - haw2k - Trying to follow: 497017526
2018-04-17 22:23:40,149 - haw2k - Followed: 497017526 #77.
2018-04-17 22:25:14,762 - haw2k - Trying to like media: 1759967689949165458
2018-04-17 22:25:15,410 - haw2k - Liked: 1759967689949165458. Like #258.
2018-04-17 22:25:18,414 - haw2k - Get media id by tag: repeat
2018-04-17 22:25:20,482 - haw2k - Removing already liked medias..
2018-04-17 22:25:32,991 - haw2k - Trying to unfollow #1: 
2018-04-17 22:25:32,996 - haw2k - Getting user info : batman_and_the_bunnys
2018-04-17 22:26:33,813 - haw2k - Trying to like media: 1760004369859059746
2018-04-17 22:26:34,845 - haw2k - Liked: 1760004369859059746. Like #259.
2018-04-17 22:28:05,392 - haw2k - Trying to like media: 1760004324888271251
2018-04-17 22:28:06,000 - haw2k - Liked: 1760004324888271251. Like #260.
2018-04-17 22:28:48,054 - haw2k - Trying to follow: 3736599219
2018-04-17 22:28:49,603 - haw2k - Followed: 3736599219 #78.
2018-04-17 22:29:41,665 - haw2k - Trying to like media: 1760005107770298646
2018-04-17 22:29:42,611 - haw2k - Liked: 1760005107770298646. Like #261.
2018-04-17 22:30:48,689 - haw2k - Trying to unfollow #1: 
2018-04-17 22:30:48,694 - haw2k - Getting user info : official_esther_pmn
2018-04-17 22:31:04,484 - haw2k - Trying to like media: 1760003935186620887
2018-04-17 22:31:05,634 - haw2k - Liked: 1760003935186620887. Like #262.
2018-04-17 22:32:33,578 - haw2k - Trying to like media: 1760000692327363606
2018-04-17 22:32:34,363 - haw2k - Liked: 1760000692327363606. Like #263.
2018-04-17 22:33:16,842 - haw2k - Trying to follow: 3249631066
2018-04-17 22:33:18,217 - haw2k - Followed: 3249631066 #79.
2018-04-17 22:33:58,397 - haw2k - Trying to like media: 1759998546251270327
2018-04-17 22:33:58,998 - haw2k - Liked: 1759998546251270327. Like #264.
2018-04-17 22:35:14,523 - haw2k - Trying to unfollow #1: 
2018-04-17 22:35:14,528 - haw2k - Getting user info : mryeshwah
2018-04-17 22:35:23,865 - haw2k - Trying to like media: 1760002433389945549
2018-04-17 22:35:25,120 - haw2k - Liked: 1760002433389945549. Like #265.
2018-04-17 22:36:46,218 - haw2k - Trying to like media: 1760001348693496134
2018-04-17 22:36:47,047 - haw2k - Liked: 1760001348693496134. Like #266.
2018-04-17 22:37:41,112 - haw2k - Trying to follow: 7479660667
2018-04-17 22:37:42,397 - haw2k - Followed: 7479660667 #80.
2018-04-17 22:38:07,262 - haw2k - Trying to like media: 1759999374233339003
2018-04-17 22:38:07,908 - haw2k - Liked: 1759999374233339003. Like #267.
2018-04-17 22:39:29,409 - haw2k - Trying to like media: 1760001283949759025
2018-04-17 22:39:30,130 - haw2k - Liked: 1760001283949759025. Like #268.
2018-04-17 22:40:36,202 - haw2k - Trying to unfollow #1: 
2018-04-17 22:40:36,207 - haw2k - Getting user info : thecodinghigh
2018-04-17 22:41:04,050 - haw2k - Trying to like media: 1759999882516303435
2018-04-17 22:41:05,007 - haw2k - Liked: 1759999882516303435. Like #269.
2018-04-17 22:42:35,556 - haw2k - Trying to like media: 1759999786768775216
2018-04-17 22:42:36,349 - haw2k - Liked: 1759999786768775216. Like #270.
2018-04-17 22:42:39,354 - haw2k - Trying to follow: 1694052004
2018-04-17 22:42:41,361 - haw2k - Followed: 1694052004 #81.
2018-04-17 22:43:54,877 - haw2k - Trying to like media: 1759996530428622257
2018-04-17 22:43:55,524 - haw2k - Liked: 1759996530428622257. Like #271.
2018-04-17 22:45:14,049 - haw2k - Trying to unfollow #1: 
2018-04-17 22:45:14,055 - haw2k - Getting user info : saitoh_no_gohan
2018-04-17 22:45:22,883 - haw2k - Trying to like media: 1759996324244978447
2018-04-17 22:45:23,845 - haw2k - Liked: 1759996324244978447. Like #272.
2018-04-17 22:46:45,813 - haw2k - Trying to like media: 1759998093887380822
2018-04-17 22:46:46,438 - haw2k - Liked: 1759998093887380822. Like #273.
2018-04-17 22:47:49,505 - haw2k - Trying to follow: 3663621470
2018-04-17 22:47:51,277 - haw2k - Followed: 3663621470 #82.
2018-04-17 22:48:19,295 - haw2k - Trying to like media: 1759999642224587929
2018-04-17 22:48:19,931 - haw2k - Liked: 1759999642224587929. Like #274.
2018-04-17 22:49:50,035 - haw2k - Trying to like media: 1759999637711048324
2018-04-17 22:49:50,817 - haw2k - Liked: 1759999637711048324. Like #275.
2018-04-17 22:49:59,825 - haw2k - Trying to unfollow #1: 
2018-04-17 22:49:59,831 - haw2k - Getting user info : bssplitter
2018-04-17 22:51:12,757 - haw2k - Trying to like media: 1759996641275264375
2018-04-17 22:51:13,618 - haw2k - Liked: 1759996641275264375. Like #276.
2018-04-17 22:52:46,737 - haw2k - Trying to like media: 1759999276991397442
2018-04-17 22:52:48,204 - haw2k - Liked: 1759999276991397442. Like #277.
2018-04-17 22:53:00,220 - haw2k - Trying to follow: 7024515697
2018-04-17 22:53:01,775 - haw2k - Followed: 7024515697 #83.
2018-04-17 22:54:12,104 - haw2k - Trying to like media: 1759997189857112137
2018-04-17 22:54:12,735 - haw2k - Liked: 1759997189857112137. Like #278.
2018-04-17 22:55:13,656 - haw2k - Trying to unfollow #1: 
2018-04-17 22:55:13,661 - haw2k - Getting user info : harper_and_co_boutique
2018-04-17 22:55:41,463 - haw2k - Trying to like media: 1759998625993266613
2018-04-17 22:55:42,256 - haw2k - Liked: 1759998625993266613. Like #279.
2018-04-17 22:57:06,899 - haw2k - Trying to like media: 1759998990729878124
2018-04-17 22:57:07,615 - haw2k - Liked: 1759998990729878124. Like #280.
2018-04-17 22:57:34,649 - haw2k - Already followed before 1411629843
2018-04-17 22:58:37,731 - haw2k - Trying to like media: 1759997866373189539
2018-04-17 22:58:38,951 - haw2k - Liked: 1759997866373189539. Like #281.
2018-04-17 23:00:09,499 - haw2k - Trying to like media: 1759997493758922580
2018-04-17 23:00:10,184 - haw2k - Liked: 1759997493758922580. Like #282.
2018-04-17 23:00:10,187 - haw2k - Trying to follow: 213667119
2018-04-17 23:00:11,617 - haw2k - Followed: 213667119 #84.
2018-04-17 23:00:30,810 - haw2k - Trying to unfollow #1: 
2018-04-17 23:00:30,815 - haw2k - Getting user info : shelkatya
2018-04-17 23:01:31,728 - haw2k - Trying to like media: 1759997491578630971
2018-04-17 23:01:32,360 - haw2k - Liked: 1759997491578630971. Like #283.
2018-04-17 23:01:35,364 - haw2k - Get media id by tag: code
2018-04-17 23:01:36,786 - haw2k - Removing already liked medias..
2018-04-17 23:02:54,928 - haw2k - Trying to like media: 1760024417466686657
2018-04-17 23:02:55,657 - haw2k - Liked: 1760024417466686657. Like #284.
2018-04-17 23:04:25,760 - haw2k - Trying to like media: 1760024306090634691
2018-04-17 23:04:27,066 - haw2k - Liked: 1760024306090634691. Like #285.
2018-04-17 23:05:24,132 - haw2k - Already followed before 2023356861
2018-04-17 23:05:48,163 - haw2k - Trying to like media: 1760023957467113649
2018-04-17 23:05:49,096 - haw2k - Liked: 1760023957467113649. Like #286.
2018-04-17 23:05:49,097 - haw2k - Trying to unfollow #1: 
2018-04-17 23:05:49,102 - haw2k - Getting user info : rt_927
2018-04-17 23:07:11,065 - haw2k - Trying to like media: 1760023702294391826
2018-04-17 23:07:11,787 - haw2k - Liked: 1760023702294391826. Like #287.
2018-04-17 23:08:03,575 - haw2k - Already followed before 7085659757
2018-04-17 23:08:36,617 - haw2k - Trying to like media: 1760023551720407100
2018-04-17 23:08:37,790 - haw2k - Liked: 1760023551720407100. Like #288.
2018-04-17 23:10:05,760 - haw2k - Trying to like media: 1760022757233430394
2018-04-17 23:10:06,492 - haw2k - Liked: 1760022757233430394. Like #289.
2018-04-17 23:10:21,940 - haw2k - Trying to unfollow #1: 
2018-04-17 23:10:21,945 - haw2k - Getting user info : fck_thejarwo
2018-04-17 23:10:31,776 - haw2k - Trying to follow: 5730895080
2018-04-17 23:10:32,726 - haw2k - Followed: 5730895080 #85.
2018-04-17 23:11:30,606 - haw2k - Trying to like media: 1760022554934180818
2018-04-17 23:11:31,246 - haw2k - Liked: 1760022554934180818. Like #290.
2018-04-17 23:12:55,344 - haw2k - Trying to like media: 1760022193671434981
2018-04-17 23:12:56,155 - haw2k - Liked: 1760022193671434981. Like #291.
2018-04-17 23:14:18,266 - haw2k - Trying to like media: 1760022074678906120
2018-04-17 23:14:19,387 - haw2k - Liked: 1760022074678906120. Like #292.
2018-04-17 23:15:10,889 - haw2k - Trying to follow: 3134631902
2018-04-17 23:15:11,707 - haw2k - Followed: 3134631902 #86.
2018-04-17 23:15:30,493 - haw2k - Trying to unfollow #1: 
2018-04-17 23:15:30,498 - haw2k - Getting user info : maxi_band
2018-04-17 23:15:39,950 - haw2k - Trying to like media: 1760021651254187091
2018-04-17 23:15:40,618 - haw2k - Liked: 1760021651254187091. Like #293.
2018-04-17 23:17:05,603 - haw2k - Trying to like media: 1760021636802072922
2018-04-17 23:17:06,287 - haw2k - Liked: 1760021636802072922. Like #294.
2018-04-17 23:18:33,816 - haw2k - Trying to like media: 1760021507399278708
2018-04-17 23:18:34,989 - haw2k - Liked: 1760021507399278708. Like #295.
2018-04-17 23:19:50,072 - haw2k - Trying to follow: 3968612971
2018-04-17 23:19:51,170 - haw2k - Followed: 3968612971 #87.
2018-04-17 23:19:57,955 - haw2k - Trying to unfollow #1: 
2018-04-17 23:19:57,960 - haw2k - Getting user info : yashkina_nadya
2018-04-17 23:20:04,733 - haw2k - Trying to like media: 1760021257830388716
2018-04-17 23:20:05,370 - haw2k - Liked: 1760021257830388716. Like #296.
2018-04-17 23:21:26,465 - haw2k - Trying to like media: 1760020975847422669
2018-04-17 23:21:27,378 - haw2k - Liked: 1760020975847422669. Like #297.
2018-04-17 23:22:45,904 - haw2k - Trying to like media: 1760020909828386715
2018-04-17 23:22:47,016 - haw2k - Liked: 1760020909828386715. Like #298.
2018-04-17 23:24:24,402 - haw2k - Trying to like media: 1760020857928556167
2018-04-17 23:24:25,533 - haw2k - Liked: 1760020857928556167. Like #299.
2018-04-17 23:25:01,575 - haw2k - Already followed before 4178712370
2018-04-17 23:25:13,591 - haw2k - Trying to unfollow #1: 
2018-04-17 23:25:13,596 - haw2k - Getting user info : mchiyo0410
2018-04-17 23:25:50,456 - haw2k - Trying to like media: 1760020836511089419
2018-04-17 23:25:51,416 - haw2k - Liked: 1760020836511089419. Like #300.
2018-04-17 23:27:27,952 - haw2k - Trying to like media: 1760020343730474850
2018-04-17 23:27:28,686 - haw2k - Liked: 1760020343730474850. Like #301.
2018-04-17 23:27:34,694 - haw2k - Trying to follow: 4775376558
2018-04-17 23:27:36,426 - haw2k - Followed: 4775376558 #88.
2018-04-17 23:28:58,415 - haw2k - Trying to like media: 1760020165523140028
2018-04-17 23:28:59,005 - haw2k - Liked: 1760020165523140028. Like #302.
2018-04-17 23:30:21,640 - haw2k - Trying to like media: 1760019558583536682
2018-04-17 23:30:22,763 - haw2k - Liked: 1760019558583536682. Like #303.
2018-04-17 23:30:28,772 - haw2k - Trying to unfollow #1: 
2018-04-17 23:30:28,777 - haw2k - Getting user info : lea_flamenco
2018-04-17 23:31:54,065 - haw2k - Trying to like media: 1760019724768631164
2018-04-17 23:31:54,737 - haw2k - Liked: 1760019724768631164. Like #304.
2018-04-17 23:32:09,757 - haw2k - Trying to follow: 569578715
2018-04-17 23:32:11,125 - haw2k - Followed: 569578715 #89.
2018-04-17 23:33:18,346 - haw2k - Trying to like media: 1760019299895838140
2018-04-17 23:33:19,082 - haw2k - Liked: 1760019299895838140. Like #305.
2018-04-17 23:34:37,596 - haw2k - Trying to like media: 1760018782752979133
2018-04-17 23:34:38,765 - haw2k - Liked: 1760018782752979133. Like #306.
2018-04-17 23:35:05,798 - haw2k - Trying to unfollow #1: 
2018-04-17 23:35:05,800 - haw2k - Getting user info : nyongsammyborneo
2018-04-17 23:36:07,019 - haw2k - Trying to like media: 1760018388111257334
2018-04-17 23:36:07,701 - haw2k - Liked: 1760018388111257334. Like #307.
2018-04-17 23:37:23,658 - haw2k - Trying to follow: 7485465766
2018-04-17 23:37:24,541 - haw2k - Followed: 7485465766 #90.
2018-04-17 23:37:28,407 - haw2k - Trying to like media: 1760018383306126785
2018-04-17 23:37:29,722 - haw2k - Liked: 1760018383306126785. Like #308.
2018-04-17 23:38:57,259 - haw2k - Trying to like media: 1760018291960992003
2018-04-17 23:38:58,443 - haw2k - Liked: 1760018291960992003. Like #309.
2018-04-17 23:39:35,027 - haw2k - Trying to unfollow #1: 
2018-04-17 23:39:35,032 - haw2k - Getting user info : md__lena
2018-04-17 23:40:19,891 - haw2k - Trying to like media: 1760018190467312991
2018-04-17 23:40:20,539 - haw2k - Liked: 1760018190467312991. Like #310.
2018-04-17 23:41:51,070 - haw2k - Already followed before 7135793320
2018-04-17 23:41:54,079 - haw2k - Trying to like media: 1760018051752968895
2018-04-17 23:41:54,769 - haw2k - Liked: 1760018051752968895. Like #311.
2018-04-17 23:43:31,290 - haw2k - Trying to like media: 1760017892119661650
2018-04-17 23:43:32,759 - haw2k - Liked: 1760017892119661650. Like #312.
2018-04-17 23:44:05,803 - haw2k - Trying to unfollow #1: 
2018-04-17 23:44:05,806 - haw2k - Getting user info : bfitnwealthy
2018-04-17 23:44:24,216 - haw2k - Trying to follow: 7371803902
2018-04-17 23:44:25,243 - haw2k - Followed: 7371803902 #91.
2018-04-17 23:44:53,108 - haw2k - Trying to like media: 1760015542268136383
2018-04-17 23:44:53,723 - haw2k - Liked: 1760015542268136383. Like #313.
2018-04-17 23:46:28,162 - haw2k - Trying to like media: 1760017767286739419
2018-04-17 23:46:28,809 - haw2k - Liked: 1760017767286739419. Like #314.
2018-04-17 23:47:59,325 - haw2k - Trying to like media: 1760017696755446826
2018-04-17 23:48:00,465 - haw2k - Liked: 1760017696755446826. Like #315.
2018-04-17 23:48:42,519 - haw2k - Trying to unfollow #1: 
2018-04-17 23:48:42,525 - haw2k - Getting user info : gabodagraca
2018-04-17 23:49:27,942 - haw2k - Trying to like media: 1760017610420580119
2018-04-17 23:49:28,532 - haw2k - Liked: 1760017610420580119. Like #316.
2018-04-17 23:49:43,549 - haw2k - Trying to follow: 1023486619
2018-04-17 23:49:44,647 - haw2k - Followed: 1023486619 #92.
2018-04-17 23:50:58,310 - haw2k - Trying to like media: 1760017268124668569
2018-04-17 23:50:58,970 - haw2k - Liked: 1760017268124668569. Like #317.
2018-04-17 23:52:23,473 - haw2k - Trying to like media: 1760017244962063562
2018-04-17 23:52:24,751 - haw2k - Liked: 1760017244962063562. Like #318.
2018-04-17 23:53:37,224 - haw2k - Trying to unfollow #1: 
2018-04-17 23:53:37,229 - haw2k - Getting user info : kseniya_nice_
2018-04-17 23:53:46,572 - haw2k - Trying to like media: 1760017038426066266
2018-04-17 23:53:48,327 - haw2k - Liked: 1760017038426066266. Like #319.
2018-04-17 23:54:54,403 - haw2k - Trying to follow: 7141426326
2018-04-17 23:54:55,382 - haw2k - Followed: 7141426326 #93.
2018-04-17 23:55:08,378 - haw2k - Trying to like media: 1760017038946216349
2018-04-17 23:55:09,421 - haw2k - Liked: 1760017038946216349. Like #320.
2018-04-17 23:56:45,538 - haw2k - Trying to like media: 1760016354236163153
2018-04-17 23:56:46,224 - haw2k - Liked: 1760016354236163153. Like #321.
2018-04-17 23:58:17,125 - haw2k - Trying to like media: 1760016791533001518
2018-04-17 23:58:17,900 - haw2k - Not liked: 400
2018-04-17 23:58:27,337 - haw2k - Trying to unfollow #1: 
2018-04-17 23:58:27,339 - haw2k - Getting user info : sowa4ka
2018-04-17 23:59:01,144 - haw2k - Trying to unfollow: 993389311
2018-04-17 23:59:01,809 - haw2k - Unfollow: 993389311 #1 of 93.
2018-04-17 23:59:01,809 - haw2k - Pausing for 26 seconds... 1 of 93
2018-04-17 23:59:27,825 - haw2k - Trying to unfollow: 1677910467
2018-04-17 23:59:28,599 - haw2k - Unfollow: 1677910467 #2 of 93.
2018-04-17 23:59:28,600 - haw2k - Pausing for 20 seconds... 2 of 93
2018-04-17 23:59:49,039 - haw2k - Trying to unfollow: 6759050514
2018-04-17 23:59:49,723 - haw2k - Unfollow: 6759050514 #3 of 93.
2018-04-17 23:59:49,724 - haw2k - Pausing for 25 seconds... 3 of 93
2018-04-18 00:00:14,744 - haw2k - Trying to unfollow: 1514402710
2018-04-18 00:00:15,785 - haw2k - Unfollow: 1514402710 #4 of 93.
2018-04-18 00:00:15,786 - haw2k - Pausing for 27 seconds... 4 of 93
2018-04-18 00:00:42,799 - haw2k - Trying to unfollow: 1005228586
2018-04-18 00:00:43,486 - haw2k - Unfollow: 1005228586 #5 of 93.
2018-04-18 00:00:43,487 - haw2k - Pausing for 21 seconds... 5 of 93
2018-04-18 00:01:04,491 - haw2k - Trying to unfollow: 185598667
2018-04-18 00:01:05,146 - haw2k - Unfollow: 185598667 #6 of 93.
2018-04-18 00:01:05,146 - haw2k - Pausing for 26 seconds... 6 of 93
2018-04-18 00:01:31,658 - haw2k - Trying to unfollow: 7528650690
2018-04-18 00:01:32,531 - haw2k - Unfollow: 7528650690 #7 of 93.
2018-04-18 00:01:32,531 - haw2k - Pausing for 25 seconds... 7 of 93
2018-04-18 00:01:57,970 - haw2k - Trying to unfollow: 4198805730
2018-04-18 00:01:58,872 - haw2k - Unfollow: 4198805730 #8 of 93.
2018-04-18 00:01:58,872 - haw2k - Pausing for 23 seconds... 8 of 93
2018-04-18 00:02:21,883 - haw2k - Trying to unfollow: 6952051766
2018-04-18 00:02:22,961 - haw2k - Unfollow: 6952051766 #9 of 93.
2018-04-18 00:02:22,962 - haw2k - Pausing for 30 seconds... 9 of 93
2018-04-18 00:02:52,988 - haw2k - Trying to unfollow: 2327300760
2018-04-18 00:02:53,824 - haw2k - Unfollow: 2327300760 #10 of 93.
2018-04-18 00:02:53,825 - haw2k - Pausing for 18 seconds... 10 of 93
2018-04-18 00:03:11,843 - haw2k - Trying to unfollow: 3998277949
2018-04-18 00:03:12,934 - haw2k - Unfollow: 3998277949 #11 of 93.
2018-04-18 00:03:12,934 - haw2k - Pausing for 19 seconds... 11 of 93
2018-04-18 00:03:31,954 - haw2k - Trying to unfollow: 489910462
2018-04-18 00:03:32,701 - haw2k - Unfollow: 489910462 #12 of 93.
2018-04-18 00:03:32,702 - haw2k - Pausing for 20 seconds... 12 of 93
2018-04-18 00:03:52,723 - haw2k - Trying to unfollow: 6141565
2018-04-18 00:03:53,496 - haw2k - Unfollow: 6141565 #13 of 93.
2018-04-18 00:03:53,497 - haw2k - Pausing for 18 seconds... 13 of 93
2018-04-18 00:04:11,501 - haw2k - Trying to unfollow: 6111879311
2018-04-18 00:04:12,218 - haw2k - Unfollow: 6111879311 #14 of 93.
2018-04-18 00:04:12,218 - haw2k - Pausing for 25 seconds... 14 of 93
2018-04-18 00:04:37,244 - haw2k - Trying to unfollow: 2875185980
2018-04-18 00:04:37,895 - haw2k - Unfollow: 2875185980 #15 of 93.
2018-04-18 00:04:37,895 - haw2k - Pausing for 21 seconds... 15 of 93
2018-04-18 00:04:58,917 - haw2k - Trying to unfollow: 1690152867
2018-04-18 00:04:59,234 - haw2k - Slow Down - Pausing for 5 minutes so we don't get banned!
2018-04-18 00:10:03,135 - haw2k - Unfollow: 1690152867 #16 of 93.
2018-04-18 00:10:03,136 - haw2k - Pausing for 15 seconds... 16 of 93
2018-04-18 00:10:18,150 - haw2k - Trying to unfollow: 283378812
2018-04-18 00:10:19,287 - haw2k - Unfollow: 283378812 #17 of 93.
2018-04-18 00:10:19,287 - haw2k - Pausing for 28 seconds... 17 of 93
2018-04-18 00:10:47,311 - haw2k - Trying to unfollow: 1051500131
2018-04-18 00:10:48,299 - haw2k - Unfollow: 1051500131 #18 of 93.
2018-04-18 00:10:48,300 - haw2k - Pausing for 25 seconds... 18 of 93
2018-04-18 00:11:13,325 - haw2k - Trying to unfollow: 192365414
2018-04-18 00:11:13,993 - haw2k - Unfollow: 192365414 #19 of 93.
2018-04-18 00:11:13,994 - haw2k - Pausing for 16 seconds... 19 of 93
2018-04-18 00:11:29,999 - haw2k - Trying to unfollow: 230514555
2018-04-18 00:11:30,668 - haw2k - Unfollow: 230514555 #20 of 93.
2018-04-18 00:11:30,669 - haw2k - Pausing for 20 seconds... 20 of 93
2018-04-18 00:11:50,689 - haw2k - Trying to unfollow: 3579149869
2018-04-18 00:11:50,995 - haw2k - Slow Down - Pausing for 5 minutes so we don't get banned!
2018-04-18 00:16:53,594 - haw2k - Unfollow: 3579149869 #21 of 93.
2018-04-18 00:16:53,595 - haw2k - Pausing for 16 seconds... 21 of 93
2018-04-18 00:17:09,610 - haw2k - Trying to unfollow: 2103441328
2018-04-18 00:17:10,437 - haw2k - Unfollow: 2103441328 #22 of 93.
2018-04-18 00:17:10,438 - haw2k - Pausing for 18 seconds... 22 of 93
2018-04-18 00:17:29,022 - haw2k - Trying to unfollow: 5325182450
2018-04-18 00:17:29,699 - haw2k - Unfollow: 5325182450 #23 of 93.
2018-04-18 00:17:29,699 - haw2k - Pausing for 28 seconds... 23 of 93
2018-04-18 00:17:58,158 - haw2k - Trying to unfollow: 1700904266
2018-04-18 00:17:59,271 - haw2k - Unfollow: 1700904266 #24 of 93.
2018-04-18 00:17:59,271 - haw2k - Pausing for 22 seconds... 24 of 93
2018-04-18 00:18:21,292 - haw2k - Trying to unfollow: 47211316
2018-04-18 00:18:21,990 - haw2k - Unfollow: 47211316 #25 of 93.
2018-04-18 00:18:21,990 - haw2k - Pausing for 27 seconds... 25 of 93
2018-04-18 00:18:49,001 - haw2k - Trying to unfollow: 2101264386
2018-04-18 00:18:49,770 - haw2k - Unfollow: 2101264386 #26 of 93.
2018-04-18 00:18:49,770 - haw2k - Pausing for 21 seconds... 26 of 93
2018-04-18 00:19:11,196 - haw2k - Trying to unfollow: 6653714644
2018-04-18 00:19:11,885 - haw2k - Unfollow: 6653714644 #27 of 93.
2018-04-18 00:19:11,885 - haw2k - Pausing for 20 seconds... 27 of 93
2018-04-18 00:19:31,907 - haw2k - Trying to unfollow: 4805311073
2018-04-18 00:19:32,655 - haw2k - Unfollow: 4805311073 #28 of 93.
2018-04-18 00:19:32,656 - haw2k - Pausing for 24 seconds... 28 of 93
2018-04-18 00:19:56,679 - haw2k - Trying to unfollow: 4146875579
2018-04-18 00:19:57,357 - haw2k - Unfollow: 4146875579 #29 of 93.
2018-04-18 00:19:57,357 - haw2k - Pausing for 30 seconds... 29 of 93
2018-04-18 00:20:27,386 - haw2k - Trying to unfollow: 4038331910
2018-04-18 00:20:28,049 - haw2k - Unfollow: 4038331910 #30 of 93.
2018-04-18 00:20:28,050 - haw2k - Pausing for 26 seconds... 30 of 93
2018-04-18 00:20:54,503 - haw2k - Trying to unfollow: 1203790170
2018-04-18 00:20:54,840 - haw2k - Slow Down - Pausing for 5 minutes so we don't get banned!
