2018-04-18 00:26:28,258 - haw22k - Instabot v1.2.0 started at 18.04.2018 00:26:

2018-04-18 00:26:28,258 - haw22k - Trying to login as haw22k...

2018-04-18 00:26:34,248 - haw22k - haw22k login success!
2018-04-18 00:26:34,249 - haw22k - Get media id by tag: code
2018-04-18 00:26:35,512 - haw22k - Removing already liked medias..
2018-04-18 00:26:35,555 - haw22k - Trying to like media: 1760067158177968536
2018-04-18 00:26:36,131 - haw22k - Liked: 1760067158177968536. Like #1.
2018-04-18 00:26:36,133 - haw22k - Trying to follow: 4509155947
2018-04-18 00:26:36,760 - haw22k - Followed: 4509155947 #1.
2018-04-18 00:26:37,437 - haw22k - Trying to unfollow #1: 
2018-04-18 00:26:37,439 - haw22k - Getting user info : m_o_r_u
2018-04-18 00:28:02,624 - haw22k - Trying to like media: 1760067152565595987
2018-04-18 00:28:03,371 - haw22k - Liked: 1760067152565595987. Like #2.
2018-04-18 00:29:37,693 - haw22k - Keep calm - It's already liked ;)
2018-04-18 00:29:40,697 - haw22k - Trying to like media: 1760066911158467356
2018-04-18 00:29:41,763 - haw22k - Liked: 1760066911158467356. Like #3.
2018-04-18 00:31:03,718 - haw22k - Trying to follow: 327827268
2018-04-18 00:31:04,528 - haw22k - Followed: 327827268 #2.
2018-04-18 00:31:14,738 - haw22k - Trying to like media: 1760066792427167541
2018-04-18 00:31:16,024 - haw22k - Liked: 1760066792427167541. Like #4.
2018-04-18 00:31:19,025 - haw22k - Trying to unfollow #1: 
2018-04-18 00:31:19,027 - haw22k - Getting user info : namiko73nami
2018-04-18 00:32:46,405 - haw22k - Keep calm - It's already liked ;)
2018-04-18 00:32:49,410 - haw22k - Keep calm - It's already liked ;)
2018-04-18 00:32:52,415 - haw22k - Trying to like media: 1760066269715146267
2018-04-18 00:32:52,911 - haw22k - Liked: 1760066269715146267. Like #5.
2018-04-18 00:34:23,003 - haw22k - Keep calm - It's already liked ;)
2018-04-18 00:34:26,009 - haw22k - Trying to like media: 1760065903451843508
2018-04-18 00:34:27,119 - haw22k - Liked: 1760065903451843508. Like #6.
2018-04-18 00:35:51,607 - haw22k - Trying to unfollow #1: 
2018-04-18 00:35:51,608 - haw22k - Getting user info : deepan_jain
2018-04-18 00:35:58,073 - haw22k - Keep calm - It's already liked ;)
2018-04-18 00:36:01,079 - haw22k - Keep calm - It's already liked ;)
2018-04-18 00:36:04,083 - haw22k - Trying to like media: 1760065314379531951
2018-04-18 00:36:05,430 - haw22k - Liked: 1760065314379531951. Like #7.
2018-04-18 00:36:11,438 - haw22k - Trying to follow: 7296060788
2018-04-18 00:36:12,166 - haw22k - Followed: 7296060788 #3.
2018-04-18 00:37:34,354 - haw22k - Trying to like media: 1760065278349273805
2018-04-18 00:37:34,904 - haw22k - Liked: 1760065278349273805. Like #8.
2018-04-18 00:38:56,004 - haw22k - Trying to like media: 1760065227153851458
2018-04-18 00:38:56,977 - haw22k - Liked: 1760065227153851458. Like #9.
2018-04-18 00:40:21,086 - haw22k - Trying to like media: 1760065111334044196
2018-04-18 00:40:21,731 - haw22k - Liked: 1760065111334044196. Like #10.
2018-04-18 00:40:39,751 - haw22k - Trying to unfollow #1: 
2018-04-18 00:40:39,753 - haw22k - Getting user info : cosmic.v1
2018-04-18 00:40:59,240 - haw22k - Trying to follow: 2867917083
2018-04-18 00:41:00,497 - haw22k - Followed: 2867917083 #4.
2018-04-18 00:41:56,576 - haw22k - Keep calm - It's already liked ;)
2018-04-18 00:41:59,580 - haw22k - Trying to like media: 1760064980882747959
2018-04-18 00:42:00,321 - haw22k - Liked: 1760064980882747959. Like #11.
2018-04-18 00:43:37,308 - haw22k - Keep calm - It's already liked ;)
2018-04-18 00:43:40,313 - haw22k - Trying to like media: 1760064872199764356
2018-04-18 00:43:41,203 - haw22k - Liked: 1760064872199764356. Like #12.
2018-04-18 00:45:12,599 - haw22k - Keep calm - It's already liked ;)
2018-04-18 00:45:15,603 - haw22k - Keep calm - It's already liked ;)
2018-04-18 00:45:18,607 - haw22k - Trying to like media: 1760064767652539182
2018-04-18 00:45:20,409 - haw22k - Liked: 1760064767652539182. Like #13.
2018-04-18 00:45:50,892 - haw22k - Trying to follow: 7024455966
2018-04-18 00:45:52,203 - haw22k - Followed: 7024455966 #5.
2018-04-18 00:45:55,972 - haw22k - Trying to unfollow #1: 
2018-04-18 00:45:55,974 - haw22k - Getting user info : erika_fattoretto
2018-04-18 00:46:53,736 - haw22k - Keep calm - It's already liked ;)
2018-04-18 00:46:56,741 - haw22k - Trying to like media: 1760064642065882708
2018-04-18 00:46:57,335 - haw22k - Liked: 1760064642065882708. Like #14.
2018-04-18 00:48:30,453 - haw22k - Keep calm - It's already liked ;)
2018-04-18 00:48:33,460 - haw22k - Trying to like media: 1760064465896673187
2018-04-18 00:48:34,142 - haw22k - Liked: 1760064465896673187. Like #15.
2018-04-18 00:50:04,648 - haw22k - Keep calm - It's already liked ;)
2018-04-18 00:50:07,653 - haw22k - Trying to like media: 1760064069400019640
2018-04-18 00:50:08,618 - haw22k - Liked: 1760064069400019640. Like #16.
2018-04-18 00:50:54,070 - haw22k - Trying to follow: 1302140838
2018-04-18 00:50:55,075 - haw22k - Followed: 1302140838 #6.
2018-04-18 00:51:14,265 - haw22k - Trying to unfollow #1: 
2018-04-18 00:51:14,267 - haw22k - Getting user info : dev_das_sochi
2018-04-18 00:51:29,539 - haw22k - Trying to like media: 1760063924696408698
2018-04-18 00:51:30,012 - haw22k - Liked: 1760063924696408698. Like #17.
2018-04-18 00:52:58,431 - haw22k - Keep calm - It's already liked ;)
2018-04-18 00:53:01,436 - haw22k - Keep calm - It's already liked ;)
2018-04-18 00:53:04,442 - haw22k - Trying to like media: 1760063678484161456
2018-04-18 00:53:05,145 - haw22k - Liked: 1760063678484161456. Like #18.
2018-04-18 00:54:29,675 - haw22k - Keep calm - It's already liked ;)
2018-04-18 00:54:32,679 - haw22k - Trying to like media: 1760062074001819443
2018-04-18 00:54:33,543 - haw22k - Liked: 1760062074001819443. Like #19.
2018-04-18 00:55:33,616 - haw22k - Trying to follow: 1653319625
2018-04-18 00:55:34,597 - haw22k - Followed: 1653319625 #7.
2018-04-18 00:56:05,368 - haw22k - Keep calm - It's already liked ;)
2018-04-18 00:56:08,374 - haw22k - Trying to like media: 1760063300022086685
2018-04-18 00:56:08,847 - haw22k - Liked: 1760063300022086685. Like #20.
2018-04-18 00:56:26,866 - haw22k - Trying to unfollow #1: 
2018-04-18 00:56:26,869 - haw22k - Getting user info : iori_0516
2018-04-18 00:57:27,847 - haw22k - Trying to like media: 1760063273037680721
2018-04-18 00:57:28,446 - haw22k - Liked: 1760063273037680721. Like #21.
2018-04-18 00:59:02,803 - haw22k - Keep calm - It's already liked ;)
2018-04-18 00:59:05,808 - haw22k - Keep calm - It's already liked ;)
2018-04-18 00:59:08,812 - haw22k - Trying to like media: 1760062544294059898
2018-04-18 00:59:09,560 - haw22k - Liked: 1760062544294059898. Like #22.
2018-04-18 01:00:34,966 - haw22k - Trying to like media: 1760062463400937633
2018-04-18 01:00:36,105 - haw22k - Liked: 1760062463400937633. Like #23.
2018-04-18 01:00:48,115 - haw22k - Trying to follow: 6353885214
2018-04-18 01:00:49,147 - haw22k - Followed: 6353885214 #8.
2018-04-18 01:01:44,259 - haw22k - Trying to unfollow #1: 
2018-04-18 01:01:44,260 - haw22k - Getting user info : hazherdzhwar
2018-04-18 01:01:56,527 - haw22k - Trying to like media: 1760062399405512186
2018-04-18 01:01:57,087 - haw22k - Liked: 1760062399405512186. Like #24.
2018-04-18 01:03:30,986 - haw22k - Keep calm - It's already liked ;)
2018-04-18 01:03:33,993 - haw22k - Keep calm - It's already liked ;)
2018-04-18 01:03:37,007 - haw22k - Trying to like media: 1760061695274220923
2018-04-18 01:03:48,038 - haw22k - Liked: 1760061695274220923. Like #25.
2018-04-18 01:05:16,368 - haw22k - Keep calm - It's already liked ;)
2018-04-18 01:05:19,372 - haw22k - Trying to like media: 1760061387781217395
2018-04-18 01:05:20,629 - haw22k - Liked: 1760061387781217395. Like #26.
2018-04-18 01:05:35,644 - haw22k - Trying to follow: 1302791563
2018-04-18 01:05:36,249 - haw22k - Followed: 1302791563 #9.
2018-04-18 01:06:25,884 - haw22k - Trying to unfollow #1: 
2018-04-18 01:06:25,887 - haw22k - Getting user info : ritastaebler
2018-04-18 01:06:47,151 - haw22k - Keep calm - It's already liked ;)
2018-04-18 01:06:50,156 - haw22k - Trying to like media: 1760060364051041106
2018-04-18 01:06:50,673 - haw22k - Liked: 1760060364051041106. Like #27.
2018-04-18 01:08:39,657 - haw22k - Keep calm - It's already liked ;)
2018-04-18 01:08:48,667 - haw22k - Trying to like media: 1753331547095686555
2018-04-18 01:08:49,312 - haw22k - Liked: 1753331547095686555. Like #28.
2018-04-18 01:10:19,422 - haw22k - Keep calm - It's already liked ;)
2018-04-18 01:10:22,426 - haw22k - Trying to like media: 1753330873272274191
2018-04-18 01:10:23,540 - haw22k - Liked: 1753330873272274191. Like #29.
2018-04-18 01:10:29,547 - haw22k - Trying to follow: 4154862499
2018-04-18 01:10:30,613 - haw22k - Followed: 4154862499 #10.
2018-04-18 01:11:07,265 - haw22k - Trying to unfollow #1: 
2018-04-18 01:11:07,268 - haw22k - Getting user info : softwareengineer_
2018-04-18 01:11:53,202 - haw22k - Keep calm - It's already liked ;)
2018-04-18 01:11:56,209 - haw22k - Trying to like media: 1753330227005555782
2018-04-18 01:11:56,681 - haw22k - Liked: 1753330227005555782. Like #30.
2018-04-18 01:13:17,764 - haw22k - Keep calm - It's already liked ;)
2018-04-18 01:13:21,551 - haw22k - Trying to like media: 1753329888927818496
2018-04-18 01:13:22,023 - haw22k - Liked: 1753329888927818496. Like #31.
2018-04-18 01:14:44,123 - haw22k - Keep calm - It's already liked ;)
2018-04-18 01:14:47,126 - haw22k - Get media id by tag: sleep
2018-04-18 01:14:56,119 - haw22k - Removing already liked medias..
2018-04-18 01:14:56,154 - haw22k - Trying to like media: 1760091507404073422
2018-04-18 01:14:56,656 - haw22k - Liked: 1760091507404073422. Like #32.
2018-04-18 01:15:20,685 - haw22k - Trying to follow: 7513044115
2018-04-18 01:15:21,648 - haw22k - Followed: 7513044115 #11.
2018-04-18 01:15:43,824 - haw22k - Trying to unfollow #1: 
2018-04-18 01:15:43,825 - haw22k - Getting user info : simplybee01
2018-04-18 01:16:17,118 - haw22k - Trying to like media: 1760091083898344614
2018-04-18 01:16:17,385 - haw22k - Not liked: 400
2018-04-18 01:17:54,205 - haw22k - Trying to like media: 1760091476652933998
2018-04-18 01:17:55,817 - haw22k - Liked: 1760091476652933998. Like #33.
2018-04-18 01:19:29,335 - haw22k - Trying to like media: 1760091204149481482
2018-04-18 01:19:30,835 - haw22k - Liked: 1760091204149481482. Like #34.
2018-04-18 01:20:07,288 - haw22k - Trying to follow: 2250845929
2018-04-18 01:20:08,158 - haw22k - Followed: 2250845929 #12.
2018-04-18 01:20:57,737 - haw22k - Trying to like media: 1760091195458806950
2018-04-18 01:20:58,549 - haw22k - Liked: 1760091195458806950. Like #35.
2018-04-18 01:21:01,553 - haw22k - Trying to unfollow #1: 
2018-04-18 01:21:01,556 - haw22k - Getting user info : courtneyrankin_soulflow
2018-04-18 01:22:32,786 - haw22k - Trying to like media: 1760091027988673799
2018-04-18 01:22:33,432 - haw22k - Liked: 1760091027988673799. Like #36.
2018-04-18 01:24:00,980 - haw22k - Trying to like media: 1760091016017589113
2018-04-18 01:24:02,263 - haw22k - Liked: 1760091016017589113. Like #37.
2018-04-18 01:24:56,330 - haw22k - Trying to follow: 6783053774
2018-04-18 01:24:57,278 - haw22k - Followed: 6783053774 #13.
2018-04-18 01:25:25,530 - haw22k - Trying to like media: 1760090985936040909
2018-04-18 01:25:26,616 - haw22k - Liked: 1760090985936040909. Like #38.
2018-04-18 01:26:17,659 - haw22k - Trying to unfollow #1: 
2018-04-18 01:26:17,660 - haw22k - Getting user info : ran.len
2018-04-18 01:26:54,850 - haw22k - Trying to like media: 1760090921813946325
2018-04-18 01:26:55,618 - haw22k - Liked: 1760090921813946325. Like #39.
2018-04-18 01:28:17,130 - haw22k - Trying to like media: 1760090851213762528
2018-04-18 01:28:18,032 - haw22k - Liked: 1760090851213762528. Like #40.
2018-04-18 01:29:51,989 - haw22k - Trying to like media: 1760090618833183075
2018-04-18 01:29:52,995 - haw22k - Liked: 1760090618833183075. Like #41.
2018-04-18 01:30:02,004 - haw22k - Trying to follow: 1755298219
2018-04-18 01:30:02,992 - haw22k - Followed: 1755298219 #14.
2018-04-18 01:30:45,641 - haw22k - Trying to unfollow #1: 
2018-04-18 01:30:45,642 - haw22k - Getting user info : gloveeek
2018-04-18 01:31:28,551 - haw22k - Trying to like media: 1760090606593583495
2018-04-18 01:31:29,342 - haw22k - Liked: 1760090606593583495. Like #42.
2018-04-18 01:32:53,841 - haw22k - Trying to like media: 1760090376881611580
2018-04-18 01:32:54,679 - haw22k - Liked: 1760090376881611580. Like #43.
2018-04-18 01:34:29,017 - haw22k - Trying to like media: 1760089956897613935
2018-04-18 01:34:29,825 - haw22k - Liked: 1760089956897613935. Like #44.
2018-04-18 01:34:44,840 - haw22k - Trying to follow: 4966767580
2018-04-18 01:34:45,837 - haw22k - Followed: 4966767580 #15.
2018-04-18 01:35:22,867 - haw22k - Trying to unfollow #1: 
2018-04-18 01:35:22,869 - haw22k - Getting user info : babi.may
2018-04-18 01:35:56,798 - haw22k - Trying to like media: 1760089835521741967
2018-04-18 01:35:57,716 - haw22k - Liked: 1760089835521741967. Like #45.
2018-04-18 01:37:22,692 - haw22k - Trying to like media: 1760089824280983194
2018-04-18 01:37:23,243 - haw22k - Liked: 1760089824280983194. Like #46.
2018-04-18 01:38:42,020 - haw22k - Trying to like media: 1760089677682721984
2018-04-18 01:38:43,228 - haw22k - Liked: 1760089677682721984. Like #47.
2018-04-18 01:39:43,701 - haw22k - Trying to follow: 835973007
2018-04-18 01:39:44,438 - haw22k - Followed: 835973007 #16.
2018-04-18 01:40:12,488 - haw22k - Trying to like media: 1760083597183464278
2018-04-18 01:40:13,347 - haw22k - Liked: 1760083597183464278. Like #48.
2018-04-18 01:40:40,785 - haw22k - Trying to unfollow #1: 
2018-04-18 01:40:40,788 - haw22k - Getting user info : dolce_far_niente_fashion
2018-04-18 01:41:47,932 - haw22k - Trying to like media: 1760089385858047028
2018-04-18 01:41:48,506 - haw22k - Liked: 1760089385858047028. Like #49.
2018-04-18 01:43:13,921 - haw22k - Trying to like media: 1760089492226340125
2018-04-18 01:43:14,866 - haw22k - Liked: 1760089492226340125. Like #50.
2018-04-18 01:44:24,365 - haw22k - Trying to follow: 7299328011
2018-04-18 01:44:25,642 - haw22k - Followed: 7299328011 #17.
2018-04-18 01:44:41,425 - haw22k - Trying to like media: 1760089484315221285
2018-04-18 01:44:42,520 - haw22k - Liked: 1760089484315221285. Like #51.
2018-04-18 01:46:01,573 - haw22k - Trying to unfollow #1: 
2018-04-18 01:46:01,576 - haw22k - Getting user info : girlymadethings
2018-04-18 01:46:10,628 - haw22k - Trying to like media: 1760089415110445695
2018-04-18 01:46:12,728 - haw22k - Liked: 1760089415110445695. Like #52.
2018-04-18 01:47:37,315 - haw22k - Trying to like media: 1760089287536559197
2018-04-18 01:47:37,712 - haw22k - Liked: 1760089287536559197. Like #53.
2018-04-18 01:48:56,206 - haw22k - Trying to follow: 5415128205
2018-04-18 01:48:57,855 - haw22k - Followed: 5415128205 #18.
2018-04-18 01:49:14,156 - haw22k - Trying to like media: 1760089215242150000
2018-04-18 01:49:14,692 - haw22k - Liked: 1760089215242150000. Like #54.
2018-04-18 01:50:35,786 - haw22k - Trying to like media: 1760089072360936745
2018-04-18 01:50:36,491 - haw22k - Liked: 1760089072360936745. Like #55.
2018-04-18 01:50:48,506 - haw22k - Trying to unfollow #1: 
2018-04-18 01:50:48,507 - haw22k - Getting user info : alisa_fashion_shop2017
2018-04-18 01:52:07,195 - haw22k - Trying to like media: 1760088862124047062
2018-04-18 01:52:07,582 - haw22k - Liked: 1760088862124047062. Like #56.
2018-04-18 01:53:25,669 - haw22k - Trying to follow: 5485381008
2018-04-18 01:53:27,439 - haw22k - Followed: 5485381008 #19.
2018-04-18 01:53:35,218 - haw22k - Trying to like media: 1760088812345899673
2018-04-18 01:53:35,836 - haw22k - Liked: 1760088812345899673. Like #57.
2018-04-18 01:53:38,840 - haw22k - Get media id by tag: code
2018-04-18 01:53:40,435 - haw22k - Removing already liked medias..
2018-04-18 01:54:55,958 - haw22k - Trying to like media: 1760110876231053827
2018-04-18 01:54:57,062 - haw22k - Liked: 1760110876231053827. Like #58.
2018-04-18 01:55:39,920 - haw22k - Trying to unfollow #1: 
2018-04-18 01:55:39,924 - haw22k - Getting user info : topangathecat
2018-04-18 01:56:17,227 - haw22k - Trying to like media: 1760110757172197289
2018-04-18 01:56:17,838 - haw22k - Liked: 1760110757172197289. Like #59.
2018-04-18 01:57:55,237 - haw22k - Trying to like media: 1760110735838888026
2018-04-18 01:57:55,853 - haw22k - Liked: 1760110735838888026. Like #60.
2018-04-18 01:58:43,904 - haw22k - Trying to follow: 4521292217
2018-04-18 01:58:45,787 - haw22k - Followed: 4521292217 #20.
2018-04-18 01:59:22,425 - haw22k - Trying to like media: 1760110725806478391
2018-04-18 01:59:23,383 - haw22k - Liked: 1760110725806478391. Like #61.
2018-04-18 02:00:17,452 - haw22k - Trying to unfollow #1: 
2018-04-18 02:00:17,454 - haw22k - Getting user info : dieterv.91
2018-04-18 02:00:53,928 - haw22k - Trying to like media: 1760110698089849520
2018-04-18 02:00:54,580 - haw22k - Liked: 1760110698089849520. Like #62.
2018-04-18 02:02:19,756 - haw22k - Trying to like media: 1760110681271546916
2018-04-18 02:02:20,486 - haw22k - Liked: 1760110681271546916. Like #63.
2018-04-18 02:03:24,387 - haw22k - Trying to follow: 370076276
2018-04-18 02:03:26,036 - haw22k - Followed: 370076276 #21.
2018-04-18 02:03:45,210 - haw22k - Trying to like media: 1760110526702509731
2018-04-18 02:03:45,836 - haw22k - Liked: 1760110526702509731. Like #64.
2018-04-18 02:05:04,793 - haw22k - Trying to unfollow #1: 
2018-04-18 02:05:04,795 - haw22k - Getting user info : alina_dory
2018-04-18 02:05:14,058 - haw22k - Trying to like media: 1760110454090673014
2018-04-18 02:05:15,821 - haw22k - Liked: 1760110454090673014. Like #65.
2018-04-18 02:06:40,832 - haw22k - Trying to like media: 1760110386789322006
2018-04-18 02:06:41,608 - haw22k - Liked: 1760110386789322006. Like #66.
2018-04-18 02:07:59,693 - haw22k - Trying to follow: 244808667
2018-04-18 02:08:00,870 - haw22k - Followed: 244808667 #22.
2018-04-18 02:08:10,580 - haw22k - Trying to like media: 1760110387359195868
2018-04-18 02:08:11,082 - haw22k - Liked: 1760110387359195868. Like #67.
2018-04-18 02:09:35,580 - haw22k - Trying to like media: 1760109998297220807
2018-04-18 02:09:36,182 - haw22k - Liked: 1760109998297220807. Like #68.
2018-04-18 02:09:45,618 - haw22k - Trying to unfollow #1: 
2018-04-18 02:09:45,624 - haw22k - Getting user info : mi_libelula_azul
2018-04-18 02:10:56,168 - haw22k - Trying to like media: 1760109968600063654
2018-04-18 02:10:56,853 - haw22k - Liked: 1760109968600063654. Like #69.
2018-04-18 02:12:25,281 - haw22k - Trying to like media: 1760109897104882266
2018-04-18 02:12:26,291 - haw22k - Liked: 1760109897104882266. Like #70.
2018-04-18 02:13:17,785 - haw22k - Trying to follow: 4203056423
2018-04-18 02:13:18,559 - haw22k - Followed: 4203056423 #23.
2018-04-18 02:13:49,186 - haw22k - Trying to like media: 1760109855027175320
2018-04-18 02:13:50,032 - haw22k - Liked: 1760109855027175320. Like #71.
2018-04-18 02:14:53,499 - haw22k - Trying to unfollow #1: 
2018-04-18 02:14:53,501 - haw22k - Getting user info : madabymada
2018-04-18 02:15:17,778 - haw22k - Trying to like media: 1760109810910756398
2018-04-18 02:15:18,484 - haw22k - Liked: 1760109810910756398. Like #72.
2018-04-18 02:16:51,582 - haw22k - Trying to like media: 1760109345561166268
2018-04-18 02:16:52,279 - haw22k - Liked: 1760109345561166268. Like #73.
2018-04-18 02:18:14,139 - haw22k - Trying to follow: 6005583168
2018-04-18 02:18:15,525 - haw22k - Followed: 6005583168 #24.
2018-04-18 02:18:25,641 - haw22k - Trying to like media: 1760109348077701975
2018-04-18 02:18:26,518 - haw22k - Liked: 1760109348077701975. Like #74.
2018-04-18 02:19:33,430 - haw22k - Trying to unfollow #1: 
2018-04-18 02:19:33,432 - haw22k - Getting user info : shop_ungrid_rina
2018-04-18 02:19:48,737 - haw22k - Trying to like media: 1760109044753921886
2018-04-18 02:19:49,840 - haw22k - Liked: 1760109044753921886. Like #75.
2018-04-18 02:21:23,462 - haw22k - Keep calm - It's already liked ;)
2018-04-18 02:21:26,466 - haw22k - Keep calm - It's already liked ;)
2018-04-18 02:21:29,471 - haw22k - Keep calm - It's already liked ;)
2018-04-18 02:21:32,475 - haw22k - Keep calm - It's already liked ;)
2018-04-18 02:21:35,480 - haw22k - Keep calm - It's already liked ;)
2018-04-18 02:21:38,486 - haw22k - Keep calm - It's already liked ;)
2018-04-18 02:21:41,488 - haw22k - Keep calm - It's already liked ;)
2018-04-18 02:21:44,494 - haw22k - Keep calm - It's already liked ;)
2018-04-18 02:21:47,499 - haw22k - Keep calm - It's already liked ;)
2018-04-18 02:21:50,504 - haw22k - Keep calm - It's already liked ;)
2018-04-18 02:21:53,508 - haw22k - Keep calm - It's already liked ;)
2018-04-18 02:21:56,512 - haw22k - Keep calm - It's already liked ;)
2018-04-18 02:21:59,516 - haw22k - Keep calm - It's already liked ;)
2018-04-18 02:22:02,518 - haw22k - Keep calm - It's already liked ;)
2018-04-18 02:22:05,523 - haw22k - Keep calm - It's already liked ;)
2018-04-18 02:22:08,527 - haw22k - Keep calm - It's already liked ;)
2018-04-18 02:22:11,936 - haw22k - Keep calm - It's already liked ;)
2018-04-18 02:22:14,940 - haw22k - Keep calm - It's already liked ;)
2018-04-18 02:22:17,944 - haw22k - Keep calm - It's already liked ;)
2018-04-18 02:22:20,948 - haw22k - Trying to like media: 1760106951083523456
2018-04-18 02:22:21,600 - haw22k - Liked: 1760106951083523456. Like #76.
2018-04-18 02:23:00,643 - haw22k - Trying to follow: 2234712217
2018-04-18 02:23:02,500 - haw22k - Followed: 2234712217 #25.
2018-04-18 02:23:45,562 - haw22k - Keep calm - It's already liked ;)
2018-04-18 02:23:48,974 - haw22k - Trying to like media: 1760106909970618552
2018-04-18 02:23:49,748 - haw22k - Liked: 1760106909970618552. Like #77.
2018-04-18 02:24:20,196 - haw22k - Trying to unfollow #1: 
2018-04-18 02:24:20,197 - haw22k - Getting user info : residuetrail
2018-04-18 02:25:11,920 - haw22k - Keep calm - It's already liked ;)
2018-04-18 02:25:14,924 - haw22k - Trying to like media: 1760106654152865085
2018-04-18 02:25:15,639 - haw22k - Liked: 1760106654152865085. Like #78.
2018-04-18 02:26:50,055 - haw22k - Keep calm - It's already liked ;)
2018-04-18 02:26:56,062 - haw22k - Trying to like media: 1760106578184703416
2018-04-18 02:26:57,048 - haw22k - Liked: 1760106578184703416. Like #79.
2018-04-18 02:28:03,575 - haw22k - Trying to follow: 6045755561
2018-04-18 02:28:04,698 - haw22k - Followed: 6045755561 #26.
2018-04-18 02:28:26,494 - haw22k - Keep calm - It's already liked ;)
2018-04-18 02:28:29,498 - haw22k - Trying to like media: 1760106501723533966
2018-04-18 02:28:29,986 - haw22k - Liked: 1760106501723533966. Like #80.
2018-04-18 02:29:36,454 - haw22k - Trying to unfollow #1: 
2018-04-18 02:29:36,456 - haw22k - Getting user info : marina_kuts92
2018-04-18 02:30:10,332 - haw22k - Keep calm - It's already liked ;)
2018-04-18 02:30:16,339 - haw22k - Trying to like media: 1760099586247827053
2018-04-18 02:30:17,903 - haw22k - Liked: 1760099586247827053. Like #81.
2018-04-18 02:31:45,807 - haw22k - Trying to like media: 1760079840848804585
2018-04-18 02:31:46,563 - haw22k - Liked: 1760079840848804585. Like #82.
2018-04-18 02:33:14,083 - haw22k - Trying to like media: 1760038555188768613
2018-04-18 02:33:15,131 - haw22k - Liked: 1760038555188768613. Like #83.
2018-04-18 02:33:18,135 - haw22k - Trying to follow: 5395592596
2018-04-18 02:33:18,997 - haw22k - Followed: 5395592596 #27.
2018-04-18 02:34:35,781 - haw22k - Trying to like media: 1760038221900960141
2018-04-18 02:34:36,351 - haw22k - Liked: 1760038221900960141. Like #84.
2018-04-18 02:34:39,356 - haw22k - Trying to unfollow #1: 
2018-04-18 02:34:39,357 - haw22k - Getting user info : copffeszek
2018-04-18 02:36:07,065 - haw22k - Get media id by tag: sleep
2018-04-18 02:36:08,718 - haw22k - Removing already liked medias..
2018-04-18 02:36:08,750 - haw22k - Trying to like media: 1760132237652891511
2018-04-18 02:36:10,264 - haw22k - Liked: 1760132237652891511. Like #85.
2018-04-18 02:37:43,784 - haw22k - Trying to like media: 1760132207304678815
2018-04-18 02:37:44,730 - haw22k - Liked: 1760132207304678815. Like #86.
2018-04-18 02:38:11,760 - haw22k - Trying to follow: 7520257759
2018-04-18 02:38:12,861 - haw22k - Followed: 7520257759 #28.
2018-04-18 02:39:11,222 - haw22k - Trying to like media: 1760132193973185474
2018-04-18 02:39:11,960 - haw22k - Liked: 1760132193973185474. Like #87.
2018-04-18 02:39:54,412 - haw22k - Trying to unfollow #1: 
2018-04-18 02:39:54,414 - haw22k - Getting user info : saepyon1118
2018-04-18 02:40:43,637 - haw22k - Trying to like media: 1760132005994829379
2018-04-18 02:40:44,200 - haw22k - Liked: 1760132005994829379. Like #88.
2018-04-18 02:42:12,644 - haw22k - Trying to like media: 1760131942642265478
2018-04-18 02:42:13,538 - haw22k - Liked: 1760131942642265478. Like #89.
2018-04-18 02:43:29,176 - haw22k - Trying to follow: 5963554329
2018-04-18 02:43:30,486 - haw22k - Followed: 5963554329 #29.
2018-04-18 02:43:37,127 - haw22k - Trying to like media: 1760130460920660389
2018-04-18 02:43:37,716 - haw22k - Liked: 1760130460920660389. Like #90.
2018-04-18 02:44:26,617 - haw22k - Trying to unfollow #1: 
2018-04-18 02:44:26,619 - haw22k - Getting user info : programmer.charm
2018-04-18 02:45:12,116 - haw22k - Trying to like media: 1760131561061494968
2018-04-18 02:45:12,968 - haw22k - Liked: 1760131561061494968. Like #91.
2018-04-18 02:46:46,913 - haw22k - Keep calm - It's already liked ;)
2018-04-18 02:46:49,917 - haw22k - Trying to like media: 1760131363955881559
2018-04-18 02:46:50,478 - haw22k - Liked: 1760131363955881559. Like #92.
2018-04-18 02:47:54,446 - haw22k - Trying to follow: 6284211135
2018-04-18 02:47:55,625 - haw22k - Followed: 6284211135 #30.
2018-04-18 02:48:11,716 - haw22k - Keep calm - It's already liked ;)
2018-04-18 02:48:14,721 - haw22k - Trying to like media: 1760131035481340855
2018-04-18 02:48:15,293 - haw22k - Liked: 1760131035481340855. Like #93.
2018-04-18 02:49:03,350 - haw22k - Trying to unfollow #1: 
2018-04-18 02:49:03,351 - haw22k - Getting user info : ronald.souza.505
2018-04-18 02:49:39,631 - haw22k - Trying to like media: 1760130988370832725
2018-04-18 02:49:40,187 - haw22k - Liked: 1760130988370832725. Like #94.
2018-04-18 02:50:59,234 - haw22k - Trying to like media: 1760130744465652163
2018-04-18 02:50:59,752 - haw22k - Liked: 1760130744465652163. Like #95.
2018-04-18 02:52:21,256 - haw22k - Keep calm - It's already liked ;)
2018-04-18 02:52:24,260 - haw22k - Trying to like media: 1760130520353928070
2018-04-18 02:52:25,325 - haw22k - Liked: 1760130520353928070. Like #96.
2018-04-18 02:52:46,782 - haw22k - Trying to follow: 7235117687
2018-04-18 02:52:47,618 - haw22k - Followed: 7235117687 #31.
2018-04-18 02:53:57,721 - haw22k - Keep calm - It's already liked ;)
2018-04-18 02:54:00,725 - haw22k - Trying to like media: 1760130271691954712
2018-04-18 02:54:01,139 - haw22k - Liked: 1760130271691954712. Like #97.
2018-04-18 02:54:07,145 - haw22k - Trying to unfollow #1: 
2018-04-18 02:54:07,146 - haw22k - Getting user info : plichta_official
2018-04-18 02:55:35,513 - haw22k - Trying to like media: 1760130212316371032
2018-04-18 02:55:36,368 - haw22k - Liked: 1760130212316371032. Like #98.
2018-04-18 02:55:39,372 - haw22k - Get media id by tag: sleep
2018-04-18 02:55:41,446 - haw22k - Removing already liked medias..
2018-04-18 02:56:57,483 - haw22k - Trying to like media: 1760142306307294639
2018-04-18 02:56:58,146 - haw22k - Liked: 1760142306307294639. Like #99.
2018-04-18 02:57:10,160 - haw22k - Trying to follow: 5454914192
2018-04-18 02:57:11,785 - haw22k - Followed: 5454914192 #32.
2018-04-18 02:58:24,558 - haw22k - Trying to like media: 1760142245222022907
2018-04-18 02:58:25,682 - haw22k - Liked: 1760142245222022907. Like #100.
2018-04-18 02:58:53,120 - haw22k - Trying to unfollow #1: 
2018-04-18 02:58:53,122 - haw22k - Getting user info : miwa____1001
2018-04-18 02:59:57,177 - haw22k - Trying to like media: 1760142194099900669
2018-04-18 02:59:57,723 - haw22k - Liked: 1760142194099900669. Like #101.
2018-04-18 03:01:20,054 - haw22k - Trying to like media: 1760142132428840025
2018-04-18 03:01:21,119 - haw22k - Liked: 1760142132428840025. Like #102.
2018-04-18 03:02:00,599 - haw22k - Already followed before 5454914192
2018-04-18 03:02:49,539 - haw22k - Trying to like media: 1760142015080690749
2018-04-18 03:02:50,701 - haw22k - Liked: 1760142015080690749. Like #103.
2018-04-18 03:03:30,201 - haw22k - Trying to unfollow #1: 
2018-04-18 03:03:30,203 - haw22k - Getting user info : fotograf.sochi.victoryjoy.bo
2018-04-18 03:04:12,486 - haw22k - Trying to like media: 1760141902463440693
2018-04-18 03:04:13,259 - haw22k - Liked: 1760141902463440693. Like #104.
2018-04-18 03:04:13,259 - haw22k - Trying to follow: 7536945444
2018-04-18 03:04:14,067 - haw22k - Followed: 7536945444 #33.
2018-04-18 03:05:32,805 - haw22k - Trying to like media: 1760141900550418913
2018-04-18 03:05:33,488 - haw22k - Liked: 1760141900550418913. Like #105.
2018-04-18 03:06:58,625 - haw22k - Trying to like media: 1760141774981893833
2018-04-18 03:06:59,624 - haw22k - Liked: 1760141774981893833. Like #106.
2018-04-18 03:08:36,550 - haw22k - Trying to like media: 1760141743120323660
2018-04-18 03:08:37,016 - haw22k - Liked: 1760141743120323660. Like #107.
2018-04-18 03:08:40,019 - haw22k - Trying to unfollow #1: 
2018-04-18 03:08:40,021 - haw22k - Getting user info : photostar_sochi
2018-04-18 03:09:17,080 - haw22k - Already followed before 5454914192
2018-04-18 03:10:06,026 - haw22k - Trying to like media: 1760141706052700596
2018-04-18 03:10:06,971 - haw22k - Liked: 1760141706052700596. Like #108.
2018-04-18 03:11:34,520 - haw22k - Trying to like media: 1760141482084658456
2018-04-18 03:11:36,054 - haw22k - Liked: 1760141482084658456. Like #109.
2018-04-18 03:11:54,073 - haw22k - Trying to follow: 40254508
2018-04-18 03:11:55,322 - haw22k - Followed: 40254508 #34.
2018-04-18 03:13:08,442 - haw22k - Trying to like media: 1760141657916858430
2018-04-18 03:13:09,124 - haw22k - Liked: 1760141657916858430. Like #110.
2018-04-18 03:13:54,177 - haw22k - Trying to unfollow #1: 
2018-04-18 03:13:54,179 - haw22k - Getting user info : official.aulakh16_videos
2018-04-18 03:14:43,684 - haw22k - Trying to like media: 1760141627667710077
2018-04-18 03:14:44,177 - haw22k - Liked: 1760141627667710077. Like #111.
2018-04-18 03:16:12,133 - haw22k - Trying to like media: 1760141565728003294
2018-04-18 03:16:12,717 - haw22k - Liked: 1760141565728003294. Like #112.
2018-04-18 03:17:07,656 - haw22k - Trying to follow: 494810512
2018-04-18 03:17:09,016 - haw22k - Followed: 494810512 #35.
2018-04-18 03:17:43,139 - haw22k - Trying to like media: 1760141533624815287
2018-04-18 03:17:43,717 - haw22k - Liked: 1760141533624815287. Like #113.
2018-04-18 03:19:11,246 - haw22k - Trying to like media: 1760141517424703223
2018-04-18 03:19:11,867 - haw22k - Liked: 1760141517424703223. Like #114.
2018-04-18 03:19:14,870 - haw22k - Trying to unfollow #1: 
2018-04-18 03:19:14,872 - haw22k - Getting user info : brainlids
2018-04-18 03:20:42,994 - haw22k - Trying to like media: 1760141444712945745
2018-04-18 03:20:43,564 - haw22k - Liked: 1760141444712945745. Like #115.
2018-04-18 03:21:43,633 - haw22k - Trying to follow: 7414120878
2018-04-18 03:21:45,054 - haw22k - Followed: 7414120878 #36.
2018-04-18 03:22:06,744 - haw22k - Trying to like media: 1760138407433939348
2018-04-18 03:22:07,366 - haw22k - Liked: 1760138407433939348. Like #116.
2018-04-18 03:23:38,781 - haw22k - Trying to like media: 1760141287570257348
2018-04-18 03:23:39,187 - haw22k - Liked: 1760141287570257348. Like #117.
2018-04-18 03:24:31,137 - haw22k - Trying to unfollow #1: 
2018-04-18 03:24:31,139 - haw22k - Getting user info : arthur_immortal
2018-04-18 03:25:14,244 - haw22k - Trying to like media: 1760141271647066879
2018-04-18 03:25:14,718 - haw22k - Liked: 1760141271647066879. Like #118.
2018-04-18 03:26:42,275 - haw22k - Trying to like media: 1760141276327721056
2018-04-18 03:26:42,816 - haw22k - Liked: 1760141276327721056. Like #119.
2018-04-18 03:26:42,816 - haw22k - Trying to follow: 6931997525
2018-04-18 03:26:44,488 - haw22k - Followed: 6931997525 #37.
2018-04-18 03:28:03,720 - haw22k - Trying to like media: 1760141144048801984
2018-04-18 03:28:04,360 - haw22k - Liked: 1760141144048801984. Like #120.
2018-04-18 03:28:56,233 - haw22k - Trying to unfollow #1: 
2018-04-18 03:28:56,235 - haw22k - Getting user info : ojay_empire_clothing
2018-04-18 03:29:27,266 - haw22k - Trying to like media: 1760141128412582165
2018-04-18 03:29:28,018 - haw22k - Liked: 1760141128412582165. Like #121.
2018-04-18 03:30:58,975 - haw22k - Trying to like media: 1760141120954017818
2018-04-18 03:30:59,895 - haw22k - Liked: 1760141120954017818. Like #122.
2018-04-18 03:32:00,401 - haw22k - Trying to follow: 4431057146
2018-04-18 03:32:01,486 - haw22k - Followed: 4431057146 #38.
2018-04-18 03:32:29,600 - haw22k - Trying to like media: 1760140946370842467
2018-04-18 03:32:30,135 - haw22k - Liked: 1760140946370842467. Like #123.
2018-04-18 03:33:45,687 - haw22k - Trying to unfollow #1: 
2018-04-18 03:33:45,689 - haw22k - Getting user info : tiera_marie
2018-04-18 03:34:06,964 - haw22k - Trying to like media: 1760140889262218626
2018-04-18 03:34:08,141 - haw22k - Liked: 1760140889262218626. Like #124.
2018-04-18 03:35:35,687 - haw22k - Trying to like media: 1760140774262751067
2018-04-18 03:35:36,301 - haw22k - Liked: 1760140774262751067. Like #125.
2018-04-18 03:36:42,792 - haw22k - Trying to follow: 7457765979
2018-04-18 03:36:44,210 - haw22k - Followed: 7457765979 #39.
2018-04-18 03:37:05,847 - haw22k - Trying to like media: 1760140773768035555
2018-04-18 03:37:06,512 - haw22k - Liked: 1760140773768035555. Like #126.
2018-04-18 03:38:34,468 - haw22k - Trying to like media: 1760140761176641787
2018-04-18 03:38:35,284 - haw22k - Liked: 1760140761176641787. Like #127.
2018-04-18 03:38:35,284 - haw22k - Trying to unfollow #1: 
2018-04-18 03:38:35,286 - haw22k - Getting user info : museinthemaking
2018-04-18 03:38:41,957 - haw22k - Get media id by tag: repeat
2018-04-18 03:38:43,586 - haw22k - Removing already liked medias..
2018-04-18 03:40:02,610 - haw22k - Trying to like media: 1760163836240757554
2018-04-18 03:40:03,489 - haw22k - Liked: 1760163836240757554. Like #128.
2018-04-18 03:41:21,996 - haw22k - Already followed before 4471428617
2018-04-18 03:41:25,003 - haw22k - Trying to like media: 1760163664264721748
2018-04-18 03:41:25,932 - haw22k - Liked: 1760163664264721748. Like #129.
2018-04-18 03:42:50,443 - haw22k - Trying to like media: 1760163424358917335
2018-04-18 03:42:51,047 - haw22k - Liked: 1760163424358917335. Like #130.
2018-04-18 03:43:45,926 - haw22k - Trying to unfollow #1: 
2018-04-18 03:43:45,927 - haw22k - Getting user info : thesmushyfacedogs
2018-04-18 03:43:58,776 - haw22k - Trying to follow: 6000128777
2018-04-18 03:43:59,889 - haw22k - Followed: 6000128777 #40.
2018-04-18 03:44:12,582 - haw22k - Trying to like media: 1760163263406722806
2018-04-18 03:44:13,455 - haw22k - Liked: 1760163263406722806. Like #131.
2018-04-18 03:45:47,896 - haw22k - Trying to like media: 1760163029751156952
2018-04-18 03:45:48,600 - haw22k - Liked: 1760163029751156952. Like #132.
2018-04-18 03:47:07,608 - haw22k - Trying to like media: 1760162897822946507
2018-04-18 03:47:08,683 - haw22k - Liked: 1760162897822946507. Like #133.
2018-04-18 03:48:41,787 - haw22k - Trying to like media: 1760162731259666696
2018-04-18 03:48:42,788 - haw22k - Liked: 1760162731259666696. Like #134.
2018-04-18 03:48:54,798 - haw22k - Trying to unfollow #1: 
2018-04-18 03:48:54,800 - haw22k - Getting user info : myessentialmotivation
2018-04-18 03:49:04,814 - haw22k - Trying to follow: 689179096
2018-04-18 03:49:05,681 - haw22k - Followed: 689179096 #41.
2018-04-18 03:50:10,185 - haw22k - Trying to like media: 1760162659082678361
2018-04-18 03:50:10,981 - haw22k - Liked: 1760162659082678361. Like #135.
2018-04-18 03:51:32,898 - haw22k - Trying to like media: 1760162534513355014
2018-04-18 03:51:34,094 - haw22k - Liked: 1760162534513355014. Like #136.
2018-04-18 03:52:53,492 - haw22k - Trying to like media: 1760162034978970962
2018-04-18 03:52:54,018 - haw22k - Liked: 1760162034978970962. Like #137.
2018-04-18 03:53:51,082 - haw22k - Already followed before 4471428617
2018-04-18 03:53:57,087 - haw22k - Trying to unfollow #1: 
2018-04-18 03:53:57,090 - haw22k - Getting user info : rnxx1013
2018-04-18 03:54:25,306 - haw22k - Trying to like media: 1760162375405455628
2018-04-18 03:54:26,038 - haw22k - Liked: 1760162375405455628. Like #138.
2018-04-18 03:55:50,562 - haw22k - Trying to like media: 1760162265128999176
2018-04-18 03:55:51,212 - haw22k - Liked: 1760162265128999176. Like #139.
2018-04-18 03:56:21,246 - haw22k - Trying to follow: 19657609
2018-04-18 03:56:23,228 - haw22k - Followed: 19657609 #42.
2018-04-18 03:57:24,941 - haw22k - Trying to like media: 1760161903723542906
2018-04-18 03:57:25,556 - haw22k - Liked: 1760161903723542906. Like #140.
2018-04-18 03:58:53,467 - haw22k - Trying to like media: 1760162124049197410
2018-04-18 03:58:54,115 - haw22k - Liked: 1760162124049197410. Like #141.
2018-04-18 03:58:57,119 - haw22k - Trying to unfollow #1: 
2018-04-18 03:58:57,122 - haw22k - Getting user info : realragdaboss
2018-04-18 04:00:16,745 - haw22k - Trying to like media: 1760162025029372616
2018-04-18 04:00:17,230 - haw22k - Liked: 1760162025029372616. Like #142.
2018-04-18 04:01:41,321 - haw22k - Already followed before 4471428617
2018-04-18 04:01:44,330 - haw22k - Trying to like media: 1760161780443416624
2018-04-18 04:01:45,380 - haw22k - Liked: 1760161780443416624. Like #143.
2018-04-18 04:03:18,916 - haw22k - Trying to like media: 1760161732946639321
2018-04-18 04:03:19,688 - haw22k - Liked: 1760161732946639321. Like #144.
2018-04-18 04:04:08,171 - haw22k - Trying to follow: 3263290369
2018-04-18 04:04:09,368 - haw22k - Followed: 3263290369 #43.
2018-04-18 04:04:10,061 - haw22k - Trying to unfollow #1: 
2018-04-18 04:04:10,065 - haw22k - Getting user info : andi5665
2018-04-18 04:04:55,378 - haw22k - Trying to like media: 1760161641175199551
2018-04-18 04:04:55,838 - haw22k - Not liked: 400
2018-04-18 04:06:18,195 - haw22k - Trying to like media: 1760161071120686614
2018-04-18 04:06:18,844 - haw22k - Liked: 1760161071120686614. Like #145.
2018-04-18 04:07:43,824 - haw22k - Trying to like media: 1760160112478904570
2018-04-18 04:07:44,840 - haw22k - Liked: 1760160112478904570. Like #146.
2018-04-18 04:08:42,805 - haw22k - Trying to unfollow #1: 
2018-04-18 04:08:42,806 - haw22k - Getting user info : theofficialrsgrecklezz
2018-04-18 04:08:49,058 - haw22k - Trying to follow: 3227546189
2018-04-18 04:08:50,201 - haw22k - Followed: 3227546189 #44.
2018-04-18 04:09:18,536 - haw22k - Trying to like media: 1760159585439000717
2018-04-18 04:09:19,124 - haw22k - Liked: 1760159585439000717. Like #147.
2018-04-18 04:10:37,765 - haw22k - Trying to like media: 1760159649838749080
2018-04-18 04:10:38,271 - haw22k - Liked: 1760159649838749080. Like #148.
2018-04-18 04:10:41,275 - haw22k - Get media id by tag: code
2018-04-18 04:10:43,463 - haw22k - Removing already liked medias..
2018-04-18 04:12:11,059 - haw22k - Trying to like media: 1760180057650922348
2018-04-18 04:12:11,772 - haw22k - Liked: 1760180057650922348. Like #149.
2018-04-18 04:13:34,087 - haw22k - Trying to follow: 5030417274
2018-04-18 04:13:36,160 - haw22k - Followed: 5030417274 #45.
2018-04-18 04:13:43,120 - haw22k - Trying to like media: 1760179927073850061
2018-04-18 04:13:43,942 - haw22k - Liked: 1760179927073850061. Like #150.
2018-04-18 04:14:02,397 - haw22k - Trying to unfollow #1: 
2018-04-18 04:14:02,399 - haw22k - Getting user info : the_handsome_henry
2018-04-18 04:15:06,616 - haw22k - Trying to like media: 1760179911924277358
2018-04-18 04:15:07,317 - haw22k - Liked: 1760179911924277358. Like #151.
2018-04-18 04:16:29,327 - haw22k - Trying to like media: 1760179631275083985
2018-04-18 04:16:29,834 - haw22k - Liked: 1760179631275083985. Like #152.
2018-04-18 04:17:51,319 - haw22k - Trying to like media: 1760179568100482529
2018-04-18 04:17:52,348 - haw22k - Liked: 1760179568100482529. Like #153.
2018-04-18 04:18:10,363 - haw22k - Trying to follow: 4116387190
2018-04-18 04:18:11,466 - haw22k - Followed: 4116387190 #46.
2018-04-18 04:19:03,185 - haw22k - Trying to unfollow #1: 
2018-04-18 04:19:03,187 - haw22k - Getting user info : princess.alier
2018-04-18 04:19:16,225 - haw22k - Trying to like media: 1760179531090486672
2018-04-18 04:19:16,981 - haw22k - Liked: 1760179531090486672. Like #154.
2018-04-18 04:19:19,983 - haw22k - Get media id by tag: sleep
2018-04-18 04:19:21,903 - haw22k - Removing already liked medias..
2018-04-18 04:20:46,024 - haw22k - Trying to like media: 1760184147491759252
2018-04-18 04:20:46,947 - haw22k - Liked: 1760184147491759252. Like #155.
2018-04-18 04:22:18,392 - haw22k - Trying to like media: 1760183149624647244
2018-04-18 04:22:19,546 - haw22k - Liked: 1760183149624647244. Like #156.
2018-04-18 04:23:20,539 - haw22k - Trying to follow: 7452225729
2018-04-18 04:23:21,814 - haw22k - Followed: 7452225729 #47.
2018-04-18 04:23:55,485 - haw22k - Trying to like media: 1760184027022920314
2018-04-18 04:23:56,042 - haw22k - Liked: 1760184027022920314. Like #157.
2018-04-18 04:24:08,773 - haw22k - Trying to unfollow #1: 
2018-04-18 04:24:08,777 - haw22k - Getting user info : mayachi93
2018-04-18 04:25:27,089 - haw22k - Trying to like media: 1760183385403222381
2018-04-18 04:25:28,124 - haw22k - Liked: 1760183385403222381. Like #158.
2018-04-18 04:26:58,844 - haw22k - Trying to like media: 1760183883134751972
2018-04-18 04:27:00,007 - haw22k - Liked: 1760183883134751972. Like #159.
2018-04-18 04:28:24,970 - haw22k - Trying to follow: 1524855715
2018-04-18 04:28:25,779 - haw22k - Followed: 1524855715 #48.
2018-04-18 04:28:36,225 - haw22k - Trying to like media: 1760183862993268074
2018-04-18 04:28:37,500 - haw22k - Liked: 1760183862993268074. Like #160.
2018-04-18 04:28:46,504 - haw22k - Trying to unfollow #1: 
2018-04-18 04:28:46,509 - haw22k - Getting user info : zueiraprofunda
2018-04-18 04:30:12,207 - haw22k - Trying to like media: 1760183809985186627
2018-04-18 04:30:12,939 - haw22k - Liked: 1760183809985186627. Like #161.
2018-04-18 04:31:43,032 - haw22k - Trying to like media: 1760183747480995328
2018-04-18 04:31:44,532 - haw22k - Liked: 1760183747480995328. Like #162.
2018-04-18 04:33:12,013 - haw22k - Trying to follow: 2233230559
2018-04-18 04:33:12,887 - haw22k - Followed: 2233230559 #49.
2018-04-18 04:33:19,577 - haw22k - Trying to like media: 1760183738699679977
2018-04-18 04:33:20,508 - haw22k - Liked: 1760183738699679977. Like #163.
2018-04-18 04:33:29,920 - haw22k - Trying to unfollow #1: 
2018-04-18 04:33:29,923 - haw22k - Getting user info : drkerstispjut
2018-04-18 04:34:49,091 - haw22k - Trying to like media: 1760183700036584023
2018-04-18 04:34:49,812 - haw22k - Liked: 1760183700036584023. Like #164.
2018-04-18 04:36:11,792 - haw22k - Trying to like media: 1760183649931469220
2018-04-18 04:36:13,058 - haw22k - Liked: 1760183649931469220. Like #165.
2018-04-18 04:37:34,558 - haw22k - Trying to like media: 1760183583735313091
2018-04-18 04:37:35,361 - haw22k - Liked: 1760183583735313091. Like #166.
2018-04-18 04:37:56,379 - haw22k - Trying to follow: 500922191
2018-04-18 04:37:58,591 - haw22k - Followed: 500922191 #50.
2018-04-18 04:37:59,472 - haw22k - Trying to unfollow #1: 
2018-04-18 04:37:59,473 - haw22k - Getting user info : monicamcpherrin
2018-04-18 04:38:59,933 - haw22k - Trying to like media: 1760183556321905466
2018-04-18 04:39:00,714 - haw22k - Liked: 1760183556321905466. Like #167.
2018-04-18 04:40:28,637 - haw22k - Trying to like media: 1760182532769313036
2018-04-18 04:40:29,688 - haw22k - Liked: 1760182532769313036. Like #168.
2018-04-18 04:41:56,763 - haw22k - Trying to like media: 1760183270093853791
2018-04-18 04:41:58,066 - haw22k - Liked: 1760183270093853791. Like #169.
2018-04-18 04:43:07,975 - haw22k - Trying to follow: 186926278
2018-04-18 04:43:09,117 - haw22k - Followed: 186926278 #51.
2018-04-18 04:43:10,128 - haw22k - Trying to unfollow #1: 
2018-04-18 04:43:10,129 - haw22k - Getting user info : duketheneapolitanmastiff
2018-04-18 04:43:23,321 - haw22k - Trying to like media: 1760183155431514916
2018-04-18 04:43:23,927 - haw22k - Liked: 1760183155431514916. Like #170.
2018-04-18 04:44:45,935 - haw22k - Trying to like media: 1760183060396451291
2018-04-18 04:44:46,465 - haw22k - Liked: 1760183060396451291. Like #171.
2018-04-18 04:46:13,556 - haw22k - Trying to like media: 1760183027731732238
2018-04-18 04:46:14,534 - haw22k - Liked: 1760183027731732238. Like #172.
2018-04-18 04:47:33,436 - haw22k - Trying to follow: 179873816
2018-04-18 04:47:34,741 - haw22k - Followed: 179873816 #52.
2018-04-18 04:47:38,440 - haw22k - Trying to like media: 1760182963936187230
2018-04-18 04:47:39,711 - haw22k - Liked: 1760182963936187230. Like #173.
2018-04-18 04:47:39,712 - haw22k - Trying to unfollow #1: 
2018-04-18 04:47:39,714 - haw22k - Getting user info : life_hacks_tips123
2018-04-18 04:49:04,891 - haw22k - Trying to like media: 1760182881492024237
2018-04-18 04:49:05,584 - haw22k - Liked: 1760182881492024237. Like #174.
2018-04-18 04:50:36,559 - haw22k - Trying to like media: 1760182845244061851
2018-04-18 04:50:37,352 - haw22k - Liked: 1760182845244061851. Like #175.
2018-04-18 04:50:40,355 - haw22k - Get media id by tag: code
2018-04-18 04:50:42,176 - haw22k - Removing already liked medias..
2018-04-18 04:52:00,757 - haw22k - Trying to follow: 7536934039
2018-04-18 04:52:01,776 - haw22k - Followed: 7536934039 #53.
2018-04-18 04:52:05,428 - haw22k - Trying to like media: 1760200182509867636
2018-04-18 04:52:06,357 - haw22k - Liked: 1760200182509867636. Like #176.
2018-04-18 04:53:00,818 - haw22k - Trying to unfollow #1: 
2018-04-18 04:53:00,820 - haw22k - Getting user info : paloma_sridhar
2018-04-18 04:53:31,296 - haw22k - Trying to like media: 1760200178173124034
2018-04-18 04:53:31,737 - haw22k - Not liked: 400
2018-04-18 04:55:03,059 - haw22k - Trying to like media: 1760200171763073481
2018-04-18 04:55:03,304 - haw22k - Not liked: 400
2018-04-18 04:56:34,273 - haw22k - Trying to like media: 1760200156630091199
2018-04-18 04:56:35,166 - haw22k - Liked: 1760200156630091199. Like #177.
2018-04-18 04:57:11,630 - haw22k - Trying to follow: 4018652224
2018-04-18 04:57:13,177 - haw22k - Followed: 4018652224 #54.
2018-04-18 04:57:40,958 - haw22k - Trying to unfollow #1: 
2018-04-18 04:57:40,961 - haw22k - Getting user info : holicholic_jp
2018-04-18 04:58:05,217 - haw22k - Trying to like media: 1760200139374491654
2018-04-18 04:58:05,890 - haw22k - Liked: 1760200139374491654. Like #178.
2018-04-18 04:59:39,889 - haw22k - Trying to like media: 1760199978004566360
2018-04-18 04:59:40,541 - haw22k - Liked: 1760199978004566360. Like #179.
2018-04-18 05:01:02,068 - haw22k - Trying to like media: 1760198295861069556
2018-04-18 05:01:03,363 - haw22k - Liked: 1760198295861069556. Like #180.
2018-04-18 05:02:13,251 - haw22k - Trying to follow: 4088386976
2018-04-18 05:02:14,317 - haw22k - Followed: 4088386976 #55.
2018-04-18 05:02:30,005 - haw22k - Trying to unfollow #1: 
2018-04-18 05:02:30,007 - haw22k - Getting user info : iam_stevethedog
2018-04-18 05:02:40,091 - haw22k - Trying to like media: 1760199748559443026
2018-04-18 05:02:40,944 - haw22k - Liked: 1760199748559443026. Like #181.
2018-04-18 05:04:11,900 - haw22k - Trying to like media: 1760199668498047645
2018-04-18 05:04:12,656 - haw22k - Liked: 1760199668498047645. Like #182.
2018-04-18 05:05:32,090 - haw22k - Trying to like media: 1760199596590775831
2018-04-18 05:05:33,247 - haw22k - Liked: 1760199596590775831. Like #183.
2018-04-18 05:06:58,269 - haw22k - Already followed before 1023169004
2018-04-18 05:07:10,285 - haw22k - Trying to like media: 1760199392503026878
2018-04-18 05:07:10,834 - haw22k - Liked: 1760199392503026878. Like #184.
2018-04-18 05:07:31,856 - haw22k - Trying to unfollow #1: 
2018-04-18 05:07:31,858 - haw22k - Getting user info : plat0na_mama
2018-04-18 05:08:33,158 - haw22k - Trying to like media: 1760199195380122521
2018-04-18 05:08:33,815 - haw22k - Liked: 1760199195380122521. Like #185.
2018-04-18 05:09:25,285 - haw22k - Trying to follow: 4507780307
2018-04-18 05:09:26,300 - haw22k - Followed: 4507780307 #56.
2018-04-18 05:10:05,990 - haw22k - Trying to like media: 1760199080489168913
2018-04-18 05:10:23,934 - haw22k - Liked: 1760199080489168913. Like #186.
2018-04-18 05:11:52,190 - haw22k - Trying to like media: 1760199074457789949
2018-04-18 05:11:53,389 - haw22k - Liked: 1760199074457789949. Like #187.
2018-04-18 05:12:44,869 - haw22k - Trying to unfollow #1: 
2018-04-18 05:12:44,872 - haw22k - Getting user info : startupslabco
2018-04-18 05:13:21,716 - haw22k - Trying to like media: 1760199046724979232
2018-04-18 05:13:22,342 - haw22k - Liked: 1760199046724979232. Like #188.
2018-04-18 05:14:01,378 - haw22k - Trying to follow: 1464458132
2018-04-18 05:14:02,353 - haw22k - Followed: 1464458132 #57.
2018-04-18 05:14:57,063 - haw22k - Trying to like media: 1760199013725326492
2018-04-18 05:14:57,878 - haw22k - Liked: 1760199013725326492. Like #189.
2018-04-18 05:16:26,043 - haw22k - Trying to like media: 1760198927498725354
2018-04-18 05:16:50,152 - haw22k - Trying to like media: 1760198922523898959
2018-04-18 05:17:18,791 - haw22k - Trying to like media: 1760198761102947595
2018-04-18 05:17:35,167 - haw22k - Liked: 1760198761102947595. Like #190.
2018-04-18 05:17:44,171 - haw22k - Trying to unfollow #1: 
2018-04-18 05:17:44,173 - haw22k - Getting user info : davidhofficial
2018-04-18 05:18:42,210 - haw22k - Already followed before 5369668554
2018-04-18 05:19:03,231 - haw22k - Trying to like media: 1760198737765226287
2018-04-18 05:19:57,374 - haw22k - Liked: 1760198737765226287. Like #191.
2018-04-18 05:20:00,378 - haw22k - Get media id by tag: repeat
2018-04-18 05:20:02,868 - haw22k - Removing already liked medias..
2018-04-18 05:21:16,491 - haw22k - Trying to follow: 7363406340
2018-04-18 05:21:18,284 - haw22k - Followed: 7363406340 #58.
2018-04-18 05:21:22,281 - haw22k - Trying to like media: 1760214681588702896
2018-04-18 05:21:23,452 - haw22k - Liked: 1760214681588702896. Like #192.
2018-04-18 05:22:45,921 - haw22k - Trying to like media: 1760214549033643196
2018-04-18 05:22:46,672 - haw22k - Liked: 1760214549033643196. Like #193.
2018-04-18 05:22:49,676 - haw22k - Trying to unfollow #1: 
2018-04-18 05:22:49,678 - haw22k - Getting user info : paoalejandra2002
2018-04-18 05:24:05,338 - haw22k - Trying to like media: 1760214535401917386
2018-04-18 05:24:06,241 - haw22k - Liked: 1760214535401917386. Like #194.
2018-04-18 05:25:37,553 - haw22k - Trying to like media: 1760214450717888297
2018-04-18 05:25:39,226 - haw22k - Liked: 1760214450717888297. Like #195.
2018-04-18 05:26:03,667 - haw22k - Trying to follow: 7087698469
2018-04-18 05:26:05,027 - haw22k - Followed: 7087698469 #59.
2018-04-18 05:27:12,765 - haw22k - Trying to like media: 1760213764429832527
2018-04-18 05:27:22,651 - haw22k - Liked: 1760213764429832527. Like #196.
2018-04-18 05:27:25,656 - haw22k - Trying to unfollow #1: 
2018-04-18 05:27:25,664 - haw22k - Getting user info : abushawish.hamzah.mohammed.2
2018-04-18 05:28:48,735 - haw22k - Trying to like media: 1760214126657261993
2018-04-18 05:28:49,751 - haw22k - Liked: 1760214126657261993. Like #197.
2018-04-18 05:30:26,767 - haw22k - Trying to like media: 1760213320278083039
2018-04-18 05:30:28,240 - haw22k - Liked: 1760213320278083039. Like #198.
2018-04-18 05:30:34,247 - haw22k - Trying to follow: 6186453
2018-04-18 05:30:35,424 - haw22k - Followed: 6186453 #60.
2018-04-18 05:31:49,721 - haw22k - Trying to like media: 1760213995517896475
2018-04-18 05:31:50,670 - haw22k - Liked: 1760213995517896475. Like #199.
2018-04-18 05:31:59,680 - haw22k - Trying to unfollow #1: 
2018-04-18 05:31:59,684 - haw22k - Getting user info : olivermaurice_theservicedog
2018-04-18 05:33:24,487 - haw22k - Trying to like media: 1760213775770685003
2018-04-18 05:33:25,206 - haw22k - Liked: 1760213775770685003. Like #200.
2018-04-18 05:34:50,974 - haw22k - Trying to like media: 1760212335982975215
2018-04-18 05:34:52,674 - haw22k - Liked: 1760212335982975215. Like #201.
2018-04-18 05:35:47,656 - haw22k - Trying to follow: 7047696840
2018-04-18 05:35:48,731 - haw22k - Followed: 7047696840 #61.
2018-04-18 05:36:25,387 - haw22k - Trying to like media: 1760213613098103724
2018-04-18 05:36:50,406 - haw22k - Trying to like media: 1760213544438874198
2018-04-18 05:36:51,836 - haw22k - Liked: 1760213544438874198. Like #202.
2018-04-18 05:37:15,862 - haw22k - Trying to unfollow #1: 
2018-04-18 05:37:15,865 - haw22k - Getting user info : shadagod187
2018-04-18 05:38:25,743 - haw22k - Trying to like media: 1760213041675519124
2018-04-18 05:38:49,878 - haw22k - Trying to like media: 1760213371682498390
2018-04-18 05:38:51,316 - haw22k - Liked: 1760213371682498390. Like #203.
2018-04-18 05:40:19,132 - haw22k - Trying to like media: 1760213176061023605
2018-04-18 05:40:23,806 - haw22k - Liked: 1760213176061023605. Like #204.
2018-04-18 05:40:23,807 - haw22k - Trying to follow: 7431652838
2018-04-18 05:40:27,433 - haw22k - Followed: 7431652838 #62.
2018-04-18 05:41:45,213 - haw22k - Trying to like media: 1760212209928462678
2018-04-18 05:41:45,955 - haw22k - Liked: 1760212209928462678. Like #205.
2018-04-18 05:41:48,958 - haw22k - Get media id by tag: sleep
2018-04-18 05:41:51,157 - haw22k - Removing already liked medias..
2018-04-18 05:42:27,717 - haw22k - Trying to unfollow #1: 
2018-04-18 05:42:27,719 - haw22k - Getting user info : saisandeshmakam
2018-04-18 05:43:07,508 - haw22k - Trying to like media: 1760224388216305779
2018-04-18 05:43:09,297 - haw22k - Liked: 1760224388216305779. Like #206.
2018-04-18 05:44:35,055 - haw22k - Trying to like media: 1760225678399620185
2018-04-18 05:44:57,034 - haw22k - Trying to follow: 7010032856
2018-04-18 05:45:03,421 - haw22k - Followed: 7010032856 #63.
2018-04-18 05:45:09,657 - haw22k - Trying to like media: 1760225598986121832
2018-04-18 05:45:11,916 - haw22k - Liked: 1760225598986121832. Like #207.
2018-04-18 05:46:39,769 - haw22k - Trying to like media: 1760225559834985052
2018-04-18 05:48:05,412 - haw22k - Liked: 1760225559834985052. Like #208.
2018-04-18 05:48:05,413 - haw22k - Trying to unfollow #1: 
2018-04-18 05:48:05,414 - haw22k - Getting user info : vongmusi_photography
2018-04-18 05:49:34,839 - haw22k - Trying to like media: 1760225558620061074
2018-04-18 05:49:36,019 - haw22k - Liked: 1760225558620061074. Like #209.
2018-04-18 05:50:06,454 - haw22k - Trying to follow: 3169920449
2018-04-18 05:50:08,980 - haw22k - Followed: 3169920449 #64.
2018-04-18 05:50:57,334 - haw22k - Trying to like media: 1760225475908554956
2018-04-18 05:50:58,038 - haw22k - Liked: 1760225475908554956. Like #210.
2018-04-18 05:52:35,394 - haw22k - Trying to like media: 1760225408420509758
2018-04-18 05:52:37,093 - haw22k - Liked: 1760225408420509758. Like #211.
2018-04-18 05:53:28,560 - haw22k - Trying to unfollow #1: 
2018-04-18 05:53:28,563 - haw22k - Getting user info : anxietyinabox
2018-04-18 05:54:05,843 - haw22k - Trying to like media: 1760225407977480950
2018-04-18 05:54:06,128 - haw22k - Not liked: 400
2018-04-18 05:54:39,640 - haw22k - Trying to follow: 237019874
2018-04-18 05:54:55,092 - haw22k - Followed: 237019874 #65.
2018-04-18 05:55:35,428 - haw22k - Trying to like media: 1760225328628620613
2018-04-18 05:55:36,373 - haw22k - Liked: 1760225328628620613. Like #212.
2018-04-18 05:57:03,865 - haw22k - Trying to like media: 1760224987429803506
2018-04-18 05:57:04,807 - haw22k - Liked: 1760224987429803506. Like #213.
2018-04-18 05:58:14,293 - haw22k - Trying to unfollow #1: 
2018-04-18 05:58:14,298 - haw22k - Getting user info : jim21lee
2018-04-18 05:58:39,037 - haw22k - Trying to like media: 1760224905709694776
2018-04-18 05:58:41,699 - haw22k - Liked: 1760224905709694776. Like #214.
2018-04-18 05:59:33,595 - haw22k - Trying to follow: 5933131471
2018-04-18 05:59:35,298 - haw22k - Followed: 5933131471 #66.
2018-04-18 06:00:15,864 - haw22k - Trying to like media: 1760224804635253958
2018-04-18 06:00:16,907 - haw22k - Liked: 1760224804635253958. Like #215.
2018-04-18 06:01:54,404 - haw22k - Trying to like media: 1760224776424427273
2018-04-18 06:01:55,741 - haw22k - Liked: 1760224776424427273. Like #216.
2018-04-18 06:03:05,248 - haw22k - Trying to unfollow #1: 
2018-04-18 06:03:05,255 - haw22k - Getting user info : ___ayaakaaa___
2018-04-18 06:03:25,263 - haw22k - Trying to like media: 1760224745796117367
2018-04-18 06:03:26,819 - haw22k - Liked: 1760224745796117367. Like #217.
2018-04-18 06:04:52,358 - haw22k - Trying to like media: 1760224698366769197
2018-04-18 06:04:53,246 - haw22k - Liked: 1760224698366769197. Like #218.
2018-04-18 06:04:53,248 - haw22k - Trying to follow: 6540943519
2018-04-18 06:04:55,347 - haw22k - Followed: 6540943519 #67.
2018-04-18 06:06:15,032 - haw22k - Trying to like media: 1760224661155997937
2018-04-18 06:06:17,339 - haw22k - Liked: 1760224661155997937. Like #219.
2018-04-18 06:07:51,474 - haw22k - Trying to like media: 1760224574055991626
2018-04-18 06:07:53,232 - haw22k - Liked: 1760224574055991626. Like #220.
2018-04-18 06:08:23,262 - haw22k - Trying to unfollow #1: 
2018-04-18 06:08:23,265 - haw22k - Getting user info : stephaniee1992
2018-04-18 06:09:27,767 - haw22k - Trying to like media: 1760224482076654817
2018-04-18 06:09:28,683 - haw22k - Liked: 1760224482076654817. Like #221.
2018-04-18 06:10:05,122 - haw22k - Trying to follow: 971831470
2018-04-18 06:10:06,539 - haw22k - Followed: 971831470 #68.
2018-04-18 06:11:01,657 - haw22k - Trying to like media: 1760224407726615525
2018-04-18 06:11:02,583 - haw22k - Liked: 1760224407726615525. Like #222.
2018-04-18 06:12:36,926 - haw22k - Trying to like media: 1760224404658147270
2018-04-18 06:12:37,967 - haw22k - Liked: 1760224404658147270. Like #223.
2018-04-18 06:13:14,430 - haw22k - Trying to unfollow #1: 
2018-04-18 06:13:14,435 - haw22k - Getting user info : alex_izquierdo_entrenador
2018-04-18 06:13:57,600 - haw22k - Trying to like media: 1760223947897853898
2018-04-18 06:13:59,143 - haw22k - Liked: 1760223947897853898. Like #224.
2018-04-18 06:14:56,625 - haw22k - Trying to follow: 7325077778
2018-04-18 06:14:58,243 - haw22k - Followed: 7325077778 #69.
2018-04-18 06:15:32,449 - haw22k - Trying to like media: 1760224237916718280
2018-04-18 06:15:33,276 - haw22k - Liked: 1760224237916718280. Like #225.
2018-04-18 06:16:52,296 - haw22k - Trying to like media: 1760224224822555601
2018-04-18 06:16:53,399 - haw22k - Liked: 1760224224822555601. Like #226.
2018-04-18 06:18:23,909 - haw22k - Trying to like media: 1760224131205707377
2018-04-18 06:18:25,024 - haw22k - Liked: 1760224131205707377. Like #227.
2018-04-18 06:18:28,029 - haw22k - Trying to unfollow #1: 
2018-04-18 06:18:28,030 - haw22k - Getting user info : jessfierro
2018-04-18 06:19:25,378 - haw22k - Trying to follow: 6346615133
2018-04-18 06:19:26,929 - haw22k - Followed: 6346615133 #70.
2018-04-18 06:19:55,696 - haw22k - Trying to like media: 1760224066327095852
2018-04-18 06:19:56,625 - haw22k - Liked: 1760224066327095852. Like #228.
2018-04-18 06:21:27,607 - haw22k - Trying to like media: 1760224041128866061
2018-04-18 06:21:28,472 - haw22k - Liked: 1760224041128866061. Like #229.
2018-04-18 06:22:53,941 - haw22k - Trying to like media: 1760223972577664033
2018-04-18 06:22:56,129 - haw22k - Liked: 1760223972577664033. Like #230.
2018-04-18 06:23:35,632 - haw22k - Trying to unfollow #1: 
2018-04-18 06:23:35,634 - haw22k - Getting user info : ___rickyjam___
2018-04-18 06:24:18,097 - haw22k - Trying to like media: 1760223959247557083
2018-04-18 06:24:19,160 - haw22k - Liked: 1760223959247557083. Like #231.
2018-04-18 06:24:25,169 - haw22k - Trying to follow: 6016454034
2018-04-18 06:24:27,253 - haw22k - Followed: 6016454034 #71.
2018-04-18 06:25:46,539 - haw22k - Trying to like media: 1760223951621395211
2018-04-18 06:25:48,033 - haw22k - Liked: 1760223951621395211. Like #232.
2018-04-18 06:27:21,947 - haw22k - Trying to like media: 1760222832691557420
2018-04-18 06:27:23,120 - haw22k - Liked: 1760222832691557420. Like #233.
2018-04-18 06:28:48,480 - haw22k - Trying to unfollow #1: 
2018-04-18 06:28:48,482 - haw22k - Getting user info : riversideproductionz
2018-04-18 06:28:54,761 - haw22k - Trying to like media: 1760223823402445505
2018-04-18 06:28:56,086 - haw22k - Liked: 1760223823402445505. Like #234.
2018-04-18 06:28:56,088 - haw22k - Already followed before 7196831401
2018-04-18 06:30:21,623 - haw22k - Trying to like media: 1760223791014660788
2018-04-18 06:30:22,751 - haw22k - Liked: 1760223791014660788. Like #235.
2018-04-18 06:31:32,784 - haw22k - Trying to follow: 6875333516
2018-04-18 06:31:34,703 - haw22k - Followed: 6875333516 #72.
2018-04-18 06:31:44,381 - haw22k - Trying to like media: 1760223723476376857
2018-04-18 06:31:45,877 - haw22k - Liked: 1760223723476376857. Like #236.
2018-04-18 06:33:16,703 - haw22k - Trying to like media: 1760223686793506106
2018-04-18 06:33:17,633 - haw22k - Liked: 1760223686793506106. Like #237.
2018-04-18 06:33:47,663 - haw22k - Trying to unfollow #1: 
2018-04-18 06:33:47,664 - haw22k - Getting user info : lisa_does_sa
2018-04-18 06:34:45,835 - haw22k - Trying to like media: 1760223638190889772
2018-04-18 06:34:46,738 - haw22k - Liked: 1760223638190889772. Like #238.
2018-04-18 06:36:10,818 - haw22k - Trying to like media: 1760223620558205048
2018-04-18 06:36:12,494 - haw22k - Liked: 1760223620558205048. Like #239.
2018-04-18 06:36:27,511 - haw22k - Trying to follow: 1027475870
2018-04-18 06:36:29,417 - haw22k - Followed: 1027475870 #73.
2018-04-18 06:37:43,362 - haw22k - Trying to like media: 1760223612714096377
2018-04-18 06:37:44,114 - haw22k - Liked: 1760223612714096377. Like #240.
2018-04-18 06:37:47,118 - haw22k - Get media id by tag: sleep
2018-04-18 06:37:49,554 - haw22k - Removing already liked medias..
2018-04-18 06:38:14,144 - haw22k - Trying to unfollow #1: 
2018-04-18 06:38:14,146 - haw22k - Getting user info : jameshenrysf
2018-04-18 06:39:20,983 - haw22k - Trying to like media: 1760254048806095153
2018-04-18 06:39:35,943 - haw22k - Liked: 1760254048806095153. Like #241.
2018-04-18 06:41:00,028 - haw22k - Trying to follow: 7538674101
2018-04-18 06:41:00,859 - haw22k - Followed: 7538674101 #74.
2018-04-18 06:41:07,638 - haw22k - Trying to like media: 1760253760859171383
2018-04-18 06:41:07,933 - haw22k - Not liked: 400
2018-04-18 06:41:07,938 - haw22k - Trying to follow: 6282127698
2018-04-18 06:41:09,289 - haw22k - Followed: 6282127698 #75.
2018-04-18 06:42:31,487 - haw22k - Trying to like media: 1760253590822585671
2018-04-18 06:42:32,560 - haw22k - Liked: 1760253590822585671. Like #242.
2018-04-18 06:43:08,596 - haw22k - Trying to unfollow #1: 
2018-04-18 06:43:08,602 - haw22k - Getting user info : kao_taso
2018-04-18 06:43:57,919 - haw22k - Trying to like media: 1760253570304003407
2018-04-18 06:43:59,522 - haw22k - Liked: 1760253570304003407. Like #243.
2018-04-18 06:45:24,384 - haw22k - Trying to like media: 1760253083513566187
2018-04-18 06:45:25,409 - haw22k - Liked: 1760253083513566187. Like #244.
2018-04-18 06:46:26,207 - haw22k - Trying to follow: 3454225708
2018-04-18 06:46:28,370 - haw22k - Followed: 3454225708 #76.
2018-04-18 06:46:56,725 - haw22k - Trying to like media: 1760253463642902991
2018-04-18 06:46:58,159 - haw22k - Liked: 1760253463642902991. Like #245.
2018-04-18 06:48:20,079 - haw22k - Trying to unfollow #1: 
2018-04-18 06:48:20,084 - haw22k - Getting user info : katvil8_
2018-04-18 06:48:35,390 - haw22k - Trying to like media: 1760253447167757853
2018-04-18 06:48:36,711 - haw22k - Liked: 1760253447167757853. Like #246.
2018-04-18 06:50:08,117 - haw22k - Trying to like media: 1760253450087486903
2018-04-18 06:50:09,333 - haw22k - Liked: 1760253450087486903. Like #247.
2018-04-18 06:51:30,875 - haw22k - Trying to follow: 7519516221
2018-04-18 06:51:32,350 - haw22k - Followed: 7519516221 #77.
2018-04-18 06:51:42,049 - haw22k - Trying to like media: 1760253408085627949
2018-04-18 06:51:42,728 - haw22k - Liked: 1760253408085627949. Like #248.
2018-04-18 06:53:13,732 - haw22k - Trying to like media: 1760253225750490467
2018-04-18 06:53:33,753 - haw22k - Trying to unfollow #1: 
2018-04-18 06:53:33,754 - haw22k - Getting user info : tumarchanteweb
2018-04-18 06:53:59,783 - haw22k - Trying to like media: 1760253137561540119
2018-04-18 06:54:22,814 - haw22k - Trying to like media: 1760253119559013647
2018-04-18 06:54:45,848 - haw22k - Trying to like media: 1760253111489072109
2018-04-18 06:55:08,877 - haw22k - Trying to like media: 1760253113905104251
2018-04-18 06:55:31,913 - haw22k - Trying to like media: 1760253002110027703
2018-04-18 06:55:54,941 - haw22k - Trying to like media: 1760252843138165056
2018-04-18 06:56:17,965 - haw22k - Trying to like media: 1760252769895477343
2018-04-18 06:56:37,981 - haw22k - Trying to follow: 7482658488
2018-04-18 06:57:01,010 - haw22k - Trying to like media: 1760252743758157446
2018-04-18 06:57:21,031 - haw22k - Trying to follow: 1932159036
2018-04-18 06:57:44,060 - haw22k - Trying to like media: 1760252692804259803
2018-04-18 06:58:04,082 - haw22k - Trying to follow: 5347860626
2018-04-18 06:58:27,108 - haw22k - Trying to like media: 1760252598668864141
2018-04-18 06:58:47,141 - haw22k - Trying to follow: 861238493
2018-04-18 06:59:07,166 - haw22k - Trying to unfollow #1: 
2018-04-18 06:59:07,171 - haw22k - Getting user info : foobar_codes
