2018-04-19 07:59:46,959 - shotaowl - Instabot v1.2.0 started at 19.04.2018 07:59:

2018-04-19 07:59:46,960 - shotaowl - Trying to login as shotaowl...

2018-04-19 07:59:51,957 - shotaowl - shotaowl login success!
2018-04-19 07:59:51,958 - shotaowl - Get media id by tag: krasnaypolyna
2018-04-19 07:59:53,556 - shotaowl - Removing already liked medias..
2018-04-19 07:59:53,593 - shotaowl - Keep calm - It's your own profile ;)
2018-04-19 07:59:53,593 - shotaowl - Trying to unfollow #1: 
2018-04-19 07:59:53,595 - shotaowl - Getting user info : laurabeach
2018-04-19 07:59:59,862 - shotaowl - Keep calm - It's your own profile ;)
2018-04-19 08:00:03,389 - shotaowl - Already followed before 533620809
2018-04-19 08:02:11,468 - shotaowl - Keep calm - It's your own media ;)
2018-04-19 08:02:18,144 - shotaowl - Keep calm - It's your own media ;)
2018-04-19 08:02:39,165 - shotaowl - Get media id by tag: krasnaypolyna
2018-04-19 08:02:41,118 - shotaowl - Removing already liked medias..
2018-04-19 08:02:41,145 - shotaowl - Keep calm - It's your own profile ;)
2018-04-19 08:02:44,149 - shotaowl - Keep calm - It's your own profile ;)
2018-04-19 08:02:47,877 - shotaowl - Already followed before 533620809
2018-04-19 08:04:22,209 - shotaowl - Trying to unfollow #1: 
2018-04-19 08:04:22,215 - shotaowl - Getting user info : teknorun
2018-04-19 08:05:00,207 - shotaowl - Keep calm - It's your own media ;)
2018-04-19 08:05:06,396 - shotaowl - Keep calm - It's your own media ;)
2018-04-19 08:05:27,417 - shotaowl - Get media id by tag: краснаяполяна
2018-04-19 08:05:29,425 - shotaowl - Removing already liked medias..
2018-04-19 08:05:29,462 - shotaowl - Trying to like media: 1761022221532421430
2018-04-19 08:05:31,066 - shotaowl - Liked: 1761022221532421430. Like #1.
2018-04-19 08:05:31,066 - shotaowl - Trying to follow: 7180778424
2018-04-19 08:05:32,708 - shotaowl - Followed: 7180778424 #1.
2018-04-19 08:06:50,088 - shotaowl - Trying to like media: 1761021832268797714
2018-04-19 08:06:51,883 - shotaowl - Liked: 1761021832268797714. Like #2.
2018-04-19 08:08:14,248 - shotaowl - Trying to like media: 1761021154711285397
2018-04-19 08:08:15,848 - shotaowl - Liked: 1761021154711285397. Like #3.
2018-04-19 08:08:56,227 - shotaowl - Trying to unfollow #1: 
2018-04-19 08:08:56,229 - shotaowl - Getting user info : xx_staff_fb
2018-04-19 08:09:51,838 - shotaowl - Trying to like media: 1761020702490936612
2018-04-19 08:09:52,687 - shotaowl - Liked: 1761020702490936612. Like #4.
2018-04-19 08:10:34,723 - shotaowl - Trying to follow: 7518107517
2018-04-19 08:10:36,254 - shotaowl - Followed: 7518107517 #2.
2018-04-19 08:11:14,026 - shotaowl - Trying to like media: 1761020642235624237
2018-04-19 08:11:15,104 - shotaowl - Liked: 1761020642235624237. Like #5.
2018-04-19 08:12:43,997 - shotaowl - Trying to like media: 1761020482550077161
2018-04-19 08:12:44,713 - shotaowl - Liked: 1761020482550077161. Like #6.
2018-04-19 08:14:04,008 - shotaowl - Trying to unfollow #1: 
2018-04-19 08:14:04,011 - shotaowl - Getting user info : _techupdates_
2018-04-19 08:14:11,000 - shotaowl - Trying to like media: 1761018144183070885
2018-04-19 08:14:11,952 - shotaowl - Liked: 1761018144183070885. Like #7.
2018-04-19 08:15:16,302 - shotaowl - Trying to follow: 4493208882
2018-04-19 08:15:17,372 - shotaowl - Followed: 4493208882 #3.
2018-04-19 08:15:33,846 - shotaowl - Trying to like media: 1761018002760026223
2018-04-19 08:15:35,187 - shotaowl - Liked: 1761018002760026223. Like #8.
2018-04-19 08:17:07,449 - shotaowl - Trying to like media: 1761017825969080482
2018-04-19 08:17:08,784 - shotaowl - Liked: 1761017825969080482. Like #9.
2018-04-19 08:18:31,130 - shotaowl - Trying to like media: 1761017001964402798
2018-04-19 08:18:34,556 - shotaowl - Liked: 1761017001964402798. Like #10.
2018-04-19 08:18:44,066 - shotaowl - Trying to unfollow #1: 
2018-04-19 08:18:44,067 - shotaowl - Getting user info : slimperia
2018-04-19 08:20:00,590 - shotaowl - Trying to like media: 1761016757496489044
2018-04-19 08:20:01,596 - shotaowl - Liked: 1761016757496489044. Like #11.
2018-04-19 08:20:04,597 - shotaowl - Trying to follow: 291267932
2018-04-19 08:20:06,090 - shotaowl - Followed: 291267932 #4.
2018-04-19 08:21:26,280 - shotaowl - Trying to like media: 1761016114518556466
2018-04-19 08:21:27,474 - shotaowl - Liked: 1761016114518556466. Like #12.
2018-04-19 08:23:02,233 - shotaowl - Trying to like media: 1761015328497621463
2018-04-19 08:23:04,226 - shotaowl - Liked: 1761015328497621463. Like #13.
2018-04-19 08:24:01,968 - shotaowl - Trying to unfollow #1: 
2018-04-19 08:24:01,970 - shotaowl - Getting user info : __ryusta__
2018-04-19 08:24:26,431 - shotaowl - Trying to like media: 1761013746362351407
2018-04-19 08:24:27,341 - shotaowl - Liked: 1761013746362351407. Like #14.
2018-04-19 08:24:30,345 - shotaowl - Trying to follow: 2086333958
2018-04-19 08:24:31,328 - shotaowl - Followed: 2086333958 #5.
2018-04-19 08:25:50,202 - shotaowl - Trying to like media: 1761013602683181915
2018-04-19 08:25:51,244 - shotaowl - Liked: 1761013602683181915. Like #15.
2018-04-19 08:27:18,338 - shotaowl - Trying to like media: 1761012953765625363
2018-04-19 08:27:19,630 - shotaowl - Liked: 1761012953765625363. Like #16.
2018-04-19 08:28:42,976 - shotaowl - Trying to like media: 1761012235953390982
2018-04-19 08:28:43,896 - shotaowl - Liked: 1761012235953390982. Like #17.
2018-04-19 08:28:58,911 - shotaowl - Trying to unfollow #1: 
2018-04-19 08:28:58,914 - shotaowl - Getting user info : benfiika
2018-04-19 08:29:06,362 - shotaowl - Trying to follow: 1719922853
2018-04-19 08:29:07,421 - shotaowl - Followed: 1719922853 #6.
2018-04-19 08:30:15,761 - shotaowl - Trying to like media: 1761012641716845685
2018-04-19 08:30:16,664 - shotaowl - Liked: 1761012641716845685. Like #18.
2018-04-19 08:31:48,767 - shotaowl - Trying to like media: 1761012014316822430
2018-04-19 08:31:50,037 - shotaowl - Liked: 1761012014316822430. Like #19.
2018-04-19 08:33:12,549 - shotaowl - Trying to like media: 1761011559126338060
2018-04-19 08:33:13,490 - shotaowl - Liked: 1761011559126338060. Like #20.
2018-04-19 08:33:44,089 - shotaowl - Trying to unfollow #1: 
2018-04-19 08:33:44,091 - shotaowl - Getting user info : thehealthc0mpany
2018-04-19 08:34:00,636 - shotaowl - Trying to follow: 3140404437
2018-04-19 08:34:01,367 - shotaowl - Followed: 3140404437 #7.
2018-04-19 08:34:50,878 - shotaowl - Trying to like media: 1761011530620991138
2018-04-19 08:34:51,760 - shotaowl - Liked: 1761011530620991138. Like #21.
2018-04-19 08:36:14,722 - shotaowl - Trying to like media: 1761011461230916056
2018-04-19 08:36:15,450 - shotaowl - Liked: 1761011461230916056. Like #22.
2018-04-19 08:37:37,828 - shotaowl - Trying to like media: 1761010758567584426
2018-04-19 08:37:39,185 - shotaowl - Liked: 1761010758567584426. Like #23.
2018-04-19 08:38:25,581 - shotaowl - Trying to unfollow #1: 
2018-04-19 08:38:25,582 - shotaowl - Getting user info : pinkhousechelsea_shinjuku
2018-04-19 08:38:44,081 - shotaowl - Trying to follow: 6680827768
2018-04-19 08:38:45,104 - shotaowl - Followed: 6680827768 #8.
2018-04-19 08:38:58,700 - shotaowl - Trying to like media: 1761010688137298402
2018-04-19 08:38:59,385 - shotaowl - Liked: 1761010688137298402. Like #24.
2018-04-19 08:40:27,909 - shotaowl - Trying to like media: 1761010535447894579
2018-04-19 08:40:28,670 - shotaowl - Liked: 1761010535447894579. Like #25.
2018-04-19 08:41:57,469 - shotaowl - Trying to like media: 1761009651724629325
2018-04-19 08:41:58,624 - shotaowl - Liked: 1761009651724629325. Like #26.
2018-04-19 08:43:07,687 - shotaowl - Trying to unfollow #1: 
2018-04-19 08:43:07,689 - shotaowl - Getting user info : ssatooou
2018-04-19 08:43:20,101 - shotaowl - Trying to follow: 5022190469
2018-04-19 08:43:21,460 - shotaowl - Followed: 5022190469 #9.
2018-04-19 08:43:45,184 - shotaowl - Trying to like media: 1761009268046554898
2018-04-19 08:43:45,839 - shotaowl - Liked: 1761009268046554898. Like #27.
2018-04-19 08:43:45,840 - shotaowl - Trying to follow: 6958887399
2018-04-19 08:43:46,789 - shotaowl - Followed: 6958887399 #10.
2018-04-19 08:45:20,159 - shotaowl - Trying to like media: 1761008940714730029
2018-04-19 08:45:20,833 - shotaowl - Liked: 1761008940714730029. Like #28.
2018-04-19 08:46:46,948 - shotaowl - Trying to like media: 1761008202709681061
2018-04-19 08:46:48,364 - shotaowl - Liked: 1761008202709681061. Like #29.
2018-04-19 08:48:14,214 - shotaowl - Trying to like media: 1761008049005019810
2018-04-19 08:48:14,962 - shotaowl - Liked: 1761008049005019810. Like #30.
2018-04-19 08:48:14,962 - shotaowl - Trying to unfollow #1: 
2018-04-19 08:48:14,963 - shotaowl - Getting user info : inkedupandreckless
2018-04-19 08:48:21,728 - shotaowl - Already followed before 954826721
2018-04-19 08:49:44,017 - shotaowl - Trying to like media: 1761007981082625423
2018-04-19 08:49:45,061 - shotaowl - Liked: 1761007981082625423. Like #31.
2018-04-19 08:50:43,326 - shotaowl - Trying to follow: 1002257595
2018-04-19 08:50:44,803 - shotaowl - Followed: 1002257595 #11.
2018-04-19 08:51:16,238 - shotaowl - Trying to like media: 1761007491406565858
2018-04-19 08:51:17,300 - shotaowl - Liked: 1761007491406565858. Like #32.
2018-04-19 08:52:45,016 - shotaowl - Trying to unfollow #1: 
2018-04-19 08:52:45,017 - shotaowl - Getting user info : gandalfyy
2018-04-19 08:52:51,457 - shotaowl - Trying to like media: 1761007256793985103
2018-04-19 08:52:52,789 - shotaowl - Liked: 1761007256793985103. Like #33.
2018-04-19 08:54:18,828 - shotaowl - Trying to like media: 1761007136954254335
2018-04-19 08:54:19,703 - shotaowl - Liked: 1761007136954254335. Like #34.
2018-04-19 08:54:22,706 - shotaowl - Get media id by tag: краснаяполяна
2018-04-19 08:54:24,972 - shotaowl - Removing already liked medias..
2018-04-19 08:55:32,387 - shotaowl - Trying to follow: 214834503
2018-04-19 08:55:33,544 - shotaowl - Followed: 214834503 #12.
2018-04-19 08:55:55,943 - shotaowl - Trying to like media: 1761047099930855427
2018-04-19 08:55:57,356 - shotaowl - Liked: 1761047099930855427. Like #35.
2018-04-19 08:57:25,618 - shotaowl - Trying to like media: 1761046337280208193
2018-04-19 08:57:28,112 - shotaowl - Liked: 1761046337280208193. Like #36.
2018-04-19 08:57:31,115 - shotaowl - Trying to unfollow #1: 
2018-04-19 08:57:31,117 - shotaowl - Getting user info : hrelisabeth94
2018-04-19 08:58:54,381 - shotaowl - Trying to like media: 1761045891727750707
2018-04-19 08:58:55,405 - shotaowl - Liked: 1761045891727750707. Like #37.
2018-04-19 09:00:11,978 - shotaowl - Trying to follow: 5606939050
2018-04-19 09:00:13,923 - shotaowl - Followed: 5606939050 #13.
2018-04-19 09:00:26,803 - shotaowl - Trying to like media: 1761044894523520970
2018-04-19 09:00:27,882 - shotaowl - Liked: 1761044894523520970. Like #38.
2018-04-19 09:01:50,221 - shotaowl - Trying to like media: 1761044604940373292
2018-04-19 09:01:51,459 - shotaowl - Liked: 1761044604940373292. Like #39.
2018-04-19 09:02:37,704 - shotaowl - Trying to unfollow #1: 
2018-04-19 09:02:37,706 - shotaowl - Getting user info : kinnandyra_alulareza
2018-04-19 09:03:15,149 - shotaowl - Trying to like media: 1761044546882754390
2018-04-19 09:03:16,491 - shotaowl - Liked: 1761044546882754390. Like #40.
2018-04-19 09:04:44,838 - shotaowl - Trying to like media: 1761044302085205757
2018-04-19 09:04:46,297 - shotaowl - Liked: 1761044302085205757. Like #41.
2018-04-19 09:04:46,297 - shotaowl - Trying to follow: 6238101405
2018-04-19 09:04:48,533 - shotaowl - Followed: 6238101405 #14.
2018-04-19 09:06:14,342 - shotaowl - Trying to like media: 1761044074772018839
2018-04-19 09:06:15,500 - shotaowl - Liked: 1761044074772018839. Like #42.
2018-04-19 09:07:24,566 - shotaowl - Trying to unfollow #1: 
2018-04-19 09:07:24,568 - shotaowl - Getting user info : galisiya_photo
2018-04-19 09:07:48,501 - shotaowl - Trying to like media: 1761043910086822368
2018-04-19 09:07:49,413 - shotaowl - Liked: 1761043910086822368. Like #43.
2018-04-19 09:09:16,328 - shotaowl - Already followed before 2343658472
2018-04-19 09:09:22,334 - shotaowl - Trying to like media: 1761043717921121312
2018-04-19 09:09:23,343 - shotaowl - Liked: 1761043717921121312. Like #44.
2018-04-19 09:10:49,296 - shotaowl - Trying to like media: 1761043632146887997
2018-04-19 09:10:50,642 - shotaowl - Liked: 1761043632146887997. Like #45.
2018-04-19 09:11:30,310 - shotaowl - Trying to follow: 5484903284
2018-04-19 09:11:31,507 - shotaowl - Followed: 5484903284 #15.
2018-04-19 09:11:57,073 - shotaowl - Trying to unfollow #1: 
2018-04-19 09:11:57,075 - shotaowl - Getting user info : kazustagram4649
2018-04-19 09:12:28,060 - shotaowl - Trying to like media: 1761043121909958610
2018-04-19 09:12:29,216 - shotaowl - Liked: 1761043121909958610. Like #46.
2018-04-19 09:14:00,656 - shotaowl - Trying to like media: 1761042763666582361
2018-04-19 09:14:01,850 - shotaowl - Liked: 1761042763666582361. Like #47.
2018-04-19 09:15:36,290 - shotaowl - Trying to like media: 1761041812926908370
2018-04-19 09:15:37,470 - shotaowl - Liked: 1761041812926908370. Like #48.
2018-04-19 09:16:20,351 - shotaowl - Trying to follow: 1391085197
2018-04-19 09:16:21,679 - shotaowl - Followed: 1391085197 #16.
2018-04-19 09:16:31,862 - shotaowl - Trying to unfollow #1: 
2018-04-19 09:16:31,864 - shotaowl - Getting user info : rui.manji
2018-04-19 09:17:14,839 - shotaowl - Trying to like media: 1761041029035651487
2018-04-19 09:17:15,420 - shotaowl - Liked: 1761041029035651487. Like #49.
2018-04-19 09:18:50,320 - shotaowl - Trying to like media: 1761040960432720194
2018-04-19 09:18:51,322 - shotaowl - Liked: 1761040960432720194. Like #50.
2018-04-19 09:20:17,359 - shotaowl - Trying to like media: 1761040216851142265
2018-04-19 09:20:18,737 - shotaowl - Liked: 1761040216851142265. Like #51.
2018-04-19 09:20:43,428 - shotaowl - Trying to follow: 2982034107
2018-04-19 09:20:44,465 - shotaowl - Followed: 2982034107 #17.
2018-04-19 09:21:16,151 - shotaowl - Trying to unfollow #1: 
2018-04-19 09:21:16,153 - shotaowl - Getting user info : patoslim
2018-04-19 09:21:49,602 - shotaowl - Trying to like media: 1761040175394668352
2018-04-19 09:21:51,594 - shotaowl - Liked: 1761040175394668352. Like #52.
2018-04-19 09:23:24,695 - shotaowl - Trying to like media: 1761039720522356384
2018-04-19 09:23:26,004 - shotaowl - Liked: 1761039720522356384. Like #53.
2018-04-19 09:24:54,417 - shotaowl - Trying to like media: 1761037624477047176
2018-04-19 09:24:55,616 - shotaowl - Liked: 1761037624477047176. Like #54.
2018-04-19 09:25:23,241 - shotaowl - Trying to follow: 4062303227
2018-04-19 09:25:24,365 - shotaowl - Followed: 4062303227 #18.
2018-04-19 09:26:32,845 - shotaowl - Trying to like media: 1761037448007001513
2018-04-19 09:26:38,251 - shotaowl - Liked: 1761037448007001513. Like #55.
2018-04-19 09:26:38,251 - shotaowl - Trying to unfollow #1: 
2018-04-19 09:26:38,253 - shotaowl - Getting user info : ndrw_llo
2018-04-19 09:28:03,275 - shotaowl - Trying to like media: 1761037102998763634
2018-04-19 09:28:04,064 - shotaowl - Liked: 1761037102998763634. Like #56.
2018-04-19 09:29:36,744 - shotaowl - Trying to like media: 1761034919336127030
2018-04-19 09:29:38,429 - shotaowl - Liked: 1761034919336127030. Like #57.
2018-04-19 09:30:15,098 - shotaowl - Trying to follow: 7389086644
2018-04-19 09:30:16,243 - shotaowl - Followed: 7389086644 #19.
2018-04-19 09:31:02,805 - shotaowl - Trying to like media: 1761036776968786863
2018-04-19 09:31:03,679 - shotaowl - Liked: 1761036776968786863. Like #58.
2018-04-19 09:31:54,724 - shotaowl - Trying to unfollow #1: 
2018-04-19 09:31:54,725 - shotaowl - Getting user info : niina217p
2018-04-19 09:32:28,197 - shotaowl - Trying to like media: 1761032566583106156
2018-04-19 09:32:28,852 - shotaowl - Liked: 1761032566583106156. Like #59.
2018-04-19 09:34:01,341 - shotaowl - Trying to like media: 1761036319477667157
2018-04-19 09:34:02,122 - shotaowl - Liked: 1761036319477667157. Like #60.
2018-04-19 09:35:28,237 - shotaowl - Trying to follow: 6248454409
2018-04-19 09:35:41,706 - shotaowl - Followed: 6248454409 #20.
2018-04-19 09:35:48,544 - shotaowl - Trying to like media: 1761036085637841602
2018-04-19 09:35:49,426 - shotaowl - Liked: 1761036085637841602. Like #61.
2018-04-19 09:36:35,683 - shotaowl - Trying to unfollow #1: 
2018-04-19 09:36:35,685 - shotaowl - Getting user info : sochi_abhazia
2018-04-19 09:37:11,956 - shotaowl - Trying to like media: 1761035970311181936
2018-04-19 09:37:12,782 - shotaowl - Liked: 1761035970311181936. Like #62.
2018-04-19 09:38:35,605 - shotaowl - Trying to like media: 1761035896994373870
2018-04-19 09:38:36,530 - shotaowl - Liked: 1761035896994373870. Like #63.
2018-04-19 09:40:07,843 - shotaowl - Trying to like media: 1761035482797877489
2018-04-19 09:40:08,875 - shotaowl - Liked: 1761035482797877489. Like #64.
2018-04-19 09:40:28,042 - shotaowl - Already followed before 1391085197
2018-04-19 09:41:29,216 - shotaowl - Trying to unfollow #1: 
2018-04-19 09:41:29,218 - shotaowl - Getting user info : jasperthedorsetfox
2018-04-19 09:41:38,643 - shotaowl - Trying to like media: 1761034176339712355
2018-04-19 09:41:40,010 - shotaowl - Liked: 1761034176339712355. Like #65.
2018-04-19 09:42:50,453 - shotaowl - Trying to follow: 497530097
2018-04-19 09:42:51,397 - shotaowl - Followed: 497530097 #21.
2018-04-19 09:43:10,924 - shotaowl - Trying to like media: 1761033359541080985
2018-04-19 09:43:12,258 - shotaowl - Liked: 1761033359541080985. Like #66.
2018-04-19 09:44:39,347 - shotaowl - Trying to like media: 1761033271251933825
2018-04-19 09:44:40,102 - shotaowl - Liked: 1761033271251933825. Like #67.
2018-04-19 09:46:12,057 - shotaowl - Trying to unfollow #1: 
2018-04-19 09:46:12,063 - shotaowl - Getting user info : msrayray6532
2018-04-19 09:46:22,097 - shotaowl - Trying to like media: 1761024255972489567
2018-04-19 09:46:22,746 - shotaowl - Liked: 1761024255972489567. Like #68.
2018-04-19 09:47:50,533 - shotaowl - Trying to like media: 1761031777029320984
2018-04-19 09:47:51,174 - shotaowl - Liked: 1761031777029320984. Like #69.
2018-04-19 09:47:57,184 - shotaowl - Trying to follow: 3426320011
2018-04-19 09:47:58,888 - shotaowl - Followed: 3426320011 #22.
2018-04-19 09:49:16,066 - shotaowl - Trying to like media: 1761030924328623644
2018-04-19 09:49:17,525 - shotaowl - Liked: 1761030924328623644. Like #70.
2018-04-19 09:50:49,712 - shotaowl - Trying to like media: 1761029944858582239
2018-04-19 09:50:50,875 - shotaowl - Liked: 1761029944858582239. Like #71.
2018-04-19 09:51:14,894 - shotaowl - Trying to unfollow #1: 
2018-04-19 09:51:14,897 - shotaowl - Getting user info : axel.ducky
2018-04-19 09:52:16,410 - shotaowl - Trying to like media: 1761026267485206053
2018-04-19 09:52:17,205 - shotaowl - Liked: 1761026267485206053. Like #72.
2018-04-19 09:53:09,423 - shotaowl - Trying to follow: 7438123574
2018-04-19 09:53:10,404 - shotaowl - Followed: 7438123574 #23.
2018-04-19 09:53:42,083 - shotaowl - Trying to like media: 1761029398817140843
2018-04-19 09:53:42,904 - shotaowl - Liked: 1761029398817140843. Like #73.
2018-04-19 09:55:08,920 - shotaowl - Trying to like media: 1761028949045225822
2018-04-19 09:55:10,557 - shotaowl - Liked: 1761028949045225822. Like #74.
2018-04-19 09:55:43,590 - shotaowl - Trying to unfollow #1: 
2018-04-19 09:55:43,592 - shotaowl - Getting user info : immoneymakinrich
2018-04-19 09:56:43,984 - shotaowl - Trying to like media: 1761028866081797453
2018-04-19 09:56:45,390 - shotaowl - Liked: 1761028866081797453. Like #75.
2018-04-19 09:58:10,862 - shotaowl - Trying to follow: 4519298367
2018-04-19 09:58:11,907 - shotaowl - Followed: 4519298367 #24.
2018-04-19 09:58:17,804 - shotaowl - Trying to like media: 1761028700466750374
2018-04-19 09:58:22,968 - shotaowl - Liked: 1761028700466750374. Like #76.
2018-04-19 09:59:53,616 - shotaowl - Trying to like media: 1761028209421429053
2018-04-19 09:59:55,737 - shotaowl - Liked: 1761028209421429053. Like #77.
2018-04-19 10:00:39,554 - shotaowl - Trying to unfollow #1: 
2018-04-19 10:00:39,556 - shotaowl - Getting user info : luke_ohm
2018-04-19 10:01:29,061 - shotaowl - Trying to like media: 1761027611254895090
2018-04-19 10:01:29,592 - shotaowl - Liked: 1761027611254895090. Like #78.
2018-04-19 10:03:00,944 - shotaowl - Trying to like media: 1761027279695320765
2018-04-19 10:03:01,794 - shotaowl - Liked: 1761027279695320765. Like #79.
2018-04-19 10:03:18,135 - shotaowl - Trying to follow: 287259215
2018-04-19 10:03:19,617 - shotaowl - Followed: 287259215 #25.
2018-04-19 10:04:26,610 - shotaowl - Trying to like media: 1761027094793755382
2018-04-19 10:04:27,245 - shotaowl - Liked: 1761027094793755382. Like #80.
2018-04-19 10:05:34,740 - shotaowl - Trying to unfollow #1: 
2018-04-19 10:05:34,742 - shotaowl - Getting user info : cafebistrobridge
2018-04-19 10:06:09,210 - shotaowl - Trying to like media: 1760964142862469586
2018-04-19 10:06:10,281 - shotaowl - Liked: 1760964142862469586. Like #81.
2018-04-19 10:06:13,285 - shotaowl - Get media id by tag: sochi
2018-04-19 10:06:14,899 - shotaowl - Removing already liked medias..
2018-04-19 10:07:34,219 - shotaowl - Trying to like media: 1761083514381678456
2018-04-19 10:07:35,385 - shotaowl - Liked: 1761083514381678456. Like #82.
2018-04-19 10:08:05,977 - shotaowl - Trying to follow: 898292079
2018-04-19 10:08:07,193 - shotaowl - Followed: 898292079 #26.
2018-04-19 10:09:03,150 - shotaowl - Trying to like media: 1761082478356263267
2018-04-19 10:09:04,156 - shotaowl - Liked: 1761082478356263267. Like #83.
2018-04-19 10:10:23,969 - shotaowl - Trying to like media: 1761083338633171778
2018-04-19 10:10:24,898 - shotaowl - Liked: 1761083338633171778. Like #84.
2018-04-19 10:10:48,925 - shotaowl - Trying to unfollow #1: 
2018-04-19 10:10:48,927 - shotaowl - Getting user info : famous_touch
2018-04-19 10:11:45,267 - shotaowl - Trying to like media: 1761083229648422738
2018-04-19 10:11:46,123 - shotaowl - Liked: 1761083229648422738. Like #85.
2018-04-19 10:12:38,597 - shotaowl - Trying to follow: 7203844926
2018-04-19 10:12:39,791 - shotaowl - Followed: 7203844926 #27.
2018-04-19 10:13:17,389 - shotaowl - Trying to like media: 1761083094549715698
2018-04-19 10:13:18,301 - shotaowl - Liked: 1761083094549715698. Like #86.
2018-04-19 10:14:49,532 - shotaowl - Trying to like media: 1761082986396040416
2018-04-19 10:14:50,719 - shotaowl - Liked: 1761082986396040416. Like #87.
2018-04-19 10:14:53,723 - shotaowl - Get media id by tag: фотографсочи
2018-04-19 10:14:55,702 - shotaowl - Removing already liked medias..
2018-04-19 10:15:36,000 - shotaowl - Trying to unfollow #1: 
2018-04-19 10:15:36,003 - shotaowl - Getting user info : byteswag
2018-04-19 10:16:10,075 - shotaowl - Trying to like media: 1761086692516113032
2018-04-19 10:16:10,927 - shotaowl - Liked: 1761086692516113032. Like #88.
2018-04-19 10:17:06,271 - shotaowl - Trying to follow: 175006520
2018-04-19 10:17:07,922 - shotaowl - Followed: 175006520 #28.
2018-04-19 10:17:35,721 - shotaowl - Trying to like media: 1761086308661597062
2018-04-19 10:17:36,589 - shotaowl - Liked: 1761086308661597062. Like #89.
2018-04-19 10:19:12,070 - shotaowl - Trying to like media: 1761086177396822993
2018-04-19 10:19:12,980 - shotaowl - Liked: 1761086177396822993. Like #90.
2018-04-19 10:20:31,741 - shotaowl - Trying to unfollow #1: 
2018-04-19 10:20:31,742 - shotaowl - Getting user info : vegandbones
2018-04-19 10:20:41,763 - shotaowl - Trying to like media: 1761086017098806222
2018-04-19 10:20:42,650 - shotaowl - Liked: 1761086017098806222. Like #91.
2018-04-19 10:22:14,233 - shotaowl - Trying to like media: 1761085913180753966
2018-04-19 10:22:15,170 - shotaowl - Liked: 1761085913180753966. Like #92.
2018-04-19 10:22:15,171 - shotaowl - Already followed before 175006520
2018-04-19 10:23:49,847 - shotaowl - Trying to like media: 1761085731995313389
2018-04-19 10:23:51,357 - shotaowl - Liked: 1761085731995313389. Like #93.
2018-04-19 10:24:33,984 - shotaowl - Trying to follow: 4477561211
2018-04-19 10:24:34,999 - shotaowl - Followed: 4477561211 #29.
2018-04-19 10:25:12,253 - shotaowl - Trying to like media: 1761082801098562295
2018-04-19 10:25:13,928 - shotaowl - Liked: 1761082801098562295. Like #94.
2018-04-19 10:25:31,948 - shotaowl - Trying to unfollow #1: 
2018-04-19 10:25:31,951 - shotaowl - Getting user info : devinbhanaemusic
2018-04-19 10:26:36,611 - shotaowl - Trying to like media: 1761080188692950030
2018-04-19 10:26:37,979 - shotaowl - Liked: 1761080188692950030. Like #95.
2018-04-19 10:28:12,828 - shotaowl - Trying to like media: 1761080611999858660
2018-04-19 10:28:13,947 - shotaowl - Liked: 1761080611999858660. Like #96.
2018-04-19 10:29:48,800 - shotaowl - Trying to like media: 1761080507266859995
2018-04-19 10:29:50,020 - shotaowl - Liked: 1761080507266859995. Like #97.
2018-04-19 10:29:56,028 - shotaowl - Trying to follow: 3533482375
2018-04-19 10:29:57,290 - shotaowl - Followed: 3533482375 #30.
2018-04-19 10:30:38,554 - shotaowl - Trying to unfollow #1: 
2018-04-19 10:30:38,557 - shotaowl - Getting user info : alisons_cakes_
2018-04-19 10:31:12,481 - shotaowl - Trying to like media: 1761079137392262989
2018-04-19 10:31:13,437 - shotaowl - Liked: 1761079137392262989. Like #98.
2018-04-19 10:32:47,179 - shotaowl - Trying to like media: 1761077135079903264
2018-04-19 10:32:48,083 - shotaowl - Liked: 1761077135079903264. Like #99.
2018-04-19 10:34:20,201 - shotaowl - Trying to like media: 1761075967630465048
2018-04-19 10:34:29,140 - shotaowl - Liked: 1761075967630465048. Like #100.
2018-04-19 10:34:29,141 - shotaowl - Trying to follow: 7249476757
2018-04-19 10:34:30,229 - shotaowl - Followed: 7249476757 #31.
2018-04-19 10:35:41,067 - shotaowl - Trying to unfollow #1: 
2018-04-19 10:35:41,072 - shotaowl - Getting user info : kotomi_10035103
2018-04-19 10:35:59,624 - shotaowl - Trying to like media: 1761071767673019704
2018-04-19 10:36:01,073 - shotaowl - Liked: 1761071767673019704. Like #101.
2018-04-19 10:37:23,076 - shotaowl - Trying to like media: 1761070647986115651
2018-04-19 10:37:23,786 - shotaowl - Liked: 1761070647986115651. Like #102.
2018-04-19 10:38:49,190 - shotaowl - Trying to like media: 1761068762538038204
2018-04-19 10:38:50,427 - shotaowl - Liked: 1761068762538038204. Like #103.
2018-04-19 10:39:36,389 - shotaowl - Already followed before 1693458350
2018-04-19 10:40:24,998 - shotaowl - Trying to like media: 1761067534009646992
2018-04-19 10:40:25,892 - shotaowl - Liked: 1761067534009646992. Like #104.
2018-04-19 10:40:35,567 - shotaowl - Trying to unfollow #1: 
2018-04-19 10:40:35,569 - shotaowl - Getting user info : kindermusik_cambridge
2018-04-19 10:41:59,089 - shotaowl - Already followed before 2205802383
2018-04-19 10:42:02,095 - shotaowl - Trying to like media: 1761066392511468855
2018-04-19 10:42:03,070 - shotaowl - Liked: 1761066392511468855. Like #105.
2018-04-19 10:43:37,905 - shotaowl - Trying to like media: 1761065368238357861
2018-04-19 10:44:01,550 - shotaowl - Trying to like media: 1761055166651204272
2018-04-19 10:44:05,774 - shotaowl - Liked: 1761055166651204272. Like #106.
2018-04-19 10:44:11,780 - shotaowl - Trying to follow: 2971064187
2018-04-19 10:44:12,919 - shotaowl - Followed: 2971064187 #32.
2018-04-19 10:45:25,252 - shotaowl - Trying to like media: 1761057300167355069
2018-04-19 10:45:26,360 - shotaowl - Liked: 1761057300167355069. Like #107.
2018-04-19 10:45:26,360 - shotaowl - Trying to unfollow #1: 
2018-04-19 10:45:26,362 - shotaowl - Getting user info : tolin_kaddo
2018-04-19 10:46:59,841 - shotaowl - Trying to like media: 1761057234080647946
2018-04-19 10:47:02,144 - shotaowl - Liked: 1761057234080647946. Like #108.
2018-04-19 10:48:30,944 - shotaowl - Trying to like media: 1761056694870658475
2018-04-19 10:48:32,319 - shotaowl - Liked: 1761056694870658475. Like #109.
2018-04-19 10:49:00,029 - shotaowl - Trying to follow: 40603775
2018-04-19 10:49:00,807 - shotaowl - Followed: 40603775 #33.
2018-04-19 10:50:09,055 - shotaowl - Trying to like media: 1761056682437655248
2018-04-19 10:50:10,197 - shotaowl - Liked: 1761056682437655248. Like #110.
2018-04-19 10:50:40,230 - shotaowl - Trying to unfollow #1: 
2018-04-19 10:50:40,235 - shotaowl - Getting user info : essens_svetlana_vld
2018-04-19 10:51:34,355 - shotaowl - Trying to like media: 1761055886871935710
2018-04-19 10:51:35,182 - shotaowl - Liked: 1761055886871935710. Like #111.
2018-04-19 10:53:08,274 - shotaowl - Trying to like media: 1761055854415994964
2018-04-19 10:53:09,951 - shotaowl - Liked: 1761055854415994964. Like #112.
2018-04-19 10:54:08,703 - shotaowl - Already followed before 175006520
2018-04-19 10:54:38,737 - shotaowl - Trying to like media: 1761055635892791209
2018-04-19 10:54:40,965 - shotaowl - Liked: 1761055635892791209. Like #113.
2018-04-19 10:55:20,545 - shotaowl - Trying to unfollow #1: 
2018-04-19 10:55:20,546 - shotaowl - Getting user info : hespamss
2018-04-19 10:56:16,109 - shotaowl - Trying to like media: 1761055567273967581
2018-04-19 10:56:17,020 - shotaowl - Liked: 1761055567273967581. Like #114.
2018-04-19 10:56:38,606 - shotaowl - Trying to follow: 3983810314
2018-04-19 10:56:39,467 - shotaowl - Followed: 3983810314 #34.
2018-04-19 10:57:41,739 - shotaowl - Trying to like media: 1761055033590610008
2018-04-19 10:57:43,089 - shotaowl - Liked: 1761055033590610008. Like #115.
2018-04-19 10:59:05,991 - shotaowl - Trying to like media: 1761054915712692290
2018-04-19 10:59:07,300 - shotaowl - Liked: 1761054915712692290. Like #116.
2018-04-19 10:59:10,304 - shotaowl - Get media id by tag: sochi
2018-04-19 10:59:12,568 - shotaowl - Removing already liked medias..
2018-04-19 10:59:52,311 - shotaowl - Trying to unfollow #1: 
2018-04-19 10:59:52,313 - shotaowl - Getting user info : haris20_sa
2018-04-19 11:00:45,030 - shotaowl - Trying to like media: 1761110344690150464
2018-04-19 11:00:46,092 - shotaowl - Liked: 1761110344690150464. Like #117.
2018-04-19 11:01:46,765 - shotaowl - Trying to follow: 241195753
2018-04-19 11:01:50,182 - shotaowl - Followed: 241195753 #35.
2018-04-19 11:02:18,308 - shotaowl - Trying to like media: 1761109990667203403
2018-04-19 11:02:19,193 - shotaowl - Liked: 1761109990667203403. Like #118.
2018-04-19 11:03:45,309 - shotaowl - Trying to like media: 1761109762109763164
2018-04-19 11:03:46,164 - shotaowl - Liked: 1761109762109763164. Like #119.
2018-04-19 11:04:37,203 - shotaowl - Trying to unfollow #1: 
2018-04-19 11:04:37,205 - shotaowl - Getting user info : riiiiikpin
2018-04-19 11:05:13,069 - shotaowl - Trying to like media: 1761108934237750470
2018-04-19 11:05:14,013 - shotaowl - Liked: 1761108934237750470. Like #120.
2018-04-19 11:06:12,134 - shotaowl - Trying to follow: 275323380
2018-04-19 11:06:13,303 - shotaowl - Followed: 275323380 #36.
2018-04-19 11:06:38,298 - shotaowl - Trying to like media: 1761108894845119329
2018-04-19 11:06:39,022 - shotaowl - Liked: 1761108894845119329. Like #121.
2018-04-19 11:07:58,890 - shotaowl - Trying to like media: 1761108877699905138
2018-04-19 11:07:59,853 - shotaowl - Liked: 1761108877699905138. Like #122.
2018-04-19 11:09:30,554 - shotaowl - Trying to unfollow #1: 
2018-04-19 11:09:30,556 - shotaowl - Getting user info : co_______oc
2018-04-19 11:09:38,524 - shotaowl - Trying to like media: 1761108590883597287
2018-04-19 11:09:39,409 - shotaowl - Liked: 1761108590883597287. Like #123.
2018-04-19 11:11:08,387 - shotaowl - Trying to follow: 5589500382
2018-04-19 11:11:09,856 - shotaowl - Followed: 5589500382 #37.
2018-04-19 11:11:13,939 - shotaowl - Trying to like media: 1761108419143568724
2018-04-19 11:11:15,324 - shotaowl - Liked: 1761108419143568724. Like #124.
2018-04-19 11:12:46,774 - shotaowl - Trying to like media: 1761103932590217483
2018-04-19 11:12:47,821 - shotaowl - Liked: 1761103932590217483. Like #125.
2018-04-19 11:12:50,826 - shotaowl - Get media id by tag: фотографсочи
2018-04-19 11:12:55,031 - shotaowl - Removing already liked medias..
2018-04-19 11:14:20,375 - shotaowl - Trying to like media: 1761117052708640975
2018-04-19 11:14:21,381 - shotaowl - Liked: 1761117052708640975. Like #126.
2018-04-19 11:14:21,381 - shotaowl - Trying to unfollow #1: 
2018-04-19 11:14:21,383 - shotaowl - Getting user info : mister.canon
2018-04-19 11:15:45,050 - shotaowl - Trying to like media: 1761116570028199785
2018-04-19 11:15:46,232 - shotaowl - Liked: 1761116570028199785. Like #127.
2018-04-19 11:15:49,234 - shotaowl - Trying to follow: 2125234875
2018-04-19 11:15:51,149 - shotaowl - Followed: 2125234875 #38.
2018-04-19 11:17:09,282 - shotaowl - Trying to like media: 1761112097021174874
2018-04-19 11:17:10,262 - shotaowl - Liked: 1761112097021174874. Like #128.
2018-04-19 11:18:44,628 - shotaowl - Trying to like media: 1761112003655761978
2018-04-19 11:18:46,230 - shotaowl - Liked: 1761112003655761978. Like #129.
2018-04-19 11:19:16,865 - shotaowl - Trying to unfollow #1: 
2018-04-19 11:19:16,867 - shotaowl - Getting user info : _sato_yoshi_
2018-04-19 11:20:15,472 - shotaowl - Trying to like media: 1761111397988724342
2018-04-19 11:20:16,748 - shotaowl - Liked: 1761111397988724342. Like #130.
2018-04-19 11:21:08,968 - shotaowl - Trying to follow: 5443296271
2018-04-19 11:21:10,242 - shotaowl - Followed: 5443296271 #39.
2018-04-19 11:21:38,406 - shotaowl - Trying to like media: 1761099183127730040
2018-04-19 11:21:39,637 - shotaowl - Liked: 1761099183127730040. Like #131.
2018-04-19 11:23:07,985 - shotaowl - Trying to like media: 1761110988223206983
2018-04-19 11:23:08,991 - shotaowl - Liked: 1761110988223206983. Like #132.
2018-04-19 11:23:46,376 - shotaowl - Trying to unfollow #1: 
2018-04-19 11:23:46,380 - shotaowl - Getting user info : c.programming
2018-04-19 11:24:33,261 - shotaowl - Trying to like media: 1761108991322398834
2018-04-19 11:24:34,289 - shotaowl - Liked: 1761108991322398834. Like #133.
2018-04-19 11:25:41,076 - shotaowl - Already followed before 420204807
2018-04-19 11:25:59,097 - shotaowl - Trying to like media: 1761108528967504253
2018-04-19 11:26:05,609 - shotaowl - Liked: 1761108528967504253. Like #134.
2018-04-19 11:27:40,808 - shotaowl - Trying to like media: 1761107986620078823
2018-04-19 11:27:42,284 - shotaowl - Liked: 1761107986620078823. Like #135.
2018-04-19 11:28:06,912 - shotaowl - Already followed before 420204807
2018-04-19 11:28:36,939 - shotaowl - Trying to unfollow #1: 
2018-04-19 11:28:36,940 - shotaowl - Getting user info : ragsdalesportsanalytics
2018-04-19 11:29:07,995 - shotaowl - Trying to like media: 1761107769127580485
2018-04-19 11:29:08,797 - shotaowl - Liked: 1761107769127580485. Like #136.
2018-04-19 11:30:34,688 - shotaowl - Trying to like media: 1761106972663713179
2018-04-19 11:30:35,778 - shotaowl - Liked: 1761106972663713179. Like #137.
2018-04-19 11:30:38,781 - shotaowl - Already followed before 7271980963
2018-04-19 11:32:04,774 - shotaowl - Trying to like media: 1761106800436126163
2018-04-19 11:32:06,212 - shotaowl - Liked: 1761106800436126163. Like #138.
2018-04-19 11:33:09,798 - shotaowl - Trying to follow: 1973727146
2018-04-19 11:33:11,178 - shotaowl - Followed: 1973727146 #40.
2018-04-19 11:33:40,355 - shotaowl - Trying to like media: 1761106529266484884
2018-04-19 11:33:41,089 - shotaowl - Liked: 1761106529266484884. Like #139.
2018-04-19 11:33:47,095 - shotaowl - Trying to unfollow #1: 
2018-04-19 11:33:47,097 - shotaowl - Getting user info : baconbrix
2018-04-19 11:35:09,834 - shotaowl - Trying to like media: 1761106372734504121
2018-04-19 11:35:10,944 - shotaowl - Liked: 1761106372734504121. Like #140.
2018-04-19 11:36:39,274 - shotaowl - Trying to like media: 1761105393700270084
2018-04-19 11:36:40,714 - shotaowl - Liked: 1761105393700270084. Like #141.
2018-04-19 11:38:13,432 - shotaowl - Trying to follow: 2965045455
2018-04-19 11:38:14,779 - shotaowl - Followed: 2965045455 #41.
2018-04-19 11:38:20,682 - shotaowl - Trying to unfollow #1: 
2018-04-19 11:38:20,684 - shotaowl - Getting user info : juantorres7837
2018-04-19 11:38:31,523 - shotaowl - Trying to like media: 1761104687882802070
2018-04-19 11:38:32,361 - shotaowl - Liked: 1761104687882802070. Like #142.
2018-04-19 11:39:57,851 - shotaowl - Trying to like media: 1761103511120339627
2018-04-19 11:39:58,736 - shotaowl - Liked: 1761103511120339627. Like #143.
2018-04-19 11:41:33,516 - shotaowl - Trying to like media: 1761102107169333893
2018-04-19 11:41:55,717 - shotaowl - Liked: 1761102107169333893. Like #144.
2018-04-19 11:43:11,870 - shotaowl - Trying to follow: 623446843
2018-04-19 11:43:12,995 - shotaowl - Followed: 623446843 #42.
2018-04-19 11:43:24,863 - shotaowl - Trying to like media: 1761098894139349806
2018-04-19 11:43:26,370 - shotaowl - Liked: 1761098894139349806. Like #145.
2018-04-19 11:43:45,089 - shotaowl - Trying to unfollow #1: 
2018-04-19 11:43:45,091 - shotaowl - Getting user info : april_n_jack
2018-04-19 11:44:52,747 - shotaowl - Trying to like media: 1761094472900237532
2018-04-19 11:44:53,619 - shotaowl - Liked: 1761094472900237532. Like #146.
2018-04-19 11:46:22,815 - shotaowl - Trying to like media: 1761094282359592184
2018-04-19 11:46:24,160 - shotaowl - Liked: 1761094282359592184. Like #147.
2018-04-19 11:47:55,972 - shotaowl - Trying to like media: 1761092867286421898
2018-04-19 11:47:56,900 - shotaowl - Liked: 1761092867286421898. Like #148.
2018-04-19 11:48:33,560 - shotaowl - Trying to follow: 1657618840
2018-04-19 11:48:35,490 - shotaowl - Followed: 1657618840 #43.
2018-04-19 11:48:56,474 - shotaowl - Trying to unfollow #1: 
2018-04-19 11:48:56,475 - shotaowl - Getting user info : tusshar_pandharkar_7787
2018-04-19 11:49:24,447 - shotaowl - Trying to like media: 1761089750339939084
2018-04-19 11:49:25,362 - shotaowl - Liked: 1761089750339939084. Like #149.
2018-04-19 11:51:04,448 - shotaowl - Trying to like media: 1761087932789009856
2018-04-19 11:51:05,289 - shotaowl - Liked: 1761087932789009856. Like #150.
2018-04-19 11:52:32,734 - shotaowl - Trying to like media: 1761085115935817044
2018-04-19 11:52:34,190 - shotaowl - Liked: 1761085115935817044. Like #151.
2018-04-19 11:53:44,651 - shotaowl - Trying to follow: 4870757451
2018-04-19 11:53:45,794 - shotaowl - Followed: 4870757451 #44.
2018-04-19 11:53:56,434 - shotaowl - Trying to like media: 1761065368238357861
2018-04-19 11:53:58,298 - shotaowl - Liked: 1761065368238357861. Like #152.
2018-04-19 11:54:16,316 - shotaowl - Trying to unfollow #1: 
2018-04-19 11:54:16,318 - shotaowl - Getting user info : abogodphoto_msc
2018-04-19 11:55:23,882 - shotaowl - Trying to like media: 1744840226252999098
2018-04-19 11:55:25,196 - shotaowl - Liked: 1744840226252999098. Like #153.
2018-04-19 11:55:28,200 - shotaowl - Get media id by tag: совариум
2018-04-19 11:55:30,738 - shotaowl - Removing already liked medias..
2018-04-19 11:56:53,719 - shotaowl - Trying to like media: 1761116805614443735
2018-04-19 11:56:54,399 - shotaowl - Liked: 1761116805614443735. Like #154.
2018-04-19 11:58:16,151 - shotaowl - Trying to like media: 1761047968260920237
2018-04-19 11:58:17,787 - shotaowl - Liked: 1761047968260920237. Like #155.
2018-04-19 11:58:35,802 - shotaowl - Keep calm - It's your own profile ;)
2018-04-19 11:58:38,805 - shotaowl - Keep calm - It's your own profile ;)
2018-04-19 11:58:41,809 - shotaowl - Keep calm - It's your own profile ;)
2018-04-19 11:58:44,813 - shotaowl - Keep calm - It's your own profile ;)
2018-04-19 11:58:47,818 - shotaowl - Keep calm - It's your own profile ;)
2018-04-19 11:58:50,821 - shotaowl - Keep calm - It's your own profile ;)
2018-04-19 11:58:53,826 - shotaowl - Keep calm - It's your own profile ;)
2018-04-19 11:58:56,830 - shotaowl - Keep calm - It's your own profile ;)
2018-04-19 11:58:59,833 - shotaowl - Keep calm - It's your own profile ;)
2018-04-19 11:59:02,837 - shotaowl - Keep calm - It's your own profile ;)
2018-04-19 11:59:05,841 - shotaowl - Keep calm - It's your own profile ;)
2018-04-19 11:59:08,844 - shotaowl - Keep calm - It's your own profile ;)
2018-04-19 11:59:11,848 - shotaowl - Keep calm - It's your own profile ;)
2018-04-19 11:59:14,852 - shotaowl - Keep calm - It's your own profile ;)
2018-04-19 11:59:17,854 - shotaowl - Keep calm - It's your own profile ;)
2018-04-19 11:59:22,160 - shotaowl - Keep calm - It's your own profile ;)
2018-04-19 11:59:25,164 - shotaowl - Keep calm - It's your own profile ;)
2018-04-19 11:59:28,168 - shotaowl - Keep calm - It's your own profile ;)
2018-04-19 11:59:31,172 - shotaowl - Keep calm - It's your own profile ;)
2018-04-19 11:59:34,176 - shotaowl - Keep calm - It's your own profile ;)
2018-04-19 11:59:37,180 - shotaowl - Keep calm - It's your own profile ;)
2018-04-19 11:59:37,181 - shotaowl - Trying to unfollow #1: 
2018-04-19 11:59:37,186 - shotaowl - Getting user info : mamiyuri_twins
2018-04-19 11:59:43,602 - shotaowl - Keep calm - It's your own profile ;)
2018-04-19 11:59:46,607 - shotaowl - Already followed before 1983725610
2018-04-19 12:01:52,254 - shotaowl - Get media id by tag: sochi
2018-04-19 12:01:54,600 - shotaowl - Removing already liked medias..
2018-04-19 12:01:54,665 - shotaowl - Trying to like media: 1761141941717016908
2018-04-19 12:01:55,630 - shotaowl - Liked: 1761141941717016908. Like #156.
2018-04-19 12:02:20,481 - shotaowl - Trying to follow: 4030667725
2018-04-19 12:02:22,472 - shotaowl - Followed: 4030667725 #45.
2018-04-19 12:03:27,563 - shotaowl - Trying to like media: 1761141895318605131
2018-04-19 12:03:28,629 - shotaowl - Liked: 1761141895318605131. Like #157.
2018-04-19 12:04:30,066 - shotaowl - Trying to unfollow #1: 
2018-04-19 12:04:30,069 - shotaowl - Getting user info : stephaniee1992
2018-04-19 12:05:04,559 - shotaowl - Trying to like media: 1761141636999496773
2018-04-19 12:05:05,773 - shotaowl - Liked: 1761141636999496773. Like #158.
2018-04-19 12:06:25,253 - shotaowl - Trying to like media: 1761141547224936976
2018-04-19 12:06:26,431 - shotaowl - Liked: 1761141547224936976. Like #159.
2018-04-19 12:07:27,750 - shotaowl - Trying to follow: 1435543743
2018-04-19 12:07:29,718 - shotaowl - Followed: 1435543743 #46.
2018-04-19 12:08:01,349 - shotaowl - Trying to like media: 1761141327881245945
2018-04-19 12:08:02,959 - shotaowl - Liked: 1761141327881245945. Like #160.
2018-04-19 12:09:13,254 - shotaowl - Trying to unfollow #1: 
2018-04-19 12:09:13,255 - shotaowl - Getting user info : alis_jn
2018-04-19 12:09:32,323 - shotaowl - Trying to like media: 1761141310256214216
2018-04-19 12:09:34,029 - shotaowl - Liked: 1761141310256214216. Like #161.
2018-04-19 12:11:06,060 - shotaowl - Trying to like media: 1761141294905541144
2018-04-19 12:11:07,059 - shotaowl - Liked: 1761141294905541144. Like #162.
2018-04-19 12:11:10,063 - shotaowl - Get media id by tag: sovarium
2018-04-19 12:11:12,569 - shotaowl - Removing already liked medias..
2018-04-19 12:12:05,002 - shotaowl - Keep calm - It's your own profile ;)
2018-04-19 12:12:08,005 - shotaowl - Keep calm - It's your own profile ;)
2018-04-19 12:12:11,008 - shotaowl - Keep calm - It's your own profile ;)
2018-04-19 12:12:14,012 - shotaowl - Keep calm - It's your own profile ;)
2018-04-19 12:12:17,016 - shotaowl - Keep calm - It's your own profile ;)
2018-04-19 12:12:20,019 - shotaowl - Keep calm - It's your own profile ;)
2018-04-19 12:12:23,023 - shotaowl - Keep calm - It's your own profile ;)
2018-04-19 12:12:26,027 - shotaowl - Keep calm - It's your own profile ;)
2018-04-19 12:12:29,031 - shotaowl - Keep calm - It's your own profile ;)
2018-04-19 12:12:32,033 - shotaowl - Keep calm - It's your own profile ;)
2018-04-19 12:12:35,036 - shotaowl - Keep calm - It's your own profile ;)
2018-04-19 12:12:38,736 - shotaowl - Keep calm - It's your own profile ;)
2018-04-19 12:12:41,740 - shotaowl - Keep calm - It's your own profile ;)
2018-04-19 12:12:44,743 - shotaowl - Keep calm - It's your own profile ;)
2018-04-19 12:12:47,747 - shotaowl - Keep calm - It's your own profile ;)
2018-04-19 12:12:50,749 - shotaowl - Keep calm - It's your own profile ;)
2018-04-19 12:12:53,753 - shotaowl - Keep calm - It's your own profile ;)
2018-04-19 12:12:56,757 - shotaowl - Keep calm - It's your own profile ;)
2018-04-19 12:12:59,761 - shotaowl - Keep calm - It's your own profile ;)
2018-04-19 12:13:02,763 - shotaowl - Keep calm - It's your own profile ;)
2018-04-19 12:13:05,766 - shotaowl - Keep calm - It's your own profile ;)
2018-04-19 12:13:08,768 - shotaowl - Already followed before 400008479
2018-04-19 12:13:36,511 - shotaowl - Trying to unfollow #1: 
2018-04-19 12:13:36,513 - shotaowl - Getting user info : mika_kimura__
2018-04-19 12:14:34,450 - shotaowl - Keep calm - It's your own media ;)
2018-04-19 12:15:16,491 - shotaowl - Keep calm - It's your own media ;)
2018-04-19 12:15:19,492 - shotaowl - Keep calm - It's your own media ;)
2018-04-19 12:15:23,367 - shotaowl - Get media id by tag: sovarium
2018-04-19 12:15:25,646 - shotaowl - Removing already liked medias..
2018-04-19 12:15:40,696 - shotaowl - Keep calm - It's your own profile ;)
2018-04-19 12:15:43,700 - shotaowl - Keep calm - It's your own profile ;)
2018-04-19 12:15:46,705 - shotaowl - Keep calm - It's your own profile ;)
2018-04-19 12:15:49,710 - shotaowl - Keep calm - It's your own profile ;)
2018-04-19 12:15:52,713 - shotaowl - Keep calm - It's your own profile ;)
2018-04-19 12:15:56,407 - shotaowl - Keep calm - It's your own profile ;)
2018-04-19 12:15:59,409 - shotaowl - Already followed before 400008479
2018-04-19 12:17:21,700 - shotaowl - Keep calm - It's your own media ;)
2018-04-19 12:18:03,739 - shotaowl - Keep calm - It's your own media ;)
2018-04-19 12:18:07,957 - shotaowl - Keep calm - It's your own media ;)
2018-04-19 12:18:10,961 - shotaowl - Get media id by tag: краснаяполяна
2018-04-19 12:18:12,954 - shotaowl - Removing already liked medias..
2018-04-19 12:18:13,007 - shotaowl - Trying to like media: 1761150063836245958
2018-04-19 12:18:14,783 - shotaowl - Liked: 1761150063836245958. Like #163.
2018-04-19 12:18:20,785 - shotaowl - Already followed before 6958887399
2018-04-19 12:18:42,277 - shotaowl - Trying to unfollow #1: 
2018-04-19 12:18:42,279 - shotaowl - Getting user info : shop_woomen_avenue
2018-04-19 12:19:49,954 - shotaowl - Trying to like media: 1761149727595086684
2018-04-19 12:19:51,213 - shotaowl - Liked: 1761149727595086684. Like #164.
2018-04-19 12:20:49,307 - shotaowl - Trying to follow: 5537583914
2018-04-19 12:20:51,812 - shotaowl - Followed: 5537583914 #47.
2018-04-19 12:21:17,126 - shotaowl - Trying to like media: 1761149087317904368
2018-04-19 12:21:18,496 - shotaowl - Liked: 1761149087317904368. Like #165.
2018-04-19 12:22:50,700 - shotaowl - Trying to like media: 1761148684539482613
2018-04-19 12:22:51,785 - shotaowl - Liked: 1761148684539482613. Like #166.
2018-04-19 12:23:27,821 - shotaowl - Trying to unfollow #1: 
2018-04-19 12:23:27,823 - shotaowl - Getting user info : biggiebs
2018-04-19 12:24:27,152 - shotaowl - Trying to like media: 1761147931945228690
2018-04-19 12:24:28,450 - shotaowl - Liked: 1761147931945228690. Like #167.
2018-04-19 12:25:21,252 - shotaowl - Already followed before 1394540400
2018-04-19 12:25:57,292 - shotaowl - Trying to like media: 1761147857891340635
2018-04-19 12:26:01,409 - shotaowl - Liked: 1761147857891340635. Like #168.
2018-04-19 12:27:27,180 - shotaowl - Trying to like media: 1761147442033970545
2018-04-19 12:27:29,769 - shotaowl - Liked: 1761147442033970545. Like #169.
2018-04-19 12:27:44,781 - shotaowl - Trying to follow: 4003247698
2018-04-19 12:27:45,678 - shotaowl - Followed: 4003247698 #48.
2018-04-19 12:28:14,600 - shotaowl - Trying to unfollow #1: 
2018-04-19 12:28:14,603 - shotaowl - Getting user info : kseni.do
2018-04-19 12:28:56,897 - shotaowl - Trying to like media: 1761147090158060575
2018-04-19 12:28:58,356 - shotaowl - Liked: 1761147090158060575. Like #170.
2018-04-19 12:30:27,109 - shotaowl - Trying to like media: 1761146974890103553
2018-04-19 12:30:28,089 - shotaowl - Liked: 1761146974890103553. Like #171.
2018-04-19 12:31:56,379 - shotaowl - Trying to like media: 1761146654219024349
2018-04-19 12:31:57,749 - shotaowl - Liked: 1761146654219024349. Like #172.
2018-04-19 12:32:15,762 - shotaowl - Trying to follow: 1375625796
2018-04-19 12:32:17,003 - shotaowl - Followed: 1375625796 #49.
2018-04-19 12:32:48,800 - shotaowl - Trying to unfollow #1: 
2018-04-19 12:32:48,801 - shotaowl - Getting user info : callhaeunplz
2018-04-19 12:33:29,930 - shotaowl - Trying to like media: 1761146039568864645
2018-04-19 12:33:31,502 - shotaowl - Liked: 1761146039568864645. Like #173.
2018-04-19 12:35:02,135 - shotaowl - Trying to like media: 1761145838308147129
2018-04-19 12:35:03,151 - shotaowl - Liked: 1761145838308147129. Like #174.
2018-04-19 12:36:22,813 - shotaowl - Trying to like media: 1761144290492679203
2018-04-19 12:36:23,984 - shotaowl - Liked: 1761144290492679203. Like #175.
2018-04-19 12:37:01,193 - shotaowl - Trying to follow: 5951462789
2018-04-19 12:37:02,490 - shotaowl - Followed: 5951462789 #50.
2018-04-19 12:37:30,530 - shotaowl - Trying to unfollow #1: 
2018-04-19 12:37:30,532 - shotaowl - Getting user info : sochi_cosmetika_koreiskaya
2018-04-19 12:37:56,098 - shotaowl - Trying to like media: 1761140889080930623
2018-04-19 12:37:56,780 - shotaowl - Liked: 1761140889080930623. Like #176.
2018-04-19 12:37:59,784 - shotaowl - Get media id by tag: sochi
2018-04-19 12:38:01,759 - shotaowl - Removing already liked medias..
2018-04-19 12:39:15,228 - shotaowl - Trying to like media: 1761156909158047249
2018-04-19 12:39:16,447 - shotaowl - Liked: 1761156909158047249. Like #177.
2018-04-19 12:40:39,627 - shotaowl - Trying to like media: 1761159416839140805
2018-04-19 12:40:43,511 - shotaowl - Liked: 1761159416839140805. Like #178.
2018-04-19 12:42:08,284 - shotaowl - Trying to follow: 5488391923
2018-04-19 12:42:10,046 - shotaowl - Followed: 5488391923 #51.
2018-04-19 12:42:17,924 - shotaowl - Trying to like media: 1761159343589493842
2018-04-19 12:42:19,703 - shotaowl - Liked: 1761159343589493842. Like #179.
2018-04-19 12:42:19,703 - shotaowl - Trying to unfollow #1: 
2018-04-19 12:42:19,704 - shotaowl - Getting user info : socutesimon
2018-04-19 12:43:47,980 - shotaowl - Trying to like media: 1761158893239977407
2018-04-19 12:43:49,012 - shotaowl - Liked: 1761158893239977407. Like #180.
2018-04-19 12:45:23,869 - shotaowl - Trying to like media: 1761158504293843242
2018-04-19 12:45:25,764 - shotaowl - Liked: 1761158504293843242. Like #181.
2018-04-19 12:46:54,197 - shotaowl - Trying to follow: 1501964249
2018-04-19 12:46:55,443 - shotaowl - Followed: 1501964249 #52.
2018-04-19 12:46:59,195 - shotaowl - Trying to like media: 1761158406783570033
2018-04-19 12:47:00,491 - shotaowl - Liked: 1761158406783570033. Like #182.
2018-04-19 12:47:33,515 - shotaowl - Trying to unfollow #1: 
2018-04-19 12:47:33,517 - shotaowl - Getting user info : namroff
2018-04-19 12:48:29,320 - shotaowl - Trying to like media: 1761158398068766880
2018-04-19 12:48:30,876 - shotaowl - Liked: 1761158398068766880. Like #183.
2018-04-19 12:50:05,970 - shotaowl - Trying to like media: 1761157813381854650
2018-04-19 12:50:06,965 - shotaowl - Liked: 1761157813381854650. Like #184.
2018-04-19 12:51:32,253 - shotaowl - Trying to like media: 1761157680355298288
2018-04-19 12:51:34,458 - shotaowl - Liked: 1761157680355298288. Like #185.
2018-04-19 12:51:34,459 - shotaowl - Trying to follow: 1492609123
2018-04-19 12:51:35,407 - shotaowl - Followed: 1492609123 #53.
2018-04-19 12:52:40,691 - shotaowl - Trying to unfollow #1: 
2018-04-19 12:52:40,693 - shotaowl - Getting user info : thegingertonicstudios
2018-04-19 12:53:02,138 - shotaowl - Trying to like media: 1761157595874008565
2018-04-19 12:53:03,499 - shotaowl - Liked: 1761157595874008565. Like #186.
2018-04-19 12:54:34,941 - shotaowl - Trying to like media: 1761157301224649198
2018-04-19 12:54:36,225 - shotaowl - Liked: 1761157301224649198. Like #187.
2018-04-19 12:55:55,740 - shotaowl - Trying to like media: 1761156013170748136
2018-04-19 12:56:01,282 - shotaowl - Liked: 1761156013170748136. Like #188.
2018-04-19 12:56:41,604 - shotaowl - Trying to follow: 3501583375
2018-04-19 12:56:42,920 - shotaowl - Followed: 3501583375 #54.
2018-04-19 12:57:22,932 - shotaowl - Trying to unfollow #1: 
2018-04-19 12:57:22,933 - shotaowl - Getting user info : m8x_a
2018-04-19 12:57:29,469 - shotaowl - Trying to like media: 1761156915146129610
2018-04-19 12:57:30,712 - shotaowl - Liked: 1761156915146129610. Like #189.
2018-04-19 12:59:02,710 - shotaowl - Trying to like media: 1761156734792492760
2018-04-19 12:59:03,948 - shotaowl - Liked: 1761156734792492760. Like #190.
2018-04-19 13:00:38,768 - shotaowl - Trying to like media: 1761156527971250927
2018-04-19 13:00:51,010 - shotaowl - Liked: 1761156527971250927. Like #191.
2018-04-19 13:01:34,421 - shotaowl - Trying to follow: 3464194896
2018-04-19 13:01:35,619 - shotaowl - Followed: 3464194896 #55.
2018-04-19 13:02:04,893 - shotaowl - Trying to unfollow #1: 
2018-04-19 13:02:04,894 - shotaowl - Getting user info : sochiaccesorios
2018-04-19 13:02:17,187 - shotaowl - Trying to like media: 1761154802636322057
2018-04-19 13:02:17,816 - shotaowl - Liked: 1761154802636322057. Like #192.
2018-04-19 13:03:54,612 - shotaowl - Trying to like media: 1761156364401731647
2018-04-19 13:03:55,605 - shotaowl - Liked: 1761156364401731647. Like #193.
2018-04-19 13:05:24,850 - shotaowl - Trying to like media: 1761156071605912094
2018-04-19 13:05:26,060 - shotaowl - Liked: 1761156071605912094. Like #194.
2018-04-19 13:06:48,388 - shotaowl - Trying to follow: 394146198
2018-04-19 13:06:49,639 - shotaowl - Followed: 394146198 #56.
2018-04-19 13:07:00,501 - shotaowl - Trying to like media: 1761156003322649752
2018-04-19 13:07:01,763 - shotaowl - Liked: 1761156003322649752. Like #195.
2018-04-19 13:07:19,777 - shotaowl - Trying to unfollow #1: 
2018-04-19 13:07:19,779 - shotaowl - Getting user info : iiiii__uuu
2018-04-19 13:08:24,344 - shotaowl - Trying to like media: 1761155978383263728
2018-04-19 13:08:25,049 - shotaowl - Liked: 1761155978383263728. Like #196.
2018-04-19 13:09:57,255 - shotaowl - Trying to like media: 1761155829628141505
2018-04-19 13:09:58,192 - shotaowl - Liked: 1761155829628141505. Like #197.
2018-04-19 13:11:21,284 - shotaowl - Trying to like media: 1761155737462266171
2018-04-19 13:11:22,631 - shotaowl - Liked: 1761155737462266171. Like #198.
2018-04-19 13:11:43,649 - shotaowl - Trying to unfollow #1: 
2018-04-19 13:11:43,650 - shotaowl - Getting user info : ojay_empire_clothing
2018-04-19 13:12:08,618 - shotaowl - Already followed before 558933062
2018-04-19 13:12:51,301 - shotaowl - Trying to like media: 1761155643493590217
2018-04-19 13:12:54,482 - shotaowl - Liked: 1761155643493590217. Like #199.
2018-04-19 13:14:20,136 - shotaowl - Trying to like media: 1761155517948141594
2018-04-19 13:14:21,608 - shotaowl - Liked: 1761155517948141594. Like #200.
2018-04-19 13:14:24,612 - shotaowl - Trying to follow: 271411006
2018-04-19 13:14:25,746 - shotaowl - Followed: 271411006 #57.
2018-04-19 13:15:46,902 - shotaowl - Trying to like media: 1761155382356250707
2018-04-19 13:15:47,884 - shotaowl - Liked: 1761155382356250707. Like #201.
2018-04-19 13:16:21,692 - shotaowl - Trying to unfollow #1: 
2018-04-19 13:16:21,693 - shotaowl - Getting user info : _caroldoria
2018-04-19 13:17:21,412 - shotaowl - Trying to like media: 1761155049731238070
2018-04-19 13:17:22,199 - shotaowl - Liked: 1761155049731238070. Like #202.
2018-04-19 13:18:41,426 - shotaowl - Trying to like media: 1761155005253713850
2018-04-19 13:18:42,356 - shotaowl - Liked: 1761155005253713850. Like #203.
2018-04-19 13:19:15,877 - shotaowl - Trying to follow: 559768098
2018-04-19 13:19:17,689 - shotaowl - Followed: 559768098 #58.
2018-04-19 13:20:06,711 - shotaowl - Trying to like media: 1761154542889781143
2018-04-19 13:20:07,685 - shotaowl - Liked: 1761154542889781143. Like #204.
2018-04-19 13:21:09,475 - shotaowl - Trying to unfollow #1: 
2018-04-19 13:21:09,477 - shotaowl - Getting user info : sowa4ka
2018-04-19 13:21:33,928 - shotaowl - Trying to like media: 1761154518237408926
2018-04-19 13:21:34,760 - shotaowl - Liked: 1761154518237408926. Like #205.
2018-04-19 13:23:06,852 - shotaowl - Trying to like media: 1761154509209827974
2018-04-19 13:23:07,870 - shotaowl - Liked: 1761154509209827974. Like #206.
2018-04-19 13:23:44,608 - shotaowl - Trying to follow: 2271855043
2018-04-19 13:23:46,192 - shotaowl - Followed: 2271855043 #59.
2018-04-19 13:24:39,654 - shotaowl - Trying to like media: 1761154289026121598
2018-04-19 13:24:40,553 - shotaowl - Liked: 1761154289026121598. Like #207.
2018-04-19 13:26:06,503 - shotaowl - Trying to like media: 1761154225070493573
2018-04-19 13:26:07,405 - shotaowl - Liked: 1761154225070493573. Like #208.
2018-04-19 13:26:28,425 - shotaowl - Trying to unfollow #1: 
2018-04-19 13:26:28,432 - shotaowl - Getting user info : sweet_official1
2018-04-19 13:27:36,489 - shotaowl - Trying to like media: 1761153774501689320
2018-04-19 13:27:37,579 - shotaowl - Liked: 1761153774501689320. Like #209.
2018-04-19 13:28:08,242 - shotaowl - Trying to follow: 1339126584
2018-04-19 13:28:10,046 - shotaowl - Followed: 1339126584 #60.
2018-04-19 13:29:06,203 - shotaowl - Trying to like media: 1761153624942482986
2018-04-19 13:29:07,208 - shotaowl - Liked: 1761153624942482986. Like #210.
2018-04-19 13:30:39,332 - shotaowl - Trying to like media: 1761153612191137357
2018-04-19 13:30:40,100 - shotaowl - Liked: 1761153612191137357. Like #211.
2018-04-19 13:31:16,823 - shotaowl - Trying to unfollow #1: 
2018-04-19 13:31:16,825 - shotaowl - Getting user info : millioncarats_official
2018-04-19 13:32:16,143 - shotaowl - Trying to like media: 1761153382746423387
2018-04-19 13:32:17,266 - shotaowl - Liked: 1761153382746423387. Like #212.
2018-04-19 13:32:53,875 - shotaowl - Trying to follow: 2978171031
2018-04-19 13:32:56,593 - shotaowl - Followed: 2978171031 #61.
2018-04-19 13:33:47,125 - shotaowl - Trying to like media: 1761153220066270524
2018-04-19 13:33:48,050 - shotaowl - Liked: 1761153220066270524. Like #213.
2018-04-19 13:35:16,382 - shotaowl - Trying to like media: 1761153172367308013
2018-04-19 13:35:17,408 - shotaowl - Liked: 1761153172367308013. Like #214.
2018-04-19 13:35:59,451 - shotaowl - Trying to unfollow #1: 
2018-04-19 13:35:59,452 - shotaowl - Getting user info : thepug_muffin
2018-04-19 13:36:45,126 - shotaowl - Trying to like media: 1761153068241373780
2018-04-19 13:36:46,068 - shotaowl - Liked: 1761153068241373780. Like #215.
2018-04-19 13:38:00,017 - shotaowl - Trying to follow: 1227941215
2018-04-19 13:38:00,938 - shotaowl - Followed: 1227941215 #62.
2018-04-19 13:38:11,524 - shotaowl - Trying to like media: 1761152720734307349
2018-04-19 13:38:12,752 - shotaowl - Liked: 1761152720734307349. Like #216.
2018-04-19 13:39:35,262 - shotaowl - Trying to like media: 1761152526159471966
2018-04-19 13:39:35,975 - shotaowl - Liked: 1761152526159471966. Like #217.
2018-04-19 13:40:25,125 - shotaowl - Trying to unfollow #1: 
2018-04-19 13:40:25,126 - shotaowl - Getting user info : 96.08.08
2018-04-19 13:40:59,576 - shotaowl - Trying to like media: 1761152382512707288
2018-04-19 13:41:00,437 - shotaowl - Liked: 1761152382512707288. Like #218.
2018-04-19 13:42:33,521 - shotaowl - Trying to like media: 1761151886083273133
2018-04-19 13:42:35,369 - shotaowl - Liked: 1761151886083273133. Like #219.
2018-04-19 13:43:16,447 - shotaowl - Trying to follow: 6538708035
2018-04-19 13:43:18,425 - shotaowl - Followed: 6538708035 #63.
2018-04-19 13:44:02,144 - shotaowl - Trying to like media: 1761152131946364437
2018-04-19 13:44:02,963 - shotaowl - Liked: 1761152131946364437. Like #220.
2018-04-19 13:44:05,965 - shotaowl - Get media id by tag: сочи
2018-04-19 13:44:08,590 - shotaowl - Removing already liked medias..
2018-04-19 13:44:54,349 - shotaowl - Trying to unfollow #1: 
2018-04-19 13:44:54,351 - shotaowl - Getting user info : bestsociushop
2018-04-19 13:45:31,568 - shotaowl - Trying to like media: 1761193393948208993
2018-04-19 13:45:32,721 - shotaowl - Liked: 1761193393948208993. Like #221.
2018-04-19 13:47:04,968 - shotaowl - Trying to like media: 1761193304232800494
2018-04-19 13:47:06,096 - shotaowl - Liked: 1761193304232800494. Like #222.
2018-04-19 13:48:13,447 - shotaowl - Trying to follow: 3656391736
2018-04-19 13:48:15,106 - shotaowl - Followed: 3656391736 #64.
2018-04-19 13:48:24,970 - shotaowl - Trying to like media: 1761193210121023919
2018-04-19 13:48:26,151 - shotaowl - Liked: 1761193210121023919. Like #223.
2018-04-19 13:49:30,415 - shotaowl - Trying to unfollow #1: 
2018-04-19 13:49:30,417 - shotaowl - Getting user info : shotathin
2018-04-19 13:49:55,495 - shotaowl - Trying to like media: 1761193201404119170
2018-04-19 13:49:56,871 - shotaowl - Liked: 1761193201404119170. Like #224.
2018-04-19 13:51:19,893 - shotaowl - Trying to like media: 1761193120211398088
2018-04-19 13:51:21,047 - shotaowl - Liked: 1761193120211398088. Like #225.
2018-04-19 13:52:39,114 - shotaowl - Trying to follow: 7322834092
2018-04-19 13:52:40,776 - shotaowl - Followed: 7322834092 #65.
2018-04-19 13:52:44,652 - shotaowl - Trying to like media: 1761191323186135807
2018-04-19 13:52:45,667 - shotaowl - Liked: 1761191323186135807. Like #226.
2018-04-19 13:54:17,828 - shotaowl - Trying to like media: 1761192883148464115
2018-04-19 13:54:19,228 - shotaowl - Liked: 1761192883148464115. Like #227.
2018-04-19 13:54:34,976 - shotaowl - Trying to unfollow #1: 
2018-04-19 13:54:34,977 - shotaowl - Getting user info : yallanancy
2018-04-19 13:55:48,990 - shotaowl - Trying to like media: 1761192874457904752
2018-04-19 13:55:51,274 - shotaowl - Liked: 1761192874457904752. Like #228.
2018-04-19 13:57:20,233 - shotaowl - Trying to like media: 1761192855633847182
2018-04-19 13:57:21,814 - shotaowl - Liked: 1761192855633847182. Like #229.
2018-04-19 13:57:45,833 - shotaowl - Trying to follow: 1414870511
2018-04-19 13:57:47,091 - shotaowl - Followed: 1414870511 #66.
2018-04-19 13:58:52,392 - shotaowl - Trying to like media: 1761192814288179743
2018-04-19 13:58:53,539 - shotaowl - Liked: 1761192814288179743. Like #230.
2018-04-19 13:59:33,928 - shotaowl - Trying to unfollow #1: 
2018-04-19 13:59:33,930 - shotaowl - Getting user info : sasha_blazh
2018-04-19 14:00:29,504 - shotaowl - Trying to like media: 1761192808642174247
2018-04-19 14:00:30,615 - shotaowl - Liked: 1761192808642174247. Like #231.
2018-04-19 14:01:50,838 - shotaowl - Trying to like media: 1761192789012860929
2018-04-19 14:01:51,840 - shotaowl - Liked: 1761192789012860929. Like #232.
2018-04-19 14:02:24,870 - shotaowl - Trying to follow: 1978279018
2018-04-19 14:02:26,691 - shotaowl - Followed: 1978279018 #67.
2018-04-19 14:03:12,612 - shotaowl - Trying to like media: 1761192561924714162
2018-04-19 14:03:13,770 - shotaowl - Liked: 1761192561924714162. Like #233.
2018-04-19 14:04:36,789 - shotaowl - Trying to unfollow #1: 
2018-04-19 14:04:36,791 - shotaowl - Getting user info : swapnastella
2018-04-19 14:04:43,226 - shotaowl - Trying to like media: 1761192695966339404
2018-04-19 14:04:44,747 - shotaowl - Liked: 1761192695966339404. Like #234.
2018-04-19 14:06:19,716 - shotaowl - Trying to like media: 1761192671455441364
2018-04-19 14:06:20,911 - shotaowl - Liked: 1761192671455441364. Like #235.
2018-04-19 14:07:22,330 - shotaowl - Trying to follow: 6692662389
2018-04-19 14:07:24,173 - shotaowl - Followed: 6692662389 #68.
2018-04-19 14:07:52,770 - shotaowl - Trying to like media: 1761192608331168120
2018-04-19 14:07:53,709 - shotaowl - Liked: 1761192608331168120. Like #236.
2018-04-19 14:09:26,800 - shotaowl - Trying to like media: 1761192463810373211
2018-04-19 14:09:27,941 - shotaowl - Liked: 1761192463810373211. Like #237.
2018-04-19 14:09:50,369 - shotaowl - Trying to unfollow #1: 
2018-04-19 14:09:50,370 - shotaowl - Getting user info : jew_lyn
2018-04-19 14:10:54,458 - shotaowl - Trying to like media: 1761192347243583092
2018-04-19 14:10:56,084 - shotaowl - Liked: 1761192347243583092. Like #238.
2018-04-19 14:12:12,455 - shotaowl - Trying to follow: 7222720913
2018-04-19 14:12:13,994 - shotaowl - Followed: 7222720913 #69.
2018-04-19 14:12:18,044 - shotaowl - Trying to like media: 1761192148080059056
2018-04-19 14:12:19,371 - shotaowl - Liked: 1761192148080059056. Like #239.
2018-04-19 14:13:54,465 - shotaowl - Trying to like media: 1761192129727416551
2018-04-19 14:13:56,214 - shotaowl - Liked: 1761192129727416551. Like #240.
2018-04-19 14:14:48,727 - shotaowl - Trying to unfollow #1: 
2018-04-19 14:14:48,729 - shotaowl - Getting user info : 4yaent
2018-04-19 14:15:23,390 - shotaowl - Trying to like media: 1761192083304327858
2018-04-19 14:15:24,241 - shotaowl - Liked: 1761192083304327858. Like #241.
2018-04-19 14:16:43,016 - shotaowl - Trying to like media: 1761192034482531375
2018-04-19 14:16:44,553 - shotaowl - Liked: 1761192034482531375. Like #242.
2018-04-19 14:17:00,717 - shotaowl - Trying to follow: 4645062749
2018-04-19 14:17:03,587 - shotaowl - Followed: 4645062749 #70.
2018-04-19 14:18:14,396 - shotaowl - Trying to like media: 1761191654972220130
2018-04-19 14:18:15,448 - shotaowl - Liked: 1761191654972220130. Like #243.
2018-04-19 14:19:37,679 - shotaowl - Trying to like media: 1761191928735831957
2018-04-19 14:19:39,342 - shotaowl - Liked: 1761191928735831957. Like #244.
2018-04-19 14:19:51,994 - shotaowl - Trying to unfollow #1: 
2018-04-19 14:19:51,995 - shotaowl - Getting user info : cici_keto_journey
2018-04-19 14:20:59,632 - shotaowl - Trying to like media: 1761191884527351608
2018-04-19 14:21:00,342 - shotaowl - Liked: 1761191884527351608. Like #245.
2018-04-19 14:22:10,797 - shotaowl - Trying to follow: 514159015
2018-04-19 14:22:12,345 - shotaowl - Followed: 514159015 #71.
2018-04-19 14:22:25,635 - shotaowl - Trying to like media: 1761190250132499314
2018-04-19 14:22:26,260 - shotaowl - Liked: 1761190250132499314. Like #246.
2018-04-19 14:23:58,277 - shotaowl - Trying to like media: 1761191781817766312
2018-04-19 14:23:59,244 - shotaowl - Liked: 1761191781817766312. Like #247.
2018-04-19 14:24:50,722 - shotaowl - Trying to unfollow #1: 
2018-04-19 14:24:50,724 - shotaowl - Getting user info : my_breakup_diary__
2018-04-19 14:25:21,543 - shotaowl - Trying to like media: 1761191739204128568
2018-04-19 14:25:22,275 - shotaowl - Liked: 1761191739204128568. Like #248.
2018-04-19 14:26:54,102 - shotaowl - Trying to like media: 1761191582210387584
2018-04-19 14:26:55,009 - shotaowl - Liked: 1761191582210387584. Like #249.
2018-04-19 14:27:25,039 - shotaowl - Trying to follow: 4137187726
2018-04-19 14:27:48,648 - shotaowl - Trying to follow: 4137187726
2018-04-19 14:27:50,013 - shotaowl - Followed: 4137187726 #72.
2018-04-19 14:28:31,944 - shotaowl - Trying to like media: 1761191539412052262
2018-04-19 14:28:32,725 - shotaowl - Liked: 1761191539412052262. Like #250.
2018-04-19 14:29:58,198 - shotaowl - Trying to unfollow #1: 
2018-04-19 14:29:58,199 - shotaowl - Getting user info : federico.orso.sabino
2018-04-19 14:30:04,591 - shotaowl - Trying to like media: 1761191513397978491
2018-04-19 14:30:06,635 - shotaowl - Liked: 1761191513397978491. Like #251.
2018-04-19 14:31:28,813 - shotaowl - Trying to like media: 1761191475960808993
2018-04-19 14:31:29,807 - shotaowl - Liked: 1761191475960808993. Like #252.
2018-04-19 14:32:40,072 - shotaowl - Trying to follow: 1570499797
2018-04-19 14:32:41,518 - shotaowl - Followed: 1570499797 #73.
2018-04-19 14:32:58,013 - shotaowl - Trying to like media: 1761190436434734484
2018-04-19 14:32:58,834 - shotaowl - Liked: 1761190436434734484. Like #253.
2018-04-19 14:34:36,836 - shotaowl - Trying to like media: 1761185480278641904
2018-04-19 14:34:37,833 - shotaowl - Liked: 1761185480278641904. Like #254.
2018-04-19 14:35:14,516 - shotaowl - Trying to unfollow #1: 
2018-04-19 14:35:14,518 - shotaowl - Getting user info : sochi_roses
2018-04-19 14:36:10,674 - shotaowl - Trying to like media: 1761183774816047269
2018-04-19 14:36:11,570 - shotaowl - Liked: 1761183774816047269. Like #255.
2018-04-19 14:37:40,061 - shotaowl - Trying to like media: 1761181732466697539
2018-04-19 14:37:40,945 - shotaowl - Liked: 1761181732466697539. Like #256.
2018-04-19 14:37:53,702 - shotaowl - Trying to follow: 5396086637
2018-04-19 14:37:55,087 - shotaowl - Followed: 5396086637 #74.
2018-04-19 14:39:06,449 - shotaowl - Trying to like media: 1761179416397254202
2018-04-19 14:39:08,252 - shotaowl - Liked: 1761179416397254202. Like #257.
2018-04-19 14:39:11,255 - shotaowl - Get media id by tag: sochi
2018-04-19 14:39:13,322 - shotaowl - Removing already liked medias..
2018-04-19 14:39:43,977 - shotaowl - Trying to unfollow #1: 
2018-04-19 14:39:43,979 - shotaowl - Getting user info : nicolasmeurillonphotographe
2018-04-19 14:40:45,077 - shotaowl - Trying to like media: 1761221043816340839
2018-04-19 14:40:46,528 - shotaowl - Liked: 1761221043816340839. Like #258.
2018-04-19 14:42:07,607 - shotaowl - Trying to like media: 1761220867680211233
2018-04-19 14:42:08,529 - shotaowl - Liked: 1761220867680211233. Like #259.
2018-04-19 14:42:56,571 - shotaowl - Trying to follow: 2038275908
2018-04-19 14:43:00,354 - shotaowl - Followed: 2038275908 #75.
2018-04-19 14:43:34,322 - shotaowl - Trying to like media: 1761219164875451695
2018-04-19 14:43:35,539 - shotaowl - Liked: 1761219164875451695. Like #260.
2018-04-19 14:44:55,791 - shotaowl - Trying to unfollow #1: 
2018-04-19 14:44:55,793 - shotaowl - Getting user info : tuni_tech_official
2018-04-19 14:45:02,193 - shotaowl - Trying to like media: 1761220562795111460
2018-04-19 14:45:03,730 - shotaowl - Liked: 1761220562795111460. Like #261.
2018-04-19 14:46:26,170 - shotaowl - Trying to like media: 1761220390200679177
2018-04-19 14:46:27,048 - shotaowl - Liked: 1761220390200679177. Like #262.
2018-04-19 14:46:28,059 - shotaowl - Trying to unfollow: 7180778424
2018-04-19 14:46:29,901 - shotaowl - Unfollow: 7180778424 #1 of 75.
2018-04-19 14:46:29,902 - shotaowl - Pausing for 26 seconds... 1 of 75
