2018-04-18 23:26:36,627 - shotaowl - Instabot v1.2.0 started at 18.04.2018 23:26:

2018-04-18 23:26:36,633 - shotaowl - Trying to login as shotaowl...

2018-04-18 23:26:44,149 - shotaowl - shotaowl login success!
2018-04-18 23:26:44,149 - shotaowl - Get media id by tag: фотографсочи
2018-04-18 23:26:46,505 - shotaowl - Removing already liked medias..
2018-04-18 23:26:46,543 - shotaowl - Trying to like media: 1760761243356023609
2018-04-18 23:26:47,546 - shotaowl - Liked: 1760761243356023609. Like #1.
2018-04-18 23:26:47,547 - shotaowl - Trying to follow: 1986608388
2018-04-18 23:26:48,552 - shotaowl - Followed: 1986608388 #1.
2018-04-18 23:26:49,236 - shotaowl - Trying to unfollow #1: 
2018-04-18 23:26:49,238 - shotaowl - Getting user info : makingfirebeats
2018-04-18 23:28:12,322 - shotaowl - Trying to like media: 1760756651910053300
2018-04-18 23:28:13,266 - shotaowl - Liked: 1760756651910053300. Like #2.
2018-04-18 23:29:37,901 - shotaowl - Trying to like media: 1760756147704329281
2018-04-18 23:29:39,401 - shotaowl - Liked: 1760756147704329281. Like #3.
2018-04-18 23:31:13,739 - shotaowl - Trying to like media: 1760755803898529470
2018-04-18 23:31:14,840 - shotaowl - Liked: 1760755803898529470. Like #4.
2018-04-18 23:31:14,842 - shotaowl - Trying to follow: 7234034644
2018-04-18 23:31:16,578 - shotaowl - Followed: 7234034644 #2.
2018-04-18 23:31:56,572 - shotaowl - Trying to unfollow #1: 
2018-04-18 23:31:56,573 - shotaowl - Getting user info : ibglbl
2018-04-18 23:32:45,714 - shotaowl - Trying to like media: 1760755506446912200
2018-04-18 23:32:46,884 - shotaowl - Liked: 1760755506446912200. Like #5.
2018-04-18 23:34:21,662 - shotaowl - Trying to like media: 1760755210387836971
2018-04-18 23:34:22,626 - shotaowl - Liked: 1760755210387836971. Like #6.
2018-04-18 23:35:41,864 - shotaowl - Trying to like media: 1760755166020610401
2018-04-18 23:35:43,300 - shotaowl - Liked: 1760755166020610401. Like #7.
2018-04-18 23:36:16,923 - shotaowl - Trying to follow: 811851801
2018-04-18 23:36:18,043 - shotaowl - Followed: 811851801 #3.
2018-04-18 23:37:08,062 - shotaowl - Trying to like media: 1760754109876986509
2018-04-18 23:37:09,046 - shotaowl - Liked: 1760754109876986509. Like #8.
2018-04-18 23:37:09,046 - shotaowl - Trying to unfollow #1: 
2018-04-18 23:37:09,048 - shotaowl - Getting user info : omgshecodes
2018-04-18 23:38:38,107 - shotaowl - Trying to like media: 1760752672498340116
2018-04-18 23:38:39,128 - shotaowl - Liked: 1760752672498340116. Like #9.
2018-04-18 23:39:58,233 - shotaowl - Trying to like media: 1760752593376989920
2018-04-18 23:39:59,552 - shotaowl - Liked: 1760752593376989920. Like #10.
2018-04-18 23:41:00,151 - shotaowl - Trying to follow: 3033653753
2018-04-18 23:41:01,309 - shotaowl - Followed: 3033653753 #4.
2018-04-18 23:41:24,354 - shotaowl - Trying to like media: 1760752338765905425
2018-04-18 23:41:24,940 - shotaowl - Liked: 1760752338765905425. Like #11.
2018-04-18 23:41:36,948 - shotaowl - Trying to unfollow #1: 
2018-04-18 23:41:36,950 - shotaowl - Getting user info : sofi.litl
2018-04-18 23:42:47,200 - shotaowl - Trying to like media: 1760749877691556427
2018-04-18 23:42:48,114 - shotaowl - Liked: 1760749877691556427. Like #12.
2018-04-18 23:44:14,030 - shotaowl - Trying to like media: 1760743504329058632
2018-04-18 23:44:15,257 - shotaowl - Liked: 1760743504329058632. Like #13.
2018-04-18 23:45:34,596 - shotaowl - Trying to follow: 4160771515
2018-04-18 23:45:35,722 - shotaowl - Followed: 4160771515 #5.
2018-04-18 23:45:48,431 - shotaowl - Trying to like media: 1760741588362181710
2018-04-18 23:45:49,829 - shotaowl - Liked: 1760741588362181710. Like #14.
2018-04-18 23:46:25,867 - shotaowl - Trying to unfollow #1: 
2018-04-18 23:46:25,869 - shotaowl - Getting user info : tria_lifestyle_coaching
2018-04-18 23:47:09,055 - shotaowl - Trying to like media: 1760741523080810360
2018-04-18 23:47:10,472 - shotaowl - Liked: 1760741523080810360. Like #15.
2018-04-18 23:47:13,476 - shotaowl - Get media id by tag: газпромлаура
2018-04-18 23:47:15,879 - shotaowl - Removing already liked medias..
2018-04-18 23:48:29,040 - shotaowl - Trying to like media: 1760331401244142198
2018-04-18 23:48:30,280 - shotaowl - Liked: 1760331401244142198. Like #16.
2018-04-18 23:49:52,499 - shotaowl - Trying to like media: 1760178101345558431
2018-04-18 23:49:54,857 - shotaowl - Liked: 1760178101345558431. Like #17.
2018-04-18 23:50:38,100 - shotaowl - Trying to follow: 4744833440
2018-04-18 23:50:39,634 - shotaowl - Followed: 4744833440 #6.
2018-04-18 23:51:01,510 - shotaowl - Trying to unfollow #1: 
2018-04-18 23:51:01,515 - shotaowl - Getting user info : my.8321
2018-04-18 23:52:27,736 - shotaowl - Get media id by tag: sovarium
2018-04-18 23:52:29,792 - shotaowl - Removing already liked medias..
2018-04-18 23:54:26,393 - shotaowl - Keep calm - It's your own media ;)
2018-04-18 23:55:08,957 - shotaowl - Keep calm - It's your own media ;)
2018-04-18 23:55:11,960 - shotaowl - Keep calm - It's your own media ;)
2018-04-18 23:55:14,963 - shotaowl - Get media id by tag: сочи
2018-04-18 23:55:17,492 - shotaowl - Removing already liked medias..
2018-04-18 23:55:17,574 - shotaowl - Trying to like media: 1760776253102047485
2018-04-18 23:55:18,430 - shotaowl - Liked: 1760776253102047485. Like #18.
2018-04-18 23:55:30,974 - shotaowl - Trying to follow: 7127364180
2018-04-18 23:55:32,003 - shotaowl - Followed: 7127364180 #7.
2018-04-18 23:55:41,843 - shotaowl - Trying to unfollow #1: 
2018-04-18 23:55:41,848 - shotaowl - Getting user info : milena_alaia_
2018-04-18 23:56:37,352 - shotaowl - Trying to like media: 1760776196402227128
2018-04-18 23:56:38,208 - shotaowl - Liked: 1760776196402227128. Like #19.
2018-04-18 23:58:06,466 - shotaowl - Trying to like media: 1760776142261889652
2018-04-18 23:58:07,443 - shotaowl - Liked: 1760776142261889652. Like #20.
2018-04-19 00:00:44,422 - shotaowl - Trying to like media: 1760776137295814459
2018-04-19 00:00:50,111 - shotaowl - Liked: 1760776137295814459. Like #21.
2018-04-19 00:00:50,113 - shotaowl - Trying to follow: 5688938517
2018-04-19 00:00:51,119 - shotaowl - Followed: 5688938517 #8.
2018-04-19 00:00:52,162 - shotaowl - Trying to unfollow #1: 
2018-04-19 00:00:52,166 - shotaowl - Getting user info : swapnastella
2018-04-19 00:02:20,259 - shotaowl - Trying to like media: 1760776121357891267
2018-04-19 00:02:21,291 - shotaowl - Liked: 1760776121357891267. Like #22.
2018-04-19 00:02:24,295 - shotaowl - Get media id by tag: газпромлаура
2018-04-19 00:02:28,769 - shotaowl - Removing already liked medias..
2018-04-19 00:04:46,367 - shotaowl - Get media id by tag: krasnaypolyna
2018-04-19 00:04:48,135 - shotaowl - Removing already liked medias..
2018-04-19 00:05:42,852 - shotaowl - Trying to unfollow #1: 
2018-04-19 00:05:42,856 - shotaowl - Getting user info : code_and_music
2018-04-19 00:06:11,154 - shotaowl - Keep calm - It's your own profile ;)
2018-04-19 00:06:14,159 - shotaowl - Keep calm - It's your own profile ;)
2018-04-19 00:06:17,162 - shotaowl - Keep calm - It's your own profile ;)
2018-04-19 00:06:20,164 - shotaowl - Keep calm - It's your own profile ;)
2018-04-19 00:06:23,792 - shotaowl - Already followed before 3934637824
2018-04-19 00:07:09,497 - shotaowl - Keep calm - It's your own media ;)
2018-04-19 00:07:15,503 - shotaowl - Keep calm - It's your own media ;)
2018-04-19 00:07:36,523 - shotaowl - Get media id by tag: сочи
2018-04-19 00:07:38,257 - shotaowl - Removing already liked medias..
2018-04-19 00:07:38,296 - shotaowl - Trying to like media: 1760782503687233756
2018-04-19 00:07:39,817 - shotaowl - Liked: 1760782503687233756. Like #23.
2018-04-19 00:08:38,523 - shotaowl - Trying to follow: 1293528887
2018-04-19 00:08:39,550 - shotaowl - Followed: 1293528887 #9.
2018-04-19 00:09:13,848 - shotaowl - Trying to like media: 1760782432258518555
2018-04-19 00:09:15,348 - shotaowl - Liked: 1760782432258518555. Like #24.
2018-04-19 00:10:31,550 - shotaowl - Trying to unfollow #1: 
2018-04-19 00:10:31,551 - shotaowl - Getting user info : nick_therescue
2018-04-19 00:10:50,539 - shotaowl - Trying to like media: 1760782401572912911
2018-04-19 00:10:52,160 - shotaowl - Liked: 1760782401572912911. Like #25.
2018-04-19 00:12:20,423 - shotaowl - Trying to like media: 1760782394234043796
2018-04-19 00:12:21,402 - shotaowl - Liked: 1760782394234043796. Like #26.
2018-04-19 00:13:50,333 - shotaowl - Trying to like media: 1760782355160498304
2018-04-19 00:13:51,682 - shotaowl - Liked: 1760782355160498304. Like #27.
2018-04-19 00:13:51,683 - shotaowl - Trying to follow: 7187302372
2018-04-19 00:13:52,657 - shotaowl - Followed: 7187302372 #10.
2018-04-19 00:15:13,398 - shotaowl - Trying to unfollow #1: 
2018-04-19 00:15:13,405 - shotaowl - Getting user info : virage__
2018-04-19 00:15:23,341 - shotaowl - Trying to like media: 1760780912856808228
2018-04-19 00:15:24,638 - shotaowl - Liked: 1760780912856808228. Like #28.
2018-04-19 00:16:43,761 - shotaowl - Trying to like media: 1760782284996357080
2018-04-19 00:16:45,130 - shotaowl - Liked: 1760782284996357080. Like #29.
2018-04-19 00:18:10,340 - shotaowl - Trying to like media: 1760782267893349938
2018-04-19 00:18:11,685 - shotaowl - Liked: 1760782267893349938. Like #30.
2018-04-19 00:18:23,700 - shotaowl - Trying to follow: 4753792608
2018-04-19 00:18:24,649 - shotaowl - Followed: 4753792608 #11.
2018-04-19 00:19:38,565 - shotaowl - Trying to like media: 1760782247760650637
2018-04-19 00:19:39,388 - shotaowl - Liked: 1760782247760650637. Like #31.
2018-04-19 00:19:57,409 - shotaowl - Trying to unfollow #1: 
2018-04-19 00:19:57,410 - shotaowl - Getting user info : kolobokhova_elena
2018-04-19 00:21:01,893 - shotaowl - Trying to like media: 1760782159185231484
2018-04-19 00:21:02,756 - shotaowl - Liked: 1760782159185231484. Like #32.
2018-04-19 00:22:26,833 - shotaowl - Trying to like media: 1760781777368792325
2018-04-19 00:22:27,928 - shotaowl - Liked: 1760781777368792325. Like #33.
2018-04-19 00:22:57,018 - shotaowl - Trying to follow: 6876314599
2018-04-19 00:22:58,523 - shotaowl - Followed: 6876314599 #12.
2018-04-19 00:23:56,390 - shotaowl - Trying to like media: 1760782120470605381
2018-04-19 00:23:58,863 - shotaowl - Liked: 1760782120470605381. Like #34.
2018-04-19 00:24:28,892 - shotaowl - Trying to unfollow #1: 
2018-04-19 00:24:28,893 - shotaowl - Getting user info : __ryusta__
2018-04-19 00:25:24,440 - shotaowl - Trying to like media: 1760782085366211650
2018-04-19 00:25:25,013 - shotaowl - Liked: 1760782085366211650. Like #35.
2018-04-19 00:27:00,025 - shotaowl - Trying to like media: 1760782078066189929
2018-04-19 00:27:01,308 - shotaowl - Liked: 1760782078066189929. Like #36.
2018-04-19 00:27:31,986 - shotaowl - Trying to follow: 4646090728
2018-04-19 00:27:33,764 - shotaowl - Followed: 4646090728 #13.
2018-04-19 00:28:35,837 - shotaowl - Trying to like media: 1760782031769506622
2018-04-19 00:28:36,954 - shotaowl - Liked: 1760782031769506622. Like #37.
2018-04-19 00:29:10,492 - shotaowl - Trying to unfollow #1: 
2018-04-19 00:29:10,493 - shotaowl - Getting user info : melbasorusrex
2018-04-19 00:30:08,897 - shotaowl - Trying to like media: 1760782031282891144
2018-04-19 00:30:09,722 - shotaowl - Liked: 1760782031282891144. Like #38.
2018-04-19 00:31:38,299 - shotaowl - Trying to like media: 1760782012702035510
2018-04-19 00:31:38,947 - shotaowl - Liked: 1760782012702035510. Like #39.
2018-04-19 00:32:27,479 - shotaowl - Trying to follow: 3465692330
2018-04-19 00:32:28,704 - shotaowl - Followed: 3465692330 #14.
2018-04-19 00:33:03,074 - shotaowl - Trying to like media: 1760781969282710740
2018-04-19 00:33:04,393 - shotaowl - Liked: 1760781969282710740. Like #40.
2018-04-19 00:34:14,716 - shotaowl - Trying to unfollow #1: 
2018-04-19 00:34:14,718 - shotaowl - Getting user info : lukasmyfavourite1
2018-04-19 00:34:30,130 - shotaowl - Trying to like media: 1760781959796363579
2018-04-19 00:34:31,602 - shotaowl - Liked: 1760781959796363579. Like #41.
2018-04-19 00:35:53,366 - shotaowl - Trying to like media: 1760781934268718326
2018-04-19 00:35:54,525 - shotaowl - Liked: 1760781934268718326. Like #42.
2018-04-19 00:36:55,743 - shotaowl - Trying to follow: 1561769566
2018-04-19 00:36:56,972 - shotaowl - Followed: 1561769566 #15.
2018-04-19 00:37:25,344 - shotaowl - Trying to like media: 1760781916719680145
2018-04-19 00:37:26,041 - shotaowl - Liked: 1760781916719680145. Like #43.
2018-04-19 00:38:54,277 - shotaowl - Trying to like media: 1760781920880306297
2018-04-19 00:38:55,374 - shotaowl - Liked: 1760781920880306297. Like #44.
2018-04-19 00:39:32,479 - shotaowl - Trying to unfollow #1: 
2018-04-19 00:39:32,481 - shotaowl - Getting user info : dolyaboss
2018-04-19 00:40:25,391 - shotaowl - Trying to like media: 1760781875137585644
2018-04-19 00:40:26,184 - shotaowl - Liked: 1760781875137585644. Like #45.
2018-04-19 00:40:29,188 - shotaowl - Get media id by tag: sochi
2018-04-19 00:40:30,581 - shotaowl - Removing already liked medias..
2018-04-19 00:41:52,939 - shotaowl - Trying to like media: 1760798996982830183
2018-04-19 00:41:53,689 - shotaowl - Liked: 1760798996982830183. Like #46.
2018-04-19 00:42:09,371 - shotaowl - Trying to follow: 3300871223
2018-04-19 00:42:10,639 - shotaowl - Followed: 3300871223 #16.
2018-04-19 00:43:21,593 - shotaowl - Trying to like media: 1760798740325904013
2018-04-19 00:43:22,446 - shotaowl - Liked: 1760798740325904013. Like #47.
2018-04-19 00:44:32,619 - shotaowl - Trying to unfollow #1: 
2018-04-19 00:44:32,620 - shotaowl - Getting user info : brandon_327
2018-04-19 00:44:51,948 - shotaowl - Trying to like media: 1760798608649968206
2018-04-19 00:44:52,889 - shotaowl - Liked: 1760798608649968206. Like #48.
2018-04-19 00:46:21,132 - shotaowl - Trying to like media: 1760798517440790867
2018-04-19 00:46:22,279 - shotaowl - Liked: 1760798517440790867. Like #49.
2018-04-19 00:46:40,881 - shotaowl - Already followed before 3300871223
2018-04-19 00:47:45,178 - shotaowl - Trying to like media: 1760798444946276581
2018-04-19 00:47:46,740 - shotaowl - Liked: 1760798444946276581. Like #50.
2018-04-19 00:48:59,277 - shotaowl - Trying to follow: 27062640
2018-04-19 00:49:00,594 - shotaowl - Followed: 27062640 #17.
2018-04-19 00:49:12,693 - shotaowl - Trying to unfollow #1: 
2018-04-19 00:49:12,694 - shotaowl - Getting user info : dean013
2018-04-19 00:49:20,523 - shotaowl - Trying to like media: 1760798410561492245
2018-04-19 00:49:21,382 - shotaowl - Liked: 1760798410561492245. Like #51.
2018-04-19 00:50:55,110 - shotaowl - Trying to like media: 1760798329602978596
2018-04-19 00:50:56,003 - shotaowl - Liked: 1760798329602978596. Like #52.
2018-04-19 00:52:17,070 - shotaowl - Trying to like media: 1760798173239223324
2018-04-19 00:52:18,304 - shotaowl - Liked: 1760798173239223324. Like #53.
2018-04-19 00:53:41,614 - shotaowl - Trying to like media: 1760798000954532559
2018-04-19 00:53:42,393 - shotaowl - Liked: 1760798000954532559. Like #54.
2018-04-19 00:54:09,405 - shotaowl - Trying to follow: 2296557108
2018-04-19 00:54:11,960 - shotaowl - Followed: 2296557108 #18.
2018-04-19 00:54:30,808 - shotaowl - Trying to unfollow #1: 
2018-04-19 00:54:30,810 - shotaowl - Getting user info : maoponpocorin
2018-04-19 00:55:07,719 - shotaowl - Trying to like media: 1760797992203747913
2018-04-19 00:55:08,862 - shotaowl - Liked: 1760797992203747913. Like #55.
2018-04-19 00:56:43,635 - shotaowl - Trying to like media: 1760797987876343841
2018-04-19 00:56:44,815 - shotaowl - Liked: 1760797987876343841. Like #56.
2018-04-19 00:58:13,631 - shotaowl - Trying to like media: 1760797726762812619
2018-04-19 00:58:15,648 - shotaowl - Liked: 1760797726762812619. Like #57.
2018-04-19 00:58:46,261 - shotaowl - Trying to follow: 2683614341
2018-04-19 00:58:47,628 - shotaowl - Followed: 2683614341 #19.
2018-04-19 00:59:34,201 - shotaowl - Trying to unfollow #1: 
2018-04-19 00:59:34,205 - shotaowl - Getting user info : maxicarrillov
2018-04-19 00:59:50,214 - shotaowl - Trying to like media: 1760797613340658971
2018-04-19 00:59:51,415 - shotaowl - Liked: 1760797613340658971. Like #58.
2018-04-19 01:01:17,386 - shotaowl - Trying to like media: 1760797509667356714
2018-04-19 01:01:18,307 - shotaowl - Liked: 1760797509667356714. Like #59.
2018-04-19 01:02:52,710 - shotaowl - Trying to like media: 1760796977937614479
2018-04-19 01:02:54,288 - shotaowl - Liked: 1760796977937614479. Like #60.
2018-04-19 01:03:24,800 - shotaowl - Trying to follow: 6811073094
2018-04-19 01:03:25,949 - shotaowl - Followed: 6811073094 #20.
2018-04-19 01:04:15,844 - shotaowl - Trying to unfollow #1: 
2018-04-19 01:04:15,849 - shotaowl - Getting user info : stevewalton_mma
2018-04-19 01:04:25,236 - shotaowl - Trying to like media: 1760797357454174132
2018-04-19 01:04:25,847 - shotaowl - Liked: 1760797357454174132. Like #61.
2018-04-19 01:05:45,048 - shotaowl - Trying to like media: 1760797284667511240
2018-04-19 01:05:46,179 - shotaowl - Liked: 1760797284667511240. Like #62.
2018-04-19 01:05:49,184 - shotaowl - Get media id by tag: krasnaypolyna
2018-04-19 01:05:51,823 - shotaowl - Removing already liked medias..
2018-04-19 01:07:56,196 - shotaowl - Keep calm - It's your own profile ;)
2018-04-19 01:07:59,200 - shotaowl - Keep calm - It's your own profile ;)
2018-04-19 01:08:02,204 - shotaowl - Keep calm - It's your own profile ;)
2018-04-19 01:08:05,208 - shotaowl - Keep calm - It's your own profile ;)
2018-04-19 01:08:08,209 - shotaowl - Keep calm - It's your own profile ;)
2018-04-19 01:08:11,210 - shotaowl - Keep calm - It's your own profile ;)
2018-04-19 01:08:14,214 - shotaowl - Keep calm - It's your own profile ;)
2018-04-19 01:08:17,215 - shotaowl - Keep calm - It's your own profile ;)
2018-04-19 01:08:20,219 - shotaowl - Keep calm - It's your own profile ;)
2018-04-19 01:08:24,449 - shotaowl - Keep calm - It's your own profile ;)
2018-04-19 01:08:27,453 - shotaowl - Keep calm - It's your own profile ;)
2018-04-19 01:08:30,457 - shotaowl - Keep calm - It's your own profile ;)
2018-04-19 01:08:33,461 - shotaowl - Keep calm - It's your own profile ;)
2018-04-19 01:08:36,465 - shotaowl - Keep calm - It's your own profile ;)
2018-04-19 01:08:39,469 - shotaowl - Keep calm - It's your own profile ;)
2018-04-19 01:08:42,470 - shotaowl - Already followed before 3934637824
2018-04-19 01:09:19,176 - shotaowl - Trying to unfollow #1: 
2018-04-19 01:09:19,181 - shotaowl - Getting user info : whatsapp_story_song
2018-04-19 01:09:32,642 - shotaowl - Keep calm - It's your own media ;)
2018-04-19 01:09:38,646 - shotaowl - Keep calm - It's your own media ;)
2018-04-19 01:09:59,663 - shotaowl - Get media id by tag: sochi
2018-04-19 01:10:03,772 - shotaowl - Removing already liked medias..
2018-04-19 01:10:03,875 - shotaowl - Trying to like media: 1760813866712889188
2018-04-19 01:10:04,640 - shotaowl - Liked: 1760813866712889188. Like #63.
2018-04-19 01:11:11,802 - shotaowl - Trying to follow: 6824103119
2018-04-19 01:11:16,461 - shotaowl - Followed: 6824103119 #21.
2018-04-19 01:11:36,375 - shotaowl - Trying to like media: 1760813723638238707
2018-04-19 01:11:38,073 - shotaowl - Liked: 1760813723638238707. Like #64.
2018-04-19 01:11:41,637 - shotaowl - Get media id by tag: сочи
2018-04-19 01:11:43,334 - shotaowl - Removing already liked medias..
2018-04-19 01:13:05,630 - shotaowl - Trying to like media: 1760813119447617956
2018-04-19 01:13:06,589 - shotaowl - Liked: 1760813119447617956. Like #65.
2018-04-19 01:14:04,860 - shotaowl - Trying to unfollow #1: 
2018-04-19 01:14:04,861 - shotaowl - Getting user info : ___petrichor
2018-04-19 01:14:42,334 - shotaowl - Trying to like media: 1760814586824885136
2018-04-19 01:14:43,456 - shotaowl - Liked: 1760814586824885136. Like #66.
2018-04-19 01:16:03,455 - shotaowl - Trying to like media: 1760814583762651518
2018-04-19 01:16:04,486 - shotaowl - Liked: 1760814583762651518. Like #67.
2018-04-19 01:16:19,501 - shotaowl - Trying to follow: 1505664722
2018-04-19 01:16:25,207 - shotaowl - Followed: 1505664722 #22.
2018-04-19 01:17:30,245 - shotaowl - Trying to like media: 1760814563739547448
2018-04-19 01:17:30,897 - shotaowl - Liked: 1760814563739547448. Like #68.
2018-04-19 01:18:50,567 - shotaowl - Trying to like media: 1760814519229352655
2018-04-19 01:18:51,745 - shotaowl - Liked: 1760814519229352655. Like #69.
2018-04-19 01:19:22,186 - shotaowl - Trying to unfollow #1: 
2018-04-19 01:19:22,188 - shotaowl - Getting user info : ayitisakapfet
2018-04-19 01:20:23,166 - shotaowl - Trying to like media: 1760814474702367029
2018-04-19 01:20:23,841 - shotaowl - Liked: 1760814474702367029. Like #70.
2018-04-19 01:21:40,106 - shotaowl - Trying to follow: 197135660
2018-04-19 01:21:41,943 - shotaowl - Followed: 197135660 #23.
2018-04-19 01:21:59,697 - shotaowl - Trying to like media: 1760814460779289802
2018-04-19 01:22:00,962 - shotaowl - Liked: 1760814460779289802. Like #71.
2018-04-19 01:23:29,610 - shotaowl - Trying to like media: 1760814463453732114
2018-04-19 01:23:30,659 - shotaowl - Liked: 1760814463453732114. Like #72.
2018-04-19 01:24:34,402 - shotaowl - Trying to unfollow #1: 
2018-04-19 01:24:34,405 - shotaowl - Getting user info : _resurrect_555
2018-04-19 01:24:53,918 - shotaowl - Trying to like media: 1760814426149311906
2018-04-19 01:24:54,835 - shotaowl - Liked: 1760814426149311906. Like #73.
2018-04-19 01:26:19,979 - shotaowl - Trying to like media: 1760814394289165929
2018-04-19 01:26:22,230 - shotaowl - Liked: 1760814394289165929. Like #74.
2018-04-19 01:27:08,362 - shotaowl - Trying to follow: 1379336020
2018-04-19 01:27:09,638 - shotaowl - Followed: 1379336020 #24.
2018-04-19 01:27:46,017 - shotaowl - Trying to like media: 1760814375081248467
2018-04-19 01:27:46,833 - shotaowl - Liked: 1760814375081248467. Like #75.
2018-04-19 01:29:03,086 - shotaowl - Trying to unfollow #1: 
2018-04-19 01:29:03,089 - shotaowl - Getting user info : hamza_el_bakouri
2018-04-19 01:29:11,203 - shotaowl - Trying to like media: 1760814340518437744
2018-04-19 01:29:14,840 - shotaowl - Liked: 1760814340518437744. Like #76.
2018-04-19 01:30:37,208 - shotaowl - Trying to like media: 1760814311788657859
2018-04-19 01:30:37,978 - shotaowl - Liked: 1760814311788657859. Like #77.
2018-04-19 01:32:12,457 - shotaowl - Trying to like media: 1760814260440931354
2018-04-19 01:32:14,069 - shotaowl - Liked: 1760814260440931354. Like #78.
2018-04-19 01:32:27,135 - shotaowl - Trying to follow: 6911485246
2018-04-19 01:32:28,190 - shotaowl - Followed: 6911485246 #25.
2018-04-19 01:33:45,120 - shotaowl - Trying to like media: 1760814207475085409
2018-04-19 01:33:46,042 - shotaowl - Liked: 1760814207475085409. Like #79.
2018-04-19 01:34:10,640 - shotaowl - Trying to unfollow #1: 
2018-04-19 01:34:10,641 - shotaowl - Getting user info : ahwaz.tabligh
2018-04-19 01:35:08,486 - shotaowl - Trying to like media: 1760814195538000425
2018-04-19 01:35:10,819 - shotaowl - Liked: 1760814195538000425. Like #80.
2018-04-19 01:36:41,351 - shotaowl - Trying to like media: 1760814183585955939
2018-04-19 01:36:42,416 - shotaowl - Liked: 1760814183585955939. Like #81.
2018-04-19 01:37:44,358 - shotaowl - Trying to follow: 7330054832
2018-04-19 01:37:46,288 - shotaowl - Followed: 7330054832 #26.
2018-04-19 01:38:17,947 - shotaowl - Trying to like media: 1760814177562429119
2018-04-19 01:38:18,752 - shotaowl - Liked: 1760814177562429119. Like #82.
2018-04-19 01:38:37,421 - shotaowl - Trying to unfollow #1: 
2018-04-19 01:38:37,422 - shotaowl - Getting user info : marina_freckle
2018-04-19 01:39:50,516 - shotaowl - Trying to like media: 1760814168159309308
2018-04-19 01:39:51,370 - shotaowl - Liked: 1760814168159309308. Like #83.
2018-04-19 01:41:22,929 - shotaowl - Trying to like media: 1760813186709034536
2018-04-19 01:41:24,285 - shotaowl - Liked: 1760813186709034536. Like #84.
2018-04-19 01:42:46,508 - shotaowl - Trying to follow: 7512983119
2018-04-19 01:42:47,567 - shotaowl - Followed: 7512983119 #27.
2018-04-19 01:43:01,130 - shotaowl - Trying to like media: 1760814131307648183
2018-04-19 01:43:02,454 - shotaowl - Liked: 1760814131307648183. Like #85.
2018-04-19 01:43:57,750 - shotaowl - Trying to unfollow #1: 
2018-04-19 01:43:57,751 - shotaowl - Getting user info : beatmakerpromo
2018-04-19 01:44:34,835 - shotaowl - Trying to like media: 1760814115394436366
2018-04-19 01:44:35,625 - shotaowl - Liked: 1760814115394436366. Like #86.
2018-04-19 01:46:04,009 - shotaowl - Trying to like media: 1760813320850687703
2018-04-19 01:46:04,914 - shotaowl - Liked: 1760813320850687703. Like #87.
2018-04-19 01:47:27,691 - shotaowl - Trying to like media: 1760814075270444243
2018-04-19 01:47:29,003 - shotaowl - Liked: 1760814075270444243. Like #88.
2018-04-19 01:48:05,602 - shotaowl - Trying to follow: 7315654486
2018-04-19 01:48:07,085 - shotaowl - Followed: 7315654486 #28.
2018-04-19 01:48:58,088 - shotaowl - Trying to like media: 1760814051279248916
2018-04-19 01:48:58,918 - shotaowl - Liked: 1760814051279248916. Like #89.
2018-04-19 01:49:07,927 - shotaowl - Trying to unfollow #1: 
2018-04-19 01:49:07,929 - shotaowl - Getting user info : thrift_tokyo
2018-04-19 01:50:21,396 - shotaowl - Trying to like media: 1760814039837346769
2018-04-19 01:50:22,107 - shotaowl - Liked: 1760814039837346769. Like #90.
2018-04-19 01:51:57,061 - shotaowl - Trying to like media: 1760814026667231472
2018-04-19 01:51:58,359 - shotaowl - Liked: 1760814026667231472. Like #91.
2018-04-19 01:52:44,550 - shotaowl - Trying to follow: 5744360225
2018-04-19 01:52:45,440 - shotaowl - Followed: 5744360225 #29.
2018-04-19 01:53:25,700 - shotaowl - Trying to like media: 1760814021451035808
2018-04-19 01:53:26,462 - shotaowl - Liked: 1760814021451035808. Like #92.
2018-04-19 01:54:02,498 - shotaowl - Trying to unfollow #1: 
2018-04-19 01:54:02,501 - shotaowl - Getting user info : charlotteschwartz.dj
2018-04-19 01:54:49,427 - shotaowl - Trying to like media: 1760813895444098435
2018-04-19 01:54:50,122 - shotaowl - Liked: 1760813895444098435. Like #93.
2018-04-19 01:56:17,614 - shotaowl - Trying to like media: 1760813716046388774
2018-04-19 01:56:18,304 - shotaowl - Liked: 1760813716046388774. Like #94.
2018-04-19 01:57:31,063 - shotaowl - Trying to follow: 7288628905
2018-04-19 01:57:32,466 - shotaowl - Followed: 7288628905 #30.
2018-04-19 01:57:48,807 - shotaowl - Trying to like media: 1760813663978515280
2018-04-19 01:57:50,148 - shotaowl - Liked: 1760813663978515280. Like #95.
2018-04-19 01:59:09,468 - shotaowl - Trying to unfollow #1: 
2018-04-19 01:59:09,470 - shotaowl - Getting user info : kinnandyra_alulareza
2018-04-19 01:59:25,880 - shotaowl - Trying to like media: 1760813663642823122
2018-04-19 01:59:33,234 - shotaowl - Liked: 1760813663642823122. Like #96.
2018-04-19 01:59:36,238 - shotaowl - Get media id by tag: краснаяполяна
2018-04-19 01:59:38,002 - shotaowl - Removing already liked medias..
2018-04-19 02:00:57,272 - shotaowl - Trying to like media: 1760837661318709039
2018-04-19 02:00:58,341 - shotaowl - Liked: 1760837661318709039. Like #97.
2018-04-19 02:01:57,185 - shotaowl - Trying to follow: 5971202866
2018-04-19 02:01:58,807 - shotaowl - Followed: 5971202866 #31.
2018-04-19 02:02:35,722 - shotaowl - Trying to like media: 1760837647361010697
2018-04-19 02:02:36,962 - shotaowl - Liked: 1760837647361010697. Like #98.
2018-04-19 02:04:08,861 - shotaowl - Trying to like media: 1760836703658252244
2018-04-19 02:04:09,989 - shotaowl - Liked: 1760836703658252244. Like #99.
2018-04-19 02:04:31,010 - shotaowl - Trying to unfollow #1: 
2018-04-19 02:04:31,012 - shotaowl - Getting user info : wokegods
2018-04-19 02:05:45,675 - shotaowl - Trying to like media: 1760836524026116693
2018-04-19 02:05:46,841 - shotaowl - Liked: 1760836524026116693. Like #100.
2018-04-19 02:06:44,539 - shotaowl - Trying to follow: 644231784
2018-04-19 02:06:46,032 - shotaowl - Followed: 644231784 #32.
2018-04-19 02:07:20,572 - shotaowl - Trying to like media: 1760835997707579381
2018-04-19 02:07:21,898 - shotaowl - Liked: 1760835997707579381. Like #101.
2018-04-19 02:08:44,635 - shotaowl - Trying to like media: 1760835915574870448
2018-04-19 02:08:45,645 - shotaowl - Liked: 1760835915574870448. Like #102.
2018-04-19 02:09:10,163 - shotaowl - Trying to unfollow #1: 
2018-04-19 02:09:10,165 - shotaowl - Getting user info : bhjh.a__
2018-04-19 02:10:09,386 - shotaowl - Trying to like media: 1760835895508023678
2018-04-19 02:10:10,464 - shotaowl - Liked: 1760835895508023678. Like #103.
2018-04-19 02:11:29,696 - shotaowl - Trying to like media: 1760835871493249985
2018-04-19 02:11:30,595 - shotaowl - Liked: 1760835871493249985. Like #104.
2018-04-19 02:11:51,618 - shotaowl - Trying to follow: 7181589497
2018-04-19 02:11:53,250 - shotaowl - Followed: 7181589497 #33.
2018-04-19 02:12:54,467 - shotaowl - Trying to like media: 1760835441451243157
2018-04-19 02:12:55,403 - shotaowl - Liked: 1760835441451243157. Like #105.
2018-04-19 02:14:04,470 - shotaowl - Trying to unfollow #1: 
2018-04-19 02:14:04,472 - shotaowl - Getting user info : hsaini_ayoub
2018-04-19 02:14:29,794 - shotaowl - Trying to like media: 1760835419714373187
2018-04-19 02:14:31,245 - shotaowl - Liked: 1760835419714373187. Like #106.
2018-04-19 02:15:51,369 - shotaowl - Trying to like media: 1760833594681870014
2018-04-19 02:15:52,641 - shotaowl - Liked: 1760833594681870014. Like #107.
2018-04-19 02:16:29,234 - shotaowl - Already followed before 3028359628
2018-04-19 02:17:26,908 - shotaowl - Trying to like media: 1760833530642272886
2018-04-19 02:17:28,509 - shotaowl - Liked: 1760833530642272886. Like #108.
2018-04-19 02:18:42,060 - shotaowl - Trying to unfollow #1: 
2018-04-19 02:18:42,061 - shotaowl - Getting user info : kuzichkinvladislav
2018-04-19 02:18:48,486 - shotaowl - Trying to like media: 1760833137611650322
2018-04-19 02:19:11,248 - shotaowl - Already followed before 3028359628
2018-04-19 02:19:14,253 - shotaowl - Trying to like media: 1760832497895383694
2018-04-19 02:19:15,564 - shotaowl - Liked: 1760832497895383694. Like #109.
2018-04-19 02:20:38,453 - shotaowl - Trying to like media: 1760832248628970883
2018-04-19 02:20:39,465 - shotaowl - Liked: 1760832248628970883. Like #110.
2018-04-19 02:21:22,620 - shotaowl - Trying to follow: 7016727463
2018-04-19 02:21:24,299 - shotaowl - Followed: 7016727463 #34.
2018-04-19 02:22:14,157 - shotaowl - Trying to like media: 1760832247268877479
2018-04-19 02:22:17,419 - shotaowl - Liked: 1760832247268877479. Like #111.
2018-04-19 02:23:46,156 - shotaowl - Trying to like media: 1760832039869074844
2018-04-19 02:23:46,870 - shotaowl - Liked: 1760832039869074844. Like #112.
2018-04-19 02:23:49,875 - shotaowl - Get media id by tag: краснаяполяна
2018-04-19 02:23:53,115 - shotaowl - Removing already liked medias..
2018-04-19 02:23:56,154 - shotaowl - Trying to unfollow #1: 
2018-04-19 02:23:56,156 - shotaowl - Getting user info : life_theories305
2018-04-19 02:25:06,611 - shotaowl - Trying to like media: 1760850954888080805
2018-04-19 02:25:07,519 - shotaowl - Liked: 1760850954888080805. Like #113.
2018-04-19 02:26:23,763 - shotaowl - Trying to follow: 1354374232
2018-04-19 02:26:25,524 - shotaowl - Followed: 1354374232 #35.
2018-04-19 02:26:33,137 - shotaowl - Trying to like media: 1760850210165485018
2018-04-19 02:26:34,001 - shotaowl - Liked: 1760850210165485018. Like #114.
2018-04-19 02:28:05,319 - shotaowl - Trying to like media: 1760850171895584837
2018-04-19 02:28:06,622 - shotaowl - Liked: 1760850171895584837. Like #115.
2018-04-19 02:28:36,650 - shotaowl - Trying to unfollow #1: 
2018-04-19 02:28:36,651 - shotaowl - Getting user info : keepingupwith_penny
2018-04-19 02:29:43,612 - shotaowl - Trying to like media: 1760849424193601922
2018-04-19 02:29:45,922 - shotaowl - Liked: 1760849424193601922. Like #116.
2018-04-19 02:31:12,993 - shotaowl - Trying to like media: 1760849056235674814
2018-04-19 02:31:14,607 - shotaowl - Liked: 1760849056235674814. Like #117.
2018-04-19 02:31:17,611 - shotaowl - Trying to follow: 270357323
2018-04-19 02:31:18,621 - shotaowl - Followed: 270357323 #36.
2018-04-19 02:32:47,808 - shotaowl - Trying to like media: 1760848578219431664
2018-04-19 02:32:48,862 - shotaowl - Liked: 1760848578219431664. Like #118.
2018-04-19 02:33:56,299 - shotaowl - Trying to unfollow #1: 
2018-04-19 02:33:56,301 - shotaowl - Getting user info : ryleeblake15
2018-04-19 02:34:12,724 - shotaowl - Trying to like media: 1760848491180380694
2018-04-19 02:34:13,623 - shotaowl - Liked: 1760848491180380694. Like #119.
2018-04-19 02:35:35,949 - shotaowl - Trying to like media: 1760848461811889147
2018-04-19 02:35:36,986 - shotaowl - Liked: 1760848461811889147. Like #120.
2018-04-19 02:36:04,611 - shotaowl - Trying to follow: 359540337
2018-04-19 02:36:06,114 - shotaowl - Followed: 359540337 #37.
2018-04-19 02:37:08,462 - shotaowl - Trying to like media: 1760847563149152608
2018-04-19 02:37:10,452 - shotaowl - Liked: 1760847563149152608. Like #121.
2018-04-19 02:38:35,997 - shotaowl - Trying to like media: 1760847331858458969
2018-04-19 02:38:43,104 - shotaowl - Liked: 1760847331858458969. Like #122.
2018-04-19 02:39:01,116 - shotaowl - Trying to unfollow #1: 
2018-04-19 02:39:01,118 - shotaowl - Getting user info : helme0420
2018-04-19 02:40:18,680 - shotaowl - Trying to like media: 1760847312740285235
2018-04-19 02:40:19,622 - shotaowl - Liked: 1760847312740285235. Like #123.
2018-04-19 02:41:04,659 - shotaowl - Trying to follow: 243443544
2018-04-19 02:41:27,686 - shotaowl - Trying to follow: 243443544
2018-04-19 02:41:50,705 - shotaowl - Trying to like media: 1760846546189741693
2018-04-19 02:42:10,727 - shotaowl - Trying to follow: 1543191455
2018-04-19 02:42:20,049 - shotaowl - Followed: 1543191455 #38.
2018-04-19 02:42:24,613 - shotaowl - Trying to like media: 1760846465474081246
2018-04-19 02:42:25,666 - shotaowl - Liked: 1760846465474081246. Like #124.
2018-04-19 02:43:43,573 - shotaowl - Trying to unfollow #1: 
2018-04-19 02:43:43,574 - shotaowl - Getting user info : canaco4tr
2018-04-19 02:44:04,999 - shotaowl - Trying to like media: 1760846426256281673
2018-04-19 02:44:12,651 - shotaowl - Liked: 1760846426256281673. Like #125.
2018-04-19 02:45:39,731 - shotaowl - Trying to like media: 1760845887279551659
2018-04-19 02:45:40,547 - shotaowl - Liked: 1760845887279551659. Like #126.
2018-04-19 02:46:44,963 - shotaowl - Trying to follow: 1394540400
2018-04-19 02:46:46,581 - shotaowl - Followed: 1394540400 #39.
2018-04-19 02:47:09,171 - shotaowl - Trying to like media: 1760845824189781491
2018-04-19 02:47:09,827 - shotaowl - Liked: 1760845824189781491. Like #127.
2018-04-19 02:48:38,801 - shotaowl - Trying to like media: 1760844347333785698
2018-04-19 02:48:39,561 - shotaowl - Liked: 1760844347333785698. Like #128.
2018-04-19 02:48:42,565 - shotaowl - Trying to unfollow #1: 
2018-04-19 02:48:42,566 - shotaowl - Getting user info : the_travel_outlier
2018-04-19 02:50:15,357 - shotaowl - Trying to like media: 1760845607024819605
2018-04-19 02:50:16,733 - shotaowl - Liked: 1760845607024819605. Like #129.
2018-04-19 02:51:48,526 - shotaowl - Trying to like media: 1760845588990275767
2018-04-19 02:51:50,738 - shotaowl - Liked: 1760845588990275767. Like #130.
2018-04-19 02:51:59,746 - shotaowl - Trying to follow: 2035238808
2018-04-19 02:52:00,916 - shotaowl - Followed: 2035238808 #40.
2018-04-19 02:53:24,515 - shotaowl - Trying to like media: 1760845053611278015
2018-04-19 02:53:26,037 - shotaowl - Liked: 1760845053611278015. Like #131.
2018-04-19 02:53:26,037 - shotaowl - Trying to unfollow #1: 
2018-04-19 02:53:26,038 - shotaowl - Getting user info : marjan_sedlak
2018-04-19 02:54:49,406 - shotaowl - Trying to like media: 1760845028790892632
2018-04-19 02:54:50,477 - shotaowl - Liked: 1760845028790892632. Like #132.
2018-04-19 02:56:13,525 - shotaowl - Trying to like media: 1760844355353323136
2018-04-19 02:56:14,707 - shotaowl - Liked: 1760844355353323136. Like #133.
2018-04-19 02:56:45,253 - shotaowl - Already followed before 270357323
2018-04-19 02:57:49,392 - shotaowl - Trying to like media: 1760844247055424966
2018-04-19 02:57:50,154 - shotaowl - Liked: 1760844247055424966. Like #134.
2018-04-19 02:57:53,157 - shotaowl - Trying to unfollow #1: 
2018-04-19 02:57:53,158 - shotaowl - Getting user info : hideyoiskawaii
2018-04-19 02:59:13,835 - shotaowl - Trying to like media: 1760844180148859636
2018-04-19 02:59:14,535 - shotaowl - Liked: 1760844180148859636. Like #135.
2018-04-19 02:59:23,540 - shotaowl - Trying to follow: 3140013745
2018-04-19 02:59:25,360 - shotaowl - Followed: 3140013745 #41.
2018-04-19 03:00:45,593 - shotaowl - Trying to like media: 1760844144546518434
2018-04-19 03:00:46,273 - shotaowl - Liked: 1760844144546518434. Like #136.
2018-04-19 03:00:49,274 - shotaowl - Get media id by tag: сочи
2018-04-19 03:00:51,872 - shotaowl - Removing already liked medias..
2018-04-19 03:02:20,190 - shotaowl - Trying to like media: 1760869678053294163
2018-04-19 03:02:21,207 - shotaowl - Liked: 1760869678053294163. Like #137.
2018-04-19 03:03:12,898 - shotaowl - Trying to unfollow #1: 
2018-04-19 03:03:12,899 - shotaowl - Getting user info : makeup_way_tacha_viibe
2018-04-19 03:03:47,476 - shotaowl - Trying to like media: 1760869602262169376
2018-04-19 03:03:48,783 - shotaowl - Liked: 1760869602262169376. Like #138.
2018-04-19 03:04:09,797 - shotaowl - Trying to follow: 1505992675
2018-04-19 03:04:10,525 - shotaowl - Followed: 1505992675 #42.
2018-04-19 03:05:24,624 - shotaowl - Trying to like media: 1760869589510783809
2018-04-19 03:05:25,663 - shotaowl - Liked: 1760869589510783809. Like #139.
2018-04-19 03:06:51,476 - shotaowl - Trying to like media: 1760869591573209244
2018-04-19 03:07:02,868 - shotaowl - Liked: 1760869591573209244. Like #140.
2018-04-19 03:07:39,984 - shotaowl - Trying to unfollow #1: 
2018-04-19 03:07:39,986 - shotaowl - Getting user info : sergimengar
2018-04-19 03:08:37,704 - shotaowl - Trying to like media: 1760869582010383110
2018-04-19 03:08:38,706 - shotaowl - Liked: 1760869582010383110. Like #141.
2018-04-19 03:08:54,320 - shotaowl - Trying to follow: 3643968064
2018-04-19 03:08:55,431 - shotaowl - Followed: 3643968064 #43.
2018-04-19 03:09:58,106 - shotaowl - Trying to like media: 1760869548447412580
2018-04-19 03:09:58,332 - shotaowl - Not liked: 400
2018-04-19 03:11:17,555 - shotaowl - Trying to like media: 1760869536419388315
2018-04-19 03:11:18,594 - shotaowl - Liked: 1760869536419388315. Like #142.
2018-04-19 03:12:35,315 - shotaowl - Trying to unfollow #1: 
2018-04-19 03:12:35,319 - shotaowl - Getting user info : deepan_jain
2018-04-19 03:12:42,100 - shotaowl - Trying to like media: 1760869523736235394
2018-04-19 03:12:43,180 - shotaowl - Liked: 1760869523736235394. Like #143.
2018-04-19 03:13:34,810 - shotaowl - Trying to follow: 5331493835
2018-04-19 03:13:35,715 - shotaowl - Followed: 5331493835 #44.
2018-04-19 03:14:13,976 - shotaowl - Trying to like media: 1760868580000580901
2018-04-19 03:14:15,228 - shotaowl - Liked: 1760868580000580901. Like #144.
2018-04-19 03:15:43,532 - shotaowl - Trying to like media: 1760869493016642200
2018-04-19 03:15:44,481 - shotaowl - Liked: 1760869493016642200. Like #145.
2018-04-19 03:17:03,812 - shotaowl - Trying to unfollow #1: 
2018-04-19 03:17:03,814 - shotaowl - Getting user info : vita_talalay
2018-04-19 03:17:10,787 - shotaowl - Trying to like media: 1760865092202470591
2018-04-19 03:17:11,649 - shotaowl - Liked: 1760865092202470591. Like #146.
2018-04-19 03:18:18,375 - shotaowl - Trying to follow: 4273757242
2018-04-19 03:18:20,154 - shotaowl - Followed: 4273757242 #45.
2018-04-19 03:18:33,359 - shotaowl - Trying to like media: 1760869468789099884
2018-04-19 03:18:35,678 - shotaowl - Liked: 1760869468789099884. Like #147.
2018-04-19 03:19:57,859 - shotaowl - Trying to like media: 1760869369586761062
2018-04-19 03:20:00,226 - shotaowl - Liked: 1760869369586761062. Like #148.
2018-04-19 03:21:23,004 - shotaowl - Trying to like media: 1760869357448391381
2018-04-19 03:21:26,990 - shotaowl - Liked: 1760869357448391381. Like #149.
2018-04-19 03:21:54,011 - shotaowl - Trying to unfollow #1: 
2018-04-19 03:21:54,013 - shotaowl - Getting user info : mironovhrabr1996
2018-04-19 03:22:45,984 - shotaowl - Trying to like media: 1760869339965174139
2018-04-19 03:22:51,093 - shotaowl - Liked: 1760869339965174139. Like #150.
2018-04-19 03:23:04,794 - shotaowl - Trying to follow: 3643532571
2018-04-19 03:23:05,585 - shotaowl - Followed: 3643532571 #46.
2018-04-19 03:24:18,436 - shotaowl - Trying to like media: 1760869277520701393
2018-04-19 03:24:19,220 - shotaowl - Liked: 1760869277520701393. Like #151.
2018-04-19 03:25:47,952 - shotaowl - Trying to like media: 1760869223071334661
2018-04-19 03:25:48,729 - shotaowl - Not liked: 400
2018-04-19 03:27:04,742 - shotaowl - Trying to unfollow #1: 
2018-04-19 03:27:04,745 - shotaowl - Getting user info : buttercup_mog
2018-04-19 03:27:11,176 - shotaowl - Trying to like media: 1760869216242062062
2018-04-19 03:27:12,435 - shotaowl - Liked: 1760869216242062062. Like #152.
2018-04-19 03:28:22,743 - shotaowl - Trying to follow: 222525878
2018-04-19 03:28:23,947 - shotaowl - Followed: 222525878 #47.
2018-04-19 03:28:43,511 - shotaowl - Trying to like media: 1760869137464675439
2018-04-19 03:28:46,862 - shotaowl - Liked: 1760869137464675439. Like #153.
2018-04-19 03:30:06,220 - shotaowl - Trying to like media: 1760869105379153538
2018-04-19 03:30:06,911 - shotaowl - Liked: 1760869105379153538. Like #154.
2018-04-19 03:31:41,815 - shotaowl - Trying to like media: 1760869053696918303
2018-04-19 03:31:47,100 - shotaowl - Liked: 1760869053696918303. Like #155.
2018-04-19 03:31:53,104 - shotaowl - Trying to unfollow #1: 
2018-04-19 03:31:53,106 - shotaowl - Getting user info : quarkyamanashi
2018-04-19 03:33:00,491 - shotaowl - Trying to follow: 3160678979
2018-04-19 03:33:02,575 - shotaowl - Followed: 3160678979 #48.
2018-04-19 03:33:11,467 - shotaowl - Trying to like media: 1760869037952130881
2018-04-19 03:33:23,437 - shotaowl - Trying to like media: 1760869039468909742
2018-04-19 03:33:46,459 - shotaowl - Trying to like media: 1760869013859383171
2018-04-19 03:34:09,474 - shotaowl - Trying to like media: 1760868972520423805
2018-04-19 03:34:22,748 - shotaowl - Liked: 1760868972520423805. Like #156.
2018-04-19 03:35:51,529 - shotaowl - Trying to like media: 1760868913245455747
2018-04-19 03:35:52,916 - shotaowl - Liked: 1760868913245455747. Like #157.
2018-04-19 03:36:26,544 - shotaowl - Trying to unfollow #1: 
2018-04-19 03:36:26,545 - shotaowl - Getting user info : realtornelson
2018-04-19 03:37:15,880 - shotaowl - Trying to like media: 1760868907641951016
2018-04-19 03:37:16,735 - shotaowl - Liked: 1760868907641951016. Like #158.
2018-04-19 03:38:23,909 - shotaowl - Trying to follow: 1480710374
2018-04-19 03:38:24,896 - shotaowl - Followed: 1480710374 #49.
2018-04-19 03:38:50,437 - shotaowl - Trying to like media: 1760868884405041543
2018-04-19 03:38:51,964 - shotaowl - Liked: 1760868884405041543. Like #159.
2018-04-19 03:40:14,872 - shotaowl - Trying to like media: 1760867590219114996
2018-04-19 03:40:15,843 - shotaowl - Liked: 1760867590219114996. Like #160.
2018-04-19 03:41:44,305 - shotaowl - Trying to unfollow #1: 
2018-04-19 03:41:44,307 - shotaowl - Getting user info : glorious.interior
2018-04-19 03:41:51,176 - shotaowl - Trying to like media: 1760868826592166381
2018-04-19 03:41:51,685 - shotaowl - Liked: 1760868826592166381. Like #161.
2018-04-19 03:43:13,979 - shotaowl - Trying to like media: 1760868812725279024
2018-04-19 03:43:14,787 - shotaowl - Liked: 1760868812725279024. Like #162.
2018-04-19 03:43:30,385 - shotaowl - Trying to follow: 1582151834
2018-04-19 03:43:31,715 - shotaowl - Followed: 1582151834 #50.
2018-04-19 03:44:42,759 - shotaowl - Trying to like media: 1760868767544759429
2018-04-19 03:44:43,698 - shotaowl - Liked: 1760868767544759429. Like #163.
2018-04-19 03:46:05,938 - shotaowl - Trying to like media: 1760868755205244208
2018-04-19 03:46:07,182 - shotaowl - Liked: 1760868755205244208. Like #164.
2018-04-19 03:46:31,778 - shotaowl - Trying to unfollow #1: 
2018-04-19 03:46:31,781 - shotaowl - Getting user info : lovelybacha809
2018-04-19 03:47:36,840 - shotaowl - Trying to like media: 1760868750413839714
2018-04-19 03:47:37,572 - shotaowl - Liked: 1760868750413839714. Like #165.
2018-04-19 03:47:59,034 - shotaowl - Trying to follow: 1146595784
2018-04-19 03:48:00,013 - shotaowl - Followed: 1146595784 #51.
2018-04-19 03:49:03,970 - shotaowl - Trying to like media: 1760868694629725568
2018-04-19 03:49:04,675 - shotaowl - Liked: 1760868694629725568. Like #166.
2018-04-19 03:50:39,156 - shotaowl - Trying to like media: 1760868684580001332
2018-04-19 03:50:40,529 - shotaowl - Liked: 1760868684580001332. Like #167.
2018-04-19 03:51:10,562 - shotaowl - Trying to unfollow #1: 
2018-04-19 03:51:10,564 - shotaowl - Getting user info : paranoid_merch
2018-04-19 03:52:09,169 - shotaowl - Trying to like media: 1760868656008738916
2018-04-19 03:52:10,025 - shotaowl - Liked: 1760868656008738916. Like #168.
2018-04-19 03:52:59,329 - shotaowl - Trying to follow: 5632347322
2018-04-19 03:53:00,482 - shotaowl - Followed: 5632347322 #52.
2018-04-19 03:53:43,172 - shotaowl - Trying to like media: 1760868647730689202
2018-04-19 03:53:44,400 - shotaowl - Liked: 1760868647730689202. Like #169.
2018-04-19 03:55:10,430 - shotaowl - Trying to like media: 1760868630758947857
2018-04-19 03:55:11,375 - shotaowl - Liked: 1760868630758947857. Like #170.
2018-04-19 03:55:59,993 - shotaowl - Trying to unfollow #1: 
2018-04-19 03:55:59,994 - shotaowl - Getting user info : stinejustesen
2018-04-19 03:56:45,380 - shotaowl - Trying to like media: 1760868511859052615
2018-04-19 03:56:46,305 - shotaowl - Liked: 1760868511859052615. Like #171.
2018-04-19 03:57:44,431 - shotaowl - Trying to follow: 6390182930
2018-04-19 03:57:45,646 - shotaowl - Followed: 6390182930 #53.
2018-04-19 03:58:11,036 - shotaowl - Trying to like media: 1760868509780246438
2018-04-19 03:58:11,672 - shotaowl - Liked: 1760868509780246438. Like #172.
2018-04-19 03:59:40,450 - shotaowl - Trying to like media: 1760868467449610242
2018-04-19 03:59:41,401 - shotaowl - Liked: 1760868467449610242. Like #173.
2018-04-19 04:01:00,791 - shotaowl - Trying to like media: 1760868391106596335
2018-04-19 04:01:02,395 - shotaowl - Liked: 1760868391106596335. Like #174.
2018-04-19 04:01:05,398 - shotaowl - Get media id by tag: газпромлаура
2018-04-19 04:01:08,014 - shotaowl - Removing already liked medias..
2018-04-19 04:01:23,048 - shotaowl - Trying to unfollow #1: 
2018-04-19 04:01:23,049 - shotaowl - Getting user info : raptor._.8600_memes
2018-04-19 04:02:30,647 - shotaowl - Trying to like media: 1760878011682247481
2018-04-19 04:02:33,832 - shotaowl - Liked: 1760878011682247481. Like #175.
2018-04-19 04:02:51,847 - shotaowl - Trying to follow: 266032732
2018-04-19 04:02:53,287 - shotaowl - Followed: 266032732 #54.
2018-04-19 04:03:55,739 - shotaowl - Trying to like media: 1760863425436026893
2018-04-19 04:03:56,391 - shotaowl - Liked: 1760863425436026893. Like #176.
2018-04-19 04:06:30,624 - shotaowl - Get media id by tag: совариум
2018-04-19 04:06:32,579 - shotaowl - Removing already liked medias..
2018-04-19 04:06:32,613 - shotaowl - Trying to like media: 1760819012537100527
2018-04-19 04:06:33,483 - shotaowl - Liked: 1760819012537100527. Like #177.
2018-04-19 04:06:42,493 - shotaowl - Trying to unfollow #1: 
2018-04-19 04:06:42,495 - shotaowl - Getting user info : dudina.pro
2018-04-19 04:07:41,324 - shotaowl - Keep calm - It's your own profile ;)
2018-04-19 04:07:44,326 - shotaowl - Keep calm - It's your own profile ;)
2018-04-19 04:07:47,330 - shotaowl - Keep calm - It's your own profile ;)
2018-04-19 04:07:50,334 - shotaowl - Keep calm - It's your own profile ;)
2018-04-19 04:07:53,338 - shotaowl - Keep calm - It's your own profile ;)
2018-04-19 04:07:56,341 - shotaowl - Keep calm - It's your own profile ;)
2018-04-19 04:07:59,344 - shotaowl - Keep calm - It's your own profile ;)
2018-04-19 04:08:02,348 - shotaowl - Keep calm - It's your own profile ;)
2018-04-19 04:08:05,352 - shotaowl - Trying to follow: 1983725610
2018-04-19 04:08:06,537 - shotaowl - Followed: 1983725610 #55.
2018-04-19 04:10:15,445 - shotaowl - Get media id by tag: совариум
2018-04-19 04:10:19,152 - shotaowl - Removing already liked medias..
2018-04-19 04:11:26,335 - shotaowl - Trying to unfollow #1: 
2018-04-19 04:11:26,337 - shotaowl - Getting user info : eat_like_repeat
2018-04-19 04:12:31,098 - shotaowl - Get media id by tag: газпромлаура
2018-04-19 04:12:34,377 - shotaowl - Removing already liked medias..
2018-04-19 04:13:14,005 - shotaowl - Trying to follow: 28061628
2018-04-19 04:13:15,509 - shotaowl - Followed: 28061628 #56.
2018-04-19 04:13:40,916 - shotaowl - Get media id by tag: sochi
2018-04-19 04:13:42,413 - shotaowl - Removing already liked medias..
2018-04-19 04:13:42,453 - shotaowl - Trying to like media: 1760905822299502636
2018-04-19 04:13:43,104 - shotaowl - Liked: 1760905822299502636. Like #178.
2018-04-19 04:15:05,416 - shotaowl - Trying to like media: 1760905434636252193
2018-04-19 04:15:06,464 - shotaowl - Liked: 1760905434636252193. Like #179.
2018-04-19 04:16:16,672 - shotaowl - Trying to unfollow #1: 
2018-04-19 04:16:16,674 - shotaowl - Getting user info : envym_waka
2018-04-19 04:16:32,147 - shotaowl - Trying to like media: 1760905388424130123
2018-04-19 04:16:33,128 - shotaowl - Liked: 1760905388424130123. Like #180.
2018-04-19 04:17:58,545 - shotaowl - Trying to like media: 1760905207255282685
2018-04-19 04:17:59,712 - shotaowl - Liked: 1760905207255282685. Like #181.
2018-04-19 04:18:36,149 - shotaowl - Trying to follow: 5693100232
2018-04-19 04:18:37,779 - shotaowl - Followed: 5693100232 #57.
2018-04-19 04:19:24,334 - shotaowl - Trying to like media: 1760904911288478044
2018-04-19 04:19:25,561 - shotaowl - Liked: 1760904911288478044. Like #182.
2018-04-19 04:21:00,447 - shotaowl - Trying to like media: 1760904776693822388
2018-04-19 04:21:01,951 - shotaowl - Liked: 1760904776693822388. Like #183.
2018-04-19 04:21:10,959 - shotaowl - Trying to unfollow #1: 
2018-04-19 04:21:10,960 - shotaowl - Getting user info : coding_made_eas
2018-04-19 04:22:36,563 - shotaowl - Trying to like media: 1760904588075746138
2018-04-19 04:22:38,718 - shotaowl - Liked: 1760904588075746138. Like #184.
2018-04-19 04:23:12,445 - shotaowl - Trying to follow: 3611041341
2018-04-19 04:23:22,921 - shotaowl - Followed: 3611041341 #58.
2018-04-19 04:24:07,351 - shotaowl - Trying to like media: 1760904021726951469
2018-04-19 04:24:08,446 - shotaowl - Liked: 1760904021726951469. Like #185.
2018-04-19 04:25:27,699 - shotaowl - Trying to like media: 1760903959600905783
2018-04-19 04:25:28,868 - shotaowl - Liked: 1760903959600905783. Like #186.
2018-04-19 04:25:55,894 - shotaowl - Trying to unfollow #1: 
2018-04-19 04:25:55,896 - shotaowl - Getting user info : shaunonitforever
2018-04-19 04:26:52,505 - shotaowl - Trying to like media: 1760903950414083620
2018-04-19 04:26:53,512 - shotaowl - Liked: 1760903950414083620. Like #187.
2018-04-19 04:28:15,778 - shotaowl - Trying to like media: 1760903941942676808
2018-04-19 04:28:16,819 - shotaowl - Liked: 1760903941942676808. Like #188.
2018-04-19 04:28:26,465 - shotaowl - Trying to follow: 6972321418
2018-04-19 04:28:28,679 - shotaowl - Followed: 6972321418 #59.
2018-04-19 04:29:48,969 - shotaowl - Trying to like media: 1760903843358764198
2018-04-19 04:29:49,969 - shotaowl - Liked: 1760903843358764198. Like #189.
2018-04-19 04:30:57,347 - shotaowl - Trying to unfollow #1: 
2018-04-19 04:30:57,348 - shotaowl - Getting user info : bigmonda
2018-04-19 04:31:10,954 - shotaowl - Trying to like media: 1760880780661021882
2018-04-19 04:31:11,952 - shotaowl - Liked: 1760880780661021882. Like #190.
2018-04-19 04:32:43,210 - shotaowl - Trying to like media: 1760903797893152619
2018-04-19 04:32:44,176 - shotaowl - Liked: 1760903797893152619. Like #191.
2018-04-19 04:33:24,311 - shotaowl - Already followed before 7127364180
2018-04-19 04:34:09,935 - shotaowl - Trying to like media: 1760903790158343566
2018-04-19 04:34:11,129 - shotaowl - Liked: 1760903790158343566. Like #192.
2018-04-19 04:35:33,997 - shotaowl - Trying to like media: 1760903725978129038
2018-04-19 04:35:35,054 - shotaowl - Liked: 1760903725978129038. Like #193.
2018-04-19 04:35:38,057 - shotaowl - Get media id by tag: фотографсочи
2018-04-19 04:35:42,142 - shotaowl - Removing already liked medias..
2018-04-19 04:35:42,182 - shotaowl - Trying to unfollow #1: 
2018-04-19 04:35:42,183 - shotaowl - Getting user info : tabbyj1996
2018-04-19 04:35:48,434 - shotaowl - Trying to follow: 1693458350
2018-04-19 04:35:49,757 - shotaowl - Followed: 1693458350 #60.
2018-04-19 04:36:58,423 - shotaowl - Trying to like media: 1760915137958270667
2018-04-19 04:36:59,370 - shotaowl - Liked: 1760915137958270667. Like #194.
2018-04-19 04:38:21,757 - shotaowl - Trying to like media: 1760912744578934380
2018-04-19 04:38:25,237 - shotaowl - Liked: 1760912744578934380. Like #195.
2018-04-19 04:39:56,705 - shotaowl - Trying to like media: 1760909017527541326
2018-04-19 04:39:57,614 - shotaowl - Liked: 1760909017527541326. Like #196.
2018-04-19 04:40:21,638 - shotaowl - Trying to unfollow #1: 
2018-04-19 04:40:21,639 - shotaowl - Getting user info : itshugosdiary
2018-04-19 04:40:34,867 - shotaowl - Trying to follow: 3037869575
2018-04-19 04:40:36,110 - shotaowl - Followed: 3037869575 #61.
2018-04-19 04:41:28,874 - shotaowl - Trying to like media: 1760907614609602988
2018-04-19 04:41:29,720 - shotaowl - Liked: 1760907614609602988. Like #197.
2018-04-19 04:42:52,539 - shotaowl - Trying to like media: 1760907434548667481
2018-04-19 04:42:53,481 - shotaowl - Liked: 1760907434548667481. Like #198.
2018-04-19 04:44:15,798 - shotaowl - Trying to like media: 1760907329086452931
2018-04-19 04:44:17,949 - shotaowl - Liked: 1760907329086452931. Like #199.
2018-04-19 04:45:09,653 - shotaowl - Trying to follow: 4402028970
2018-04-19 04:45:10,650 - shotaowl - Followed: 4402028970 #62.
2018-04-19 04:45:14,592 - shotaowl - Trying to unfollow #1: 
2018-04-19 04:45:14,594 - shotaowl - Getting user info : residuetrail
2018-04-19 04:45:48,529 - shotaowl - Trying to like media: 1760907169887520648
2018-04-19 04:45:49,381 - shotaowl - Liked: 1760907169887520648. Like #200.
2018-04-19 04:47:12,149 - shotaowl - Trying to like media: 1760907140703624334
2018-04-19 04:47:12,900 - shotaowl - Liked: 1760907140703624334. Like #201.
2018-04-19 04:48:44,736 - shotaowl - Trying to like media: 1760904986643200290
2018-04-19 04:48:46,074 - shotaowl - Liked: 1760904986643200290. Like #202.
2018-04-19 04:50:08,336 - shotaowl - Already followed before 1818229313
2018-04-19 04:50:14,343 - shotaowl - Trying to like media: 1760904867935987005
2018-04-19 04:50:15,282 - shotaowl - Liked: 1760904867935987005. Like #203.
2018-04-19 04:50:36,911 - shotaowl - Trying to unfollow #1: 
2018-04-19 04:50:36,913 - shotaowl - Getting user info : legacynationent
2018-04-19 04:51:48,104 - shotaowl - Trying to like media: 1760903606113356184
2018-04-19 04:51:48,861 - shotaowl - Liked: 1760903606113356184. Like #204.
2018-04-19 04:52:32,203 - shotaowl - Already followed before 7127364180
2018-04-19 04:53:14,887 - shotaowl - Trying to like media: 1760903597731990868
2018-04-19 04:53:16,046 - shotaowl - Liked: 1760903597731990868. Like #205.
2018-04-19 04:54:37,112 - shotaowl - Trying to like media: 1760903501363531963
2018-04-19 04:54:38,434 - shotaowl - Liked: 1760903501363531963. Like #206.
2018-04-19 04:54:47,443 - shotaowl - Already followed before 7127364180
2018-04-19 04:55:08,462 - shotaowl - Trying to unfollow #1: 
2018-04-19 04:55:08,463 - shotaowl - Getting user info : instagabriela91
2018-04-19 04:55:58,897 - shotaowl - Trying to like media: 1760903472817274727
2018-04-19 04:55:59,746 - shotaowl - Liked: 1760903472817274727. Like #207.
2018-04-19 04:57:12,933 - shotaowl - Already followed before 7127364180
2018-04-19 04:57:27,944 - shotaowl - Trying to like media: 1760903379015736646
2018-04-19 04:57:28,821 - shotaowl - Liked: 1760903379015736646. Like #208.
2018-04-19 04:58:51,788 - shotaowl - Trying to like media: 1760903272102946822
2018-04-19 04:58:53,060 - shotaowl - Liked: 1760903272102946822. Like #209.
2018-04-19 04:59:48,421 - shotaowl - Already followed before 7127364180
2018-04-19 05:00:16,099 - shotaowl - Trying to like media: 1760903152724628557
2018-04-19 05:00:17,044 - shotaowl - Liked: 1760903152724628557. Like #210.
2018-04-19 05:00:32,055 - shotaowl - Trying to unfollow #1: 
2018-04-19 05:00:32,057 - shotaowl - Getting user info : buttercup_mog
2018-04-19 05:01:43,148 - shotaowl - Trying to like media: 1760902001597920280
2018-04-19 05:01:43,944 - shotaowl - Liked: 1760902001597920280. Like #211.
2018-04-19 05:02:01,959 - shotaowl - Trying to follow: 4568943159
2018-04-19 05:02:03,063 - shotaowl - Followed: 4568943159 #63.
2018-04-19 05:03:10,990 - shotaowl - Trying to like media: 1760901067217751204
2018-04-19 05:03:11,514 - shotaowl - Liked: 1760901067217751204. Like #212.
2018-04-19 05:04:37,325 - shotaowl - Trying to like media: 1760899614352783072
2018-04-19 05:04:38,749 - shotaowl - Liked: 1760899614352783072. Like #213.
2018-04-19 05:06:04,110 - shotaowl - Trying to unfollow #1: 
2018-04-19 05:06:04,111 - shotaowl - Getting user info : madeirabonita
2018-04-19 05:06:11,174 - shotaowl - Trying to like media: 1760899495586311177
2018-04-19 05:06:12,545 - shotaowl - Liked: 1760899495586311177. Like #214.
2018-04-19 05:06:55,236 - shotaowl - Trying to follow: 18317890
2018-04-19 05:06:56,225 - shotaowl - Followed: 18317890 #64.
2018-04-19 05:07:36,985 - shotaowl - Trying to like media: 1760898605705858190
2018-04-19 05:07:37,743 - shotaowl - Liked: 1760898605705858190. Like #215.
2018-04-19 05:09:03,691 - shotaowl - Trying to like media: 1760896183814205846
2018-04-19 05:09:04,337 - shotaowl - Liked: 1760896183814205846. Like #216.
2018-04-19 05:10:41,556 - shotaowl - Trying to like media: 1760891926033577981
2018-04-19 05:10:42,932 - shotaowl - Liked: 1760891926033577981. Like #217.
2018-04-19 05:10:57,945 - shotaowl - Trying to unfollow #1: 
2018-04-19 05:10:57,947 - shotaowl - Getting user info : musicamundiial
2018-04-19 05:11:19,211 - shotaowl - Trying to follow: 2269434260
2018-04-19 05:11:20,138 - shotaowl - Followed: 2269434260 #65.
2018-04-19 05:12:06,057 - shotaowl - Trying to like media: 1760891402995599712
2018-04-19 05:12:07,269 - shotaowl - Liked: 1760891402995599712. Like #218.
2018-04-19 05:13:30,670 - shotaowl - Trying to like media: 1760890714541433734
2018-04-19 05:13:31,434 - shotaowl - Liked: 1760890714541433734. Like #219.
2018-04-19 05:14:53,819 - shotaowl - Trying to like media: 1760890578192952631
2018-04-19 05:14:58,062 - shotaowl - Liked: 1760890578192952631. Like #220.
2018-04-19 05:16:05,456 - shotaowl - Trying to unfollow #1: 
2018-04-19 05:16:05,458 - shotaowl - Getting user info : chamo_productions
2018-04-19 05:16:20,863 - shotaowl - Trying to like media: 1760888581385533536
2018-04-19 05:16:21,979 - shotaowl - Liked: 1760888581385533536. Like #221.
2018-04-19 05:16:21,979 - shotaowl - Trying to follow: 5419084403
2018-04-19 05:16:23,126 - shotaowl - Followed: 5419084403 #66.
2018-04-19 05:17:43,967 - shotaowl - Trying to like media: 1760886187520968476
2018-04-19 05:17:44,797 - shotaowl - Liked: 1760886187520968476. Like #222.
2018-04-19 05:19:16,651 - shotaowl - Trying to like media: 1760885556555151784
2018-04-19 05:19:18,140 - shotaowl - Liked: 1760885556555151784. Like #223.
2018-04-19 05:20:40,511 - shotaowl - Trying to like media: 1760885182129682114
2018-04-19 05:20:41,122 - shotaowl - Liked: 1760885182129682114. Like #224.
2018-04-19 05:21:20,158 - shotaowl - Trying to unfollow #1: 
2018-04-19 05:21:20,159 - shotaowl - Getting user info : linhh_14.11
2018-04-19 05:21:42,127 - shotaowl - Trying to follow: 7447181361
2018-04-19 05:21:43,239 - shotaowl - Followed: 7447181361 #67.
2018-04-19 05:22:02,969 - shotaowl - Trying to like media: 1760884743833153470
2018-04-19 05:22:03,716 - shotaowl - Liked: 1760884743833153470. Like #225.
2018-04-19 05:23:47,497 - shotaowl - Trying to like media: 1760883262866494110
2018-04-19 05:23:48,247 - shotaowl - Liked: 1760883262866494110. Like #226.
2018-04-19 05:25:25,888 - shotaowl - Trying to like media: 1760881467980005202
2018-04-19 05:25:26,996 - shotaowl - Liked: 1760881467980005202. Like #227.
2018-04-19 05:26:15,044 - shotaowl - Trying to unfollow #1: 
2018-04-19 05:26:15,045 - shotaowl - Getting user info : timur_ami_
2018-04-19 05:26:36,646 - shotaowl - Trying to follow: 4682761265
2018-04-19 05:26:37,587 - shotaowl - Followed: 4682761265 #68.
2018-04-19 05:26:59,677 - shotaowl - Trying to like media: 1760881041806806612
2018-04-19 05:27:00,797 - shotaowl - Liked: 1760881041806806612. Like #228.
2018-04-19 05:28:31,421 - shotaowl - Trying to like media: 1760876004882497113
2018-04-19 05:28:32,878 - shotaowl - Liked: 1760876004882497113. Like #229.
2018-04-19 05:30:01,362 - shotaowl - Trying to like media: 1760873204698950865
2018-04-19 05:30:06,862 - shotaowl - Liked: 1760873204698950865. Like #230.
2018-04-19 05:30:58,998 - shotaowl - Trying to unfollow #1: 
2018-04-19 05:30:59,000 - shotaowl - Getting user info : iceejubi
2018-04-19 05:31:24,022 - shotaowl - Trying to follow: 4258870156
2018-04-19 05:31:25,045 - shotaowl - Followed: 4258870156 #69.
2018-04-19 05:31:38,123 - shotaowl - Trying to like media: 1760864273808229295
2018-04-19 05:31:39,015 - shotaowl - Liked: 1760864273808229295. Like #231.
2018-04-19 05:33:04,908 - shotaowl - Trying to like media: 1760862067923335662
2018-04-19 05:33:05,748 - shotaowl - Liked: 1760862067923335662. Like #232.
2018-04-19 05:34:28,089 - shotaowl - Trying to like media: 1760860100735537385
2018-04-19 05:34:29,265 - shotaowl - Liked: 1760860100735537385. Like #233.
2018-04-19 05:35:58,326 - shotaowl - Trying to unfollow #1: 
2018-04-19 05:35:58,327 - shotaowl - Getting user info : h.r.m.0204
2018-04-19 05:36:04,743 - shotaowl - Trying to like media: 1760859962055088427
2018-04-19 05:36:06,102 - shotaowl - Liked: 1760859962055088427. Like #234.
2018-04-19 05:36:15,788 - shotaowl - Trying to follow: 3630923874
2018-04-19 05:36:16,894 - shotaowl - Followed: 3630923874 #70.
2018-04-19 05:37:37,352 - shotaowl - Trying to like media: 1760859495623358275
2018-04-19 05:37:38,215 - shotaowl - Liked: 1760859495623358275. Like #235.
2018-04-19 05:39:04,126 - shotaowl - Trying to like media: 1760859436099155156
2018-04-19 05:39:05,782 - shotaowl - Liked: 1760859436099155156. Like #236.
2018-04-19 05:40:31,071 - shotaowl - Trying to like media: 1760859411940054332
2018-04-19 05:40:31,941 - shotaowl - Liked: 1760859411940054332. Like #237.
2018-04-19 05:41:05,607 - shotaowl - Trying to unfollow #1: 
2018-04-19 05:41:05,609 - shotaowl - Getting user info : itz_wezzy94_sko
2018-04-19 05:41:19,237 - shotaowl - Trying to follow: 2076694715
2018-04-19 05:41:20,244 - shotaowl - Followed: 2076694715 #71.
2018-04-19 05:41:51,910 - shotaowl - Trying to like media: 1760859298063287069
2018-04-19 05:41:52,749 - shotaowl - Liked: 1760859298063287069. Like #238.
2018-04-19 05:41:55,752 - shotaowl - Get media id by tag: sochi
2018-04-19 05:41:57,585 - shotaowl - Removing already liked medias..
2018-04-19 05:43:23,032 - shotaowl - Trying to like media: 1760947322606144867
2018-04-19 05:43:25,720 - shotaowl - Liked: 1760947322606144867. Like #239.
2018-04-19 05:45:00,152 - shotaowl - Trying to like media: 1760950324702774837
2018-04-19 05:45:01,911 - shotaowl - Liked: 1760950324702774837. Like #240.
2018-04-19 05:46:27,098 - shotaowl - Trying to like media: 1760949209177026106
2018-04-19 05:46:28,173 - shotaowl - Liked: 1760949209177026106. Like #241.
2018-04-19 05:46:28,174 - shotaowl - Trying to unfollow #1: 
2018-04-19 05:46:28,175 - shotaowl - Getting user info : blake_old_team
2018-04-19 05:46:38,703 - shotaowl - Trying to follow: 4109004530
2018-04-19 05:46:39,937 - shotaowl - Followed: 4109004530 #72.
2018-04-19 05:47:57,348 - shotaowl - Trying to like media: 1760949912437344272
2018-04-19 05:47:58,565 - shotaowl - Liked: 1760949912437344272. Like #242.
2018-04-19 05:49:33,593 - shotaowl - Trying to like media: 1760949897925183743
2018-04-19 05:49:38,059 - shotaowl - Liked: 1760949897925183743. Like #243.
2018-04-19 05:50:57,348 - shotaowl - Trying to like media: 1760949687966717750
2018-04-19 05:50:58,562 - shotaowl - Liked: 1760949687966717750. Like #244.
2018-04-19 05:51:08,049 - shotaowl - Trying to unfollow #1: 
2018-04-19 05:51:08,051 - shotaowl - Getting user info : cathysunshine
2018-04-19 05:51:45,699 - shotaowl - Trying to follow: 458513645
2018-04-19 05:51:46,888 - shotaowl - Followed: 458513645 #73.
2018-04-19 05:52:21,698 - shotaowl - Trying to like media: 1760949558923351052
2018-04-19 05:52:22,600 - shotaowl - Liked: 1760949558923351052. Like #245.
2018-04-19 05:53:48,399 - shotaowl - Trying to like media: 1760949528297963612
2018-04-19 05:53:49,376 - shotaowl - Liked: 1760949528297963612. Like #246.
2018-04-19 05:55:23,689 - shotaowl - Trying to like media: 1760949416310467911
2018-04-19 05:55:25,062 - shotaowl - Liked: 1760949416310467911. Like #247.
2018-04-19 05:55:34,072 - shotaowl - Trying to unfollow #1: 
2018-04-19 05:55:34,074 - shotaowl - Getting user info : mc.k_rter21
2018-04-19 05:56:26,628 - shotaowl - Trying to follow: 5873249874
2018-04-19 05:56:28,536 - shotaowl - Followed: 5873249874 #74.
2018-04-19 05:56:59,445 - shotaowl - Trying to like media: 1760949048872600590
2018-04-19 05:57:00,361 - shotaowl - Liked: 1760949048872600590. Like #248.
2018-04-19 05:58:20,496 - shotaowl - Trying to like media: 1760949301142224961
2018-04-19 05:58:21,547 - shotaowl - Liked: 1760949301142224961. Like #249.
2018-04-19 05:59:49,986 - shotaowl - Trying to like media: 1760884483105522351
2018-04-19 05:59:51,140 - shotaowl - Liked: 1760884483105522351. Like #250.
2018-04-19 06:00:27,177 - shotaowl - Trying to unfollow #1: 
2018-04-19 06:00:27,178 - shotaowl - Getting user info : asmrvjdeo
2018-04-19 06:01:19,527 - shotaowl - Trying to like media: 1760948741891029012
2018-04-19 06:01:20,686 - shotaowl - Liked: 1760948741891029012. Like #251.
2018-04-19 06:01:20,687 - shotaowl - Trying to follow: 7497318339
2018-04-19 06:01:21,636 - shotaowl - Followed: 7497318339 #75.
2018-04-19 06:02:42,554 - shotaowl - Trying to like media: 1760948615257015441
2018-04-19 06:02:43,796 - shotaowl - Liked: 1760948615257015441. Like #252.
2018-04-19 06:04:18,822 - shotaowl - Trying to like media: 1760948277623403322
2018-04-19 06:04:20,273 - shotaowl - Liked: 1760948277623403322. Like #253.
2018-04-19 06:05:30,011 - shotaowl - Trying to unfollow #1: 
2018-04-19 06:05:30,012 - shotaowl - Getting user info : mrsmakeup_22
2018-04-19 06:05:54,270 - shotaowl - Trying to like media: 1760947775271828027
2018-04-19 06:05:55,696 - shotaowl - Liked: 1760947775271828027. Like #254.
2018-04-19 06:06:16,717 - shotaowl - Trying to follow: 1521050603
2018-04-19 06:06:17,615 - shotaowl - Followed: 1521050603 #76.
2018-04-19 06:07:26,347 - shotaowl - Trying to like media: 1760947553039400319
2018-04-19 06:07:27,284 - shotaowl - Liked: 1760947553039400319. Like #255.
2018-04-19 06:09:00,973 - shotaowl - Trying to like media: 1760947161058373666
2018-04-19 06:09:07,403 - shotaowl - Liked: 1760947161058373666. Like #256.
2018-04-19 06:10:08,083 - shotaowl - Trying to unfollow #1: 
2018-04-19 06:10:08,084 - shotaowl - Getting user info : keram.kamlak
2018-04-19 06:10:27,177 - shotaowl - Trying to like media: 1760946950133367916
2018-04-19 06:10:27,882 - shotaowl - Liked: 1760946950133367916. Like #257.
2018-04-19 06:10:49,538 - shotaowl - Trying to follow: 586365062
2018-04-19 06:10:50,494 - shotaowl - Followed: 586365062 #77.
2018-04-19 06:11:49,754 - shotaowl - Trying to like media: 1760946905196905775
2018-04-19 06:11:50,623 - shotaowl - Liked: 1760946905196905775. Like #258.
2018-04-19 06:13:18,911 - shotaowl - Trying to like media: 1760946899843808776
2018-04-19 06:13:19,871 - shotaowl - Liked: 1760946899843808776. Like #259.
2018-04-19 06:14:45,618 - shotaowl - Trying to unfollow #1: 
2018-04-19 06:14:45,619 - shotaowl - Getting user info : beatmakerpromo
2018-04-19 06:14:52,409 - shotaowl - Trying to like media: 1760946844547186551
2018-04-19 06:14:53,088 - shotaowl - Liked: 1760946844547186551. Like #260.
2018-04-19 06:15:20,713 - shotaowl - Trying to follow: 551013458
2018-04-19 06:15:21,381 - shotaowl - Followed: 551013458 #78.
2018-04-19 06:16:28,734 - shotaowl - Trying to like media: 1760946685742566371
2018-04-19 06:16:29,765 - shotaowl - Liked: 1760946685742566371. Like #261.
2018-04-19 06:17:49,546 - shotaowl - Trying to like media: 1760946652087859252
2018-04-19 06:17:50,856 - shotaowl - Liked: 1760946652087859252. Like #262.
2018-04-19 06:19:19,241 - shotaowl - Trying to like media: 1760946158124293479
2018-04-19 06:19:20,179 - shotaowl - Liked: 1760946158124293479. Like #263.
2018-04-19 06:19:38,197 - shotaowl - Trying to unfollow #1: 
2018-04-19 06:19:38,198 - shotaowl - Getting user info : classic.and.new.hits
2018-04-19 06:19:50,035 - shotaowl - Trying to follow: 4634309951
2018-04-19 06:19:51,256 - shotaowl - Followed: 4634309951 #79.
2018-04-19 06:20:42,072 - shotaowl - Trying to like media: 1760946128781361231
2018-04-19 06:20:42,834 - shotaowl - Liked: 1760946128781361231. Like #264.
2018-04-19 06:22:05,322 - shotaowl - Trying to like media: 1760945674655826447
2018-04-19 06:22:06,109 - shotaowl - Liked: 1760945674655826447. Like #265.
2018-04-19 06:23:40,276 - shotaowl - Trying to like media: 1760945757281629612
2018-04-19 06:23:41,793 - shotaowl - Liked: 1760945757281629612. Like #266.
2018-04-19 06:24:18,456 - shotaowl - Trying to follow: 4802790300
2018-04-19 06:24:19,810 - shotaowl - Followed: 4802790300 #80.
2018-04-19 06:24:20,669 - shotaowl - Trying to unfollow #1: 
2018-04-19 06:24:20,670 - shotaowl - Getting user info : tylers_blurry.face
2018-04-19 06:25:10,238 - shotaowl - Trying to like media: 1760945257094575353
2018-04-19 06:25:10,823 - shotaowl - Liked: 1760945257094575353. Like #267.
2018-04-19 06:26:42,877 - shotaowl - Trying to like media: 1760945196756229156
2018-04-19 06:26:43,875 - shotaowl - Liked: 1760945196756229156. Like #268.
2018-04-19 06:28:12,871 - shotaowl - Trying to like media: 1760945110402635098
2018-04-19 06:28:14,333 - shotaowl - Liked: 1760945110402635098. Like #269.
2018-04-19 06:28:59,893 - shotaowl - Trying to follow: 1233978680
2018-04-19 06:29:01,056 - shotaowl - Followed: 1233978680 #81.
2018-04-19 06:29:19,198 - shotaowl - Trying to unfollow #1: 
2018-04-19 06:29:19,200 - shotaowl - Getting user info : sasha_kuzmina1983
2018-04-19 06:29:43,463 - shotaowl - Trying to like media: 1760945050398830922
2018-04-19 06:29:44,103 - shotaowl - Liked: 1760945050398830922. Like #270.
2018-04-19 06:29:47,107 - shotaowl - Get media id by tag: фотографсочи
2018-04-19 06:29:50,214 - shotaowl - Removing already liked medias..
2018-04-19 06:31:06,287 - shotaowl - Trying to like media: 1760974833616071495
2018-04-19 06:31:07,573 - shotaowl - Liked: 1760974833616071495. Like #271.
2018-04-19 06:32:29,306 - shotaowl - Trying to like media: 1760974216045581535
2018-04-19 06:32:30,723 - shotaowl - Liked: 1760974216045581535. Like #272.
2018-04-19 06:33:40,953 - shotaowl - Trying to follow: 420204807
2018-04-19 06:33:42,240 - shotaowl - Followed: 420204807 #82.
2018-04-19 06:33:58,238 - shotaowl - Trying to like media: 1760973988773090162
2018-04-19 06:33:59,837 - shotaowl - Liked: 1760973988773090162. Like #273.
2018-04-19 06:33:59,837 - shotaowl - Trying to unfollow #1: 
2018-04-19 06:33:59,840 - shotaowl - Getting user info : h.eli_um
2018-04-19 06:35:23,324 - shotaowl - Trying to like media: 1760972777341800764
2018-04-19 06:35:24,170 - shotaowl - Liked: 1760972777341800764. Like #274.
2018-04-19 06:36:58,997 - shotaowl - Trying to like media: 1760972394174310280
2018-04-19 06:37:00,663 - shotaowl - Liked: 1760972394174310280. Like #275.
2018-04-19 06:38:26,037 - shotaowl - Trying to like media: 1760972347433984293
2018-04-19 06:38:28,108 - shotaowl - Liked: 1760972347433984293. Like #276.
2018-04-19 06:38:37,742 - shotaowl - Trying to follow: 1458241608
2018-04-19 06:38:39,389 - shotaowl - Followed: 1458241608 #83.
2018-04-19 06:38:49,231 - shotaowl - Trying to unfollow #1: 
2018-04-19 06:38:49,233 - shotaowl - Getting user info : sartoriugirlslatina
2018-04-19 06:39:56,797 - shotaowl - Trying to like media: 1760971569020493780
2018-04-19 06:39:57,927 - shotaowl - Liked: 1760971569020493780. Like #277.
2018-04-19 06:41:26,996 - shotaowl - Trying to like media: 1760971495813940875
2018-04-19 06:41:28,223 - shotaowl - Liked: 1760971495813940875. Like #278.
2018-04-19 06:42:56,035 - shotaowl - Trying to like media: 1760971397777000514
2018-04-19 06:42:58,439 - shotaowl - Liked: 1760971397777000514. Like #279.
2018-04-19 06:43:16,456 - shotaowl - Already followed before 4402028970
2018-04-19 06:44:04,913 - shotaowl - Trying to unfollow #1: 
2018-04-19 06:44:04,915 - shotaowl - Getting user info : tinaafranc90
2018-04-19 06:44:29,846 - shotaowl - Trying to like media: 1760970056840702013
2018-04-19 06:44:30,656 - shotaowl - Liked: 1760970056840702013. Like #280.
2018-04-19 06:45:44,602 - shotaowl - Trying to follow: 7528578249
2018-04-19 06:45:45,817 - shotaowl - Followed: 7528578249 #84.
2018-04-19 06:46:04,785 - shotaowl - Trying to like media: 1760970032631530401
2018-04-19 06:46:06,638 - shotaowl - Liked: 1760970032631530401. Like #281.
2018-04-19 06:47:35,627 - shotaowl - Trying to like media: 1760969844347527844
2018-04-19 06:47:36,471 - shotaowl - Liked: 1760969844347527844. Like #282.
2018-04-19 06:48:58,205 - shotaowl - Trying to unfollow #1: 
2018-04-19 06:48:58,207 - shotaowl - Getting user info : beezeecode
2018-04-19 06:49:05,184 - shotaowl - Trying to like media: 1760968444750158675
2018-04-19 06:49:05,931 - shotaowl - Liked: 1760968444750158675. Like #283.
2018-04-19 06:50:40,344 - shotaowl - Trying to like media: 1760965068999491488
2018-04-19 06:50:41,194 - shotaowl - Liked: 1760965068999491488. Like #284.
2018-04-19 06:50:41,195 - shotaowl - Trying to follow: 6380220995
2018-04-19 06:50:42,704 - shotaowl - Followed: 6380220995 #85.
2018-04-19 06:52:08,165 - shotaowl - Trying to like media: 1760964628874953940
2018-04-19 06:52:09,050 - shotaowl - Liked: 1760964628874953940. Like #285.
2018-04-19 06:53:29,068 - shotaowl - Trying to like media: 1760963899359139886
2018-04-19 06:53:30,736 - shotaowl - Liked: 1760963899359139886. Like #286.
2018-04-19 06:54:00,766 - shotaowl - Trying to unfollow #1: 
2018-04-19 06:54:00,768 - shotaowl - Getting user info : noelinedenique
2018-04-19 06:54:55,921 - shotaowl - Trying to like media: 1760963300110479871
2018-04-19 06:54:57,393 - shotaowl - Liked: 1760963300110479871. Like #287.
2018-04-19 06:55:15,411 - shotaowl - Trying to follow: 494583746
2018-04-19 06:55:16,557 - shotaowl - Followed: 494583746 #86.
2018-04-19 06:56:24,969 - shotaowl - Trying to like media: 1760962780905936819
2018-04-19 06:56:26,085 - shotaowl - Liked: 1760962780905936819. Like #288.
2018-04-19 06:57:55,275 - shotaowl - Trying to like media: 1760961169538355049
2018-04-19 06:57:56,601 - shotaowl - Liked: 1760961169538355049. Like #289.
2018-04-19 06:59:15,904 - shotaowl - Trying to like media: 1760959413265796709
2018-04-19 06:59:16,563 - shotaowl - Liked: 1760959413265796709. Like #290.
2018-04-19 06:59:16,563 - shotaowl - Trying to unfollow #1: 
2018-04-19 06:59:16,564 - shotaowl - Getting user info : ramaderanau
2018-04-19 07:00:28,236 - shotaowl - Already followed before 4402028970
2018-04-19 07:00:43,253 - shotaowl - Trying to like media: 1760958215322131505
2018-04-19 07:00:44,078 - shotaowl - Liked: 1760958215322131505. Like #291.
2018-04-19 07:02:07,060 - shotaowl - Trying to like media: 1760957836475847754
2018-04-19 07:02:08,592 - shotaowl - Liked: 1760957836475847754. Like #292.
2018-04-19 07:02:51,280 - shotaowl - Trying to follow: 7271980963
2018-04-19 07:02:52,525 - shotaowl - Followed: 7271980963 #87.
2018-04-19 07:03:39,187 - shotaowl - Trying to like media: 1760957599204003286
2018-04-19 07:03:40,143 - shotaowl - Liked: 1760957599204003286. Like #293.
2018-04-19 07:04:32,562 - shotaowl - Trying to unfollow #1: 
2018-04-19 07:04:32,564 - shotaowl - Getting user info : dj_tahak
2018-04-19 07:05:05,816 - shotaowl - Trying to like media: 1760957263257237636
2018-04-19 07:05:07,032 - shotaowl - Liked: 1760957263257237636. Like #294.
2018-04-19 07:06:41,596 - shotaowl - Trying to like media: 1760956819498591743
2018-04-19 07:06:42,257 - shotaowl - Liked: 1760956819498591743. Like #295.
2018-04-19 07:07:30,886 - shotaowl - Trying to follow: 4141675844
2018-04-19 07:07:32,572 - shotaowl - Followed: 4141675844 #88.
2018-04-19 07:08:13,823 - shotaowl - Trying to like media: 1760955148715647163
2018-04-19 07:08:14,688 - shotaowl - Liked: 1760955148715647163. Like #296.
2018-04-19 07:08:17,689 - shotaowl - Get media id by tag: sovarium
2018-04-19 07:08:19,341 - shotaowl - Removing already liked medias..
2018-04-19 07:09:35,676 - shotaowl - Trying to unfollow #1: 
2018-04-19 07:09:35,677 - shotaowl - Getting user info : coldie_shyy
2018-04-19 07:11:38,728 - shotaowl - Keep calm - It's your own media ;)
2018-04-19 07:12:20,763 - shotaowl - Keep calm - It's your own media ;)
2018-04-19 07:12:23,764 - shotaowl - Keep calm - It's your own media ;)
2018-04-19 07:12:26,768 - shotaowl - Get media id by tag: сочи
2018-04-19 07:12:30,469 - shotaowl - Removing already liked medias..
2018-04-19 07:12:30,522 - shotaowl - Trying to like media: 1760996317620634503
2018-04-19 07:12:31,506 - shotaowl - Liked: 1760996317620634503. Like #297.
2018-04-19 07:12:49,524 - shotaowl - Trying to follow: 3304859866
2018-04-19 07:12:50,731 - shotaowl - Followed: 3304859866 #89.
2018-04-19 07:13:58,600 - shotaowl - Trying to like media: 1760996303595585893
2018-04-19 07:13:59,751 - shotaowl - Liked: 1760996303595585893. Like #298.
2018-04-19 07:14:51,857 - shotaowl - Trying to unfollow #1: 
2018-04-19 07:14:51,859 - shotaowl - Getting user info : kotomi_10035103
2018-04-19 07:15:29,205 - shotaowl - Trying to like media: 1760996294091231142
2018-04-19 07:15:30,822 - shotaowl - Liked: 1760996294091231142. Like #299.
2018-04-19 07:16:50,780 - shotaowl - Trying to like media: 1760996236789169012
2018-04-19 07:16:51,801 - shotaowl - Liked: 1760996236789169012. Like #300.
2018-04-19 07:17:59,205 - shotaowl - Trying to follow: 2051493349
2018-04-19 07:18:00,957 - shotaowl - Followed: 2051493349 #90.
2018-04-19 07:18:25,762 - shotaowl - Trying to like media: 1760996218249302473
2018-04-19 07:18:26,612 - shotaowl - Liked: 1760996218249302473. Like #301.
2018-04-19 07:19:19,046 - shotaowl - Trying to unfollow #1: 
2018-04-19 07:19:19,047 - shotaowl - Getting user info : starlight396
2018-04-19 07:19:50,203 - shotaowl - Trying to like media: 1760996210153695404
2018-04-19 07:19:51,454 - shotaowl - Liked: 1760996210153695404. Like #302.
2018-04-19 07:21:16,489 - shotaowl - Trying to like media: 1760996165611319834
2018-04-19 07:21:17,591 - shotaowl - Liked: 1760996165611319834. Like #303.
2018-04-19 07:22:48,644 - shotaowl - Trying to like media: 1760996166482289652
2018-04-19 07:22:50,212 - shotaowl - Liked: 1760996166482289652. Like #304.
2018-04-19 07:22:56,898 - shotaowl - Trying to follow: 2283404198
2018-04-19 07:22:58,190 - shotaowl - Followed: 2283404198 #91.
2018-04-19 07:24:21,299 - shotaowl - Trying to like media: 1760996139714319036
2018-04-19 07:24:22,209 - shotaowl - Liked: 1760996139714319036. Like #305.
2018-04-19 07:24:25,213 - shotaowl - Trying to unfollow #1: 
2018-04-19 07:24:25,218 - shotaowl - Getting user info : planwithdebbie
2018-04-19 07:25:52,165 - shotaowl - Trying to like media: 1760995942498158682
2018-04-19 07:25:53,024 - shotaowl - Liked: 1760995942498158682. Like #306.
2018-04-19 07:27:21,534 - shotaowl - Trying to like media: 1760995935602811738
2018-04-19 07:27:23,172 - shotaowl - Liked: 1760995935602811738. Like #307.
2018-04-19 07:27:29,179 - shotaowl - Trying to follow: 1943385056
2018-04-19 07:27:30,094 - shotaowl - Followed: 1943385056 #92.
2018-04-19 07:28:49,527 - shotaowl - Trying to like media: 1760995893376443315
2018-04-19 07:28:50,702 - shotaowl - Liked: 1760995893376443315. Like #308.
2018-04-19 07:29:30,245 - shotaowl - Trying to unfollow #1: 
2018-04-19 07:29:30,246 - shotaowl - Getting user info : skryptoninc
2018-04-19 07:30:17,259 - shotaowl - Trying to like media: 1760995872646330164
2018-04-19 07:30:18,462 - shotaowl - Liked: 1760995872646330164. Like #309.
2018-04-19 07:31:47,026 - shotaowl - Trying to like media: 1760995789322298338
2018-04-19 07:31:47,876 - shotaowl - Liked: 1760995789322298338. Like #310.
2018-04-19 07:32:33,572 - shotaowl - Trying to follow: 7006812602
2018-04-19 07:32:35,221 - shotaowl - Followed: 7006812602 #93.
2018-04-19 07:33:12,908 - shotaowl - Trying to like media: 1760995769173981630
2018-04-19 07:33:13,845 - shotaowl - Liked: 1760995769173981630. Like #311.
2018-04-19 07:34:36,832 - shotaowl - Trying to like media: 1760995730148837909
2018-04-19 07:34:38,815 - shotaowl - Liked: 1760995730148837909. Like #312.
2018-04-19 07:34:41,819 - shotaowl - Trying to unfollow #1: 
2018-04-19 07:34:41,821 - shotaowl - Getting user info : ___yocchi
2018-04-19 07:36:14,530 - shotaowl - Trying to like media: 1760995718908129784
2018-04-19 07:36:15,499 - shotaowl - Liked: 1760995718908129784. Like #313.
2018-04-19 07:37:16,015 - shotaowl - Trying to follow: 3855346115
2018-04-19 07:37:17,788 - shotaowl - Followed: 3855346115 #94.
2018-04-19 07:37:51,820 - shotaowl - Trying to like media: 1760995720956911118
2018-04-19 07:37:52,998 - shotaowl - Liked: 1760995720956911118. Like #314.
2018-04-19 07:39:18,892 - shotaowl - Trying to like media: 1760995522765685946
2018-04-19 07:39:19,674 - shotaowl - Liked: 1760995522765685946. Like #315.
2018-04-19 07:40:02,408 - shotaowl - Trying to unfollow #1: 
2018-04-19 07:40:02,410 - shotaowl - Getting user info : _____m_iii
2018-04-19 07:40:43,902 - shotaowl - Trying to like media: 1760995507137762864
2018-04-19 07:40:44,870 - shotaowl - Liked: 1760995507137762864. Like #316.
2018-04-19 07:41:40,338 - shotaowl - Trying to follow: 6787042134
2018-04-19 07:41:42,335 - shotaowl - Followed: 6787042134 #95.
2018-04-19 07:42:10,935 - shotaowl - Trying to like media: 1760995468702116248
2018-04-19 07:42:11,180 - shotaowl - Not liked: 400
2018-04-19 07:43:43,028 - shotaowl - Trying to like media: 1760995452772539195
2018-04-19 07:43:43,935 - shotaowl - Liked: 1760995452772539195. Like #317.
2018-04-19 07:44:51,203 - shotaowl - Trying to unfollow #1: 
2018-04-19 07:44:51,206 - shotaowl - Getting user info : tomy_327
2018-04-19 07:45:16,091 - shotaowl - Trying to like media: 1760995323293164572
2018-04-19 07:45:17,274 - shotaowl - Liked: 1760995323293164572. Like #318.
2018-04-19 07:46:27,642 - shotaowl - Already followed before 1943385056
2018-04-19 07:46:39,654 - shotaowl - Trying to like media: 1760995306081474752
2018-04-19 07:46:41,614 - shotaowl - Liked: 1760995306081474752. Like #319.
2018-04-19 07:48:07,733 - shotaowl - Trying to like media: 1760995298034851607
2018-04-19 07:48:11,158 - shotaowl - Liked: 1760995298034851607. Like #320.
2018-04-19 07:48:45,251 - shotaowl - Trying to unfollow: 1986608388
2018-04-19 07:48:46,169 - shotaowl - Unfollow: 1986608388 #1 of 95.
2018-04-19 07:48:46,169 - shotaowl - Pausing for 27 seconds... 1 of 95
