2018-04-15 00:42:20,245 - haw2k - Instabot v1.2.0 started at 15.04.2018 00:42:

2018-04-15 00:42:20,246 - haw2k - Trying to login as haw2k...

2018-04-15 00:42:27,105 - haw2k - haw2k login success!
2018-04-15 00:42:27,106 - haw2k - Get media id by tag: code
2018-04-15 00:42:28,626 - haw2k - Removing already liked medias..
2018-04-15 00:42:28,644 - haw2k - Trying to like media: 1757900220963161328
2018-04-15 00:42:29,438 - haw2k - Liked: 1757900220963161328. Like #1.
2018-04-15 00:42:29,439 - haw2k - Trying to follow: 4049218923
2018-04-15 00:42:30,352 - haw2k - Followed: 4049218923 #1.
2018-04-15 00:42:31,128 - haw2k - Trying to unfollow #1: 
2018-04-15 00:42:31,128 - haw2k - Getting user info : music_6_6_6_
2018-04-15 00:43:56,461 - haw2k - Trying to like media: 1757900057570317893
2018-04-15 00:43:57,166 - haw2k - Liked: 1757900057570317893. Like #2.
2018-04-15 00:45:15,666 - haw2k - Trying to like media: 1757900019335099190
2018-04-15 00:45:16,604 - haw2k - Liked: 1757900019335099190. Like #3.
2018-04-15 00:46:44,957 - haw2k - Trying to like media: 1757899959910051736
2018-04-15 00:46:45,533 - haw2k - Liked: 1757899959910051736. Like #4.
2018-04-15 00:47:28,460 - haw2k - Trying to unfollow #1: 
2018-04-15 00:47:28,462 - haw2k - Getting user info : tekknomaedchen
2018-04-15 00:47:41,102 - haw2k - Already followed before 6179470263
2018-04-15 00:48:17,560 - haw2k - Keep calm - It's already liked ;)
2018-04-15 00:48:20,565 - haw2k - Keep calm - It's already liked ;)
2018-04-15 00:48:23,570 - haw2k - Trying to like media: 1757898887065779894
2018-04-15 00:48:24,235 - haw2k - Liked: 1757898887065779894. Like #5.
2018-04-15 00:49:46,234 - haw2k - Trying to like media: 1757899459453545081
2018-04-15 00:49:46,802 - haw2k - Liked: 1757899459453545081. Like #6.
2018-04-15 00:50:16,825 - haw2k - Trying to follow: 5845723567
2018-04-15 00:50:18,269 - haw2k - Followed: 5845723567 #2.
2018-04-15 00:51:19,465 - haw2k - Keep calm - It's already liked ;)
2018-04-15 00:51:22,470 - haw2k - Keep calm - It's already liked ;)
2018-04-15 00:51:25,474 - haw2k - Trying to like media: 1757899407090935087
2018-04-15 00:51:26,180 - haw2k - Liked: 1757899407090935087. Like #7.
2018-04-15 00:52:45,049 - haw2k - Trying to unfollow #1: 
2018-04-15 00:52:45,049 - haw2k - Getting user info : mxrie_anna
2018-04-15 00:52:51,794 - haw2k - Trying to like media: 1757899307452556034
2018-04-15 00:52:52,353 - haw2k - Liked: 1757899307452556034. Like #8.
2018-04-15 00:54:11,709 - haw2k - Keep calm - It's already liked ;)
2018-04-15 00:54:14,710 - haw2k - Trying to like media: 1757899202603405369
2018-04-15 00:54:15,352 - haw2k - Liked: 1757899202603405369. Like #9.
2018-04-15 00:55:19,307 - haw2k - Trying to follow: 369451513
2018-04-15 00:55:20,667 - haw2k - Followed: 369451513 #3.
2018-04-15 00:55:40,006 - haw2k - Keep calm - It's already liked ;)
2018-04-15 00:55:43,010 - haw2k - Trying to like media: 1757899112608483730
2018-04-15 00:55:43,584 - haw2k - Liked: 1757899112608483730. Like #10.
2018-04-15 00:57:08,574 - haw2k - Keep calm - It's already liked ;)
2018-04-15 00:57:11,578 - haw2k - Trying to like media: 1757899029477555101
2018-04-15 00:57:12,166 - haw2k - Liked: 1757899029477555101. Like #11.
2018-04-15 00:57:18,592 - haw2k - Trying to unfollow #1: 
2018-04-15 00:57:18,594 - haw2k - Getting user info : animus_vox_the_savannah
2018-04-15 00:58:31,362 - haw2k - Keep calm - It's already liked ;)
2018-04-15 00:58:34,366 - haw2k - Trying to like media: 1757898801686686450
2018-04-15 00:58:35,051 - haw2k - Liked: 1757898801686686450. Like #12.
2018-04-15 00:59:57,146 - haw2k - Keep calm - It's already liked ;)
2018-04-15 01:00:00,579 - haw2k - Trying to like media: 1757897533563063361
2018-04-15 01:00:01,277 - haw2k - Not liked: 400
2018-04-15 01:00:37,724 - haw2k - Trying to follow: 2038084494
2018-04-15 01:00:38,473 - haw2k - Followed: 2038084494 #4.
2018-04-15 01:01:27,569 - haw2k - Keep calm - It's already liked ;)
2018-04-15 01:01:30,571 - haw2k - Trying to like media: 1757898016049733111
2018-04-15 01:01:31,245 - haw2k - Liked: 1757898016049733111. Like #13.
2018-04-15 01:02:11,169 - haw2k - Trying to unfollow #1: 
2018-04-15 01:02:11,170 - haw2k - Getting user info : shurikeishen
2018-04-15 01:03:02,911 - haw2k - Keep calm - It's already liked ;)
2018-04-15 01:03:05,913 - haw2k - Trying to like media: 1757897902729461451
2018-04-15 01:03:06,862 - haw2k - Liked: 1757897902729461451. Like #14.
2018-04-15 01:04:44,358 - haw2k - Keep calm - It's already liked ;)
2018-04-15 01:04:47,360 - haw2k - Trying to like media: 1757897498103604903
2018-04-15 01:04:48,034 - haw2k - Liked: 1757897498103604903. Like #15.
2018-04-15 01:05:15,056 - haw2k - Trying to follow: 5784054382
2018-04-15 01:05:16,482 - haw2k - Followed: 5784054382 #5.
2018-04-15 01:06:08,690 - haw2k - Keep calm - It's already liked ;)
2018-04-15 01:06:11,694 - haw2k - Trying to like media: 1757897076863083874
2018-04-15 01:06:12,319 - haw2k - Liked: 1757897076863083874. Like #16.
2018-04-15 01:06:39,746 - haw2k - Trying to unfollow #1: 
2018-04-15 01:06:39,747 - haw2k - Getting user info : carol_brown_studios
2018-04-15 01:07:40,893 - haw2k - Keep calm - It's already liked ;)
2018-04-15 01:07:43,897 - haw2k - Trying to like media: 1757896877851108751
2018-04-15 01:07:44,924 - haw2k - Liked: 1757896877851108751. Like #17.
2018-04-15 01:09:03,842 - haw2k - Keep calm - It's already liked ;)
2018-04-15 01:09:06,846 - haw2k - Trying to like media: 1757894685606438868
2018-04-15 01:09:07,409 - haw2k - Liked: 1757894685606438868. Like #18.
2018-04-15 01:09:43,890 - haw2k - Trying to follow: 4107855749
2018-04-15 01:09:45,761 - haw2k - Followed: 4107855749 #6.
2018-04-15 01:10:37,900 - haw2k - Keep calm - It's already liked ;)
2018-04-15 01:10:40,904 - haw2k - Trying to like media: 1757896301671202350
2018-04-15 01:10:41,524 - haw2k - Liked: 1757896301671202350. Like #19.
2018-04-15 01:11:57,531 - haw2k - Trying to unfollow #1: 
2018-04-15 01:11:57,532 - haw2k - Getting user info : jim21lee
2018-04-15 01:12:18,927 - haw2k - Keep calm - It's already liked ;)
2018-04-15 01:12:21,931 - haw2k - Trying to like media: 1757895983683170980
2018-04-15 01:12:22,560 - haw2k - Not liked: 400
2018-04-15 01:13:53,070 - haw2k - Keep calm - It's already liked ;)
2018-04-15 01:13:56,076 - haw2k - Trying to like media: 1757895371658528226
2018-04-15 01:13:56,655 - haw2k - Liked: 1757895371658528226. Like #20.
2018-04-15 01:14:53,708 - haw2k - Trying to follow: 432351478
2018-04-15 01:14:54,906 - haw2k - Followed: 432351478 #7.
2018-04-15 01:15:23,258 - haw2k - Keep calm - It's already liked ;)
2018-04-15 01:15:29,263 - haw2k - Trying to like media: 1757895063177593720
2018-04-15 01:15:29,900 - haw2k - Liked: 1757895063177593720. Like #21.
2018-04-15 01:16:30,851 - haw2k - Trying to unfollow #1: 
2018-04-15 01:16:30,852 - haw2k - Getting user info : nagytimea79
2018-04-15 01:16:55,602 - haw2k - Keep calm - It's already liked ;)
2018-04-15 01:16:58,607 - haw2k - Trying to like media: 1757894817198399163
2018-04-15 01:16:59,285 - haw2k - Liked: 1757894817198399163. Like #22.
2018-04-15 01:18:24,287 - haw2k - Keep calm - It's already liked ;)
2018-04-15 01:18:27,759 - haw2k - Trying to like media: 1757894721717614917
2018-04-15 01:18:28,327 - haw2k - Liked: 1757894721717614917. Like #23.
2018-04-15 01:19:22,377 - haw2k - Trying to follow: 1941363723
2018-04-15 01:19:23,746 - haw2k - Followed: 1941363723 #8.
2018-04-15 01:19:57,566 - haw2k - Keep calm - It's already liked ;)
2018-04-15 01:20:00,570 - haw2k - Trying to like media: 1757894369430789689
2018-04-15 01:20:01,319 - haw2k - Liked: 1757894369430789689. Like #24.
2018-04-15 01:21:11,194 - haw2k - Trying to unfollow #1: 
2018-04-15 01:21:11,195 - haw2k - Getting user info : xx_staff_fb
2018-04-15 01:21:32,491 - haw2k - Keep calm - It's already liked ;)
2018-04-15 01:21:59,914 - haw2k - Get media id by tag: code
2018-04-15 01:22:02,104 - haw2k - Removing already liked medias..
2018-04-15 01:22:02,120 - haw2k - Trying to like media: 1757920688830599479
2018-04-15 01:22:02,739 - haw2k - Liked: 1757920688830599479. Like #25.
2018-04-15 01:23:22,100 - haw2k - Trying to like media: 1757920313835023997
2018-04-15 01:23:22,690 - haw2k - Liked: 1757920313835023997. Like #26.
2018-04-15 01:24:26,645 - haw2k - Trying to follow: 6069395970
2018-04-15 01:24:27,932 - haw2k - Followed: 6069395970 #9.
2018-04-15 01:24:52,598 - haw2k - Trying to like media: 1757920165508229647
2018-04-15 01:24:53,197 - haw2k - Liked: 1757920165508229647. Like #27.
2018-04-15 01:26:15,215 - haw2k - Trying to like media: 1757920091251236782
2018-04-15 01:26:15,804 - haw2k - Liked: 1757920091251236782. Like #28.
2018-04-15 01:26:21,809 - haw2k - Trying to unfollow #1: 
2018-04-15 01:26:21,811 - haw2k - Getting user info : promotionsalpha
2018-04-15 01:27:44,039 - haw2k - Trying to like media: 1757920088164918718
2018-04-15 01:27:44,617 - haw2k - Liked: 1757920088164918718. Like #29.
2018-04-15 01:29:06,124 - haw2k - Trying to like media: 1757920061606925789
2018-04-15 01:29:07,285 - haw2k - Liked: 1757920061606925789. Like #30.
2018-04-15 01:29:31,749 - haw2k - Already followed before 519283930
2018-04-15 01:30:37,809 - haw2k - Trying to like media: 1757920064911632896
2018-04-15 01:30:38,538 - haw2k - Liked: 1757920064911632896. Like #31.
2018-04-15 01:31:33,068 - haw2k - Trying to unfollow #1: 
2018-04-15 01:31:33,070 - haw2k - Getting user info : tat_tur
2018-04-15 01:31:48,775 - haw2k - Trying to follow: 3421271830
2018-04-15 01:31:49,648 - haw2k - Followed: 3421271830 #10.
2018-04-15 01:32:11,767 - haw2k - Trying to like media: 1757919888372060016
2018-04-15 01:32:12,338 - haw2k - Liked: 1757919888372060016. Like #32.
2018-04-15 01:33:39,865 - haw2k - Trying to like media: 1757919841875212504
2018-04-15 01:33:40,521 - haw2k - Liked: 1757919841875212504. Like #33.
2018-04-15 01:33:43,523 - haw2k - Get media id by tag: code
2018-04-15 01:33:45,328 - haw2k - Removing already liked medias..
2018-04-15 01:35:09,426 - haw2k - Trying to like media: 1757926180549554747
2018-04-15 01:35:10,061 - haw2k - Liked: 1757926180549554747. Like #34.
2018-04-15 01:36:31,950 - haw2k - Trying to unfollow #1: 
2018-04-15 01:36:31,951 - haw2k - Getting user info : vyemaer
2018-04-15 01:36:41,951 - haw2k - Trying to like media: 1757926161785838605
2018-04-15 01:36:42,560 - haw2k - Liked: 1757926161785838605. Like #35.
2018-04-15 01:37:07,365 - haw2k - Trying to follow: 5841146233
2018-04-15 01:37:08,147 - haw2k - Followed: 5841146233 #11.
2018-04-15 01:38:15,668 - haw2k - Trying to like media: 1757925934932421985
2018-04-15 01:38:16,342 - haw2k - Liked: 1757925934932421985. Like #36.
2018-04-15 01:39:47,778 - haw2k - Trying to like media: 1757925594210970078
2018-04-15 01:39:48,746 - haw2k - Liked: 1757925594210970078. Like #37.
2018-04-15 01:41:10,768 - haw2k - Trying to like media: 1757925732774159907
2018-04-15 01:41:11,438 - haw2k - Liked: 1757925732774159907. Like #38.
2018-04-15 01:41:47,475 - haw2k - Trying to unfollow #1: 
2018-04-15 01:41:47,476 - haw2k - Getting user info : diigoo01
2018-04-15 01:41:54,188 - haw2k - Trying to follow: 2111723852
2018-04-15 01:41:55,051 - haw2k - Followed: 2111723852 #12.
2018-04-15 01:42:38,181 - haw2k - Trying to like media: 1757925705328221040
2018-04-15 01:42:38,762 - haw2k - Liked: 1757925705328221040. Like #39.
2018-04-15 01:44:00,706 - haw2k - Trying to like media: 1757925510603038587
2018-04-15 01:44:01,271 - haw2k - Liked: 1757925510603038587. Like #40.
2018-04-15 01:45:26,205 - haw2k - Trying to like media: 1757925322304486430
2018-04-15 01:45:27,171 - haw2k - Liked: 1757925322304486430. Like #41.
2018-04-15 01:46:45,660 - haw2k - Trying to follow: 353019829
2018-04-15 01:46:46,386 - haw2k - Followed: 353019829 #13.
2018-04-15 01:46:56,115 - haw2k - Trying to like media: 1757924550502198023
2018-04-15 01:46:57,179 - haw2k - Liked: 1757924550502198023. Like #42.
2018-04-15 01:47:00,182 - haw2k - Trying to unfollow #1: 
2018-04-15 01:47:00,184 - haw2k - Getting user info : madeirabonita
2018-04-15 01:48:25,415 - haw2k - Trying to like media: 1757924530107842990
2018-04-15 01:48:26,076 - haw2k - Liked: 1757924530107842990. Like #43.
2018-04-15 01:49:47,564 - haw2k - Trying to like media: 1757924482628247948
2018-04-15 01:49:48,570 - haw2k - Liked: 1757924482628247948. Like #44.
2018-04-15 01:51:10,510 - haw2k - Trying to like media: 1757924461616557695
2018-04-15 01:51:11,173 - haw2k - Liked: 1757924461616557695. Like #45.
2018-04-15 01:51:35,615 - haw2k - Trying to follow: 246716267
2018-04-15 01:51:36,925 - haw2k - Followed: 246716267 #14.
2018-04-15 01:51:37,565 - haw2k - Trying to unfollow #1: 
2018-04-15 01:51:37,566 - haw2k - Getting user info : y6__6u
2018-04-15 01:52:35,326 - haw2k - Trying to like media: 1757923905424620606
2018-04-15 01:52:36,374 - haw2k - Liked: 1757923905424620606. Like #46.
2018-04-15 01:54:07,361 - haw2k - Trying to like media: 1757924292928421907
2018-04-15 01:54:08,039 - haw2k - Liked: 1757924292928421907. Like #47.
2018-04-15 01:55:30,059 - haw2k - Trying to like media: 1757924098069384815
2018-04-15 01:55:31,126 - haw2k - Liked: 1757924098069384815. Like #48.
2018-04-15 01:56:28,586 - haw2k - Trying to unfollow #1: 
2018-04-15 01:56:28,587 - haw2k - Getting user info : eileenisabelkitty
2018-04-15 01:56:52,890 - haw2k - Trying to follow: 7390784155
2018-04-15 01:56:54,082 - haw2k - Followed: 7390784155 #15.
2018-04-15 01:57:03,832 - haw2k - Trying to like media: 1757924068442491052
2018-04-15 01:57:04,592 - haw2k - Liked: 1757924068442491052. Like #49.
2018-04-15 01:58:35,956 - haw2k - Trying to like media: 1757924030801027108
2018-04-15 01:58:36,586 - haw2k - Liked: 1757924030801027108. Like #50.
2018-04-15 02:00:14,009 - haw2k - Trying to like media: 1757923928285509756
2018-04-15 02:00:15,069 - haw2k - Liked: 1757923928285509756. Like #51.
2018-04-15 02:01:28,060 - haw2k - Trying to unfollow #1: 
2018-04-15 02:01:28,063 - haw2k - Getting user info : juantorres7837
2018-04-15 02:01:40,389 - haw2k - Trying to like media: 1757923914610158856
2018-04-15 02:01:41,446 - haw2k - Liked: 1757923914610158856. Like #52.
2018-04-15 02:02:02,921 - haw2k - Trying to follow: 1424932776
2018-04-15 02:02:03,641 - haw2k - Followed: 1424932776 #16.
2018-04-15 02:03:16,386 - haw2k - Trying to like media: 1757923730018989659
2018-04-15 02:03:17,055 - haw2k - Liked: 1757923730018989659. Like #53.
2018-04-15 02:04:39,147 - haw2k - Trying to like media: 1757923710817489296
2018-04-15 02:04:40,202 - haw2k - Liked: 1757923710817489296. Like #54.
2018-04-15 02:04:43,206 - haw2k - Get media id by tag: sleep
2018-04-15 02:04:44,459 - haw2k - Removing already liked medias..
2018-04-15 02:06:09,400 - haw2k - Trying to like media: 1757942094502361157
2018-04-15 02:06:10,468 - haw2k - Liked: 1757942094502361157. Like #55.
2018-04-15 02:06:19,475 - haw2k - Trying to unfollow #1: 
2018-04-15 02:06:19,477 - haw2k - Getting user info : pixie_dust1048
2018-04-15 02:07:21,107 - haw2k - Trying to follow: 1436415997
2018-04-15 02:07:22,122 - haw2k - Followed: 1436415997 #17.
2018-04-15 02:07:31,820 - haw2k - Trying to like media: 1757941984409979637
2018-04-15 02:07:32,463 - haw2k - Liked: 1757941984409979637. Like #56.
2018-04-15 02:09:06,943 - haw2k - Trying to like media: 1757941801480961553
2018-04-15 02:09:07,633 - haw2k - Liked: 1757941801480961553. Like #57.
2018-04-15 02:10:44,124 - haw2k - Trying to like media: 1757941517517085478
2018-04-15 02:10:45,257 - haw2k - Liked: 1757941517517085478. Like #58.
2018-04-15 02:10:57,268 - haw2k - Trying to unfollow #1: 
2018-04-15 02:10:57,270 - haw2k - Getting user info : zaika_photo
2018-04-15 02:11:55,092 - haw2k - Trying to follow: 1436502896
2018-04-15 02:11:56,182 - haw2k - Followed: 1436502896 #18.
2018-04-15 02:12:08,886 - haw2k - Trying to like media: 1757941736720306381
2018-04-15 02:12:09,491 - haw2k - Liked: 1757941736720306381. Like #59.
2018-04-15 02:13:34,464 - haw2k - Trying to like media: 1757941707394355518
2018-04-15 02:13:35,025 - haw2k - Liked: 1757941707394355518. Like #60.
2018-04-15 02:15:00,420 - haw2k - Trying to like media: 1757941664771833498
2018-04-15 02:15:01,481 - haw2k - Liked: 1757941664771833498. Like #61.
2018-04-15 02:15:49,998 - haw2k - Trying to unfollow #1: 
2018-04-15 02:15:49,999 - haw2k - Getting user info : plichta_official
2018-04-15 02:16:24,145 - haw2k - Trying to like media: 1757941609170968917
2018-04-15 02:16:24,830 - haw2k - Liked: 1757941609170968917. Like #62.
2018-04-15 02:16:54,862 - haw2k - Trying to follow: 6942436234
2018-04-15 02:16:55,592 - haw2k - Followed: 6942436234 #19.
2018-04-15 02:17:47,725 - haw2k - Trying to like media: 1757941596302809643
2018-04-15 02:17:48,290 - haw2k - Liked: 1757941596302809643. Like #63.
2018-04-15 02:19:09,364 - haw2k - Trying to like media: 1757941584173990443
2018-04-15 02:19:10,012 - haw2k - Liked: 1757941584173990443. Like #64.
2018-04-15 02:20:35,228 - haw2k - Trying to like media: 1757941532551113841
2018-04-15 02:20:36,276 - haw2k - Liked: 1757941532551113841. Like #65.
2018-04-15 02:20:54,718 - haw2k - Trying to unfollow #1: 
2018-04-15 02:20:54,719 - haw2k - Getting user info : firhusss
2018-04-15 02:21:58,947 - haw2k - Trying to follow: 4070812125
2018-04-15 02:21:59,830 - haw2k - Followed: 4070812125 #20.
2018-04-15 02:22:06,494 - haw2k - Trying to like media: 1757941493225331672
2018-04-15 02:22:07,174 - haw2k - Liked: 1757941493225331672. Like #66.
2018-04-15 02:23:35,147 - haw2k - Trying to like media: 1757941211668184432
2018-04-15 02:23:35,745 - haw2k - Liked: 1757941211668184432. Like #67.
2018-04-15 02:25:00,225 - haw2k - Trying to like media: 1757941137110521803
2018-04-15 02:25:01,183 - haw2k - Liked: 1757941137110521803. Like #68.
2018-04-15 02:26:07,654 - haw2k - Trying to unfollow #1: 
2018-04-15 02:26:07,656 - haw2k - Getting user info : nimble_ceo
2018-04-15 02:26:38,385 - haw2k - Trying to like media: 1757941100252007078
2018-04-15 02:26:39,410 - haw2k - Liked: 1757941100252007078. Like #69.
2018-04-15 02:26:42,411 - haw2k - Trying to follow: 2660513611
2018-04-15 02:26:43,173 - haw2k - Followed: 2660513611 #21.
2018-04-15 02:28:09,190 - haw2k - Trying to like media: 1757938978478573824
2018-04-15 02:28:10,051 - haw2k - Liked: 1757938978478573824. Like #70.
2018-04-15 02:29:32,476 - haw2k - Trying to like media: 1757941044241317055
2018-04-15 02:29:33,603 - haw2k - Liked: 1757941044241317055. Like #71.
2018-04-15 02:30:49,617 - haw2k - Trying to unfollow #1: 
2018-04-15 02:30:49,618 - haw2k - Getting user info : toto_jackie
2018-04-15 02:30:59,203 - haw2k - Trying to like media: 1757940971352812260
2018-04-15 02:31:00,193 - haw2k - Liked: 1757940971352812260. Like #72.
2018-04-15 02:31:51,710 - haw2k - Trying to follow: 3998212222
2018-04-15 02:31:52,541 - haw2k - Followed: 3998212222 #22.
2018-04-15 02:32:20,231 - haw2k - Trying to like media: 1757940078023704023
2018-04-15 02:32:20,879 - haw2k - Liked: 1757940078023704023. Like #73.
2018-04-15 02:33:51,831 - haw2k - Trying to like media: 1757940815525014286
2018-04-15 02:33:52,509 - haw2k - Liked: 1757940815525014286. Like #74.
2018-04-15 02:35:10,588 - haw2k - Trying to like media: 1757940775940002036
2018-04-15 02:35:11,668 - haw2k - Liked: 1757940775940002036. Like #75.
2018-04-15 02:35:47,694 - haw2k - Trying to unfollow #1: 
2018-04-15 02:35:47,695 - haw2k - Getting user info : gymlover_ab
2018-04-15 02:36:40,273 - haw2k - Trying to follow: 4366190119
2018-04-15 02:36:41,881 - haw2k - Followed: 4366190119 #23.
2018-04-15 02:36:45,577 - haw2k - Trying to like media: 1757940727956038373
2018-04-15 02:36:46,277 - haw2k - Liked: 1757940727956038373. Like #76.
2018-04-15 02:38:17,782 - haw2k - Trying to like media: 1757940704527856648
2018-04-15 02:38:18,478 - haw2k - Liked: 1757940704527856648. Like #77.
2018-04-15 02:38:21,482 - haw2k - Get media id by tag: code
2018-04-15 02:38:23,360 - haw2k - Removing already liked medias..
2018-04-15 02:39:53,851 - haw2k - Trying to like media: 1757959098344900022
2018-04-15 02:39:54,544 - haw2k - Liked: 1757959098344900022. Like #78.
2018-04-15 02:40:49,008 - haw2k - Trying to unfollow #1: 
2018-04-15 02:40:49,009 - haw2k - Getting user info : kyommmmi
2018-04-15 02:41:08,095 - haw2k - Trying to follow: 4114519738
2018-04-15 02:41:09,007 - haw2k - Followed: 4114519738 #24.
2018-04-15 02:41:31,067 - haw2k - Trying to like media: 1757959088924727726
2018-04-15 02:41:31,605 - haw2k - Liked: 1757959088924727726. Like #79.
2018-04-15 02:43:02,541 - haw2k - Trying to like media: 1757958482757041988
2018-04-15 02:43:03,099 - haw2k - Liked: 1757958482757041988. Like #80.
2018-04-15 02:44:37,521 - haw2k - Trying to like media: 1757958360281689392
2018-04-15 02:44:38,664 - haw2k - Liked: 1757958360281689392. Like #81.
2018-04-15 02:45:18,676 - haw2k - Trying to unfollow #1: 
2018-04-15 02:45:18,678 - haw2k - Getting user info : atsushi_surfstyle
2018-04-15 02:46:00,990 - haw2k - Trying to like media: 1757958284668560395
2018-04-15 02:46:01,614 - haw2k - Liked: 1757958284668560395. Like #82.
2018-04-15 02:46:25,642 - haw2k - Trying to follow: 5783721206
2018-04-15 02:46:26,635 - haw2k - Followed: 5783721206 #25.
2018-04-15 02:47:21,434 - haw2k - Trying to like media: 1757958255969372835
2018-04-15 02:47:22,019 - haw2k - Liked: 1757958255969372835. Like #83.
2018-04-15 02:48:47,332 - haw2k - Trying to like media: 1757958230947298015
2018-04-15 02:48:47,947 - haw2k - Liked: 1757958230947298015. Like #84.
2018-04-15 02:50:06,874 - haw2k - Trying to like media: 1757958212222769866
2018-04-15 02:50:08,344 - haw2k - Liked: 1757958212222769866. Like #85.
2018-04-15 02:50:38,830 - haw2k - Trying to unfollow #1: 
2018-04-15 02:50:38,831 - haw2k - Getting user info : yummy25253
2018-04-15 02:51:21,159 - haw2k - Trying to follow: 46657346
2018-04-15 02:51:22,313 - haw2k - Followed: 46657346 #26.
2018-04-15 02:51:43,975 - haw2k - Trying to like media: 1757958202710136768
2018-04-15 02:51:44,575 - haw2k - Liked: 1757958202710136768. Like #86.
2018-04-15 02:53:12,552 - haw2k - Trying to like media: 1757958197987464131
2018-04-15 02:53:13,113 - haw2k - Liked: 1757958197987464131. Like #87.
2018-04-15 02:54:40,612 - haw2k - Trying to like media: 1757958178535299478
2018-04-15 02:54:41,734 - haw2k - Liked: 1757958178535299478. Like #88.
2018-04-15 02:55:39,621 - haw2k - Trying to unfollow #1: 
2018-04-15 02:55:39,622 - haw2k - Getting user info : suga_vkook97
2018-04-15 02:56:03,955 - haw2k - Trying to like media: 1757958171731030771
2018-04-15 02:56:04,557 - haw2k - Liked: 1757958171731030771. Like #89.
2018-04-15 02:56:10,992 - haw2k - Already followed before 5783721206
2018-04-15 02:57:29,932 - haw2k - Trying to like media: 1757958126625428519
2018-04-15 02:57:30,516 - haw2k - Liked: 1757958126625428519. Like #90.
2018-04-15 02:58:34,465 - haw2k - Trying to follow: 195589011
2018-04-15 02:58:35,991 - haw2k - Followed: 195589011 #27.
2018-04-15 02:59:04,095 - haw2k - Trying to like media: 1757958093265646068
2018-04-15 02:59:04,847 - haw2k - Liked: 1757958093265646068. Like #91.
2018-04-15 03:00:29,392 - haw2k - Trying to like media: 1757958085521242994
2018-04-15 03:00:30,150 - haw2k - Liked: 1757958085521242994. Like #92.
2018-04-15 03:00:48,173 - haw2k - Trying to unfollow #1: 
2018-04-15 03:00:48,174 - haw2k - Getting user info : sowa4ka
2018-04-15 03:02:08,130 - haw2k - Trying to like media: 1757958071940179724
2018-04-15 03:02:08,706 - haw2k - Liked: 1757958071940179724. Like #93.
2018-04-15 03:03:27,605 - haw2k - Trying to follow: 7435614745
2018-04-15 03:03:29,044 - haw2k - Followed: 7435614745 #28.
2018-04-15 03:03:32,775 - haw2k - Trying to like media: 1757958042875077108
2018-04-15 03:03:33,394 - haw2k - Liked: 1757958042875077108. Like #94.
2018-04-15 03:05:04,798 - haw2k - Trying to like media: 1757958028344609590
2018-04-15 03:05:05,455 - haw2k - Liked: 1757958028344609590. Like #95.
2018-04-15 03:05:29,925 - haw2k - Trying to unfollow #1: 
2018-04-15 03:05:29,926 - haw2k - Getting user info : raptor._.8600_memes
2018-04-15 03:06:40,610 - haw2k - Trying to like media: 1757957984656688264
2018-04-15 03:06:41,191 - haw2k - Liked: 1757957984656688264. Like #96.
2018-04-15 03:08:05,794 - haw2k - Trying to follow: 11020379
2018-04-15 03:08:07,118 - haw2k - Followed: 11020379 #29.
2018-04-15 03:08:10,811 - haw2k - Trying to like media: 1757957917102857914
2018-04-15 03:08:11,380 - haw2k - Liked: 1757957917102857914. Like #97.
2018-04-15 03:09:45,357 - haw2k - Trying to like media: 1757957901425036131
2018-04-15 03:09:46,017 - haw2k - Liked: 1757957901425036131. Like #98.
2018-04-15 03:10:04,032 - haw2k - Trying to unfollow #1: 
2018-04-15 03:10:04,034 - haw2k - Getting user info : 50rackzaslap
2018-04-15 03:11:21,041 - haw2k - Trying to like media: 1757957855648316926
2018-04-15 03:11:21,608 - haw2k - Liked: 1757957855648316926. Like #99.
2018-04-15 03:12:46,589 - haw2k - Trying to like media: 1757957813956945515
2018-04-15 03:12:47,683 - haw2k - Liked: 1757957813956945515. Like #100.
2018-04-15 03:13:24,176 - haw2k - Already followed before 5783721206
2018-04-15 03:14:22,177 - haw2k - Trying to like media: 1757957765059679484
2018-04-15 03:14:22,738 - haw2k - Liked: 1757957765059679484. Like #101.
2018-04-15 03:14:25,741 - haw2k - Get media id by tag: sleep
2018-04-15 03:14:27,722 - haw2k - Removing already liked medias..
2018-04-15 03:14:40,217 - haw2k - Trying to unfollow #1: 
2018-04-15 03:14:40,220 - haw2k - Getting user info : mi__2424m
2018-04-15 03:15:43,537 - haw2k - Trying to follow: 6873571542
2018-04-15 03:15:44,760 - haw2k - Followed: 6873571542 #30.
2018-04-15 03:15:57,610 - haw2k - Trying to like media: 1757976911956482205
2018-04-15 03:15:58,187 - haw2k - Liked: 1757976911956482205. Like #102.
2018-04-15 03:17:20,516 - haw2k - Trying to like media: 1757976812744801408
2018-04-15 03:17:21,124 - haw2k - Liked: 1757976812744801408. Like #103.
2018-04-15 03:18:43,067 - haw2k - Trying to like media: 1757976801101244167
2018-04-15 03:18:44,188 - haw2k - Liked: 1757976801101244167. Like #104.
2018-04-15 03:19:17,659 - haw2k - Trying to unfollow #1: 
2018-04-15 03:19:17,661 - haw2k - Getting user info : m.y.k.2016
2018-04-15 03:20:03,853 - haw2k - Trying to like media: 1757976777588532301
2018-04-15 03:20:04,505 - haw2k - Liked: 1757976777588532301. Like #105.
2018-04-15 03:20:22,524 - haw2k - Trying to follow: 1314442009
2018-04-15 03:20:23,550 - haw2k - Followed: 1314442009 #31.
2018-04-15 03:21:25,227 - haw2k - Trying to like media: 1757976750509366551
2018-04-15 03:21:25,906 - haw2k - Liked: 1757976750509366551. Like #106.
2018-04-15 03:22:50,446 - haw2k - Trying to like media: 1757976538027280004
2018-04-15 03:22:51,204 - haw2k - Liked: 1757976538027280004. Like #107.
2018-04-15 03:24:06,268 - haw2k - Trying to unfollow #1: 
2018-04-15 03:24:06,270 - haw2k - Getting user info : harutoaoyama
2018-04-15 03:24:23,007 - haw2k - Trying to like media: 1757976526231585621
2018-04-15 03:24:23,596 - haw2k - Liked: 1757976526231585621. Like #108.
2018-04-15 03:25:12,097 - haw2k - Trying to follow: 41548601
2018-04-15 03:25:13,089 - haw2k - Followed: 41548601 #32.
2018-04-15 03:25:50,208 - haw2k - Trying to like media: 1757976510335169882
2018-04-15 03:25:50,906 - haw2k - Liked: 1757976510335169882. Like #109.
2018-04-15 03:27:19,306 - haw2k - Trying to like media: 1757976368240425501
2018-04-15 03:27:19,972 - haw2k - Liked: 1757976368240425501. Like #110.
2018-04-15 03:28:41,984 - haw2k - Trying to like media: 1757976282351342235
2018-04-15 03:28:43,003 - haw2k - Liked: 1757976282351342235. Like #111.
2018-04-15 03:29:19,538 - haw2k - Trying to unfollow #1: 
2018-04-15 03:29:19,541 - haw2k - Getting user info : regardingjulie
2018-04-15 03:29:43,854 - haw2k - Trying to follow: 3031310222
2018-04-15 03:29:44,767 - haw2k - Followed: 3031310222 #33.
2018-04-15 03:30:12,509 - haw2k - Trying to like media: 1757976132127137803
2018-04-15 03:30:13,069 - haw2k - Liked: 1757976132127137803. Like #112.
2018-04-15 03:31:34,986 - haw2k - Trying to like media: 1757975922069051732
2018-04-15 03:31:35,587 - haw2k - Liked: 1757975922069051732. Like #113.
2018-04-15 03:33:00,508 - haw2k - Trying to like media: 1757975886828476000
2018-04-15 03:33:01,637 - haw2k - Liked: 1757975886828476000. Like #114.
2018-04-15 03:33:53,595 - haw2k - Trying to unfollow #1: 
2018-04-15 03:33:53,597 - haw2k - Getting user info : kotomi_10035103
2018-04-15 03:34:27,395 - haw2k - Trying to like media: 1757975882096858582
2018-04-15 03:34:28,105 - haw2k - Liked: 1757975882096858582. Like #115.
2018-04-15 03:34:37,114 - haw2k - Trying to follow: 4012168903
2018-04-15 03:34:37,877 - haw2k - Followed: 4012168903 #34.
2018-04-15 03:35:55,120 - haw2k - Trying to like media: 1757975775494980632
2018-04-15 03:35:55,782 - haw2k - Liked: 1757975775494980632. Like #116.
2018-04-15 03:37:29,302 - haw2k - Trying to like media: 1757975761425546629
2018-04-15 03:37:30,372 - haw2k - Liked: 1757975761425546629. Like #117.
2018-04-15 03:38:51,898 - haw2k - Trying to like media: 1757975762416962278
2018-04-15 03:38:52,579 - haw2k - Liked: 1757975762416962278. Like #118.
2018-04-15 03:39:04,588 - haw2k - Trying to unfollow #1: 
2018-04-15 03:39:04,591 - haw2k - Getting user info : vanessa_nichilo
2018-04-15 03:39:47,327 - haw2k - Trying to follow: 4740480085
2018-04-15 03:39:48,385 - haw2k - Followed: 4740480085 #35.
2018-04-15 03:40:16,114 - haw2k - Trying to like media: 1757975672120637085
2018-04-15 03:40:16,722 - haw2k - Liked: 1757975672120637085. Like #119.
2018-04-15 03:41:48,198 - haw2k - Trying to like media: 1757975408885913557
2018-04-15 03:41:48,882 - haw2k - Liked: 1757975408885913557. Like #120.
2018-04-15 03:43:07,906 - haw2k - Trying to like media: 1757975365340487522
2018-04-15 03:43:09,125 - haw2k - Liked: 1757975365340487522. Like #121.
2018-04-15 03:43:42,162 - haw2k - Trying to unfollow #1: 
2018-04-15 03:43:42,163 - haw2k - Getting user info : mittamaritaaa
2018-04-15 03:44:18,515 - haw2k - Trying to follow: 2268755185
2018-04-15 03:44:19,347 - haw2k - Followed: 2268755185 #36.
2018-04-15 03:44:35,418 - haw2k - Trying to like media: 1757975332794115843
2018-04-15 03:44:36,008 - haw2k - Liked: 1757975332794115843. Like #122.
2018-04-15 03:46:06,941 - haw2k - Trying to like media: 1757975234681469089
2018-04-15 03:46:07,686 - haw2k - Liked: 1757975234681469089. Like #123.
2018-04-15 03:47:26,621 - haw2k - Trying to like media: 1757975112190375718
2018-04-15 03:47:27,608 - haw2k - Liked: 1757975112190375718. Like #124.
2018-04-15 03:47:30,609 - haw2k - Get media id by tag: sleep
2018-04-15 03:47:31,765 - haw2k - Removing already liked medias..
2018-04-15 03:48:14,244 - haw2k - Trying to unfollow #1: 
2018-04-15 03:48:14,245 - haw2k - Getting user info : barbaraigncia
2018-04-15 03:48:54,499 - haw2k - Trying to like media: 1757993960478097796
2018-04-15 03:48:55,087 - haw2k - Liked: 1757993960478097796. Like #125.
2018-04-15 03:49:04,095 - haw2k - Trying to follow: 4771371831
2018-04-15 03:49:04,947 - haw2k - Followed: 4771371831 #37.
2018-04-15 03:50:18,563 - haw2k - Trying to like media: 1757993887665217688
2018-04-15 03:50:19,246 - haw2k - Liked: 1757993887665217688. Like #126.
2018-04-15 03:51:38,287 - haw2k - Trying to like media: 1757993866742913330
2018-04-15 03:51:39,280 - haw2k - Liked: 1757993866742913330. Like #127.
2018-04-15 03:53:06,780 - haw2k - Trying to like media: 1757993785633232444
2018-04-15 03:53:07,470 - haw2k - Liked: 1757993785633232444. Like #128.
2018-04-15 03:53:07,470 - haw2k - Trying to unfollow #1: 
2018-04-15 03:53:07,471 - haw2k - Getting user info : dill_walli_gall
2018-04-15 03:54:21,554 - haw2k - Trying to follow: 38885213
2018-04-15 03:54:22,354 - haw2k - Followed: 38885213 #38.
2018-04-15 03:54:29,231 - haw2k - Trying to like media: 1757993565507991184
2018-04-15 03:54:30,362 - haw2k - Liked: 1757993565507991184. Like #129.
2018-04-15 03:56:00,891 - haw2k - Trying to like media: 1757993353873447295
2018-04-15 03:56:01,768 - haw2k - Liked: 1757993353873447295. Like #130.
2018-04-15 03:57:26,327 - haw2k - Trying to like media: 1757993270607913250
2018-04-15 03:57:27,480 - haw2k - Liked: 1757993270607913250. Like #131.
2018-04-15 03:58:28,496 - haw2k - Trying to unfollow #1: 
2018-04-15 03:58:28,497 - haw2k - Getting user info : thoughtful_katto
2018-04-15 03:59:01,818 - haw2k - Trying to like media: 1757993182207069324
2018-04-15 03:59:02,409 - haw2k - Liked: 1757993182207069324. Like #132.
2018-04-15 03:59:32,444 - haw2k - Trying to follow: 6454538192
2018-04-15 03:59:33,345 - haw2k - Followed: 6454538192 #39.
2018-04-15 04:00:28,872 - haw2k - Trying to like media: 1757993180034345212
2018-04-15 04:00:29,539 - haw2k - Liked: 1757993180034345212. Like #133.
2018-04-15 04:01:51,906 - haw2k - Trying to like media: 1757993078364634181
2018-04-15 04:01:52,917 - haw2k - Liked: 1757993078364634181. Like #134.
2018-04-15 04:03:26,903 - haw2k - Trying to like media: 1757992752544313729
2018-04-15 04:03:28,261 - haw2k - Liked: 1757992752544313729. Like #135.
2018-04-15 04:03:34,265 - haw2k - Trying to unfollow #1: 
2018-04-15 04:03:34,266 - haw2k - Getting user info : my_bag_shop_m
2018-04-15 04:04:38,589 - haw2k - Trying to follow: 7081140532
2018-04-15 04:04:39,389 - haw2k - Followed: 7081140532 #40.
2018-04-15 04:05:01,063 - haw2k - Trying to like media: 1757992749464045525
2018-04-15 04:05:01,645 - haw2k - Liked: 1757992749464045525. Like #136.
2018-04-15 04:06:23,201 - haw2k - Trying to like media: 1757992744992932640
2018-04-15 04:06:24,119 - haw2k - Liked: 1757992744992932640. Like #137.
2018-04-15 04:07:58,458 - haw2k - Trying to like media: 1757992333776673451
2018-04-15 04:07:59,409 - haw2k - Liked: 1757992333776673451. Like #138.
2018-04-15 04:08:54,330 - haw2k - Trying to unfollow #1: 
2018-04-15 04:08:54,331 - haw2k - Getting user info : favval
2018-04-15 04:09:28,123 - haw2k - Trying to like media: 1757992329321719432
2018-04-15 04:09:28,674 - haw2k - Liked: 1757992329321719432. Like #139.
2018-04-15 04:09:34,679 - haw2k - Trying to follow: 1445572981
2018-04-15 04:09:35,584 - haw2k - Followed: 1445572981 #41.
2018-04-15 04:10:49,188 - haw2k - Trying to like media: 1757992205806694736
2018-04-15 04:10:49,854 - haw2k - Liked: 1757992205806694736. Like #140.
2018-04-15 04:12:26,431 - haw2k - Trying to like media: 1757992093182357586
2018-04-15 04:12:27,489 - haw2k - Liked: 1757992093182357586. Like #141.
2018-04-15 04:13:49,550 - haw2k - Trying to unfollow #1: 
2018-04-15 04:13:49,551 - haw2k - Getting user info : omgshecodes
2018-04-15 04:13:55,900 - haw2k - Trying to like media: 1757992087486165187
2018-04-15 04:13:56,953 - haw2k - Liked: 1757992087486165187. Like #142.
2018-04-15 04:14:32,990 - haw2k - Trying to follow: 7219188971
2018-04-15 04:14:33,847 - haw2k - Followed: 7219188971 #42.
2018-04-15 04:15:19,991 - haw2k - Trying to like media: 1757991915091254389
2018-04-15 04:15:20,573 - haw2k - Liked: 1757991915091254389. Like #143.
2018-04-15 04:16:51,971 - haw2k - Trying to like media: 1757991907181725548
2018-04-15 04:16:52,559 - haw2k - Liked: 1757991907181725548. Like #144.
2018-04-15 04:18:26,983 - haw2k - Trying to like media: 1757991908188553938
2018-04-15 04:18:29,502 - haw2k - Liked: 1757991908188553938. Like #145.
2018-04-15 04:18:32,506 - haw2k - Trying to unfollow #1: 
2018-04-15 04:18:32,507 - haw2k - Getting user info : sonder.estudio
2018-04-15 04:19:39,811 - haw2k - Trying to follow: 2532980898
2018-04-15 04:19:40,948 - haw2k - Followed: 2532980898 #43.
2018-04-15 04:19:56,925 - haw2k - Trying to like media: 1757991880632447635
2018-04-15 04:19:57,937 - haw2k - Liked: 1757991880632447635. Like #146.
2018-04-15 04:21:22,437 - haw2k - Trying to like media: 1757991844383451740
2018-04-15 04:21:23,720 - haw2k - Liked: 1757991844383451740. Like #147.
2018-04-15 04:22:45,622 - haw2k - Trying to like media: 1757991683247339607
2018-04-15 04:22:47,177 - haw2k - Liked: 1757991683247339607. Like #148.
2018-04-15 04:23:08,619 - haw2k - Trying to unfollow #1: 
2018-04-15 04:23:08,620 - haw2k - Getting user info : smallgorda
2018-04-15 04:24:09,865 - haw2k - Trying to like media: 1757991615417647915
2018-04-15 04:24:10,704 - haw2k - Liked: 1757991615417647915. Like #149.
2018-04-15 04:24:22,717 - haw2k - Trying to follow: 5699190646
2018-04-15 04:24:23,711 - haw2k - Followed: 5699190646 #44.
2018-04-15 04:25:34,397 - haw2k - Trying to like media: 1757991591710483818
2018-04-15 04:25:35,005 - haw2k - Liked: 1757991591710483818. Like #150.
2018-04-15 04:27:06,025 - haw2k - Trying to like media: 1757972461145857413
2018-04-15 04:27:07,024 - haw2k - Liked: 1757972461145857413. Like #151.
2018-04-15 04:27:34,053 - haw2k - Trying to unfollow #1: 
2018-04-15 04:27:34,054 - haw2k - Getting user info : uaesupplements
2018-04-15 04:28:40,416 - haw2k - Trying to like media: 1757991148952838054
2018-04-15 04:28:41,032 - haw2k - Liked: 1757991148952838054. Like #152.
2018-04-15 04:29:14,691 - haw2k - Trying to follow: 7499424732
2018-04-15 04:29:16,507 - haw2k - Followed: 7499424732 #45.
2018-04-15 04:30:02,682 - haw2k - Trying to like media: 1757988936909519946
2018-04-15 04:30:03,341 - haw2k - Liked: 1757988936909519946. Like #153.
2018-04-15 04:31:31,715 - haw2k - Trying to like media: 1757990941192182841
2018-04-15 04:31:32,452 - haw2k - Liked: 1757990941192182841. Like #154.
2018-04-15 04:32:36,420 - haw2k - Trying to unfollow #1: 
2018-04-15 04:32:36,421 - haw2k - Getting user info : craftymomkim
2018-04-15 04:33:07,658 - haw2k - Trying to like media: 1757990911311380501
2018-04-15 04:33:08,249 - haw2k - Liked: 1757990911311380501. Like #155.
2018-04-15 04:34:06,251 - haw2k - Trying to follow: 650710822
2018-04-15 04:34:07,282 - haw2k - Followed: 650710822 #46.
2018-04-15 04:34:29,497 - haw2k - Trying to like media: 1757990542488351919
2018-04-15 04:34:30,112 - haw2k - Liked: 1757990542488351919. Like #156.
2018-04-15 04:36:00,195 - haw2k - Trying to like media: 1757988663758772193
2018-04-15 04:36:00,789 - haw2k - Liked: 1757988663758772193. Like #157.
2018-04-15 04:37:29,131 - haw2k - Trying to like media: 1757990323018527666
2018-04-15 04:37:30,159 - haw2k - Liked: 1757990323018527666. Like #158.
2018-04-15 04:37:30,159 - haw2k - Trying to unfollow #1: 
2018-04-15 04:37:30,160 - haw2k - Getting user info : hajarasingh
2018-04-15 04:39:01,895 - haw2k - Trying to like media: 1757990323176499084
2018-04-15 04:39:02,480 - haw2k - Liked: 1757990323176499084. Like #159.
2018-04-15 04:39:20,936 - haw2k - Trying to follow: 49494758
2018-04-15 04:39:22,540 - haw2k - Followed: 49494758 #47.
2018-04-15 04:40:39,261 - haw2k - Trying to like media: 1757990277410025010
2018-04-15 04:40:40,108 - haw2k - Liked: 1757990277410025010. Like #160.
2018-04-15 04:42:02,139 - haw2k - Trying to like media: 1757990207430425196
2018-04-15 04:42:03,343 - haw2k - Liked: 1757990207430425196. Like #161.
2018-04-15 04:42:18,357 - haw2k - Trying to unfollow #1: 
2018-04-15 04:42:18,359 - haw2k - Getting user info : dev_das_sochi
2018-04-15 04:43:34,147 - haw2k - Trying to like media: 1757990127841053535
2018-04-15 04:43:34,741 - haw2k - Liked: 1757990127841053535. Like #162.
2018-04-15 04:44:19,795 - haw2k - Trying to follow: 7512694697
2018-04-15 04:44:21,418 - haw2k - Followed: 7512694697 #48.
2018-04-15 04:45:07,272 - haw2k - Trying to like media: 1757990056646937281
2018-04-15 04:45:07,977 - haw2k - Liked: 1757990056646937281. Like #163.
2018-04-15 04:46:30,690 - haw2k - Trying to like media: 1757989716672075435
2018-04-15 04:46:31,287 - haw2k - Liked: 1757989716672075435. Like #164.
2018-04-15 04:46:49,308 - haw2k - Trying to unfollow #1: 
2018-04-15 04:46:49,309 - haw2k - Getting user info : regardingjulie
2018-04-15 04:48:03,462 - haw2k - Trying to like media: 1757989455476868203
2018-04-15 04:48:04,114 - haw2k - Liked: 1757989455476868203. Like #165.
2018-04-15 04:48:55,635 - haw2k - Trying to follow: 1371196654
2018-04-15 04:48:57,225 - haw2k - Followed: 1371196654 #49.
2018-04-15 04:49:24,867 - haw2k - Trying to like media: 1757989593494589566
2018-04-15 04:49:25,553 - haw2k - Liked: 1757989593494589566. Like #166.
2018-04-15 04:50:56,471 - haw2k - Trying to like media: 1757989538071110622
2018-04-15 04:50:57,436 - haw2k - Liked: 1757989538071110622. Like #167.
2018-04-15 04:51:52,334 - haw2k - Trying to unfollow #1: 
2018-04-15 04:51:52,335 - haw2k - Getting user info : darciaben
2018-04-15 04:52:17,033 - haw2k - Trying to like media: 1757989270356063306
2018-04-15 04:52:17,641 - haw2k - Liked: 1757989270356063306. Like #168.
2018-04-15 04:53:40,035 - haw2k - Trying to follow: 231984136
2018-04-15 04:53:41,257 - haw2k - Followed: 231984136 #50.
2018-04-15 04:53:51,054 - haw2k - Trying to like media: 1757988505516879898
2018-04-15 04:53:51,955 - haw2k - Liked: 1757988505516879898. Like #169.
2018-04-15 04:55:14,433 - haw2k - Trying to like media: 1757984471056944750
2018-04-15 04:55:14,994 - haw2k - Liked: 1757984471056944750. Like #170.
2018-04-15 04:56:51,566 - haw2k - Trying to like media: 1757981515558761261
2018-04-15 04:56:52,701 - haw2k - Liked: 1757981515558761261. Like #171.
2018-04-15 04:56:52,701 - haw2k - Trying to unfollow #1: 
2018-04-15 04:56:52,702 - haw2k - Getting user info : dish_n_with_sid
2018-04-15 04:56:58,996 - haw2k - Get media id by tag: code
2018-04-15 04:57:00,424 - haw2k - Removing already liked medias..
2018-04-15 04:58:28,389 - haw2k - Trying to like media: 1758028879687008487
2018-04-15 04:58:28,990 - haw2k - Liked: 1758028879687008487. Like #172.
2018-04-15 04:58:50,003 - haw2k - Trying to follow: 5773729448
2018-04-15 04:58:51,716 - haw2k - Followed: 5773729448 #51.
2018-04-15 04:59:56,199 - haw2k - Trying to like media: 1758028643671700090
2018-04-15 04:59:56,784 - haw2k - Liked: 1758028643671700090. Like #173.
2018-04-15 05:01:20,867 - haw2k - Trying to like media: 1758028566775161566
2018-04-15 05:01:21,829 - haw2k - Liked: 1758028566775161566. Like #174.
2018-04-15 05:01:52,335 - haw2k - Trying to unfollow #1: 
2018-04-15 05:01:52,337 - haw2k - Getting user info : evgenfrumkina
2018-04-15 05:02:41,620 - haw2k - Trying to like media: 1758028472898053763
2018-04-15 05:02:42,553 - haw2k - Liked: 1758028472898053763. Like #175.
2018-04-15 05:03:24,592 - haw2k - Trying to follow: 3971069510
2018-04-15 05:03:25,655 - haw2k - Followed: 3971069510 #52.
2018-04-15 05:04:14,349 - haw2k - Trying to like media: 1758028417103776395
2018-04-15 05:04:15,021 - haw2k - Liked: 1758028417103776395. Like #176.
2018-04-15 05:05:36,961 - haw2k - Trying to like media: 1758028239172906987
2018-04-15 05:05:37,541 - haw2k - Liked: 1758028239172906987. Like #177.
2018-04-15 05:06:16,997 - haw2k - Trying to unfollow #1: 
2018-04-15 05:06:16,998 - haw2k - Getting user info : eipsiuhellena
2018-04-15 05:07:12,574 - haw2k - Trying to like media: 1758028221741485411
2018-04-15 05:07:13,264 - haw2k - Liked: 1758028221741485411. Like #178.
2018-04-15 05:07:58,762 - haw2k - Trying to follow: 2366606823
2018-04-15 05:08:00,048 - haw2k - Followed: 2366606823 #53.
2018-04-15 05:08:43,757 - haw2k - Trying to like media: 1758028133258748304
2018-04-15 05:08:44,355 - haw2k - Liked: 1758028133258748304. Like #179.
2018-04-15 05:10:03,388 - haw2k - Trying to like media: 1758028103260576523
2018-04-15 05:10:04,232 - haw2k - Liked: 1758028103260576523. Like #180.
2018-04-15 05:11:17,266 - haw2k - Trying to unfollow #1: 
2018-04-15 05:11:17,268 - haw2k - Getting user info : kato_gemini_vegas_king
2018-04-15 05:11:30,095 - haw2k - Trying to like media: 1758028033728810333
2018-04-15 05:11:30,854 - haw2k - Liked: 1758028033728810333. Like #181.
2018-04-15 05:12:40,341 - haw2k - Trying to follow: 1317095511
2018-04-15 05:12:41,260 - haw2k - Followed: 1317095511 #54.
2018-04-15 05:12:56,890 - haw2k - Trying to unfollow: 4049218923
2018-04-15 05:12:58,119 - haw2k - Unfollow: 4049218923 #1 of 54.
2018-04-15 05:12:58,120 - haw2k - Pausing for 30 seconds... 1 of 54
2018-04-15 05:13:28,563 - haw2k - Trying to unfollow: 369451513
2018-04-15 05:13:29,403 - haw2k - Unfollow: 369451513 #2 of 54.
2018-04-15 05:13:29,403 - haw2k - Pausing for 28 seconds... 2 of 54
2018-04-15 05:13:57,844 - haw2k - Trying to unfollow: 5784054382
2018-04-15 05:13:58,600 - haw2k - Unfollow: 5784054382 #3 of 54.
2018-04-15 05:13:58,600 - haw2k - Pausing for 29 seconds... 3 of 54
2018-04-15 05:14:28,056 - haw2k - Trying to unfollow: 432351478
2018-04-15 05:14:28,721 - haw2k - Unfollow: 432351478 #4 of 54.
2018-04-15 05:14:28,721 - haw2k - Pausing for 15 seconds... 4 of 54
2018-04-15 05:14:44,177 - haw2k - Trying to unfollow: 6069395970
2018-04-15 05:14:44,827 - haw2k - Unfollow: 6069395970 #5 of 54.
2018-04-15 05:14:44,827 - haw2k - Pausing for 19 seconds... 5 of 54
2018-04-15 05:15:03,841 - haw2k - Trying to unfollow: 5841146233
2018-04-15 05:15:04,525 - haw2k - Unfollow: 5841146233 #6 of 54.
2018-04-15 05:15:04,526 - haw2k - Pausing for 29 seconds... 6 of 54
2018-04-15 05:15:34,010 - haw2k - Trying to unfollow: 353019829
2018-04-15 05:15:34,734 - haw2k - Unfollow: 353019829 #7 of 54.
2018-04-15 05:15:34,734 - haw2k - Pausing for 17 seconds... 7 of 54
2018-04-15 05:15:52,207 - haw2k - Trying to unfollow: 7390784155
2018-04-15 05:15:53,016 - haw2k - Unfollow: 7390784155 #8 of 54.
2018-04-15 05:15:53,023 - haw2k - Pausing for 18 seconds... 8 of 54
2018-04-15 05:16:11,024 - haw2k - Trying to unfollow: 1436415997
2018-04-15 05:16:11,873 - haw2k - Unfollow: 1436415997 #9 of 54.
2018-04-15 05:16:11,874 - haw2k - Pausing for 30 seconds... 9 of 54
2018-04-15 05:16:41,901 - haw2k - Trying to unfollow: 6942436234
2018-04-15 05:16:42,592 - haw2k - Unfollow: 6942436234 #10 of 54.
2018-04-15 05:16:42,592 - haw2k - Pausing for 29 seconds... 10 of 54
2018-04-15 05:17:11,616 - haw2k - Trying to unfollow: 2660513611
2018-04-15 05:17:12,395 - haw2k - Unfollow: 2660513611 #11 of 54.
2018-04-15 05:17:12,395 - haw2k - Pausing for 22 seconds... 11 of 54
2018-04-15 05:17:34,921 - haw2k - Trying to unfollow: 4366190119
2018-04-15 05:17:35,718 - haw2k - Unfollow: 4366190119 #12 of 54.
2018-04-15 05:17:35,718 - haw2k - Pausing for 21 seconds... 12 of 54
2018-04-15 05:17:57,224 - haw2k - Trying to unfollow: 5783721206
2018-04-15 05:17:58,077 - haw2k - Unfollow: 5783721206 #13 of 54.
2018-04-15 05:17:58,078 - haw2k - Pausing for 19 seconds... 13 of 54
2018-04-15 05:18:17,097 - haw2k - Trying to unfollow: 195589011
2018-04-15 05:18:17,918 - haw2k - Unfollow: 195589011 #14 of 54.
2018-04-15 05:18:17,918 - haw2k - Pausing for 16 seconds... 14 of 54
2018-04-15 05:18:33,931 - haw2k - Trying to unfollow: 11020379
2018-04-15 05:18:34,719 - haw2k - Unfollow: 11020379 #15 of 54.
2018-04-15 05:18:34,719 - haw2k - Pausing for 21 seconds... 15 of 54
2018-04-15 05:18:55,736 - haw2k - Trying to unfollow: 1314442009
2018-04-15 05:18:56,003 - haw2k - Slow Down - Pausing for 5 minutes so we don't get banned!
2018-04-15 05:24:01,307 - haw2k - Unfollow: 1314442009 #16 of 54.
2018-04-15 05:24:01,308 - haw2k - Pausing for 29 seconds... 16 of 54
2018-04-15 05:24:30,808 - haw2k - Trying to unfollow: 3031310222
2018-04-15 05:24:31,608 - haw2k - Unfollow: 3031310222 #17 of 54.
2018-04-15 05:24:31,609 - haw2k - Pausing for 16 seconds... 17 of 54
2018-04-15 05:24:47,624 - haw2k - Trying to unfollow: 4740480085
2018-04-15 05:24:48,451 - haw2k - Unfollow: 4740480085 #18 of 54.
2018-04-15 05:24:48,452 - haw2k - Pausing for 22 seconds... 18 of 54
2018-04-15 05:25:10,962 - haw2k - Trying to unfollow: 4771371831
2018-04-15 05:25:11,604 - haw2k - Unfollow: 4771371831 #19 of 54.
2018-04-15 05:25:11,605 - haw2k - Pausing for 22 seconds... 19 of 54
2018-04-15 05:25:33,622 - haw2k - Trying to unfollow: 6454538192
2018-04-15 05:25:34,385 - haw2k - Unfollow: 6454538192 #20 of 54.
2018-04-15 05:25:34,385 - haw2k - Pausing for 16 seconds... 20 of 54
2018-04-15 05:25:50,395 - haw2k - Trying to unfollow: 1445572981
2018-04-15 05:25:50,707 - haw2k - Slow Down - Pausing for 5 minutes so we don't get banned!
2018-04-15 05:30:54,645 - haw2k - Unfollow: 1445572981 #21 of 54.
2018-04-15 05:30:54,646 - haw2k - Pausing for 29 seconds... 21 of 54
2018-04-15 05:31:23,648 - haw2k - Trying to unfollow: 2532980898
2018-04-15 05:31:24,424 - haw2k - Unfollow: 2532980898 #22 of 54.
2018-04-15 05:31:24,425 - haw2k - Pausing for 21 seconds... 22 of 54
2018-04-15 05:31:45,947 - haw2k - Trying to unfollow: 7499424732
2018-04-15 05:31:46,761 - haw2k - Unfollow: 7499424732 #23 of 54.
2018-04-15 05:31:46,762 - haw2k - Pausing for 17 seconds... 23 of 54
2018-04-15 05:32:04,234 - haw2k - Trying to unfollow: 49494758
2018-04-15 05:32:05,136 - haw2k - Unfollow: 49494758 #24 of 54.
2018-04-15 05:32:05,137 - haw2k - Pausing for 28 seconds... 24 of 54
2018-04-15 05:32:33,165 - haw2k - Trying to unfollow: 1371196654
2018-04-15 05:32:33,550 - haw2k - Slow Down - Pausing for 5 minutes so we don't get banned!
2018-04-15 05:37:37,977 - haw2k - Still no good :( Skipping and pausing for another 5 minutes
2018-04-15 05:42:41,158 - haw2k - Pausing for 28 seconds... 24 of 54
2018-04-15 05:43:09,618 - haw2k - Trying to unfollow: 5773729448
2018-04-15 05:43:10,917 - haw2k - Unfollow: 5773729448 #25 of 54.
2018-04-15 05:43:10,917 - haw2k - Pausing for 23 seconds... 25 of 54
2018-04-15 05:43:34,409 - haw2k - Trying to unfollow: 2366606823
2018-04-15 05:43:35,109 - haw2k - Unfollow: 2366606823 #26 of 54.
2018-04-15 05:43:35,110 - haw2k - Pausing for 24 seconds... 26 of 54
2018-04-15 05:43:59,541 - haw2k - Logout: likes - 181, follow - 54, unfollow - 26, comments - 0.
2018-04-15 05:43:59,542 - haw2k - Bot work time: 5:01:39.297043
2018-04-15 05:44:00,214 - haw2k - Logout success!
