2018-04-21 01:37:22,789 - haw22k - Instabot v1.2.0 started at 21.04.2018 01:37:

2018-04-21 01:37:22,790 - haw22k - Trying to login as haw22k...

2018-04-21 01:37:29,110 - haw22k - haw22k login success!
2018-04-21 01:37:29,110 - haw22k - Get media id by tag: code
2018-04-21 01:37:30,650 - haw22k - Removing already liked medias..
2018-04-21 01:37:30,694 - haw22k - Trying to like media: 1762277293068087974
2018-04-21 01:37:31,467 - haw22k - Liked: 1762277293068087974. Like #1.
2018-04-21 01:37:31,470 - haw22k - Trying to follow: 2298156193
2018-04-21 01:37:32,143 - haw22k - Followed: 2298156193 #1.
2018-04-21 01:37:32,852 - haw22k - Trying to unfollow #1: 
2018-04-21 01:37:32,853 - haw22k - fashion_shop__sochi_
2018-04-21 01:37:33,755 - haw22k - Unfollowed: 1354374232 #1.
2018-04-21 01:38:51,872 - haw22k - Trying to like media: 1762277227361012598
2018-04-21 01:38:52,419 - haw22k - Liked: 1762277227361012598. Like #2.
2018-04-21 01:40:16,524 - haw22k - Trying to like media: 1762277145471513714
2018-04-21 01:40:17,564 - haw22k - Liked: 1762277145471513714. Like #3.
2018-04-21 01:41:50,658 - haw22k - Trying to like media: 1762277121813923708
2018-04-21 01:41:51,446 - haw22k - Liked: 1762277121813923708. Like #4.
2018-04-21 01:42:00,455 - haw22k - Trying to unfollow #2: 
2018-04-21 01:42:00,462 - haw22k - _sato_yoshi_
2018-04-21 01:42:02,864 - haw22k - Unfollowed: 3411748192 #2.
2018-04-21 01:42:29,902 - haw22k - Already followed before 2298156193
2018-04-21 01:43:26,970 - haw22k - Trying to like media: 1762277118569317879
2018-04-21 01:43:27,706 - haw22k - Liked: 1762277118569317879. Like #5.
2018-04-21 01:44:51,810 - haw22k - Trying to like media: 1762277034800538189
2018-04-21 01:44:52,762 - haw22k - Liked: 1762277034800538189. Like #6.
2018-04-21 01:45:04,776 - haw22k - Trying to follow: 1047903259
2018-04-21 01:45:05,607 - haw22k - Followed: 1047903259 #2.
2018-04-21 01:46:15,350 - haw22k - Trying to like media: 1762276953213069319
2018-04-21 01:46:15,627 - haw22k - Not liked: 400
2018-04-21 01:46:18,636 - haw22k - Get media id by tag: sleep
2018-04-21 01:46:20,859 - haw22k - Removing already liked medias..
2018-04-21 01:47:20,978 - haw22k - Trying to unfollow #3: 
2018-04-21 01:47:20,985 - haw22k - fabreplus
2018-04-21 01:47:21,836 - haw22k - Unfollowed: 464917945 #3.
2018-04-21 01:47:45,878 - haw22k - Trying to like media: 1762281734004883940
2018-04-21 01:47:46,579 - haw22k - Liked: 1762281734004883940. Like #7.
2018-04-21 01:49:19,692 - haw22k - Trying to like media: 1762281630414134342
2018-04-21 01:49:20,441 - haw22k - Liked: 1762281630414134342. Like #8.
2018-04-21 01:49:41,466 - haw22k - Trying to follow: 1521527942
2018-04-21 01:49:42,787 - haw22k - Followed: 1521527942 #3.
2018-04-21 01:50:43,611 - haw22k - Trying to like media: 1762281503730927643
2018-04-21 01:50:43,877 - haw22k - Not liked: 400
2018-04-21 01:52:07,971 - haw22k - Trying to like media: 1762281375376685722
2018-04-21 01:52:08,511 - haw22k - Liked: 1762281375376685722. Like #9.
2018-04-21 01:52:23,526 - haw22k - Trying to unfollow #4: 
2018-04-21 01:52:23,533 - haw22k - mystechprod
2018-04-21 01:52:24,904 - haw22k - Unfollowed: 4700180484 #4.
2018-04-21 01:53:39,994 - haw22k - Trying to like media: 1762281075910715000
2018-04-21 01:53:40,814 - haw22k - Liked: 1762281075910715000. Like #10.
2018-04-21 01:54:43,871 - haw22k - Trying to follow: 5870279579
2018-04-21 01:54:45,175 - haw22k - Followed: 5870279579 #4.
2018-04-21 01:55:12,961 - haw22k - Trying to like media: 1762281033112629354
2018-04-21 01:55:13,939 - haw22k - Liked: 1762281033112629354. Like #11.
2018-04-21 01:56:35,024 - haw22k - Trying to like media: 1762280971087740454
2018-04-21 01:56:36,033 - haw22k - Liked: 1762280971087740454. Like #12.
2018-04-21 01:57:24,077 - haw22k - Trying to unfollow #5: 
2018-04-21 01:57:24,080 - haw22k - smfonline
2018-04-21 01:57:25,307 - haw22k - Unfollowed: 7281607412 #5.
2018-04-21 01:58:04,358 - haw22k - Trying to like media: 1762280790496231079
2018-04-21 01:58:05,354 - haw22k - Liked: 1762280790496231079. Like #13.
2018-04-21 01:59:35,457 - haw22k - Trying to like media: 1762280457326329732
2018-04-21 01:59:36,147 - haw22k - Liked: 1762280457326329732. Like #14.
2018-04-21 01:59:48,164 - haw22k - Trying to follow: 507792960
2018-04-21 01:59:49,562 - haw22k - Followed: 507792960 #5.
2018-04-21 02:01:05,511 - haw22k - Trying to like media: 1762276390595935894
2018-04-21 02:01:06,160 - haw22k - Liked: 1762276390595935894. Like #15.
2018-04-21 02:02:18,231 - haw22k - Trying to unfollow #6: 
2018-04-21 02:02:18,234 - haw22k - lady.pooch
2018-04-21 02:02:19,557 - haw22k - Unfollowed: 5895782223 #6.
2018-04-21 02:02:25,586 - haw22k - Trying to like media: 1762280065191908939
2018-04-21 02:02:26,318 - haw22k - Liked: 1762280065191908939. Like #16.
2018-04-21 02:03:56,413 - haw22k - Trying to like media: 1762280009283496924
2018-04-21 02:03:56,966 - haw22k - Liked: 1762280009283496924. Like #17.
2018-04-21 02:04:57,033 - haw22k - Trying to follow: 4484420102
2018-04-21 02:04:58,374 - haw22k - Followed: 4484420102 #6.
2018-04-21 02:05:20,144 - haw22k - Trying to like media: 1762279979670204385
2018-04-21 02:05:20,935 - haw22k - Liked: 1762279979670204385. Like #18.
2018-04-21 02:06:51,030 - haw22k - Trying to like media: 1762279918794976220
2018-04-21 02:06:51,727 - haw22k - Liked: 1762279918794976220. Like #19.
2018-04-21 02:07:33,771 - haw22k - Trying to unfollow #7: 
2018-04-21 02:07:33,777 - haw22k - robinopunturiero
2018-04-21 02:07:35,119 - haw22k - Unfollowed: 145461768 #7.
2018-04-21 02:08:11,174 - haw22k - Trying to like media: 1762279878872518560
2018-04-21 02:08:11,858 - haw22k - Liked: 1762279878872518560. Like #20.
