2018-04-21 01:37:22,786 - haw2k - Instabot v1.2.0 started at 21.04.2018 01:37:

2018-04-21 01:37:22,786 - haw2k - Trying to login as haw2k...

2018-04-21 01:37:26,334 - haw2k - haw2k login success!
2018-04-21 01:37:26,336 - haw2k - Get media id by tag: sleep
2018-04-21 01:37:27,787 - haw2k - Removing already liked medias..
2018-04-21 01:37:27,831 - haw2k - Trying to like media: 1762277250740064219
2018-04-21 01:37:29,086 - haw2k - Liked: 1762277250740064219. Like #1.
2018-04-21 01:37:29,087 - haw2k - Trying to follow: 6296104571
2018-04-21 01:37:29,804 - haw2k - Followed: 6296104571 #1.
2018-04-21 01:37:30,517 - haw2k - Trying to unfollow #1: 
2018-04-21 01:37:30,523 - haw2k - virage__
2018-04-21 01:37:31,352 - haw2k - Unfollowed: 3056067137 #1.
2018-04-21 01:38:52,446 - haw2k - Trying to like media: 1762276995473084882
2018-04-21 01:38:53,088 - haw2k - Liked: 1762276995473084882. Like #2.
2018-04-21 01:40:26,204 - haw2k - Trying to like media: 1762276894692882598
2018-04-21 01:40:27,947 - haw2k - Liked: 1762276894692882598. Like #3.
2018-04-21 01:41:52,036 - haw2k - Trying to unfollow #2: 
2018-04-21 01:41:52,039 - haw2k - prodecor.club
2018-04-21 01:41:52,790 - haw2k - Unfollowed: 2202417586 #2.
2018-04-21 01:41:55,802 - haw2k - Trying to like media: 1762276616232446694
2018-04-21 01:41:56,774 - haw2k - Liked: 1762276616232446694. Like #4.
2018-04-21 01:42:11,795 - haw2k - Trying to follow: 4147656952
2018-04-21 01:42:12,492 - haw2k - Followed: 4147656952 #2.
2018-04-21 01:43:25,336 - haw2k - Trying to like media: 1762276612197365743
2018-04-21 01:43:26,097 - haw2k - Liked: 1762276612197365743. Like #5.
2018-04-21 01:45:02,194 - haw2k - Trying to like media: 1762276437388125211
2018-04-21 01:45:03,589 - haw2k - Liked: 1762276437388125211. Like #6.
2018-04-21 01:46:30,675 - haw2k - Trying to like media: 1762276347471683892
2018-04-21 01:46:31,942 - haw2k - Liked: 1762276347471683892. Like #7.
2018-04-21 01:46:31,943 - haw2k - Trying to unfollow #3: 
2018-04-21 01:46:31,948 - haw2k - skfit
2018-04-21 01:46:33,004 - haw2k - Unfollowed: 737263829 #3.
2018-04-21 01:47:09,053 - haw2k - Trying to follow: 884644923
2018-04-21 01:47:09,918 - haw2k - Followed: 884644923 #3.
2018-04-21 01:47:55,882 - haw2k - Trying to like media: 1762276352856656251
2018-04-21 01:47:56,905 - haw2k - Liked: 1762276352856656251. Like #8.
2018-04-21 01:49:29,996 - haw2k - Trying to like media: 1762276308571703053
2018-04-21 01:49:31,077 - haw2k - Liked: 1762276308571703053. Like #9.
2018-04-21 01:50:58,176 - haw2k - Trying to like media: 1762275949716847415
2018-04-21 01:50:59,399 - haw2k - Liked: 1762275949716847415. Like #10.
2018-04-21 01:51:20,426 - haw2k - Trying to unfollow #4: 
2018-04-21 01:51:20,432 - haw2k - an_grandrealt
2018-04-21 01:51:21,019 - haw2k - Unfollowed: 7123707640 #4.
2018-04-21 01:51:57,072 - haw2k - Trying to follow: 6818043424
2018-04-21 01:51:57,797 - haw2k - Followed: 6818043424 #4.
2018-04-21 01:52:19,525 - haw2k - Trying to like media: 1762276230759334731
2018-04-21 01:52:20,261 - haw2k - Liked: 1762276230759334731. Like #11.
2018-04-21 01:53:53,370 - haw2k - Trying to like media: 1762274174551857101
2018-04-21 01:53:53,995 - haw2k - Liked: 1762274174551857101. Like #12.
2018-04-21 01:55:15,075 - haw2k - Trying to like media: 1762275970317867223
2018-04-21 01:55:16,303 - haw2k - Liked: 1762275970317867223. Like #13.
2018-04-21 01:56:01,352 - haw2k - Trying to unfollow #5: 
2018-04-21 01:56:01,354 - haw2k - dolcevita.ua
2018-04-21 01:56:02,002 - haw2k - Unfollowed: 4012168903 #5.
2018-04-21 01:56:50,067 - haw2k - Trying to like media: 1762275946637288268
2018-04-21 01:56:51,143 - haw2k - Liked: 1762275946637288268. Like #14.
2018-04-21 01:56:51,146 - haw2k - Trying to follow: 3718655023
2018-04-21 01:56:51,930 - haw2k - Followed: 3718655023 #5.
2018-04-21 01:58:20,011 - haw2k - Trying to like media: 1762273308186631506
2018-04-21 01:58:21,571 - haw2k - Liked: 1762273308186631506. Like #15.
2018-04-21 01:59:48,664 - haw2k - Trying to like media: 1762275844522724357
2018-04-21 01:59:49,623 - haw2k - Liked: 1762275844522724357. Like #16.
2018-04-21 02:00:37,667 - haw2k - Trying to unfollow #6: 
2018-04-21 02:00:37,673 - haw2k - clubrave_benincity
2018-04-21 02:00:38,427 - haw2k - Unfollowed: 3089701128 #6.
2018-04-21 02:01:14,474 - haw2k - Trying to like media: 1762275832166329697
2018-04-21 02:01:15,280 - haw2k - Liked: 1762275832166329697. Like #17.
2018-04-21 02:01:18,285 - haw2k - Get media id by tag: repeat
2018-04-21 02:01:19,709 - haw2k - Removing already liked medias..
2018-04-21 02:02:04,819 - haw2k - Trying to follow: 181455823
2018-04-21 02:02:05,526 - haw2k - Followed: 181455823 #6.
2018-04-21 02:02:42,300 - haw2k - Trying to like media: 1762288655807220090
2018-04-21 02:02:43,774 - haw2k - Liked: 1762288655807220090. Like #18.
2018-04-21 02:04:16,877 - haw2k - Trying to like media: 1762288639063471837
2018-04-21 02:04:18,104 - haw2k - Liked: 1762288639063471837. Like #19.
2018-04-21 02:05:36,188 - haw2k - Trying to unfollow #7: 
2018-04-21 02:05:36,192 - haw2k - musicmatters2018
2018-04-21 02:05:37,335 - haw2k - Unfollowed: 4270292363 #7.
2018-04-21 02:05:43,350 - haw2k - Trying to like media: 1762265293844687272
2018-04-21 02:05:44,480 - haw2k - Liked: 1762265293844687272. Like #20.
2018-04-21 02:07:11,567 - haw2k - Trying to like media: 1762288005059552194
2018-04-21 02:07:12,629 - haw2k - Liked: 1762288005059552194. Like #21.
2018-04-21 02:07:15,636 - haw2k - Trying to follow: 5663871405
2018-04-21 02:07:16,760 - haw2k - Followed: 5663871405 #7.
2018-04-21 02:08:35,664 - haw2k - Trying to like media: 1762287533377920550
2018-04-21 02:08:36,639 - haw2k - Liked: 1762287533377920550. Like #22.
