2018-04-20 04:34:37,946 - haw2k - Instabot v1.2.0 started at 20.04.2018 04:34:

2018-04-20 04:34:37,947 - haw2k - Trying to login as haw2k...

2018-04-20 04:34:45,093 - haw2k - Login error! Connection error!
2018-04-20 04:34:45,094 - haw2k - Removing already liked medias..
2018-04-20 04:34:45,094 - haw2k - Trying to unfollow #1: 
2018-04-20 04:34:48,109 - haw2k - Removing already liked medias..
2018-04-20 04:34:51,113 - haw2k - Removing already liked medias..
2018-04-20 04:34:54,118 - haw2k - Removing already liked medias..
2018-04-20 04:34:57,121 - haw2k - Removing already liked medias..
2018-04-20 04:35:00,125 - haw2k - Removing already liked medias..
2018-04-20 04:35:03,130 - haw2k - Removing already liked medias..
2018-04-20 04:35:06,134 - haw2k - Removing already liked medias..
2018-04-20 04:35:09,138 - haw2k - Removing already liked medias..
2018-04-20 04:35:12,142 - haw2k - Removing already liked medias..
2018-04-20 04:35:15,145 - haw2k - Removing already liked medias..
2018-04-20 04:35:18,149 - haw2k - Removing already liked medias..
2018-04-20 04:35:21,150 - haw2k - Removing already liked medias..
2018-04-20 04:35:24,153 - haw2k - Removing already liked medias..
2018-04-20 04:35:27,157 - haw2k - Removing already liked medias..
2018-04-20 04:35:30,161 - haw2k - Removing already liked medias..
2018-04-20 04:35:33,165 - haw2k - Removing already liked medias..
2018-04-20 04:35:36,169 - haw2k - Removing already liked medias..
2018-04-20 04:35:39,173 - haw2k - Removing already liked medias..
2018-04-20 04:35:42,178 - haw2k - Removing already liked medias..
2018-04-20 04:35:45,181 - haw2k - Removing already liked medias..
2018-04-20 04:35:48,183 - haw2k - Removing already liked medias..
2018-04-20 04:35:51,185 - haw2k - Removing already liked medias..
2018-04-20 04:35:54,187 - haw2k - Removing already liked medias..
2018-04-20 04:35:57,192 - haw2k - Removing already liked medias..
2018-04-20 04:36:00,196 - haw2k - Removing already liked medias..
2018-04-20 04:36:03,197 - haw2k - Removing already liked medias..
2018-04-20 04:36:06,201 - haw2k - Removing already liked medias..
2018-04-20 04:36:09,206 - haw2k - Removing already liked medias..
2018-04-20 04:36:12,210 - haw2k - Removing already liked medias..
2018-04-20 04:36:15,213 - haw2k - Removing already liked medias..
2018-04-20 04:36:18,219 - haw2k - Removing already liked medias..
2018-04-20 04:36:21,224 - haw2k - Removing already liked medias..
2018-04-20 04:36:24,229 - haw2k - Removing already liked medias..
2018-04-20 04:36:27,234 - haw2k - Removing already liked medias..
2018-04-20 04:36:30,238 - haw2k - Removing already liked medias..
2018-04-20 04:36:33,243 - haw2k - Removing already liked medias..
2018-04-20 04:36:36,247 - haw2k - Removing already liked medias..
2018-04-20 04:36:39,249 - haw2k - Removing already liked medias..
2018-04-20 04:36:42,253 - haw2k - Removing already liked medias..
2018-04-20 04:36:45,257 - haw2k - Removing already liked medias..
2018-04-20 04:36:48,261 - haw2k - Removing already liked medias..
2018-04-20 04:36:51,265 - haw2k - Removing already liked medias..
2018-04-20 04:36:54,269 - haw2k - Removing already liked medias..
2018-04-20 04:36:57,273 - haw2k - Removing already liked medias..
2018-04-20 04:37:00,278 - haw2k - Removing already liked medias..
2018-04-20 04:37:03,282 - haw2k - Removing already liked medias..
2018-04-20 04:37:06,286 - haw2k - Removing already liked medias..
2018-04-20 04:37:09,290 - haw2k - Removing already liked medias..
2018-04-20 04:37:12,295 - haw2k - Removing already liked medias..
2018-04-20 04:37:15,299 - haw2k - Removing already liked medias..
2018-04-20 04:37:18,302 - haw2k - Removing already liked medias..
2018-04-20 04:37:21,307 - haw2k - Removing already liked medias..
2018-04-20 04:37:24,310 - haw2k - Removing already liked medias..
2018-04-20 04:37:27,314 - haw2k - Removing already liked medias..
2018-04-20 04:37:30,315 - haw2k - Removing already liked medias..
2018-04-20 04:37:33,319 - haw2k - Removing already liked medias..
2018-04-20 04:37:36,323 - haw2k - Removing already liked medias..
2018-04-20 04:37:39,327 - haw2k - Removing already liked medias..
2018-04-20 04:37:42,331 - haw2k - Removing already liked medias..
2018-04-20 04:37:45,335 - haw2k - Removing already liked medias..
2018-04-20 04:37:48,340 - haw2k - Removing already liked medias..
2018-04-20 04:37:51,344 - haw2k - Removing already liked medias..
2018-04-20 04:37:54,345 - haw2k - Removing already liked medias..
2018-04-20 04:37:57,349 - haw2k - Removing already liked medias..
2018-04-20 04:38:00,353 - haw2k - Removing already liked medias..
2018-04-20 04:38:03,357 - haw2k - Removing already liked medias..
2018-04-20 04:38:06,361 - haw2k - Removing already liked medias..
2018-04-20 04:38:09,364 - haw2k - Removing already liked medias..
2018-04-20 04:38:12,367 - haw2k - Removing already liked medias..
2018-04-20 04:38:15,371 - haw2k - Removing already liked medias..
