2018-04-20 04:34:37,939 - haw22k - Instabot v1.2.0 started at 20.04.2018 04:34:

2018-04-20 04:34:37,940 - haw22k - Trying to login as haw22k...

2018-04-20 04:34:47,140 - haw22k - Login error! Connection error!
2018-04-20 04:34:47,141 - haw22k - Removing already liked medias..
2018-04-20 04:34:47,141 - haw22k - Trying to unfollow #1: 
2018-04-20 04:34:50,149 - haw22k - Removing already liked medias..
2018-04-20 04:34:53,152 - haw22k - Removing already liked medias..
2018-04-20 04:34:56,156 - haw22k - Removing already liked medias..
2018-04-20 04:34:59,166 - haw22k - Removing already liked medias..
2018-04-20 04:35:02,169 - haw22k - Removing already liked medias..
2018-04-20 04:35:05,173 - haw22k - Removing already liked medias..
2018-04-20 04:35:08,176 - haw22k - Removing already liked medias..
2018-04-20 04:35:11,180 - haw22k - Removing already liked medias..
2018-04-20 04:35:14,184 - haw22k - Removing already liked medias..
2018-04-20 04:35:17,185 - haw22k - Removing already liked medias..
2018-04-20 04:35:20,185 - haw22k - Removing already liked medias..
2018-04-20 04:35:23,189 - haw22k - Removing already liked medias..
2018-04-20 04:35:26,193 - haw22k - Removing already liked medias..
2018-04-20 04:35:29,197 - haw22k - Removing already liked medias..
2018-04-20 04:35:32,201 - haw22k - Removing already liked medias..
2018-04-20 04:35:35,205 - haw22k - Removing already liked medias..
2018-04-20 04:35:38,208 - haw22k - Removing already liked medias..
2018-04-20 04:35:41,212 - haw22k - Removing already liked medias..
2018-04-20 04:35:44,216 - haw22k - Removing already liked medias..
2018-04-20 04:35:47,218 - haw22k - Removing already liked medias..
2018-04-20 04:35:50,221 - haw22k - Removing already liked medias..
2018-04-20 04:35:53,232 - haw22k - Removing already liked medias..
2018-04-20 04:35:56,234 - haw22k - Removing already liked medias..
2018-04-20 04:35:59,237 - haw22k - Removing already liked medias..
2018-04-20 04:36:02,241 - haw22k - Removing already liked medias..
2018-04-20 04:36:05,245 - haw22k - Removing already liked medias..
2018-04-20 04:36:08,249 - haw22k - Removing already liked medias..
2018-04-20 04:36:11,253 - haw22k - Removing already liked medias..
2018-04-20 04:36:14,257 - haw22k - Removing already liked medias..
2018-04-20 04:36:17,260 - haw22k - Removing already liked medias..
2018-04-20 04:36:20,264 - haw22k - Removing already liked medias..
2018-04-20 04:36:23,268 - haw22k - Removing already liked medias..
2018-04-20 04:36:26,272 - haw22k - Removing already liked medias..
2018-04-20 04:36:29,277 - haw22k - Removing already liked medias..
2018-04-20 04:36:32,281 - haw22k - Removing already liked medias..
2018-04-20 04:36:35,285 - haw22k - Removing already liked medias..
2018-04-20 04:36:38,289 - haw22k - Removing already liked medias..
2018-04-20 04:36:41,293 - haw22k - Removing already liked medias..
2018-04-20 04:36:44,297 - haw22k - Removing already liked medias..
2018-04-20 04:36:47,301 - haw22k - Removing already liked medias..
2018-04-20 04:36:50,304 - haw22k - Removing already liked medias..
2018-04-20 04:36:53,309 - haw22k - Removing already liked medias..
2018-04-20 04:36:56,312 - haw22k - Removing already liked medias..
2018-04-20 04:36:59,316 - haw22k - Removing already liked medias..
2018-04-20 04:37:02,320 - haw22k - Removing already liked medias..
2018-04-20 04:37:05,323 - haw22k - Removing already liked medias..
2018-04-20 04:37:08,327 - haw22k - Removing already liked medias..
2018-04-20 04:37:11,331 - haw22k - Removing already liked medias..
2018-04-20 04:37:14,336 - haw22k - Removing already liked medias..
2018-04-20 04:37:17,340 - haw22k - Removing already liked medias..
2018-04-20 04:37:20,343 - haw22k - Removing already liked medias..
2018-04-20 04:37:23,347 - haw22k - Removing already liked medias..
2018-04-20 04:37:26,352 - haw22k - Removing already liked medias..
2018-04-20 04:37:29,355 - haw22k - Removing already liked medias..
2018-04-20 04:37:32,359 - haw22k - Removing already liked medias..
2018-04-20 04:37:35,364 - haw22k - Removing already liked medias..
2018-04-20 04:37:38,368 - haw22k - Removing already liked medias..
2018-04-20 04:37:41,372 - haw22k - Removing already liked medias..
2018-04-20 04:37:44,375 - haw22k - Removing already liked medias..
2018-04-20 04:37:47,377 - haw22k - Removing already liked medias..
2018-04-20 04:37:50,380 - haw22k - Removing already liked medias..
2018-04-20 04:37:53,384 - haw22k - Removing already liked medias..
2018-04-20 04:37:56,388 - haw22k - Removing already liked medias..
2018-04-20 04:37:59,392 - haw22k - Removing already liked medias..
2018-04-20 04:38:02,393 - haw22k - Removing already liked medias..
2018-04-20 04:38:05,397 - haw22k - Removing already liked medias..
2018-04-20 04:38:08,401 - haw22k - Removing already liked medias..
2018-04-20 04:38:11,405 - haw22k - Removing already liked medias..
2018-04-20 04:38:14,416 - haw22k - Removing already liked medias..
