2018-04-07 06:07:28,463 - shotaowl - Instabot v1.2.0 started at 07.04.2018 06:07:

2018-04-07 06:07:28,463 - shotaowl - Trying to login as shotaowl...

2018-04-07 06:07:41,686 - shotaowl - shotaowl login success!
2018-04-07 06:07:41,688 - shotaowl - Get media id by tag: krasnaypolyna
2018-04-07 06:07:43,328 - shotaowl - Removing already liked medias..
2018-04-07 06:07:43,386 - shotaowl - Keep calm - It's your own profile ;)
2018-04-07 06:07:43,386 - shotaowl - Trying to unfollow #1: 
2018-04-07 06:07:43,387 - shotaowl - Looks like there is nobody to unfollow.
2018-04-07 06:07:46,390 - shotaowl - Keep calm - It's your own profile ;)
2018-04-07 06:07:49,394 - shotaowl - Keep calm - It's your own profile ;)
2018-04-07 06:07:52,398 - shotaowl - Keep calm - It's your own profile ;)
2018-04-07 06:07:55,401 - shotaowl - Keep calm - It's your own profile ;)
2018-04-07 06:07:58,403 - shotaowl - Keep calm - It's your own profile ;)
2018-04-07 06:08:01,404 - shotaowl - Keep calm - It's your own profile ;)
2018-04-07 06:08:04,408 - shotaowl - Keep calm - It's your own profile ;)
2018-04-07 06:08:07,411 - sho2018-04-07 06:09:13,056 - shotaowl - Trying to like media: 1752149374877745621
2018-04-07 06:09:13,908 - shotaowl - Liked: 1752149374877745621. Like #2.
2018-04-07 06:11:24,815 - shotaowl - Get media id by tag: sochi
2018-04-07 06:11:26,909 - shotaowl - Removing already liked medias..
2018-04-07 06:11:26,969 - shotaowl - Trying to like media: 1752268297246938374
2018-04-07 06:11:27,671 - shotaowl - Liked: 1752268297246938374. Like #3.
2018-04-07 06:12:16,171 - shotaowl - Trying to follow: 1435622210
2018-04-07 06:12:17,293 - shotaowl - Followed: 1435622210 #2.
2018-04-07 06:12:57,745 - shotaowl - Trying to like media: 1752267899299845382
2018-04-07 06:12:58,691 - shotaowl - Liked: 1752267899299845382. Like #4.
2018-04-07 06:12:58,691 - shotaowl - Trying to unfollow #2: 
2018-04-07 06:12:58,692 - shotaowl - Looks like there is nobody to unfollow.
2018-04-07 06:14:22,770 - shotaowl - Trying to like media: 1752267782546657304
2018-04-07 06:14:24,438 - shotaowl - Liked: 1752267782546657304. Like #5.
2018-04-07 06:15:52,369 - shotaowl - Trying to like media: 1752267581068489373
2018-04-07 06:15:53,589 - shotaowl - Liked: 1752267581068489373. Like #6.
2018-04-07 06:17:09,612 - shotaowl - Trying to follow: 1519160756
2018-04-07 06:17:10,227 - shotaowl - Followed: 1519160756 #3.
2018-04-07 06:17:29,117 - shotaowl - Trying to like media: 1752267479365461051
2018-04-07 06:17:31,102 - shotaowl - Liked: 1752267479365461051. Like #7.
2018-04-07 06:18:10,590 - shotaowl - Trying to unfollow #2: 
2018-04-07 06:18:10,591 - shotaowl - Getting user info : big_boss_coach
2018-04-07 06:18:11,578 - shotaowl - Checking user info..
2018-04-07 06:18:11,578 - shotaowl - Follower : 7180
2018-04-07 06:18:11,578 - shotaowl - Following : 6492
2018-04-07 06:18:11,578 - shotaowl - Media : 0
2018-04-07 06:18:11,578 - shotaowl - big_boss_coach
2018-04-07 06:18:12,690 - shotaowl - Unfollowed: 319513880 #2.
2018-04-07 06:19:04,192 - shotaowl - Trying to like media: 1752266966778813640
2018-04-07 06:19:05,041 - shotaowl - Liked: 1752266966778813640. Like #8.
2018-04-07 06:20:32,119 - shotaowl - Trying to like media: 1752266876359375797
2018-04-07 06:20:32,780 - shotaowl - Liked: 1752266876359375797. Like #9.
2018-04-07 06:21:39,335 - shotaowl - Trying to follow: 49777191
2018-04-07 06:21:41,117 - shotaowl - Followed: 49777191 #4.
2018-04-07 06:21:59,909 - shotaowl - Trying to like media: 1752266862693284751
2018-04-07 06:22:01,147 - shotaowl - Liked: 1752266862693284751. Like #10.
2018-04-07 06:23:07,639 - shotaowl - Trying to unfollow #3: 
2018-04-07 06:23:07,640 - shotaowl - Getting user info : maxximalist_restaurateur
2018-04-07 06:23:08,265 - shotaowl - Checking user info..
2018-04-07 06:23:08,265 - shotaowl - Follower : 261
2018-04-07 06:23:08,265 - shotaowl - Following : 69
2018-04-07 06:23:08,265 - shotaowl - Media : 0
2018-04-07 06:23:08,265 - shotaowl - maxximalist_restaurateur
2018-04-07 06:23:09,439 - shotaowl - Unfollowed: 6291252499 #3.
2018-04-07 06:23:24,463 - shotaowl - Trying to like media: 1752266747183350680
2018-04-07 06:23:25,488 - shotaowl - Liked: 1752266747183350680. Like #11.
2018-04-07 06:24:53,427 - shotaowl - Trying to like media: 1752266648549523647
2018-04-07 06:24:54,561 - shotaowl - Liked: 1752266648549523647. Like #12.
2018-04-07 06:26:28,553 - shotaowl - Trying to like media: 1752266529011224235
2018-04-07 06:26:29,713 - shotaowl - Liked: 1752266529011224235. Like #13.
2018-04-07 06:26:29,714 - shotaowl - Trying to follow: 1465516000
2018-04-07 06:26:30,393 - shotaowl - Followed: 1465516000 #5.
2018-04-07 06:27:52,465 - shotaowl - Trying to like media: 1752266507721094938
2018-04-07 06:27:53,348 - shotaowl - Liked: 1752266507721094938. Like #14.
2018-04-07 06:28:02,760 - shotaowl - Trying to unfollow #4: 
2018-04-07 06:28:02,760 - shotaowl - Getting user info : murjana_l
2018-04-07 06:28:04,350 - shotaowl - Checking user info..
2018-04-07 06:28:04,351 - shotaowl - Follower : 968
2018-04-07 06:28:04,351 - shotaowl - Following : 305
2018-04-07 06:28:04,351 - shotaowl - Media : 0
2018-04-07 06:28:04,351 - shotaowl - murjana_l
2018-04-07 06:28:04,853 - shotaowl - Unfollowed: 1465516000 #4.
2018-04-07 06:29:14,337 - shotaowl - Trying to like media: 1752266360225674966
2018-04-07 06:29:16,080 - shotaowl - Liked: 1752266360225674966. Like #15.
2018-04-07 06:30:41,506 - shotaowl - Trying to like media: 1752266232265877553
2018-04-07 06:30:42,517 - shotaowl - Liked: 1752266232265877553. Like #16.
2018-04-07 06:31:18,998 - shotaowl - Trying to follow: 1502864480
2018-04-07 06:31:20,038 - shotaowl - Followed: 1502864480 #6.
2018-04-07 06:32:09,217 - shotaowl - Trying to like media: 1752264061451831146
2018-04-07 06:32:09,997 - shotaowl - Liked: 1752264061451831146. Like #17.
2018-04-07 06:33:10,989 - shotaowl - Trying to unfollow #5: 
2018-04-07 06:33:10,990 - shotaowl - Getting user info : figurka_sochi
2018-04-07 06:33:11,532 - shotaowl - Checking user info..
2018-04-07 06:33:11,532 - shotaowl - Follower : 3388
2018-04-07 06:33:11,532 - shotaowl - Following : 4757
2018-04-07 06:33:11,532 - shotaowl - Media : 0
2018-04-07 06:33:11,532 - shotaowl - figurka_sochi
2018-04-07 06:33:12,348 - shotaowl - Unfollowed: 4736198424 #5.
2018-04-07 06:33:36,380 - shotaowl - Trying to like media: 1752266040921106826
2018-04-07 06:33:37,194 - shotaowl - Liked: 1752266040921106826. Like #18.
2018-04-07 06:35:11,140 - shotaowl - Trying to like media: 1752266040216946336
2018-04-07 06:35:12,464 - shotaowl - Liked: 1752266040216946336. Like #19.
2018-04-07 06:36:36,532 - shotaowl - Trying to follow: 4549480644
2018-04-07 06:36:38,379 - shotaowl - Followed: 4549480644 #7.
2018-04-07 06:36:42,019 - shotaowl - Trying to like media: 1752265872435437892
2018-04-07 06:36:42,574 - shotaowl - Liked: 1752265872435437892. Like #20.
2018-04-07 06:38:10,496 - shotaowl - Keep calm - It's already liked ;)
2018-04-07 06:38:10,496 - shotaowl - Trying to unfollow #6: 
2018-04-07 06:38:10,497 - shotaowl - Getting user info : avelevas.official
2018-04-07 06:38:11,439 - shotaowl - Checking user info..
2018-04-07 06:38:11,439 - shotaowl - Follower : 3568
2018-04-07 06:38:11,439 - shotaowl - Following : 9
2018-04-07 06:38:11,439 - shotaowl - Media : 0
2018-04-07 06:38:11,439 - shotaowl - avelevas.official
2018-04-07 06:38:12,466 - shotaowl - Unfollowed: 4549480644 #6.
2018-04-07 06:38:15,475 - shotaowl - Trying to like media: 1752265592523757934
2018-04-07 06:38:16,239 - shotaowl - Liked: 1752265592523757934. Like #21.
2018-04-07 06:39:38,170 - shotaowl - Trying to like media: 1752265505365830273
2018-04-07 06:39:38,726 - shotaowl - Liked: 1752265505365830273. Like #22.
2018-04-07 06:40:57,266 - shotaowl - Trying to like media: 1752265319509151875
2018-04-07 06:40:59,072 - shotaowl - Liked: 1752265319509151875. Like #23.
2018-04-07 06:41:35,101 - shotaowl - Trying to follow: 6422427365
2018-04-07 06:41:36,512 - shotaowl - Followed: 6422427365 #8.
2018-04-07 06:42:34,766 - shotaowl - Keep calm - It's already liked ;)
2018-04-07 06:42:37,770 - shotaowl - Trying to like media: 1752264836006710045
2018-04-07 06:42:38,375 - shotaowl - Liked: 1752264836006710045. Like #24.
2018-04-07 06:43:02,400 - shotaowl - Trying to unfollow #7: 
2018-04-07 06:43:02,401 - shotaowl - Getting user info : rustaveli_sochi
2018-04-07 06:43:03,126 - shotaowl - Checking user info..
2018-04-07 06:43:03,126 - shotaowl - Follower : 5694
2018-04-07 06:43:03,126 - shotaowl - Following : 132
2018-04-07 06:43:03,126 - shotaowl - Media : 0
2018-04-07 06:43:03,127 - shotaowl - rustaveli_sochi
2018-04-07 06:43:03,860 - shotaowl - Unfollowed: 5356120190 #7.
2018-04-07 06:44:04,331 - shotaowl - Trying to like media: 1752264655685026728
2018-04-07 06:44:05,247 - shotaowl - Liked: 1752264655685026728. Like #25.
2018-04-07 06:45:30,826 - shotaowl - Trying to like media: 1752264611435222383
2018-04-07 06:45:31,650 - shotaowl - Liked: 1752264611435222383. Like #26.
2018-04-07 06:46:38,649 - shotaowl - Trying to follow: 575652307
2018-04-07 06:46:39,785 - shotaowl - Followed: 575652307 #9.
2018-04-07 06:46:55,474 - shotaowl - Trying to like media: 1752264569172035129
2018-04-07 06:46:56,015 - shotaowl - Liked: 1752264569172035129. Like #27.
2018-04-07 06:47:57,024 - shotaowl - Trying to unfollow #8: 
2018-04-07 06:47:57,025 - shotaowl - Getting user info : chertoffkadi
2018-04-07 06:47:57,761 - shotaowl - Checking user info..
2018-04-07 06:47:57,762 - shotaowl - Follower : 2351
2018-04-07 06:47:57,762 - shotaowl - Following : 871
2018-04-07 06:47:57,762 - shotaowl - Media : 0
2018-04-07 06:47:57,762 - shotaowl - chertoffkadi
2018-04-07 06:47:58,248 - shotaowl - Unfollowed: 575652307 #8.
2018-04-07 06:48:25,277 - shotaowl - Trying to like media: 1752263696489679116
2018-04-07 06:48:25,774 - shotaowl - Liked: 1752263696489679116. Like #28.
2018-04-07 06:49:54,453 - shotaowl - Trying to like media: 1752264170353735887
2018-04-07 06:49:55,382 - shotaowl - Liked: 1752264170353735887. Like #29.
2018-04-07 06:51:17,259 - shotaowl - Trying to follow: 4192264094
2018-04-07 06:51:20,030 - shotaowl - Followed: 4192264094 #10.
2018-04-07 06:51:23,755 - shotaowl - Trying to like media: 1752264153265040058
2018-04-07 06:51:24,227 - shotaowl - Liked: 1752264153265040058. Like #30.
2018-04-07 06:52:31,192 - shotaowl - Trying to unfollow #9: 
2018-04-07 06:52:31,193 - shotaowl - Getting user info : skoro_le
2018-04-07 06:52:31,753 - shotaowl - Checking user info..
2018-04-07 06:52:31,753 - shotaowl - Follower : 1485
2018-04-07 06:52:31,753 - shotaowl - Following : 245
2018-04-07 06:52:31,753 - shotaowl - Media : 0
2018-04-07 06:52:31,753 - shotaowl - skoro_le
2018-04-07 06:52:33,295 - shotaowl - Unfollowed: 293796221 #9.
2018-04-07 06:52:54,325 - shotaowl - Trying to like media: 1752263206402150117
2018-04-07 06:52:57,568 - shotaowl - Liked: 1752263206402150117. Like #31.
2018-04-07 06:54:28,573 - shotaowl - Trying to like media: 1752263433951596748
2018-04-07 06:54:29,189 - shotaowl - Liked: 1752263433951596748. Like #32.
2018-04-07 06:56:05,732 - shotaowl - Trying to like media: 1752263097424557934
2018-04-07 06:56:07,795 - shotaowl - Liked: 1752263097424557934. Like #33.
2018-04-07 06:56:10,798 - shotaowl - Trying to follow: 283590461
2018-04-07 06:56:11,540 - shotaowl - Followed: 283590461 #11.
2018-04-07 06:57:40,601 - shotaowl - Trying to like media: 1752262841288078047
2018-04-07 06:57:41,324 - shotaowl - Liked: 1752262841288078047. Like #34.
2018-04-07 06:57:47,330 - shotaowl - Trying to unfollow #10: 
2018-04-07 06:57:47,331 - shotaowl - Getting user info : nataly_smurf
2018-04-07 06:57:48,291 - shotaowl - Checking user info..
2018-04-07 06:57:48,291 - shotaowl - Follower : 1514
2018-04-07 06:57:48,291 - shotaowl - Following : 1
2018-04-07 06:57:48,291 - shotaowl - Media : 0
2018-04-07 06:57:48,291 - shotaowl - nataly_smurf
2018-04-07 06:57:48,955 - shotaowl - Unfollowed: 7336737763 #10.
2018-04-07 06:59:16,884 - shotaowl - Trying to like media: 1752262723678635071
2018-04-07 06:59:17,471 - shotaowl - Liked: 1752262723678635071. Like #35.
2018-04-07 06:59:20,474 - shotaowl - Get media id by tag: краснаяполяна
2018-04-07 06:59:23,222 - shotaowl - Removing already liked medias..
2018-04-07 07:00:48,706 - shotaowl - Trying to like media: 1752292397583050301
2018-04-07 07:00:50,346 - shotaowl - Liked: 1752292397583050301. Like #36.
2018-04-07 07:00:56,352 - shotaowl - Trying to follow: 5829956308
2018-04-07 07:00:57,747 - shotaowl - Followed: 5829956308 #12.
2018-04-07 07:02:08,558 - shotaowl - Trying to like media: 1752291771875998655
2018-04-07 07:02:09,646 - shotaowl - Liked: 1752291771875998655. Like #37.
2018-04-07 07:02:25,146 - shotaowl - Trying to unfollow #11: 
2018-04-07 07:02:25,147 - shotaowl - Getting user info : alena_my_life
2018-04-07 07:02:26,456 - shotaowl - Checking user info..
2018-04-07 07:02:26,456 - shotaowl - Follower : 272
2018-04-07 07:02:26,456 - shotaowl - Following : 150
2018-04-07 07:02:26,456 - shotaowl - Media : 0
2018-04-07 07:02:26,456 - shotaowl - alena_my_life
2018-04-07 07:02:27,294 - shotaowl - Unfollowed: 5829956308 #11.
2018-04-07 07:03:42,361 - shotaowl - Trying to like media: 1752291693057907030
2018-04-07 07:03:43,264 - shotaowl - Liked: 1752291693057907030. Like #38.
2018-04-07 07:05:11,568 - shotaowl - Trying to like media: 1752290899251089274
2018-04-07 07:05:18,422 - shotaowl - Liked: 1752290899251089274. Like #39.
2018-04-07 07:05:21,426 - shotaowl - Trying to follow: 2108979525
2018-04-07 07:05:22,297 - shotaowl - Followed: 2108979525 #13.
2018-04-07 07:06:54,305 - shotaowl - Trying to like media: 1752290430042850719
2018-04-07 07:06:55,344 - shotaowl - Liked: 1752290430042850719. Like #40.
2018-04-07 07:07:04,764 - shotaowl - Trying to unfollow #12: 
2018-04-07 07:07:04,765 - shotaowl - Getting user info : daviddavidov111
2018-04-07 07:07:05,809 - shotaowl - Checking user info..
2018-04-07 07:07:05,810 - shotaowl - Follower : 1516
2018-04-07 07:07:05,810 - shotaowl - Following : 489
2018-04-07 07:07:05,810 - shotaowl - Media : 0
2018-04-07 07:07:05,810 - shotaowl - daviddavidov111
2018-04-07 07:07:06,295 - shotaowl - Unfollowed: 2108979525 #12.
2018-04-07 07:08:25,313 - shotaowl - Trying to like media: 1752290275600217858
2018-04-07 07:08:26,838 - shotaowl - Liked: 1752290275600217858. Like #41.
2018-04-07 07:09:54,859 - shotaowl - Trying to like media: 1752289607507456737
2018-04-07 07:09:56,084 - shotaowl - Liked: 1752289607507456737. Like #42.
2018-04-07 07:10:08,092 - shotaowl - Already followed before 1579193970
2018-04-07 07:11:29,813 - shotaowl - Keep calm - It's already liked ;)
2018-04-07 07:11:32,817 - shotaowl - Trying to like media: 1752289022241258505
2018-04-07 07:11:34,150 - shotaowl - Liked: 1752289022241258505. Like #43.
2018-04-07 07:11:37,150 - shotaowl - Trying to unfollow #13: 
2018-04-07 07:11:37,151 - shotaowl - Getting user info : lavandasochi
2018-04-07 07:11:38,146 - shotaowl - Checking user info..
2018-04-07 07:11:38,146 - shotaowl - Follower : 3232
2018-04-07 07:11:38,146 - shotaowl - Following : 4422
2018-04-07 07:11:38,146 - shotaowl - Media : 0
2018-04-07 07:11:38,147 - shotaowl - lavandasochi
2018-04-07 07:11:38,885 - shotaowl - Unfollowed: 4163485324 #13.
2018-04-07 07:12:29,936 - shotaowl - Trying to follow: 4472402496
2018-04-07 07:12:30,809 - shotaowl - Followed: 4472402496 #14.
2018-04-07 07:13:11,393 - shotaowl - Keep calm - It's already liked ;)
2018-04-07 07:13:14,398 - shotaowl - Trying to like media: 1752287979605788285
2018-04-07 07:13:16,175 - shotaowl - Liked: 1752287979605788285. Like #44.
2018-04-07 07:14:38,127 - shotaowl - Keep calm - It's already liked ;)
2018-04-07 07:14:41,591 - shotaowl - Trying to like media: 1752287073391475630
2018-04-07 07:14:42,298 - shotaowl - Liked: 1752287073391475630. Like #45.
2018-04-07 07:16:01,252 - shotaowl - Trying to unfollow #14: 
2018-04-07 07:16:01,253 - shotaowl - Getting user info : shiftmotion.ru
2018-04-07 07:16:02,385 - shotaowl - Checking user info..
2018-04-07 07:16:02,386 - shotaowl - Follower : 2397
2018-04-07 07:16:02,386 - shotaowl - Following : 28
2018-04-07 07:16:02,386 - shotaowl - Media : 0
2018-04-07 07:16:02,386 - shotaowl - shiftmotion.ru
2018-04-07 07:16:03,092 - shotaowl - Unfollowed: 4206834780 #14.
2018-04-07 07:16:06,100 - shotaowl - Keep calm - It's already liked ;)
2018-04-07 07:16:09,105 - shotaowl - Trying to like media: 1752286275770872192
2018-04-07 07:16:09,683 - shotaowl - Liked: 1752286275770872192. Like #46.
2018-04-07 07:17:16,263 - shotaowl - Trying to follow: 5792667166
2018-04-07 07:17:17,631 - shotaowl - Followed: 5792667166 #15.
2018-04-07 07:17:33,324 - shotaowl - Keep calm - It's already liked ;)
2018-04-07 07:17:36,328 - shotaowl - Trying to like media: 1752284845051237008
2018-04-07 07:17:41,415 - shotaowl - Liked: 1752284845051237008. Like #47.
2018-04-07 07:19:12,592 - shotaowl - Keep calm - It's already liked ;)
2018-04-07 07:19:15,598 - shotaowl - Keep calm - It's already liked ;)
2018-04-07 07:19:18,603 - shotaowl - Trying to like media: 1752282998819518079
2018-04-07 07:19:19,288 - shotaowl - Liked: 1752282998819518079. Like #48.
2018-04-07 07:20:41,248 - shotaowl - Trying to like media: 1752282748191788402
2018-04-07 07:20:45,062 - shotaowl - Liked: 1752282748191788402. Like #49.
2018-04-07 07:20:57,073 - shotaowl - Trying to unfollow #15: 
2018-04-07 07:20:57,074 - shotaowl - Getting user info : brand_dress7
2018-04-07 07:20:57,557 - shotaowl - Checking user info..
2018-04-07 07:20:57,558 - shotaowl - Follower : 8531
2018-04-07 07:20:57,558 - shotaowl - Following : 6284
2018-04-07 07:20:57,558 - shotaowl - Media : 0
2018-04-07 07:20:57,558 - shotaowl - brand_dress7
2018-04-07 07:20:58,414 - shotaowl - Unfollowed: 5792667166 #15.
2018-04-07 07:21:43,469 - shotaowl - Trying to follow: 1708070041
2018-04-07 07:21:46,574 - shotaowl - Followed: 1708070041 #16.
2018-04-07 07:22:05,302 - shotaowl - Keep calm - It's already liked ;)
2018-04-07 07:22:08,308 - shotaowl - Trying to like media: 1752281525126083637
2018-04-07 07:22:09,101 - shotaowl - Liked: 1752281525126083637. Like #50.
2018-04-07 07:23:46,017 - shotaowl - Keep calm - It's already liked ;)
2018-04-07 07:23:49,022 - shotaowl - Keep calm - It's already liked ;)
2018-04-07 07:23:52,029 - shotaowl - Trying to like media: 1752280212988260807
2018-04-07 07:23:53,468 - shotaowl - Liked: 1752280212988260807. Like #51.
2018-04-07 07:23:56,473 - shotaowl - Get media id by tag: сочи
2018-04-07 07:24:03,507 - shotaowl - Removing already liked medias..
2018-04-07 07:25:19,417 - shotaowl - Trying to like media: 1752304218020976211
2018-04-07 07:25:20,385 - shotaowl - Liked: 1752304218020976211. Like #52.
2018-04-07 07:26:02,422 - shotaowl - Trying to unfollow #16: 
2018-04-07 07:26:02,423 - shotaowl - Getting user info : babydi0504
2018-04-07 07:26:03,408 - shotaowl - Checking user info..
2018-04-07 07:26:03,408 - shotaowl - Follower : 1104
2018-04-07 07:26:03,409 - shotaowl - Following : 635
2018-04-07 07:26:03,409 - shotaowl - Media : 0
2018-04-07 07:26:03,409 - shotaowl - babydi0504
2018-04-07 07:26:04,357 - shotaowl - Unfollowed: 5873583591 #16.
2018-04-07 07:26:37,819 - shotaowl - Trying to follow: 1800407782
2018-04-07 07:26:39,121 - shotaowl - Followed: 1800407782 #17.
2018-04-07 07:26:57,891 - shotaowl - Trying to like media: 1752304473681452108
2018-04-07 07:26:58,779 - shotaowl - Liked: 1752304473681452108. Like #53.
2018-04-07 07:28:35,303 - shotaowl - Trying to like media: 1752304463640292141
2018-04-07 07:28:38,947 - shotaowl - Liked: 1752304463640292141. Like #54.
2018-04-07 07:30:01,161 - shotaowl - Trying to like media: 1752304452575417376
2018-04-07 07:30:04,262 - shotaowl - Liked: 1752304452575417376. Like #55.
2018-04-07 07:30:40,294 - shotaowl - Trying to unfollow #17: 
2018-04-07 07:30:40,298 - shotaowl - Getting user info : nespa_sochi
2018-04-07 07:30:40,891 - shotaowl - Checking user info..
2018-04-07 07:30:40,891 - shotaowl - Follower : 83
2018-04-07 07:30:40,891 - shotaowl - Following : 5
2018-04-07 07:30:40,891 - shotaowl - Media : 0
2018-04-07 07:30:40,891 - shotaowl - nespa_sochi
2018-04-07 07:30:41,546 - shotaowl - Unfollowed: 7326092930 #17.
2018-04-07 07:31:15,018 - shotaowl - Trying to follow: 3149473550
2018-04-07 07:31:15,949 - shotaowl - Followed: 3149473550 #18.
2018-04-07 07:31:34,593 - shotaowl - Trying to like media: 1752304368789921172
2018-04-07 07:31:35,322 - shotaowl - Liked: 1752304368789921172. Like #56.
2018-04-07 07:33:09,291 - shotaowl - Trying to like media: 1752304349630202906
2018-04-07 07:33:10,225 - shotaowl - Liked: 1752304349630202906. Like #57.
2018-04-07 07:34:46,745 - shotaowl - Trying to like media: 1752304242751669340
2018-04-07 07:34:47,966 - shotaowl - Liked: 1752304242751669340. Like #58.
2018-04-07 07:35:30,469 - shotaowl - Trying to unfollow #18: 
2018-04-07 07:35:30,470 - shotaowl - Getting user info : kizlyarknifes
2018-04-07 07:35:33,424 - shotaowl - Checking user info..
2018-04-07 07:35:33,424 - shotaowl - Follower : 946
2018-04-07 07:35:33,424 - shotaowl - Following : 618
2018-04-07 07:35:33,424 - shotaowl - Media : 0
2018-04-07 07:35:33,425 - shotaowl - kizlyarknifes
2018-04-07 07:35:34,227 - shotaowl - Unfollowed: 3149473550 #18.
2018-04-07 07:35:58,692 - shotaowl - Trying to follow: 7409508558
2018-04-07 07:35:59,553 - shotaowl - Followed: 7409508558 #19.
2018-04-07 07:36:15,412 - shotaowl - Trying to like media: 1752287879471551898
2018-04-07 07:36:16,524 - shotaowl - Liked: 1752287879471551898. Like #59.
2018-04-07 07:37:39,005 - shotaowl - Trying to like media: 1752304037197047143
2018-04-07 07:37:39,900 - shotaowl - Liked: 1752304037197047143. Like #60.
2018-04-07 07:39:01,903 - shotaowl - Trying to like media: 1752304028261484604
2018-04-07 07:39:03,198 - shotaowl - Liked: 1752304028261484604. Like #61.
2018-04-07 07:39:06,202 - shotaowl - Get media id by tag: краснаяполяна
2018-04-07 07:39:07,977 - shotaowl - Removing already liked medias..
2018-04-07 07:39:59,101 - shotaowl - Trying to unfollow #19: 
2018-04-07 07:39:59,102 - shotaowl - Getting user info : kompanyasha
2018-04-07 07:40:00,023 - shotaowl - Checking user info..
2018-04-07 07:40:00,023 - shotaowl - Follower : 2567
2018-04-07 07:40:00,023 - shotaowl - Following : 325
2018-04-07 07:40:00,023 - shotaowl - Media : 0
2018-04-07 07:40:00,023 - shotaowl - kompanyasha
2018-04-07 07:40:00,670 - shotaowl - Unfollowed: 1328762148 #19.
2018-04-07 07:40:25,139 - shotaowl - Trying to like media: 1752311780963439259
2018-04-07 07:40:25,897 - shotaowl - Liked: 1752311780963439259. Like #62.
2018-04-07 07:40:28,902 - shotaowl - Get media id by tag: совариум
2018-04-07 07:40:30,578 - shotaowl - Removing already liked medias..
2018-04-07 07:41:07,105 - shotaowl - Trying to follow: 1412098480
2018-04-07 07:41:07,827 - shotaowl - Followed: 1412098480 #20.
2018-04-07 07:42:00,033 - shotaowl - Trying to like media: 1752235186983948553
2018-04-07 07:42:01,177 - shotaowl - Liked: 1752235186983948553. Like #63.
2018-04-07 07:44:47,632 - shotaowl - Get media id by tag: фотографсочи
2018-04-07 07:44:49,271 - shotaowl - Removing already liked medias..
2018-04-07 07:44:49,356 - shotaowl - Trying to like media: 1752313930637415732
2018-04-07 07:44:50,509 - shotaowl - Liked: 1752313930637415732. Like #64.
2018-04-07 07:44:59,518 - shotaowl - Trying to unfollow #20: 
2018-04-07 07:44:59,519 - shotaowl - Getting user info : devahafoto
2018-04-07 07:45:00,364 - shotaowl - Checking user info..
2018-04-07 07:45:00,364 - shotaowl - Follower : 1657
2018-04-07 07:45:00,365 - shotaowl - Following : 6969
2018-04-07 07:45:00,365 - shotaowl - Media : 0
2018-04-07 07:45:00,365 - shotaowl - devahafoto
2018-04-07 07:45:01,072 - shotaowl - Unfollowed: 3895014848 #20.
2018-04-07 07:45:37,564 - shotaowl - Trying to follow: 5894528143
2018-04-07 07:45:44,385 - shotaowl - Followed: 5894528143 #21.
2018-04-07 07:46:15,080 - shotaowl - Trying to like media: 1752313283833793181
2018-04-07 07:46:55,296 - shotaowl - Liked: 1752313283833793181. Like #65.
2018-04-07 07:48:26,848 - shotaowl - Trying to like media: 1752310897962716491
2018-04-07 07:48:28,273 - shotaowl - Liked: 1752310897962716491. Like #66.
2018-04-07 07:49:46,815 - shotaowl - Trying to like media: 1752309653630234460
2018-04-07 07:49:47,555 - shotaowl - Liked: 1752309653630234460. Like #67.
2018-04-07 07:49:50,557 - shotaowl - Trying to unfollow #21: 
2018-04-07 07:49:50,558 - shotaowl - Looks like there is nobody to unfollow.
2018-04-07 07:50:15,020 - shotaowl - Trying to follow: 5395281433
2018-04-07 07:50:16,486 - shotaowl - Followed: 5395281433 #22.
2018-04-07 07:51:09,129 - shotaowl - Trying to like media: 1752307963492548098
2018-04-07 07:51:10,103 - shotaowl - Liked: 1752307963492548098. Like #68.
2018-04-07 07:52:32,125 - shotaowl - Trying to like media: 1752305038377362968
2018-04-07 07:52:33,542 - shotaowl - Liked: 1752305038377362968. Like #69.
2018-04-07 07:54:07,107 - shotaowl - Trying to like media: 1752278395453220387
2018-04-07 07:54:08,806 - shotaowl - Liked: 1752278395453220387. Like #70.
2018-04-07 07:54:57,672 - shotaowl - Trying to unfollow #21: 
2018-04-07 07:54:57,673 - shotaowl - Getting user info : alisa.sta
2018-04-07 07:54:58,234 - shotaowl - Checking user info..
2018-04-07 07:54:58,234 - shotaowl - Follower : 7150
2018-04-07 07:54:58,234 - shotaowl - Following : 182
2018-04-07 07:54:58,234 - shotaowl - Media : 0
2018-04-07 07:54:58,234 - shotaowl - alisa.sta
2018-04-07 07:54:58,749 - shotaowl - Unfollowed: 26498072 #21.
2018-04-07 07:55:07,760 - shotaowl - Already followed before 255705064
2018-04-07 07:55:38,225 - shotaowl - Trying to like media: 1752273020385505076
2018-04-07 07:55:39,158 - shotaowl - Liked: 1752273020385505076. Like #71.
2018-04-07 07:57:13,550 - shotaowl - Trying to like media: 1752264787067950822
2018-04-07 07:57:14,318 - shotaowl - Liked: 1752264787067950822. Like #72.
2018-04-07 07:57:47,789 - shotaowl - Already followed before 2012733326
2018-04-07 07:58:48,782 - shotaowl - Trying to like media: 1752263314749476168
2018-04-07 07:58:49,718 - shotaowl - Liked: 1752263314749476168. Like #73.
2018-04-07 07:59:28,743 - shotaowl - Trying to unfollow #22: 
2018-04-07 07:59:28,744 - shotaowl - Looks like there is nobody to unfollow.
2018-04-07 08:00:14,710 - shotaowl - Trying to follow: 288051920
2018-04-07 08:00:15,437 - shotaowl - Followed: 288051920 #23.
2018-04-07 08:00:22,449 - shotaowl - Trying to like media: 1752262475216325628
2018-04-07 08:00:24,853 - shotaowl - Liked: 1752262475216325628. Like #74.
2018-04-07 08:02:01,998 - shotaowl - Trying to like media: 1752261302790813370
2018-04-07 08:02:04,387 - shotaowl - Liked: 1752261302790813370. Like #75.
2018-04-07 08:03:38,327 - shotaowl - Trying to like media: 1752258630666863476
2018-04-07 08:03:39,449 - shotaowl - Liked: 1752258630666863476. Like #76.
2018-04-07 08:03:42,453 - shotaowl - Get media id by tag: sovarium
2018-04-07 08:03:44,258 - shotaowl - Removing already liked medias..
2018-04-07 08:04:29,798 - shotaowl - Trying to unfollow #22: 
2018-04-07 08:04:29,799 - shotaowl - Getting user info : alexandrsaenko
2018-04-07 08:04:30,686 - shotaowl - Checking user info..
2018-04-07 08:04:30,686 - shotaowl - Follower : 4008
2018-04-07 08:04:30,686 - shotaowl - Following : 274
2018-04-07 08:04:30,686 - shotaowl - Media : 0
2018-04-07 08:04:30,686 - shotaowl - alexandrsaenko
2018-04-07 08:04:31,292 - shotaowl - Unfollowed: 288051920 #22.
2018-04-07 08:05:17,248 - shotaowl - Keep calm - It's your own profile ;)
2018-04-07 08:05:20,251 - shotaowl - Keep calm - It's your own profile ;)
2018-04-07 08:05:23,255 - shotaowl - Keep calm - It's your own profile ;)
2018-04-07 08:05:26,259 - shotaowl - Keep calm - It's your own profile ;)
2018-04-07 08:05:29,262 - shotaowl - Already followed before 400008479
2018-04-07 08:07:18,538 - shotaowl - Keep calm - It's your own media ;)
2018-04-07 08:07:21,542 - shotaowl - Keep calm - It's your own media ;)
2018-04-07 08:07:36,554 - shotaowl - Keep calm - It's your own media ;)
2018-04-07 08:07:39,558 - shotaowl - Keep calm - It's your own media ;)
2018-04-07 08:07:45,562 - shotaowl - Get media id by tag: sochi
2018-04-07 08:07:47,683 - shotaowl - Removing already liked medias..
2018-04-07 08:07:47,767 - shotaowl - Trying to like media: 1752326788668895762
2018-04-07 08:07:48,561 - shotaowl - Liked: 1752326788668895762. Like #77.
2018-04-07 08:07:48,561 - shotaowl - Trying to follow: 4103191468
2018-04-07 08:07:49,694 - shotaowl - Followed: 4103191468 #24.
2018-04-07 08:09:12,069 - shotaowl - Trying to unfollow #23: 
2018-04-07 08:09:12,070 - shotaowl - Getting user info : anna_gorbacheva_2303
2018-04-07 08:09:12,930 - shotaowl - Checking user info..
2018-04-07 08:09:12,931 - shotaowl - Follower : 623
2018-04-07 08:09:12,931 - shotaowl - Following : 288
2018-04-07 08:09:12,931 - shotaowl - Media : 0
2018-04-07 08:09:12,931 - shotaowl - anna_gorbacheva_2303
2018-04-07 08:09:13,992 - shotaowl - Unfollowed: 4103191468 #23.
2018-04-07 08:09:20,009 - shotaowl - Trying to like media: 1752326636760436037
2018-04-07 08:09:20,887 - shotaowl - Liked: 1752326636760436037. Like #78.
2018-04-07 08:10:52,279 - shotaowl - Trying to like media: 1752326398197797508
2018-04-07 08:10:52,571 - shotaowl - Not liked: 400
2018-04-07 08:12:21,003 - shotaowl - Trying to like media: 1752326383324647164
2018-04-07 08:12:22,324 - shotaowl - Liked: 1752326383324647164. Like #79.
2018-04-07 08:12:37,342 - shotaowl - Trying to follow: 308838885
2018-04-07 08:12:38,053 - shotaowl - Followed: 308838885 #25.
2018-04-07 08:13:35,941 - shotaowl - Trying to unfollow #24: 
2018-04-07 08:13:35,942 - shotaowl - Getting user info : marisabel_detka
2018-04-07 08:13:36,598 - shotaowl - Checking user info..
2018-04-07 08:13:36,598 - shotaowl - Follower : 704
2018-04-07 08:13:36,598 - shotaowl - Following : 332
2018-04-07 08:13:36,598 - shotaowl - Media : 0
2018-04-07 08:13:36,599 - shotaowl - marisabel_detka
2018-04-07 08:13:37,050 - shotaowl - Unfollowed: 608733368 #24.
2018-04-07 08:13:46,073 - shotaowl - Trying to like media: 1752326220786617740
2018-04-07 08:13:47,259 - shotaowl - Liked: 1752326220786617740. Like #80.
2018-04-07 08:15:23,868 - shotaowl - Trying to like media: 1752326113555625608
2018-04-07 08:15:25,333 - shotaowl - Liked: 1752326113555625608. Like #81.
2018-04-07 08:16:52,419 - shotaowl - Trying to like media: 1752325987726267551
2018-04-07 08:16:53,049 - shotaowl - Not liked: 400
2018-04-07 08:17:53,607 - shotaowl - Trying to follow: 5902346604
2018-04-07 08:17:54,502 - shotaowl - Followed: 5902346604 #26.
2018-04-07 08:18:28,535 - shotaowl - Trying to like media: 1752325880376952418
2018-04-07 08:18:29,286 - shotaowl - Liked: 1752325880376952418. Like #82.
2018-04-07 08:18:35,291 - shotaowl - Trying to unfollow #25: 
2018-04-07 08:18:35,292 - shotaowl - Getting user info : zhenia.dikiji
2018-04-07 08:18:35,876 - shotaowl - Checking user info..
2018-04-07 08:18:35,877 - shotaowl - Follower : 363
2018-04-07 08:18:35,877 - shotaowl - Following : 233
2018-04-07 08:18:35,877 - shotaowl - Media : 0
2018-04-07 08:18:35,878 - shotaowl - zhenia.dikiji
2018-04-07 08:18:36,531 - shotaowl - Unfollowed: 5902346604 #25.
2018-04-07 08:19:49,940 - shotaowl - Trying to like media: 1752325790518597325
2018-04-07 08:19:51,011 - shotaowl - Liked: 1752325790518597325. Like #83.
2018-04-07 08:21:28,058 - shotaowl - Trying to like media: 1752325749043410591
2018-04-07 08:21:29,867 - shotaowl - Liked: 1752325749043410591. Like #84.
2018-04-07 08:22:18,307 - shotaowl - Trying to follow: 5936482606
2018-04-07 08:22:19,419 - shotaowl - Followed: 5936482606 #27.
2018-04-07 08:22:53,017 - shotaowl - Trying to like media: 1752325579921484662
2018-04-07 08:22:54,048 - shotaowl - Liked: 1752325579921484662. Like #85.
2018-04-07 08:23:12,471 - shotaowl - Trying to unfollow #26: 
2018-04-07 08:23:12,473 - shotaowl - Getting user info : complete_lack_of_surprise
2018-04-07 08:23:13,026 - shotaowl - Checking user info..
2018-04-07 08:23:13,027 - shotaowl - Follower : 196
2018-04-07 08:23:13,027 - shotaowl - Following : 168
2018-04-07 08:23:13,027 - shotaowl - Media : 0
2018-04-07 08:23:13,027 - shotaowl - complete_lack_of_surprise
2018-04-07 08:23:13,596 - shotaowl - Unfollowed: 5936482606 #26.
2018-04-07 08:24:26,500 - shotaowl - Trying to like media: 1752325041078612283
2018-04-07 08:24:27,142 - shotaowl - Liked: 1752325041078612283. Like #86.
2018-04-07 08:25:55,542 - shotaowl - Trying to like media: 1752325394374411434
2018-04-07 08:25:56,497 - shotaowl - Liked: 1752325394374411434. Like #87.
2018-04-07 08:27:15,463 - shotaowl - Trying to like media: 1752325349923859606
2018-04-07 08:27:16,505 - shotaowl - Liked: 1752325349923859606. Like #88.
2018-04-07 08:27:16,506 - shotaowl - Trying to follow: 885811302
2018-04-07 08:27:17,773 - shotaowl - Followed: 885811302 #28.
2018-04-07 08:28:13,418 - shotaowl - Trying to unfollow #27: 
2018-04-07 08:28:13,419 - shotaowl - Getting user info : elenanesubobra
2018-04-07 08:28:14,336 - shotaowl - Checking user info..
2018-04-07 08:28:14,337 - shotaowl - Follower : 515
2018-04-07 08:28:14,337 - shotaowl - Following : 439
2018-04-07 08:28:14,338 - shotaowl - Media : 0
2018-04-07 08:28:14,338 - shotaowl - elenanesubobra
2018-04-07 08:28:14,937 - shotaowl - Unfollowed: 885811302 #27.
2018-04-07 08:28:39,393 - shotaowl - Trying to like media: 1752325044324997212
2018-04-07 08:28:40,287 - shotaowl - Liked: 1752325044324997212. Like #89.
2018-04-07 08:30:07,902 - shotaowl - Trying to like media: 1752324990949522922
2018-04-07 08:30:09,013 - shotaowl - Liked: 1752324990949522922. Like #90.
2018-04-07 08:31:30,919 - shotaowl - Trying to like media: 1752324978820081179
2018-04-07 08:31:31,955 - shotaowl - Liked: 1752324978820081179. Like #91.
2018-04-07 08:32:32,434 - shotaowl - Trying to follow: 6667525581
2018-04-07 08:32:33,225 - shotaowl - Followed: 6667525581 #29.
2018-04-07 08:32:47,869 - shotaowl - Trying to unfollow #28: 
2018-04-07 08:32:47,871 - shotaowl - Getting user info : vdk.bro
2018-04-07 08:32:48,452 - shotaowl - Checking user info..
2018-04-07 08:32:48,453 - shotaowl - Follower : 246
2018-04-07 08:32:48,453 - shotaowl - Following : 603
2018-04-07 08:32:48,454 - shotaowl - Media : 0
2018-04-07 08:32:48,454 - shotaowl - vdk.bro
2018-04-07 08:32:49,094 - shotaowl - Unfollowed: 6667525581 #28.
2018-04-07 08:32:55,109 - shotaowl - Trying to like media: 1752324911398951295
2018-04-07 08:32:55,718 - shotaowl - Liked: 1752324911398951295. Like #92.
2018-04-07 08:34:20,644 - shotaowl - Trying to like media: 1752313660522408193
2018-04-07 08:34:21,446 - shotaowl - Liked: 1752313660522408193. Like #93.
2018-04-07 08:35:40,946 - shotaowl - Trying to like media: 1752324863986577785
2018-04-07 08:35:41,946 - shotaowl - Liked: 1752324863986577785. Like #94.
2018-04-07 08:37:15,525 - shotaowl - Trying to like media: 1752324738107864518
2018-04-07 08:37:16,044 - shotaowl - Liked: 1752324738107864518. Like #95.
2018-04-07 08:37:34,064 - shotaowl - Trying to follow: 1608885005
2018-04-07 08:37:35,286 - shotaowl - Followed: 1608885005 #30.
2018-04-07 08:38:00,251 - shotaowl - Trying to unfollow #29: 
2018-04-07 08:38:00,252 - shotaowl - Getting user info : lady.steel.vl
2018-04-07 08:38:01,190 - shotaowl - Checking user info..
2018-04-07 08:38:01,191 - shotaowl - Follower : 2312
2018-04-07 08:38:01,191 - shotaowl - Following : 214
2018-04-07 08:38:01,191 - shotaowl - Media : 0
2018-04-07 08:38:01,191 - shotaowl - lady.steel.vl
2018-04-07 08:38:01,921 - shotaowl - Unfollowed: 1608885005 #29.
2018-04-07 08:38:47,376 - shotaowl - Trying to like media: 1752324690577292473
2018-04-07 08:38:48,560 - shotaowl - Liked: 1752324690577292473. Like #96.
2018-04-07 08:40:22,521 - shotaowl - Trying to like media: 1752323150169605763
2018-04-07 08:40:23,521 - shotaowl - Liked: 1752323150169605763. Like #97.
2018-04-07 08:41:48,962 - shotaowl - Trying to like media: 1752324579983794546
2018-04-07 08:41:50,214 - shotaowl - Liked: 1752324579983794546. Like #98.
2018-04-07 08:42:42,212 - shotaowl - Trying to follow: 3986226958
2018-04-07 08:42:43,388 - shotaowl - Followed: 3986226958 #31.
2018-04-07 08:43:11,637 - shotaowl - Trying to like media: 1752324141987472291
2018-04-07 08:43:12,277 - shotaowl - Liked: 1752324141987472291. Like #99.
2018-04-07 08:43:18,283 - shotaowl - Trying to unfollow #30: 
2018-04-07 08:43:18,284 - shotaowl - Getting user info : 1111_vip_bikini
2018-04-07 08:43:18,890 - shotaowl - Checking user info..
2018-04-07 08:43:18,891 - shotaowl - Follower : 966
2018-04-07 08:43:18,891 - shotaowl - Following : 326
2018-04-07 08:43:18,892 - shotaowl - Media : 0
2018-04-07 08:43:18,892 - shotaowl - 1111_vip_bikini
2018-04-07 08:43:19,544 - shotaowl - Unfollowed: 4125468339 #30.
2018-04-07 08:44:37,631 - shotaowl - Trying to like media: 1752322378384640415
2018-04-07 08:44:38,352 - shotaowl - Liked: 1752322378384640415. Like #100.
2018-04-07 08:46:00,272 - shotaowl - Trying to like media: 1752323822064693969
2018-04-07 08:46:01,587 - shotaowl - Liked: 1752323822064693969. Like #101.
2018-04-07 08:46:04,588 - shotaowl - Get media id by tag: фотографсочи
2018-04-07 08:46:06,357 - shotaowl - Removing already liked medias..
2018-04-07 08:47:25,402 - shotaowl - Trying to follow: 5414020655
2018-04-07 08:47:26,492 - shotaowl - Followed: 5414020655 #32.
2018-04-07 08:47:33,504 - shotaowl - Trying to like media: 1752339631049075598
2018-04-07 08:47:34,835 - shotaowl - Liked: 1752339631049075598. Like #102.
2018-04-07 08:47:46,845 - shotaowl - Trying to unfollow #31: 
2018-04-07 08:47:46,846 - shotaowl - Getting user info : keroloth_naysmith
2018-04-07 08:47:47,511 - shotaowl - Checking user info..
2018-04-07 08:47:47,511 - shotaowl - Follower : 375
2018-04-07 08:47:47,511 - shotaowl - Following : 1192
2018-04-07 08:47:47,512 - shotaowl - Media : 0
2018-04-07 08:47:47,512 - shotaowl - keroloth_naysmith
2018-04-07 08:47:48,211 - shotaowl - Unfollowed: 1458363206 #31.
2018-04-07 08:48:57,752 - shotaowl - Trying to like media: 1752335361685491259
2018-04-07 08:48:58,667 - shotaowl - Liked: 1752335361685491259. Like #103.
2018-04-07 08:50:38,715 - shotaowl - Trying to like media: 1752330883267139420
2018-04-07 08:50:39,705 - shotaowl - Liked: 1752330883267139420. Like #104.
2018-04-07 08:51:58,191 - shotaowl - Trying to follow: 2931487364
2018-04-07 08:51:59,300 - shotaowl - Followed: 2931487364 #33.
2018-04-07 08:52:05,967 - shotaowl - Trying to like media: 1752328869095282217
2018-04-07 08:52:12,023 - shotaowl - Liked: 1752328869095282217. Like #105.
2018-04-07 08:52:54,460 - shotaowl - Trying to unfollow #32: 
2018-04-07 08:52:54,461 - shotaowl - Getting user info : alfiyaphoto
2018-04-07 08:52:55,503 - shotaowl - Checking user info..
2018-04-07 08:52:55,504 - shotaowl - Follower : 6199
2018-04-07 08:52:55,504 - shotaowl - Following : 2785
2018-04-07 08:52:55,504 - shotaowl - Media : 0
2018-04-07 08:52:55,504 - shotaowl - alfiyaphoto
2018-04-07 08:52:56,134 - shotaowl - Unfollowed: 2931487364 #32.
2018-04-07 08:53:41,607 - shotaowl - Trying to like media: 1752324417018374411
2018-04-07 08:53:42,505 - shotaowl - Liked: 1752324417018374411. Like #106.
2018-04-07 08:55:07,927 - shotaowl - Trying to like media: 1752320207772233460
2018-04-07 08:55:08,559 - shotaowl - Liked: 1752320207772233460. Like #107.
2018-04-07 08:56:36,565 - shotaowl - Trying to like media: 1752320109090650313
2018-04-07 08:56:37,635 - shotaowl - Liked: 1752320109090650313. Like #108.
2018-04-07 08:57:11,152 - shotaowl - Trying to follow: 1387283781
2018-04-07 08:57:12,012 - shotaowl - Followed: 1387283781 #34.
2018-04-07 08:57:19,126 - shotaowl - Trying to unfollow #33: 
2018-04-07 08:57:19,129 - shotaowl - Getting user info : alexandr_prugov
2018-04-07 08:57:19,630 - shotaowl - Checking user info..
2018-04-07 08:57:19,630 - shotaowl - Follower : 8772
2018-04-07 08:57:19,631 - shotaowl - Following : 2471
2018-04-07 08:57:19,631 - shotaowl - Media : 0
2018-04-07 08:57:19,631 - shotaowl - alexandr_prugov
2018-04-07 08:57:20,217 - shotaowl - Unfollowed: 1387283781 #33.
2018-04-07 08:58:08,264 - shotaowl - Trying to like media: 1752317008264888862
2018-04-07 08:58:08,898 - shotaowl - Liked: 1752317008264888862. Like #109.
2018-04-07 08:59:36,779 - shotaowl - Trying to like media: 1752316185302381633
2018-04-07 08:59:37,375 - shotaowl - Liked: 1752316185302381633. Like #110.
2018-04-07 09:01:08,745 - shotaowl - Trying to like media: 1752314489736302407
2018-04-07 09:01:09,700 - shotaowl - Liked: 1752314489736302407. Like #111.
2018-04-07 09:01:12,702 - shotaowl - Get media id by tag: sochi
2018-04-07 09:01:14,265 - shotaowl - Removing already liked medias..
2018-04-07 09:01:41,847 - shotaowl - Trying to follow: 297412124
2018-04-07 09:01:42,565 - shotaowl - Followed: 297412124 #35.
2018-04-07 09:02:07,257 - shotaowl - Trying to unfollow #34: 
2018-04-07 09:02:07,258 - shotaowl - Getting user info : ptashnick
2018-04-07 09:02:08,206 - shotaowl - Checking user info..
2018-04-07 09:02:08,207 - shotaowl - Follower : 9138
2018-04-07 09:02:08,208 - shotaowl - Following : 145
2018-04-07 09:02:08,208 - shotaowl - Media : 0
2018-04-07 09:02:08,208 - shotaowl - ptashnick
2018-04-07 09:02:08,795 - shotaowl - Unfollowed: 297412124 #34.
2018-04-07 09:02:30,262 - shotaowl - Trying to like media: 1752353734490230038
2018-04-07 09:02:31,391 - shotaowl - Liked: 1752353734490230038. Like #112.
2018-04-07 09:03:56,876 - shotaowl - Trying to like media: 1752353703811367206
2018-04-07 09:03:57,371 - shotaowl - Liked: 1752353703811367206. Like #113.
2018-04-07 09:05:21,944 - shotaowl - Trying to like media: 1752353665660520724
2018-04-07 09:05:23,389 - shotaowl - Liked: 1752353665660520724. Like #114.
2018-04-07 09:06:17,980 - shotaowl - Trying to follow: 5353627850
2018-04-07 09:06:19,089 - shotaowl - Followed: 5353627850 #36.
2018-04-07 09:06:59,170 - shotaowl - Trying to like media: 1752353651971550146
2018-04-07 09:06:59,890 - shotaowl - Liked: 1752353651971550146. Like #115.
2018-04-07 09:07:05,898 - shotaowl - Trying to unfollow #35: 
2018-04-07 09:07:05,898 - shotaowl - Getting user info : sochifornia.karaoke
2018-04-07 09:07:06,529 - shotaowl - Checking user info..
2018-04-07 09:07:06,530 - shotaowl - Follower : 325
2018-04-07 09:07:06,530 - shotaowl - Following : 160
2018-04-07 09:07:06,530 - shotaowl - Media : 0
2018-04-07 09:07:06,530 - shotaowl - sochifornia.karaoke
2018-04-07 09:07:07,162 - shotaowl - Unfollowed: 5353627850 #35.
2018-04-07 09:08:26,076 - shotaowl - Trying to like media: 1752353598685218948
2018-04-07 09:08:26,608 - shotaowl - Liked: 1752353598685218948. Like #116.
2018-04-07 09:10:01,019 - shotaowl - Trying to like media: 1752353591858237076
2018-04-07 09:10:02,533 - shotaowl - Liked: 1752353591858237076. Like #117.
2018-04-07 09:11:27,619 - shotaowl - Trying to like media: 1752353473560591015
2018-04-07 09:11:28,516 - shotaowl - Liked: 1752353473560591015. Like #118.
2018-04-07 09:11:28,517 - shotaowl - Already followed before 3129757170
2018-04-07 09:11:55,545 - shotaowl - Trying to unfollow #36: 
2018-04-07 09:11:55,547 - shotaowl - Looks like there is nobody to unfollow.
2018-04-07 09:13:02,424 - shotaowl - Trying to like media: 1752353441911276192
2018-04-07 09:13:03,660 - shotaowl - Liked: 1752353441911276192. Like #119.
2018-04-07 09:13:42,696 - shotaowl - Trying to follow: 1222419629
2018-04-07 09:13:44,224 - shotaowl - Followed: 1222419629 #37.
2018-04-07 09:14:21,869 - shotaowl - Trying to like media: 1752353173660807838
2018-04-07 09:14:22,958 - shotaowl - Liked: 1752353173660807838. Like #120.
2018-04-07 09:15:48,317 - shotaowl - Trying to like media: 1752353086411092652
2018-04-07 09:15:49,965 - shotaowl - Liked: 1752353086411092652. Like #121.
2018-04-07 09:16:32,453 - shotaowl - Trying to unfollow #36: 
2018-04-07 09:16:32,454 - shotaowl - Getting user info : sherlok_44
2018-04-07 09:16:33,485 - shotaowl - Checking user info..
2018-04-07 09:16:33,486 - shotaowl - Follower : 899
2018-04-07 09:16:33,486 - shotaowl - Following : 313
2018-04-07 09:16:33,487 - shotaowl - Media : 0
2018-04-07 09:16:33,487 - shotaowl - sherlok_44
2018-04-07 09:16:34,323 - shotaowl - Unfollowed: 1222419629 #36.
2018-04-07 09:17:16,385 - shotaowl - Trying to like media: 1752351826752410301
2018-04-07 09:17:17,446 - shotaowl - Liked: 1752351826752410301. Like #122.
2018-04-07 09:18:39,986 - shotaowl - Already followed before 2307252643
2018-04-07 09:18:42,996 - shotaowl - Trying to like media: 1752352840690597400
2018-04-07 09:18:43,793 - shotaowl - Liked: 1752352840690597400. Like #123.
2018-04-07 09:20:11,847 - shotaowl - Trying to like media: 1752352804814261207
2018-04-07 09:20:12,988 - shotaowl - Liked: 1752352804814261207. Like #124.
2018-04-07 09:21:19,052 - shotaowl - Trying to follow: 3120049713
2018-04-07 09:21:20,380 - shotaowl - Followed: 3120049713 #38.
2018-04-07 09:21:33,987 - shotaowl - Trying to like media: 1752351196583301891
2018-04-07 09:21:35,172 - shotaowl - Liked: 1752351196583301891. Like #125.
2018-04-07 09:21:35,173 - shotaowl - Trying to unfollow #37: 
2018-04-07 09:21:35,174 - shotaowl - Getting user info : sizov7772
2018-04-07 09:21:35,765 - shotaowl - Checking user info..
2018-04-07 09:21:35,765 - shotaowl - Follower : 111
2018-04-07 09:21:35,765 - shotaowl - Following : 102
2018-04-07 09:21:35,765 - shotaowl - Media : 0
2018-04-07 09:21:35,766 - shotaowl - sizov7772
2018-04-07 09:21:36,323 - shotaowl - Unfollowed: 3120049713 #37.
2018-04-07 09:22:58,527 - shotaowl - Trying to like media: 1752352254360709011
2018-04-07 09:22:59,527 - shotaowl - Liked: 1752352254360709011. Like #126.
2018-04-07 09:24:21,474 - shotaowl - Trying to like media: 1752351720771325723
2018-04-07 09:24:22,723 - shotaowl - Liked: 1752351720771325723. Like #127.
2018-04-07 09:25:45,216 - shotaowl - Trying to like media: 1752351703222358281
2018-04-07 09:25:47,120 - shotaowl - Liked: 1752351703222358281. Like #128.
2018-04-07 09:26:17,630 - shotaowl - Already followed before 2015031291
2018-04-07 09:26:45,128 - shotaowl - Trying to unfollow #38: 
2018-04-07 09:26:45,130 - shotaowl - Looks like there is nobody to unfollow.
2018-04-07 09:27:12,164 - shotaowl - Trying to like media: 1752346370918052554
2018-04-07 09:27:17,879 - shotaowl - Not liked: 400
2018-04-07 09:28:33,700 - shotaowl - Trying to follow: 1213116349
2018-04-07 09:28:36,274 - shotaowl - Followed: 1213116349 #39.
2018-04-07 09:28:39,932 - shotaowl - Trying to like media: 1752351600485090791
2018-04-07 09:28:42,985 - shotaowl - Liked: 1752351600485090791. Like #129.
2018-04-07 09:30:07,935 - shotaowl - Trying to like media: 1752351544659271784
2018-04-07 09:30:08,604 - shotaowl - Liked: 1752351544659271784. Like #130.
2018-04-07 09:31:30,997 - shotaowl - Trying to like media: 1752350258527941498
2018-04-07 09:31:31,795 - shotaowl - Liked: 1752350258527941498. Like #131.
2018-04-07 09:31:37,799 - shotaowl - Trying to unfollow #38: 
2018-04-07 09:31:37,801 - shotaowl - Getting user info : v_shiryaev_
2018-04-07 09:31:38,331 - shotaowl - Checking user info..
2018-04-07 09:31:38,332 - shotaowl - Follower : 1017
2018-04-07 09:31:38,332 - shotaowl - Following : 489
2018-04-07 09:31:38,332 - shotaowl - Media : 0
2018-04-07 09:31:38,332 - shotaowl - v_shiryaev_
2018-04-07 09:31:38,905 - shotaowl - Unfollowed: 1723830542 #38.
2018-04-07 09:33:06,918 - shotaowl - Trying to like media: 1752351474555463210
2018-04-07 09:33:08,008 - shotaowl - Liked: 1752351474555463210. Like #132.
2018-04-07 09:33:08,009 - shotaowl - Trying to follow: 1559359103
2018-04-07 09:33:09,415 - shotaowl - Followed: 1559359103 #40.
2018-04-07 09:34:34,584 - shotaowl - Trying to like media: 1752351458021527145
2018-04-07 09:34:35,290 - shotaowl - Liked: 1752351458021527145. Like #133.
2018-04-07 09:35:33,626 - shotaowl - Trying to unfollow: 4373015679
2018-04-07 09:35:34,437 - shotaowl - Unfollow: 4373015679 #39 of 40.
2018-04-07 09:35:34,438 - shotaowl - Pausing for 29 seconds... 39 of 40
9:17:15,239 - shotaowl - Trying to follow: 286055773
2018-04-07 09:17:16,742 - shotaowl - Followed: 286055773 #30.
2018-04-07 09:17:36,254 - shotaowl - Trying to like media: 1752358226354782502
2018-04-07 09:17:37,205 - shotaowl - Liked: 1752358226354782502. Like #113.
2018-04-07 09:19:08,716 - shotaowl - Trying to like media: 1752358055057992421
2018-04-07 09:19:10,097 - shotaowl - Liked: 1752358055057992421. Like #114.
2018-04-07 09:19:19,103 - shotaowl - Trying to unfollow #31: 
2018-04-07 09:19:19,105 - shotaowl - Getting user info : cat_enochek
2018-04-07 09:19:20,486 - shotaowl - Checking user info..
2018-04-07 09:19:20,487 - shotaowl - Follower : 893
2018-04-07 09:19:20,487 - shotaowl - Following : 197
2018-04-07 09:19:20,487 - shotaowl - Media : 0
2018-04-07 09:19:20,487 - shotaowl - cat_enochek
2018-04-07 09:19:20,987 - shotaowl - Unfollowed: 286055773 #31.
2018-04-07 09:20:45,594 - shotaowl - Trying to like media: 1752358008761010145
2018-04-07 09:20:46,622 - shotaowl - Liked: 1752358008761010145. Like #115.
2018-04-07 09:22:07,706 - shotaowl - Trying to like media: 1752357957767336548
2018-04-07 09:22:08,829 - shotaowl - Liked: 1752357957767336548. Like #116.
2018-04-07 09:22:18,498 - shotaowl - Trying to follow: 5865824305
2018-04-07 09:22:19,160 - shotaowl - Followed: 5865824305 #31.
2018-04-07 09:23:36,086 - shotaowl - Trying to like media: 1752357881456150440
2018-04-07 09:23:36,654 - shotaowl - Not liked: 400
2018-04-07 09:24:01,139 - shotaowl - Trying to unfollow #32: 
2018-04-07 09:24:01,140 - shotaowl - Getting user info : autobets_sng
2018-04-07 09:24:02,435 - shotaowl - Checking user info..
2018-04-07 09:24:02,435 - shotaowl - Follower : 4314
2018-04-07 09:24:02,436 - shotaowl - Following : 105
2018-04-07 09:24:02,436 - shotaowl - Media : 0
2018-04-07 09:24:02,436 - shotaowl - autobets_sng
2018-04-07 09:24:02,939 - shotaowl - Unfollowed: 5865824305 #32.
2018-04-07 09:25:06,937 - shotaowl - Trying to like media: 1752357877898799612
2018-04-07 09:25:08,303 - shotaowl - Liked: 1752357877898799612. Like #117.
2018-04-07 09:26:27,334 - shotaowl - Trying to like media: 1752357870694248011
2018-04-07 09:26:29,363 - shotaowl - Liked: 1752357870694248011. Like #118.
2018-04-07 09:26:53,857 - shotaowl - Trying to follow: 4166863867
2018-04-07 09:26:56,233 - shotaowl - Followed: 4166863867 #32.
2018-04-07 09:27:51,758 - shotaowl - Trying to like media: 1752357814373674839
2018-04-07 09:27:52,968 - shotaowl - Liked: 1752357814373674839. Like #119.
2018-04-07 09:28:28,998 - shotaowl - Trying to unfollow #33: 
2018-04-07 09:28:29,000 - shotaowl - Getting user info : mesmika
2018-04-07 09:28:29,659 - shotaowl - Checking user info..
2018-04-07 09:28:29,659 - shotaowl - Follower : 154
2018-04-07 09:28:29,659 - shotaowl - Following : 854
2018-04-07 09:28:29,659 - shotaowl - Media : 0
2018-04-07 09:28:29,660 - shotaowl - mesmika
2018-04-07 09:28:30,322 - shotaowl - Unfollowed: 4166863867 #33.
2018-04-07 09:29:18,808 - shotaowl - Trying to like media: 1752357678796889892
2018-04-07 09:29:19,754 - shotaowl - Liked: 1752357678796889892. Like #120.
2018-04-07 09:30:50,710 - shotaowl - Trying to like media: 1752357674853684397
2018-04-07 09:30:51,681 - shotaowl - Liked: 1752357674853684397. Like #121.
2018-04-07 09:31:25,122 - shotaowl - Trying to follow: 1723830542
2018-04-07 09:31:26,921 - shotaowl - Followed: 1723830542 #33.
2018-04-07 09:32:16,647 - shotaowl - Trying to like media: 1752357655088929024
2018-04-07 09:32:17,428 - shotaowl - Liked: 1752357655088929024. Like #122.
2018-04-07 09:33:27,416 - shotaowl - Trying to unfollow #34: 
2018-04-07 09:33:27,419 - shotaowl - Getting user info : ex1stence
2018-04-07 09:33:28,397 - shotaowl - Checking user info..
2018-04-07 09:33:28,398 - shotaowl - Follower : 56
2018-04-07 09:33:28,399 - shotaowl - Following : 5
2018-04-07 09:33:28,399 - shotaowl - Media : 0
2018-04-07 09:33:28,400 - shotaowl - ex1stence
2018-04-07 09:33:29,645 - shotaowl - Unfollowed: 1213116349 #34.
2018-04-07 09:33:48,169 - shotaowl - Trying to like media: 1752357584147756215
2018-04-07 09:33:48,936 - shotaowl - Liked: 1752357584147756215. Like #123.
2018-04-07 09:35:16,019 - shotaowl - Trying to like media: 1752357553219042344
2018-04-07 09:35:17,111 - shotaowl - Liked: 1752357553219042344. Like #124.
2018-04-07 09:35:30,417 - shotaowl - Logout: likes - 124, follow - 33, unfollow - 34, comments - 0.
2018-04-07 09:35:30,418 - shotaowl - Bot work time: 3:28:01.955113
2018-04-07 09:35:33,411 - shotaowl - Logout success!
