2018-04-21 01:21:22,254 - shotaowl - Instabot v1.2.0 started at 21.04.2018 01:21:

2018-04-21 01:21:22,254 - shotaowl - Trying to login as shotaowl...

2018-04-21 01:21:29,693 - shotaowl - shotaowl login success!
2018-04-21 01:21:29,694 - shotaowl - Get media id by tag: фотографсочи
2018-04-21 01:21:31,251 - shotaowl - Removing already liked medias..
2018-04-21 01:21:31,297 - shotaowl - Trying to like media: 1762268069910267541
2018-04-21 01:21:31,907 - shotaowl - Liked: 1762268069910267541. Like #1.
2018-04-21 01:21:31,907 - shotaowl - Trying to unfollow #1: 
2018-04-21 01:21:31,914 - shotaowl - helomandou
2018-04-21 01:21:32,729 - shotaowl - Unfollowed: 7149006138 #1.
2018-04-21 01:23:05,829 - shotaowl - Trying to like media: 1762265028260896270
2018-04-21 01:23:06,613 - shotaowl - Liked: 1762265028260896270. Like #2.
2018-04-21 01:24:36,707 - shotaowl - Trying to like media: 1762261958859688968
2018-04-21 01:24:37,798 - shotaowl - Liked: 1762261958859688968. Like #3.
2018-04-21 01:26:01,880 - shotaowl - Trying to unfollow #2: 
2018-04-21 01:26:01,882 - shotaowl - fashion_dream_from_italy
2018-04-21 01:26:02,736 - shotaowl - Unfollowed: 5359290765 #2.
2018-04-21 01:26:11,763 - shotaowl - Trying to like media: 1762258010360281938
2018-04-21 01:26:12,688 - shotaowl - Liked: 1762258010360281938. Like #4.
2018-04-21 01:27:39,787 - shotaowl - Trying to like media: 1762256592482455111
2018-04-21 01:27:40,423 - shotaowl - Liked: 1762256592482455111. Like #5.
2018-04-21 01:29:16,523 - shotaowl - Trying to like media: 1762255766868043678
2018-04-21 01:29:17,669 - shotaowl - Liked: 1762255766868043678. Like #6.
2018-04-21 01:30:26,735 - shotaowl - Trying to unfollow #3: 
2018-04-21 01:30:26,737 - shotaowl - warren_crook
2018-04-21 01:30:27,290 - shotaowl - Unfollowed: 2040135042 #3.
2018-04-21 01:30:36,311 - shotaowl - Trying to like media: 1762253906786972896
2018-04-21 01:30:37,406 - shotaowl - Liked: 1762253906786972896. Like #7.
2018-04-21 01:32:01,487 - shotaowl - Trying to like media: 1762253821407895542
2018-04-21 01:32:02,079 - shotaowl - Liked: 1762253821407895542. Like #8.
2018-04-21 01:32:05,083 - shotaowl - Get media id by tag: sochi
2018-04-21 01:32:07,618 - shotaowl - Removing already liked medias..
2018-04-21 01:33:28,747 - shotaowl - Trying to like media: 1762274246779591121
2018-04-21 01:33:29,281 - shotaowl - Liked: 1762274246779591121. Like #9.
2018-04-21 01:34:50,366 - shotaowl - Trying to like media: 1762274158739436094
2018-04-21 01:34:51,728 - shotaowl - Liked: 1762274158739436094. Like #10.
2018-04-21 01:35:33,770 - shotaowl - Trying to unfollow #4: 
2018-04-21 01:35:33,776 - shotaowl - crux0626
2018-04-21 01:35:34,310 - shotaowl - Unfollowed: 5321884971 #4.
2018-04-21 01:36:16,350 - shotaowl - Trying to like media: 1762273973058165682
2018-04-21 01:36:17,164 - shotaowl - Liked: 1762273973058165682. Like #11.
2018-04-21 01:37:38,252 - shotaowl - Trying to like media: 1762273972396180531
2018-04-21 01:37:39,028 - shotaowl - Liked: 1762273972396180531. Like #12.
2018-04-21 01:39:03,118 - shotaowl - Trying to like media: 1762273411047333571
2018-04-21 01:39:04,370 - shotaowl - Liked: 1762273411047333571. Like #13.
2018-04-21 01:40:34,468 - shotaowl - Trying to unfollow #5: 
2018-04-21 01:40:34,475 - shotaowl - cprreadyla
2018-04-21 01:40:35,046 - shotaowl - Unfollowed: 1722864184 #5.
2018-04-21 01:40:38,060 - shotaowl - Trying to like media: 1762273836232247225
2018-04-21 01:40:39,483 - shotaowl - Liked: 1762273836232247225. Like #14.
2018-04-21 01:42:15,595 - shotaowl - Trying to like media: 1762273593147227106
2018-04-21 01:42:16,667 - shotaowl - Liked: 1762273593147227106. Like #15.
2018-04-21 01:43:46,762 - shotaowl - Trying to like media: 1762273550995009522
2018-04-21 01:43:47,803 - shotaowl - Liked: 1762273550995009522. Like #16.
2018-04-21 01:45:14,903 - shotaowl - Trying to like media: 1762273395721817150
2018-04-21 01:45:15,939 - shotaowl - Liked: 1762273395721817150. Like #17.
2018-04-21 01:45:15,940 - shotaowl - Trying to unfollow #6: 
2018-04-21 01:45:15,946 - shotaowl - louiseanablue
2018-04-21 01:45:16,851 - shotaowl - Unfollowed: 195326560 #6.
2018-04-21 01:46:49,959 - shotaowl - Trying to like media: 1762272259912021515
2018-04-21 01:46:50,492 - shotaowl - Liked: 1762272259912021515. Like #18.
2018-04-21 01:48:17,577 - shotaowl - Trying to like media: 1762272196594861933
2018-04-21 01:48:18,741 - shotaowl - Liked: 1762272196594861933. Like #19.
2018-04-21 01:49:51,839 - shotaowl - Trying to like media: 1762271803252948084
2018-04-21 01:49:52,601 - shotaowl - Liked: 1762271803252948084. Like #20.
2018-04-21 01:50:10,623 - shotaowl - Trying to unfollow #7: 
2018-04-21 01:50:10,630 - shotaowl - shi___ho24
2018-04-21 01:50:11,524 - shotaowl - Unfollowed: 5325182450 #7.
2018-04-21 01:51:20,620 - shotaowl - Trying to like media: 1762271692187805284
2018-04-21 01:51:21,353 - shotaowl - Liked: 1762271692187805284. Like #21.
2018-04-21 01:52:45,445 - shotaowl - Trying to like media: 1762271574428735194
2018-04-21 01:52:46,348 - shotaowl - Liked: 1762271574428735194. Like #22.
2018-04-21 01:54:16,436 - shotaowl - Trying to like media: 1762271322636181118
2018-04-21 01:54:17,199 - shotaowl - Liked: 1762271322636181118. Like #23.
2018-04-21 01:54:56,235 - shotaowl - Trying to unfollow #8: 
2018-04-21 01:54:56,242 - shotaowl - sanju_d_convex
2018-04-21 01:54:57,479 - shotaowl - Unfollowed: 2096058471 #8.
2018-04-21 01:55:39,530 - shotaowl - Trying to like media: 1762271033991335776
2018-04-21 01:55:40,040 - shotaowl - Liked: 1762271033991335776. Like #24.
2018-04-21 01:57:13,132 - shotaowl - Trying to like media: 1762270992963782273
2018-04-21 01:57:13,832 - shotaowl - Liked: 1762270992963782273. Like #25.
2018-04-21 01:58:40,928 - shotaowl - Trying to like media: 1762270902652069804
2018-04-21 01:58:41,911 - shotaowl - Liked: 1762270902652069804. Like #26.
2018-04-21 01:59:29,962 - shotaowl - Trying to unfollow #9: 
2018-04-21 01:59:29,969 - shotaowl - suslik.sochi
2018-04-21 01:59:31,022 - shotaowl - Unfollowed: 6226651832 #9.
2018-04-21 02:00:16,089 - shotaowl - Trying to like media: 1762270780487537664
2018-04-21 02:00:16,799 - shotaowl - Liked: 1762270780487537664. Like #27.
2018-04-21 02:01:34,871 - shotaowl - Trying to like media: 1762270658266811322
2018-04-21 02:01:35,600 - shotaowl - Liked: 1762270658266811322. Like #28.
2018-04-21 02:03:08,709 - shotaowl - Trying to like media: 1762270430566838335
2018-04-21 02:03:09,954 - shotaowl - Liked: 1762270430566838335. Like #29.
2018-04-21 02:04:04,009 - shotaowl - Trying to unfollow #10: 
2018-04-21 02:04:04,016 - shotaowl - gamzearslann99
2018-04-21 02:04:04,508 - shotaowl - Unfollowed: 1450113688 #10.
2018-04-21 02:04:34,548 - shotaowl - Trying to like media: 1762268822956871584
2018-04-21 02:04:35,172 - shotaowl - Liked: 1762268822956871584. Like #30.
2018-04-21 02:05:59,264 - shotaowl - Trying to like media: 1762270126445848987
2018-04-21 02:05:59,773 - shotaowl - Liked: 1762270126445848987. Like #31.
2018-04-21 02:07:29,871 - shotaowl - Trying to like media: 1762270116471833767
2018-04-21 02:07:30,892 - shotaowl - Liked: 1762270116471833767. Like #32.
2018-04-21 02:08:33,942 - shotaowl - Trying to unfollow #11: 
2018-04-21 02:08:33,949 - shotaowl - naytaaaaaaa
2018-04-21 02:08:34,482 - shotaowl - Unfollowed: 224214873 #11.
2018-04-21 02:08:53,849 - shotaowl - Logout: likes - 32, follow - 0, unfollow - 11, comments - 0.
2018-04-21 02:08:53,850 - shotaowl - Bot work time: 0:47:31.597121
2018-04-21 02:08:54,425 - shotaowl - Logout success!
