2018-03-20 07:39:12,727 - shotaowl - Instabot v1.2.0 started at 20.03.2018 07:39:

2018-03-20 07:39:12,728 - shotaowl - Trying to login as shotaowl...

2018-03-20 07:39:21,403 - shotaowl - Login error! Check your login data!
2018-03-20 07:39:21,404 - shotaowl - Removing already liked medias..
2018-03-20 07:39:21,405 - shotaowl - Trying to unfollow #1: 
2018-03-20 07:39:21,406 - shotaowl - Looks like there is nobody to unfollow.
2018-03-20 07:39:24,410 - shotaowl - Removing already liked medias..
2018-03-20 07:39:27,413 - shotaowl - Removing already liked medias..
2018-03-20 07:39:30,417 - shotaowl - Removing already liked medias..
2018-03-20 07:39:33,420 - shotaowl - Removing already liked medias..
2018-03-20 07:39:36,423 - shotaowl - Removing already liked medias..
2018-03-20 07:39:39,426 - shotaowl - Removing already liked medias..
2018-03-20 07:39:42,427 - shotaowl - Removing already liked medias..
2018-03-20 07:39:45,428 - shotaowl - Removing already liked medias..
2018-03-20 07:39:52,037 - shotaowl - Removing already liked medias..
2018-03-20 07:39:55,041 - shotaowl - Removing already liked medias..
2018-03-20 07:39:58,044 - shotaowl - Removing already liked medias..
2018-03-20 07:40:01,047 - shotaowl - Removing already liked medias..
2018-03-20 07:40:04,051 - shotaowl - Removing already liked medias..
2018-03-20 07:40:07,054 - shotaowl - Removing already liked medias..
2018-03-20 07:40:10,058 - shotaowl - Removing already liked medias..
2018-03-20 07:40:13,060 - shotaowl - Removing already liked medias..
2018-03-20 07:40:16,063 - shotaowl - Removing already liked medias..
2018-03-20 07:40:19,067 - shotaowl - Removing already liked medias..
2018-03-20 07:40:22,071 - shotaowl - Removing already liked medias..
2018-03-20 07:40:28,616 - shotaowl - Removing already liked medias..
2018-03-20 07:40:31,619 - shotaowl - Removing already liked medias..
2018-03-20 07:40:34,622 - shotaowl - Removing already liked medias..
2018-03-20 07:40:37,626 - shotaowl - Removing already liked medias..
2018-03-20 07:40:40,631 - shotaowl - Removing already liked medias..
2018-03-20 07:40:43,634 - shotaowl - Removing already liked medias..
2018-03-20 07:40:46,639 - shotaowl - Removing already liked medias..
2018-03-20 07:40:49,640 - shotaowl - Removing already liked medias..
2018-03-20 07:40:52,643 - shotaowl - Removing already liked medias..
2018-03-20 07:40:55,647 - shotaowl - Removing already liked medias..
2018-03-20 07:41:02,303 - shotaowl - Removing already liked medias..
2018-03-20 07:41:05,308 - shotaowl - Removing already liked medias..
2018-03-20 07:41:08,310 - shotaowl - Removing already liked medias..
2018-03-20 07:41:11,311 - shotaowl - Removing already liked medias..
2018-03-20 07:41:14,313 - shotaowl - Removing already liked medias..
2018-03-20 07:41:17,317 - shotaowl - Removing already liked medias..
2018-03-20 07:41:20,320 - shotaowl - Removing already liked medias..
2018-03-20 07:41:23,324 - shotaowl - Removing already liked medias..
2018-03-20 07:41:26,327 - shotaowl - Removing already liked medias..
2018-03-20 07:41:29,331 - shotaowl - Removing already liked medias..
2018-03-20 07:41:32,335 - shotaowl - Removing already liked medias..
2018-03-20 07:41:38,863 - shotaowl - Removing already liked medias..
2018-03-20 07:41:41,866 - shotaowl - Removing already liked medias..
2018-03-20 07:41:44,870 - shotaowl - Removing already liked medias..
2018-03-20 07:41:47,873 - shotaowl - Removing already liked medias..
2018-03-20 07:41:50,874 - shotaowl - Removing already liked medias..
2018-03-20 07:41:53,877 - shotaowl - Removing already liked medias..
2018-03-20 07:41:56,880 - shotaowl - Removing already liked medias..
2018-03-20 07:41:59,884 - shotaowl - Removing already liked medias..
2018-03-20 07:42:02,886 - shotaowl - Removing already liked medias..
2018-03-20 07:42:05,889 - shotaowl - Removing already liked medias..
2018-03-20 07:42:08,892 - shotaowl - Removing already liked medias..
2018-03-20 07:42:15,512 - shotaowl - Removing already liked medias..
2018-03-20 07:42:18,515 - shotaowl - Removing already liked medias..
2018-03-20 07:42:21,518 - shotaowl - Removing already liked medias..
